CRITICAL - 2020-12-18 00:00:02 --> Too few arguments to function OpenpayApiDerivedResource::getList(), 0 passed in C:\xampp\htdocs\nanko\app\Libraries\Pago.php on line 21 and exactly 1 expected
#0 C:\xampp\htdocs\nanko\app\Libraries\Pago.php(21): OpenpayApiDerivedResource->getList()
#1 C:\xampp\htdocs\nanko\app\Controllers\Clientes.php(334): App\Libraries\Pago->get_card_list('aaqwnrcdmbqbmvr...')
#2 C:\xampp\htdocs\nanko\system\CodeIgniter.php(914): App\Controllers\Clientes->metodo_pago()
#3 C:\xampp\htdocs\nanko\system\CodeIgniter.php(400): CodeIgniter\CodeIgniter->runController(Object(App\Controllers\Clientes))
#4 C:\xampp\htdocs\nanko\system\CodeIgniter.php(308): CodeIgniter\CodeIgniter->handleRequest(NULL, Object(Config\Cache), false)
#5 C:\xampp\htdocs\nanko\public\index.php(45): CodeIgniter\CodeIgniter->run()
#6 C:\xampp\htdocs\nanko\system\Commands\Server\rewrite.php(34): require_once('C:\\xampp\\htdocs...')
#7 {main}
CRITICAL - 2020-12-18 00:01:08 --> Too few arguments to function OpenpayApiDerivedResource::getList(), 0 passed in C:\xampp\htdocs\nanko\app\Libraries\Pago.php on line 22 and exactly 1 expected
#0 C:\xampp\htdocs\nanko\app\Libraries\Pago.php(22): OpenpayApiDerivedResource->getList()
#1 C:\xampp\htdocs\nanko\app\Controllers\Clientes.php(334): App\Libraries\Pago->get_card_list('aaqwnrcdmbqbmvr...')
#2 C:\xampp\htdocs\nanko\system\CodeIgniter.php(914): App\Controllers\Clientes->metodo_pago()
#3 C:\xampp\htdocs\nanko\system\CodeIgniter.php(400): CodeIgniter\CodeIgniter->runController(Object(App\Controllers\Clientes))
#4 C:\xampp\htdocs\nanko\system\CodeIgniter.php(308): CodeIgniter\CodeIgniter->handleRequest(NULL, Object(Config\Cache), false)
#5 C:\xampp\htdocs\nanko\public\index.php(45): CodeIgniter\CodeIgniter->run()
#6 C:\xampp\htdocs\nanko\system\Commands\Server\rewrite.php(34): require_once('C:\\xampp\\htdocs...')
#7 {main}
CRITICAL - 2020-12-18 00:22:08 --> Too few arguments to function OpenpayApiDerivedResource::getList(), 0 passed in C:\xampp\htdocs\nanko\app\Libraries\Pago.php on line 21 and exactly 1 expected
#0 C:\xampp\htdocs\nanko\app\Libraries\Pago.php(21): OpenpayApiDerivedResource->getList()
#1 C:\xampp\htdocs\nanko\app\Controllers\Clientes.php(334): App\Libraries\Pago->get_card_list('aaqwnrcdmbqbmvr...')
#2 C:\xampp\htdocs\nanko\system\CodeIgniter.php(914): App\Controllers\Clientes->metodo_pago()
#3 C:\xampp\htdocs\nanko\system\CodeIgniter.php(400): CodeIgniter\CodeIgniter->runController(Object(App\Controllers\Clientes))
#4 C:\xampp\htdocs\nanko\system\CodeIgniter.php(308): CodeIgniter\CodeIgniter->handleRequest(NULL, Object(Config\Cache), false)
#5 C:\xampp\htdocs\nanko\public\index.php(45): CodeIgniter\CodeIgniter->run()
#6 C:\xampp\htdocs\nanko\system\Commands\Server\rewrite.php(34): require_once('C:\\xampp\\htdocs...')
#7 {main}
CRITICAL - 2020-12-18 15:09:05 --> Undefined index: tel
#0 C:\xampp\htdocs\nanko\app\Views\Cliente\Purchase.php(52): CodeIgniter\Debug\Exceptions->errorHandler(8, 'Undefined index...', 'C:\\xampp\\htdocs...', 52, Array)
#1 C:\xampp\htdocs\nanko\system\View\View.php(246): include('C:\\xampp\\htdocs...')
#2 C:\xampp\htdocs\nanko\system\Common.php(1119): CodeIgniter\View\View->render('Cliente/Purchas...', Array, true)
#3 C:\xampp\htdocs\nanko\app\Controllers\Clientes.php(52): view('Cliente/Purchas...', Array)
#4 C:\xampp\htdocs\nanko\system\CodeIgniter.php(914): App\Controllers\Clientes->finalize_purchase()
#5 C:\xampp\htdocs\nanko\system\CodeIgniter.php(400): CodeIgniter\CodeIgniter->runController(Object(App\Controllers\Clientes))
#6 C:\xampp\htdocs\nanko\system\CodeIgniter.php(308): CodeIgniter\CodeIgniter->handleRequest(NULL, Object(Config\Cache), false)
#7 C:\xampp\htdocs\nanko\public\index.php(45): CodeIgniter\CodeIgniter->run()
#8 C:\xampp\htdocs\nanko\system\Commands\Server\rewrite.php(34): require_once('C:\\xampp\\htdocs...')
#9 {main}
CRITICAL - 2020-12-18 15:23:28 --> Undefined index: deviceIdHiddenFieldName
#0 C:\xampp\htdocs\nanko\app\Controllers\Clientes.php(342): CodeIgniter\Debug\Exceptions->errorHandler(8, 'Undefined index...', 'C:\\xampp\\htdocs...', 342, Array)
#1 C:\xampp\htdocs\nanko\system\CodeIgniter.php(914): App\Controllers\Clientes->pagar()
#2 C:\xampp\htdocs\nanko\system\CodeIgniter.php(400): CodeIgniter\CodeIgniter->runController(Object(App\Controllers\Clientes))
#3 C:\xampp\htdocs\nanko\system\CodeIgniter.php(308): CodeIgniter\CodeIgniter->handleRequest(NULL, Object(Config\Cache), false)
#4 C:\xampp\htdocs\nanko\public\index.php(45): CodeIgniter\CodeIgniter->run()
#5 C:\xampp\htdocs\nanko\system\Commands\Server\rewrite.php(34): require_once('C:\\xampp\\htdocs...')
#6 {main}
CRITICAL - 2020-12-18 15:23:50 --> Too few arguments to function OpenpayApiDerivedResource::getList(), 0 passed in C:\xampp\htdocs\nanko\app\Libraries\Pago.php on line 21 and exactly 1 expected
#0 C:\xampp\htdocs\nanko\app\Libraries\Pago.php(21): OpenpayApiDerivedResource->getList()
#1 C:\xampp\htdocs\nanko\app\Controllers\Clientes.php(343): App\Libraries\Pago->get_client('aaqwnrcdmbqbmvr...')
#2 C:\xampp\htdocs\nanko\system\CodeIgniter.php(914): App\Controllers\Clientes->pagar()
#3 C:\xampp\htdocs\nanko\system\CodeIgniter.php(400): CodeIgniter\CodeIgniter->runController(Object(App\Controllers\Clientes))
#4 C:\xampp\htdocs\nanko\system\CodeIgniter.php(308): CodeIgniter\CodeIgniter->handleRequest(NULL, Object(Config\Cache), false)
#5 C:\xampp\htdocs\nanko\public\index.php(45): CodeIgniter\CodeIgniter->run()
#6 C:\xampp\htdocs\nanko\system\Commands\Server\rewrite.php(34): require_once('C:\\xampp\\htdocs...')
#7 {main}
CRITICAL - 2020-12-18 15:24:29 --> customer.email no puede estar vacío
#0 C:\xampp\htdocs\nanko\app\ThirdParty\Openpay\data\OpenpayApiConnector.php(204): OpenpayApiConnector->handleRequestError('{"http_code":40...', 400, Array)
#1 C:\xampp\htdocs\nanko\app\ThirdParty\Openpay\data\OpenpayApiConnector.php(66): OpenpayApiConnector->interpretResponse('{"http_code":40...', 400)
#2 C:\xampp\htdocs\nanko\app\ThirdParty\Openpay\data\OpenpayApiConnector.php(284): OpenpayApiConnector->_request('post', '/charges', Array)
#3 C:\xampp\htdocs\nanko\app\ThirdParty\Openpay\data\OpenpayApiResourceBase.php(270): OpenpayApiConnector::request('post', '/charges', Array)
#4 C:\xampp\htdocs\nanko\app\ThirdParty\Openpay\data\OpenpayApiDerivedResource.php(63): OpenpayApiResourceBase->_create('OpenpayCharge', Array, Array)
#5 C:\xampp\htdocs\nanko\app\ThirdParty\Openpay\resources\OpenpayCharge.php(50): OpenpayApiDerivedResource->add(Array)
#6 C:\xampp\htdocs\nanko\app\Libraries\Pago.php(24): OpenpayChargeList->create(Array)
#7 C:\xampp\htdocs\nanko\app\Controllers\Clientes.php(345): App\Libraries\Pago->pago(Array)
#8 C:\xampp\htdocs\nanko\system\CodeIgniter.php(914): App\Controllers\Clientes->pagar()
#9 C:\xampp\htdocs\nanko\system\CodeIgniter.php(400): CodeIgniter\CodeIgniter->runController(Object(App\Controllers\Clientes))
#10 C:\xampp\htdocs\nanko\system\CodeIgniter.php(308): CodeIgniter\CodeIgniter->handleRequest(NULL, Object(Config\Cache), false)
#11 C:\xampp\htdocs\nanko\public\index.php(45): CodeIgniter\CodeIgniter->run()
#12 C:\xampp\htdocs\nanko\system\Commands\Server\rewrite.php(34): require_once('C:\\xampp\\htdocs...')
#13 {main}
CRITICAL - 2020-12-18 15:34:44 --> customer.email no puede estar vacío
#0 C:\xampp\htdocs\nanko\app\ThirdParty\Openpay\data\OpenpayApiConnector.php(204): OpenpayApiConnector->handleRequestError('{"http_code":40...', 400, Array)
#1 C:\xampp\htdocs\nanko\app\ThirdParty\Openpay\data\OpenpayApiConnector.php(66): OpenpayApiConnector->interpretResponse('{"http_code":40...', 400)
#2 C:\xampp\htdocs\nanko\app\ThirdParty\Openpay\data\OpenpayApiConnector.php(284): OpenpayApiConnector->_request('post', '/charges', Array)
#3 C:\xampp\htdocs\nanko\app\ThirdParty\Openpay\data\OpenpayApiResourceBase.php(270): OpenpayApiConnector::request('post', '/charges', Array)
#4 C:\xampp\htdocs\nanko\app\ThirdParty\Openpay\data\OpenpayApiDerivedResource.php(63): OpenpayApiResourceBase->_create('OpenpayCharge', Array, Array)
#5 C:\xampp\htdocs\nanko\app\ThirdParty\Openpay\resources\OpenpayCharge.php(50): OpenpayApiDerivedResource->add(Array)
#6 C:\xampp\htdocs\nanko\app\Libraries\Pago.php(24): OpenpayChargeList->create(Array)
#7 C:\xampp\htdocs\nanko\app\Controllers\Clientes.php(345): App\Libraries\Pago->pago(Array)
#8 C:\xampp\htdocs\nanko\system\CodeIgniter.php(914): App\Controllers\Clientes->pagar()
#9 C:\xampp\htdocs\nanko\system\CodeIgniter.php(400): CodeIgniter\CodeIgniter->runController(Object(App\Controllers\Clientes))
#10 C:\xampp\htdocs\nanko\system\CodeIgniter.php(308): CodeIgniter\CodeIgniter->handleRequest(NULL, Object(Config\Cache), false)
#11 C:\xampp\htdocs\nanko\public\index.php(45): CodeIgniter\CodeIgniter->run()
#12 C:\xampp\htdocs\nanko\system\Commands\Server\rewrite.php(34): require_once('C:\\xampp\\htdocs...')
#13 {main}
CRITICAL - 2020-12-18 15:35:39 --> customer.email no puede estar vacío
#0 C:\xampp\htdocs\nanko\app\ThirdParty\Openpay\data\OpenpayApiConnector.php(204): OpenpayApiConnector->handleRequestError('{"http_code":40...', 400, Array)
#1 C:\xampp\htdocs\nanko\app\ThirdParty\Openpay\data\OpenpayApiConnector.php(66): OpenpayApiConnector->interpretResponse('{"http_code":40...', 400)
#2 C:\xampp\htdocs\nanko\app\ThirdParty\Openpay\data\OpenpayApiConnector.php(284): OpenpayApiConnector->_request('post', '/charges', Array)
#3 C:\xampp\htdocs\nanko\app\ThirdParty\Openpay\data\OpenpayApiResourceBase.php(270): OpenpayApiConnector::request('post', '/charges', Array)
#4 C:\xampp\htdocs\nanko\app\ThirdParty\Openpay\data\OpenpayApiDerivedResource.php(63): OpenpayApiResourceBase->_create('OpenpayCharge', Array, Array)
#5 C:\xampp\htdocs\nanko\app\ThirdParty\Openpay\resources\OpenpayCharge.php(50): OpenpayApiDerivedResource->add(Array)
#6 C:\xampp\htdocs\nanko\app\Libraries\Pago.php(24): OpenpayChargeList->create(Array)
#7 C:\xampp\htdocs\nanko\app\Controllers\Clientes.php(348): App\Libraries\Pago->pago(Array)
#8 C:\xampp\htdocs\nanko\system\CodeIgniter.php(914): App\Controllers\Clientes->pagar()
#9 C:\xampp\htdocs\nanko\system\CodeIgniter.php(400): CodeIgniter\CodeIgniter->runController(Object(App\Controllers\Clientes))
#10 C:\xampp\htdocs\nanko\system\CodeIgniter.php(308): CodeIgniter\CodeIgniter->handleRequest(NULL, Object(Config\Cache), false)
#11 C:\xampp\htdocs\nanko\public\index.php(45): CodeIgniter\CodeIgniter->run()
#12 C:\xampp\htdocs\nanko\system\Commands\Server\rewrite.php(34): require_once('C:\\xampp\\htdocs...')
#13 {main}
CRITICAL - 2020-12-18 16:32:32 --> customer.email no puede estar vacío
#0 C:\xampp\htdocs\nanko\app\ThirdParty\Openpay\data\OpenpayApiConnector.php(204): OpenpayApiConnector->handleRequestError('{"http_code":40...', 400, Array)
#1 C:\xampp\htdocs\nanko\app\ThirdParty\Openpay\data\OpenpayApiConnector.php(66): OpenpayApiConnector->interpretResponse('{"http_code":40...', 400)
#2 C:\xampp\htdocs\nanko\app\ThirdParty\Openpay\data\OpenpayApiConnector.php(284): OpenpayApiConnector->_request('post', '/charges', Array)
#3 C:\xampp\htdocs\nanko\app\ThirdParty\Openpay\data\OpenpayApiResourceBase.php(270): OpenpayApiConnector::request('post', '/charges', Array)
#4 C:\xampp\htdocs\nanko\app\ThirdParty\Openpay\data\OpenpayApiDerivedResource.php(63): OpenpayApiResourceBase->_create('OpenpayCharge', Array, Array)
#5 C:\xampp\htdocs\nanko\app\ThirdParty\Openpay\resources\OpenpayCharge.php(50): OpenpayApiDerivedResource->add(Array)
#6 C:\xampp\htdocs\nanko\app\Libraries\Pago.php(24): OpenpayChargeList->create(Array)
#7 C:\xampp\htdocs\nanko\app\Controllers\Clientes.php(349): App\Libraries\Pago->pago(Array)
#8 C:\xampp\htdocs\nanko\system\CodeIgniter.php(914): App\Controllers\Clientes->pagar()
#9 C:\xampp\htdocs\nanko\system\CodeIgniter.php(400): CodeIgniter\CodeIgniter->runController(Object(App\Controllers\Clientes))
#10 C:\xampp\htdocs\nanko\system\CodeIgniter.php(308): CodeIgniter\CodeIgniter->handleRequest(NULL, Object(Config\Cache), false)
#11 C:\xampp\htdocs\nanko\public\index.php(45): CodeIgniter\CodeIgniter->run()
#12 C:\xampp\htdocs\nanko\system\Commands\Server\rewrite.php(34): require_once('C:\\xampp\\htdocs...')
#13 {main}
CRITICAL - 2020-12-18 16:34:10 --> customer.email no puede estar vacío
#0 C:\xampp\htdocs\nanko\app\ThirdParty\Openpay\data\OpenpayApiConnector.php(204): OpenpayApiConnector->handleRequestError('{"http_code":40...', 400, Array)
#1 C:\xampp\htdocs\nanko\app\ThirdParty\Openpay\data\OpenpayApiConnector.php(66): OpenpayApiConnector->interpretResponse('{"http_code":40...', 400)
#2 C:\xampp\htdocs\nanko\app\ThirdParty\Openpay\data\OpenpayApiConnector.php(284): OpenpayApiConnector->_request('post', '/charges', Array)
#3 C:\xampp\htdocs\nanko\app\ThirdParty\Openpay\data\OpenpayApiResourceBase.php(270): OpenpayApiConnector::request('post', '/charges', Array)
#4 C:\xampp\htdocs\nanko\app\ThirdParty\Openpay\data\OpenpayApiDerivedResource.php(63): OpenpayApiResourceBase->_create('OpenpayCharge', Array, Array)
#5 C:\xampp\htdocs\nanko\app\ThirdParty\Openpay\resources\OpenpayCharge.php(50): OpenpayApiDerivedResource->add(Array)
#6 C:\xampp\htdocs\nanko\app\Libraries\Pago.php(24): OpenpayChargeList->create(Array)
#7 C:\xampp\htdocs\nanko\app\Controllers\Clientes.php(357): App\Libraries\Pago->pago(Array)
#8 C:\xampp\htdocs\nanko\system\CodeIgniter.php(914): App\Controllers\Clientes->pagar()
#9 C:\xampp\htdocs\nanko\system\CodeIgniter.php(400): CodeIgniter\CodeIgniter->runController(Object(App\Controllers\Clientes))
#10 C:\xampp\htdocs\nanko\system\CodeIgniter.php(308): CodeIgniter\CodeIgniter->handleRequest(NULL, Object(Config\Cache), false)
#11 C:\xampp\htdocs\nanko\public\index.php(45): CodeIgniter\CodeIgniter->run()
#12 C:\xampp\htdocs\nanko\system\Commands\Server\rewrite.php(34): require_once('C:\\xampp\\htdocs...')
#13 {main}
CRITICAL - 2020-12-18 16:35:26 --> customer.name no puede estar vacío
#0 C:\xampp\htdocs\nanko\app\ThirdParty\Openpay\data\OpenpayApiConnector.php(204): OpenpayApiConnector->handleRequestError('{"http_code":40...', 400, Array)
#1 C:\xampp\htdocs\nanko\app\ThirdParty\Openpay\data\OpenpayApiConnector.php(66): OpenpayApiConnector->interpretResponse('{"http_code":40...', 400)
#2 C:\xampp\htdocs\nanko\app\ThirdParty\Openpay\data\OpenpayApiConnector.php(284): OpenpayApiConnector->_request('post', '/charges', Array)
#3 C:\xampp\htdocs\nanko\app\ThirdParty\Openpay\data\OpenpayApiResourceBase.php(270): OpenpayApiConnector::request('post', '/charges', Array)
#4 C:\xampp\htdocs\nanko\app\ThirdParty\Openpay\data\OpenpayApiDerivedResource.php(63): OpenpayApiResourceBase->_create('OpenpayCharge', Array, Array)
#5 C:\xampp\htdocs\nanko\app\ThirdParty\Openpay\resources\OpenpayCharge.php(50): OpenpayApiDerivedResource->add(Array)
#6 C:\xampp\htdocs\nanko\app\Libraries\Pago.php(24): OpenpayChargeList->create(Array)
#7 C:\xampp\htdocs\nanko\app\Controllers\Clientes.php(357): App\Libraries\Pago->pago(Array)
#8 C:\xampp\htdocs\nanko\system\CodeIgniter.php(914): App\Controllers\Clientes->pagar()
#9 C:\xampp\htdocs\nanko\system\CodeIgniter.php(400): CodeIgniter\CodeIgniter->runController(Object(App\Controllers\Clientes))
#10 C:\xampp\htdocs\nanko\system\CodeIgniter.php(308): CodeIgniter\CodeIgniter->handleRequest(NULL, Object(Config\Cache), false)
#11 C:\xampp\htdocs\nanko\public\index.php(45): CodeIgniter\CodeIgniter->run()
#12 C:\xampp\htdocs\nanko\system\Commands\Server\rewrite.php(34): require_once('C:\\xampp\\htdocs...')
#13 {main}
CRITICAL - 2020-12-18 16:37:08 --> customer.name no puede estar vacío
#0 C:\xampp\htdocs\nanko\app\ThirdParty\Openpay\data\OpenpayApiConnector.php(204): OpenpayApiConnector->handleRequestError('{"http_code":40...', 400, Array)
#1 C:\xampp\htdocs\nanko\app\ThirdParty\Openpay\data\OpenpayApiConnector.php(66): OpenpayApiConnector->interpretResponse('{"http_code":40...', 400)
#2 C:\xampp\htdocs\nanko\app\ThirdParty\Openpay\data\OpenpayApiConnector.php(284): OpenpayApiConnector->_request('post', '/charges', Array)
#3 C:\xampp\htdocs\nanko\app\ThirdParty\Openpay\data\OpenpayApiResourceBase.php(270): OpenpayApiConnector::request('post', '/charges', Array)
#4 C:\xampp\htdocs\nanko\app\ThirdParty\Openpay\data\OpenpayApiDerivedResource.php(63): OpenpayApiResourceBase->_create('OpenpayCharge', Array, Array)
#5 C:\xampp\htdocs\nanko\app\ThirdParty\Openpay\resources\OpenpayCharge.php(50): OpenpayApiDerivedResource->add(Array)
#6 C:\xampp\htdocs\nanko\app\Libraries\Pago.php(24): OpenpayChargeList->create(Array)
#7 C:\xampp\htdocs\nanko\app\Controllers\Clientes.php(358): App\Libraries\Pago->pago(Array)
#8 C:\xampp\htdocs\nanko\system\CodeIgniter.php(914): App\Controllers\Clientes->pagar()
#9 C:\xampp\htdocs\nanko\system\CodeIgniter.php(400): CodeIgniter\CodeIgniter->runController(Object(App\Controllers\Clientes))
#10 C:\xampp\htdocs\nanko\system\CodeIgniter.php(308): CodeIgniter\CodeIgniter->handleRequest(NULL, Object(Config\Cache), false)
#11 C:\xampp\htdocs\nanko\public\index.php(45): CodeIgniter\CodeIgniter->run()
#12 C:\xampp\htdocs\nanko\system\Commands\Server\rewrite.php(34): require_once('C:\\xampp\\htdocs...')
#13 {main}
CRITICAL - 2020-12-18 16:37:39 --> This source_id was already used
#0 C:\xampp\htdocs\nanko\app\ThirdParty\Openpay\data\OpenpayApiConnector.php(204): OpenpayApiConnector->handleRequestError('{"http_code":42...', 422, Array)
#1 C:\xampp\htdocs\nanko\app\ThirdParty\Openpay\data\OpenpayApiConnector.php(66): OpenpayApiConnector->interpretResponse('{"http_code":42...', 422)
#2 C:\xampp\htdocs\nanko\app\ThirdParty\Openpay\data\OpenpayApiConnector.php(284): OpenpayApiConnector->_request('post', '/charges', Array)
#3 C:\xampp\htdocs\nanko\app\ThirdParty\Openpay\data\OpenpayApiResourceBase.php(270): OpenpayApiConnector::request('post', '/charges', Array)
#4 C:\xampp\htdocs\nanko\app\ThirdParty\Openpay\data\OpenpayApiDerivedResource.php(63): OpenpayApiResourceBase->_create('OpenpayCharge', Array, Array)
#5 C:\xampp\htdocs\nanko\app\ThirdParty\Openpay\resources\OpenpayCharge.php(50): OpenpayApiDerivedResource->add(Array)
#6 C:\xampp\htdocs\nanko\app\Libraries\Pago.php(24): OpenpayChargeList->create(Array)
#7 C:\xampp\htdocs\nanko\app\Controllers\Clientes.php(355): App\Libraries\Pago->pago(Array)
#8 C:\xampp\htdocs\nanko\system\CodeIgniter.php(914): App\Controllers\Clientes->pagar()
#9 C:\xampp\htdocs\nanko\system\CodeIgniter.php(400): CodeIgniter\CodeIgniter->runController(Object(App\Controllers\Clientes))
#10 C:\xampp\htdocs\nanko\system\CodeIgniter.php(308): CodeIgniter\CodeIgniter->handleRequest(NULL, Object(Config\Cache), false)
#11 C:\xampp\htdocs\nanko\public\index.php(45): CodeIgniter\CodeIgniter->run()
#12 C:\xampp\htdocs\nanko\system\Commands\Server\rewrite.php(34): require_once('C:\\xampp\\htdocs...')
#13 {main}
CRITICAL - 2020-12-18 16:53:11 --> This source_id was already used
#0 C:\xampp\htdocs\nanko\app\ThirdParty\Openpay\data\OpenpayApiConnector.php(204): OpenpayApiConnector->handleRequestError('{"http_code":42...', 422, Array)
#1 C:\xampp\htdocs\nanko\app\ThirdParty\Openpay\data\OpenpayApiConnector.php(66): OpenpayApiConnector->interpretResponse('{"http_code":42...', 422)
#2 C:\xampp\htdocs\nanko\app\ThirdParty\Openpay\data\OpenpayApiConnector.php(284): OpenpayApiConnector->_request('post', '/charges', Array)
#3 C:\xampp\htdocs\nanko\app\ThirdParty\Openpay\data\OpenpayApiResourceBase.php(270): OpenpayApiConnector::request('post', '/charges', Array)
#4 C:\xampp\htdocs\nanko\app\ThirdParty\Openpay\data\OpenpayApiDerivedResource.php(63): OpenpayApiResourceBase->_create('OpenpayCharge', Array, Array)
#5 C:\xampp\htdocs\nanko\app\ThirdParty\Openpay\resources\OpenpayCharge.php(50): OpenpayApiDerivedResource->add(Array)
#6 C:\xampp\htdocs\nanko\app\Libraries\Pago.php(24): OpenpayChargeList->create(Array)
#7 C:\xampp\htdocs\nanko\app\Controllers\Clientes.php(355): App\Libraries\Pago->pago(Array)
#8 C:\xampp\htdocs\nanko\system\CodeIgniter.php(914): App\Controllers\Clientes->pagar()
#9 C:\xampp\htdocs\nanko\system\CodeIgniter.php(400): CodeIgniter\CodeIgniter->runController(Object(App\Controllers\Clientes))
#10 C:\xampp\htdocs\nanko\system\CodeIgniter.php(308): CodeIgniter\CodeIgniter->handleRequest(NULL, Object(Config\Cache), false)
#11 C:\xampp\htdocs\nanko\public\index.php(45): CodeIgniter\CodeIgniter->run()
#12 C:\xampp\htdocs\nanko\system\Commands\Server\rewrite.php(34): require_once('C:\\xampp\\htdocs...')
#13 {main}
CRITICAL - 2020-12-18 16:53:46 --> The card was declined by the bank
#0 C:\xampp\htdocs\nanko\app\ThirdParty\Openpay\data\OpenpayApiConnector.php(204): OpenpayApiConnector->handleRequestError('{"http_code":40...', 402, Array)
#1 C:\xampp\htdocs\nanko\app\ThirdParty\Openpay\data\OpenpayApiConnector.php(66): OpenpayApiConnector->interpretResponse('{"http_code":40...', 402)
#2 C:\xampp\htdocs\nanko\app\ThirdParty\Openpay\data\OpenpayApiConnector.php(284): OpenpayApiConnector->_request('post', '/charges', Array)
#3 C:\xampp\htdocs\nanko\app\ThirdParty\Openpay\data\OpenpayApiResourceBase.php(270): OpenpayApiConnector::request('post', '/charges', Array)
#4 C:\xampp\htdocs\nanko\app\ThirdParty\Openpay\data\OpenpayApiDerivedResource.php(63): OpenpayApiResourceBase->_create('OpenpayCharge', Array, Array)
#5 C:\xampp\htdocs\nanko\app\ThirdParty\Openpay\resources\OpenpayCharge.php(50): OpenpayApiDerivedResource->add(Array)
#6 C:\xampp\htdocs\nanko\app\Libraries\Pago.php(24): OpenpayChargeList->create(Array)
#7 C:\xampp\htdocs\nanko\app\Controllers\Clientes.php(355): App\Libraries\Pago->pago(Array)
#8 C:\xampp\htdocs\nanko\system\CodeIgniter.php(914): App\Controllers\Clientes->pagar()
#9 C:\xampp\htdocs\nanko\system\CodeIgniter.php(400): CodeIgniter\CodeIgniter->runController(Object(App\Controllers\Clientes))
#10 C:\xampp\htdocs\nanko\system\CodeIgniter.php(308): CodeIgniter\CodeIgniter->handleRequest(NULL, Object(Config\Cache), false)
#11 C:\xampp\htdocs\nanko\public\index.php(45): CodeIgniter\CodeIgniter->run()
#12 C:\xampp\htdocs\nanko\system\Commands\Server\rewrite.php(34): require_once('C:\\xampp\\htdocs...')
#13 {main}
CRITICAL - 2020-12-18 17:07:52 --> Cannot access protected property OpenpayApiRequestError::$description
#0 C:\xampp\htdocs\nanko\system\CodeIgniter.php(914): App\Controllers\Clientes->pagar()
#1 C:\xampp\htdocs\nanko\system\CodeIgniter.php(400): CodeIgniter\CodeIgniter->runController(Object(App\Controllers\Clientes))
#2 C:\xampp\htdocs\nanko\system\CodeIgniter.php(308): CodeIgniter\CodeIgniter->handleRequest(NULL, Object(Config\Cache), false)
#3 C:\xampp\htdocs\nanko\public\index.php(45): CodeIgniter\CodeIgniter->run()
#4 C:\xampp\htdocs\nanko\system\Commands\Server\rewrite.php(34): require_once('C:\\xampp\\htdocs...')
#5 {main}
CRITICAL - 2020-12-18 17:08:50 --> Call to undefined method OpenpayApiRequestError::description()
#0 C:\xampp\htdocs\nanko\system\CodeIgniter.php(914): App\Controllers\Clientes->pagar()
#1 C:\xampp\htdocs\nanko\system\CodeIgniter.php(400): CodeIgniter\CodeIgniter->runController(Object(App\Controllers\Clientes))
#2 C:\xampp\htdocs\nanko\system\CodeIgniter.php(308): CodeIgniter\CodeIgniter->handleRequest(NULL, Object(Config\Cache), false)
#3 C:\xampp\htdocs\nanko\public\index.php(45): CodeIgniter\CodeIgniter->run()
#4 C:\xampp\htdocs\nanko\system\Commands\Server\rewrite.php(34): require_once('C:\\xampp\\htdocs...')
#5 {main}
CRITICAL - 2020-12-18 17:09:27 --> Cannot access protected property OpenpayApiRequestError::$description
#0 C:\xampp\htdocs\nanko\system\CodeIgniter.php(914): App\Controllers\Clientes->pagar()
#1 C:\xampp\htdocs\nanko\system\CodeIgniter.php(400): CodeIgniter\CodeIgniter->runController(Object(App\Controllers\Clientes))
#2 C:\xampp\htdocs\nanko\system\CodeIgniter.php(308): CodeIgniter\CodeIgniter->handleRequest(NULL, Object(Config\Cache), false)
#3 C:\xampp\htdocs\nanko\public\index.php(45): CodeIgniter\CodeIgniter->run()
#4 C:\xampp\htdocs\nanko\system\Commands\Server\rewrite.php(34): require_once('C:\\xampp\\htdocs...')
#5 {main}
CRITICAL - 2020-12-18 17:14:39 --> Cannot use object of type OpenpayApiRequestError as array
#0 C:\xampp\htdocs\nanko\system\CodeIgniter.php(914): App\Controllers\Clientes->pagar()
#1 C:\xampp\htdocs\nanko\system\CodeIgniter.php(400): CodeIgniter\CodeIgniter->runController(Object(App\Controllers\Clientes))
#2 C:\xampp\htdocs\nanko\system\CodeIgniter.php(308): CodeIgniter\CodeIgniter->handleRequest(NULL, Object(Config\Cache), false)
#3 C:\xampp\htdocs\nanko\public\index.php(45): CodeIgniter\CodeIgniter->run()
#4 C:\xampp\htdocs\nanko\system\Commands\Server\rewrite.php(34): require_once('C:\\xampp\\htdocs...')
#5 {main}
CRITICAL - 2020-12-18 17:15:24 --> Cannot use object of type OpenpayApiTransactionError as array
#0 C:\xampp\htdocs\nanko\system\CodeIgniter.php(914): App\Controllers\Clientes->pagar()
#1 C:\xampp\htdocs\nanko\system\CodeIgniter.php(400): CodeIgniter\CodeIgniter->runController(Object(App\Controllers\Clientes))
#2 C:\xampp\htdocs\nanko\system\CodeIgniter.php(308): CodeIgniter\CodeIgniter->handleRequest(NULL, Object(Config\Cache), false)
#3 C:\xampp\htdocs\nanko\public\index.php(45): CodeIgniter\CodeIgniter->run()
#4 C:\xampp\htdocs\nanko\system\Commands\Server\rewrite.php(34): require_once('C:\\xampp\\htdocs...')
#5 {main}
CRITICAL - 2020-12-18 18:52:11 --> Trying to get property 'status' of non-object
#0 C:\xampp\htdocs\nanko\app\Controllers\Clientes.php(359): CodeIgniter\Debug\Exceptions->errorHandler(8, 'Trying to get p...', 'C:\\xampp\\htdocs...', 359, Array)
#1 C:\xampp\htdocs\nanko\system\CodeIgniter.php(914): App\Controllers\Clientes->pagar()
#2 C:\xampp\htdocs\nanko\system\CodeIgniter.php(400): CodeIgniter\CodeIgniter->runController(Object(App\Controllers\Clientes))
#3 C:\xampp\htdocs\nanko\system\CodeIgniter.php(308): CodeIgniter\CodeIgniter->handleRequest(NULL, Object(Config\Cache), false)
#4 C:\xampp\htdocs\nanko\public\index.php(45): CodeIgniter\CodeIgniter->run()
#5 C:\xampp\htdocs\nanko\system\Commands\Server\rewrite.php(34): require_once('C:\\xampp\\htdocs...')
#6 {main}
