CRITICAL - 2021-01-01 00:46:55 --> The customer with id 'abj82zmcn4vstgzfvgaz' does not exist
#0 C:\xampp\htdocs\nanko\app\ThirdParty\Openpay\data\OpenpayApiConnector.php(204): OpenpayApiConnector->handleRequestError('{"http_code":40...', 404, Array)
#1 C:\xampp\htdocs\nanko\app\ThirdParty\Openpay\data\OpenpayApiConnector.php(66): OpenpayApiConnector->interpretResponse('{"http_code":40...', 404)
#2 C:\xampp\htdocs\nanko\app\ThirdParty\Openpay\data\OpenpayApiConnector.php(284): OpenpayApiConnector->_request('get', '/customers/abj8...', Array)
#3 C:\xampp\htdocs\nanko\app\ThirdParty\Openpay\data\OpenpayApiResourceBase.php(284): OpenpayApiConnector::request('get', '/customers/abj8...')
#4 C:\xampp\htdocs\nanko\app\ThirdParty\Openpay\data\OpenpayApiDerivedResource.php(74): OpenpayApiResourceBase->_retrieve('OpenpayCustomer', 'abj82zmcn4vstgz...', Array)
#5 C:\xampp\htdocs\nanko\app\Libraries\Pago.php(21): OpenpayApiDerivedResource->get('abj82zmcn4vstgz...')
#6 C:\xampp\htdocs\nanko\app\Controllers\Clientes.php(812): App\Libraries\Pago->get_client('abj82zmcn4vstgz...')
#7 C:\xampp\htdocs\nanko\system\CodeIgniter.php(914): App\Controllers\Clientes->pagar()
#8 C:\xampp\htdocs\nanko\system\CodeIgniter.php(400): CodeIgniter\CodeIgniter->runController(Object(App\Controllers\Clientes))
#9 C:\xampp\htdocs\nanko\system\CodeIgniter.php(308): CodeIgniter\CodeIgniter->handleRequest(NULL, Object(Config\Cache), false)
#10 C:\xampp\htdocs\nanko\public\index.php(45): CodeIgniter\CodeIgniter->run()
#11 C:\xampp\htdocs\nanko\system\Commands\Server\rewrite.php(34): require_once('C:\\xampp\\htdocs...')
#12 {main}
CRITICAL - 2021-01-01 00:52:03 --> Unknown column 'token_v' in 'field list'
#0 C:\xampp\htdocs\nanko\system\Database\MySQLi\Connection.php(331): mysqli->query('INSERT INTO `lo...')
#1 C:\xampp\htdocs\nanko\system\Database\BaseConnection.php(741): CodeIgniter\Database\MySQLi\Connection->execute('INSERT INTO `lo...')
#2 C:\xampp\htdocs\nanko\system\Database\BaseConnection.php(669): CodeIgniter\Database\BaseConnection->simpleQuery('INSERT INTO `lo...')
#3 C:\xampp\htdocs\nanko\system\Database\BaseBuilder.php(2249): CodeIgniter\Database\BaseConnection->query('INSERT INTO `lo...', Array, false)
#4 C:\xampp\htdocs\nanko\system\Model.php(755): CodeIgniter\Database\BaseBuilder->insert()
#5 C:\xampp\htdocs\nanko\app\Controllers\Clientes.php(934): CodeIgniter\Model->insert(Array)
#6 C:\xampp\htdocs\nanko\system\CodeIgniter.php(914): App\Controllers\Clientes->registrar_cliente()
#7 C:\xampp\htdocs\nanko\system\CodeIgniter.php(400): CodeIgniter\CodeIgniter->runController(Object(App\Controllers\Clientes))
#8 C:\xampp\htdocs\nanko\system\CodeIgniter.php(308): CodeIgniter\CodeIgniter->handleRequest(NULL, Object(Config\Cache), false)
#9 C:\xampp\htdocs\nanko\public\index.php(45): CodeIgniter\CodeIgniter->run()
#10 C:\xampp\htdocs\nanko\system\Commands\Server\rewrite.php(34): require_once('C:\\xampp\\htdocs...')
#11 {main}
CRITICAL - 2021-01-01 01:46:17 --> Undefined index: descuento
#0 C:\xampp\htdocs\nanko\app\Controllers\Clientes.php(428): CodeIgniter\Debug\Exceptions->errorHandler(8, 'Undefined index...', 'C:\\xampp\\htdocs...', 428, Array)
#1 C:\xampp\htdocs\nanko\system\CodeIgniter.php(914): App\Controllers\Clientes->pago_tienda()
#2 C:\xampp\htdocs\nanko\system\CodeIgniter.php(400): CodeIgniter\CodeIgniter->runController(Object(App\Controllers\Clientes))
#3 C:\xampp\htdocs\nanko\system\CodeIgniter.php(308): CodeIgniter\CodeIgniter->handleRequest(NULL, Object(Config\Cache), false)
#4 C:\xampp\htdocs\nanko\public\index.php(45): CodeIgniter\CodeIgniter->run()
#5 C:\xampp\htdocs\nanko\system\Commands\Server\rewrite.php(34): require_once('C:\\xampp\\htdocs...')
#6 {main}
CRITICAL - 2021-01-01 15:09:13 --> The requested resource doesn't exist
#0 C:\xampp\htdocs\nanko\app\ThirdParty\Openpay\data\OpenpayApiConnector.php(204): OpenpayApiConnector->handleRequestError('{"http_code":40...', 404, Array)
#1 C:\xampp\htdocs\nanko\app\ThirdParty\Openpay\data\OpenpayApiConnector.php(66): OpenpayApiConnector->interpretResponse('{"http_code":40...', 404)
#2 C:\xampp\htdocs\nanko\app\ThirdParty\Openpay\data\OpenpayApiConnector.php(284): OpenpayApiConnector->_request('get', '/customers/awzw...', Array)
#3 C:\xampp\htdocs\nanko\app\ThirdParty\Openpay\data\OpenpayApiResourceBase.php(284): OpenpayApiConnector::request('get', '/customers/awzw...')
#4 C:\xampp\htdocs\nanko\app\ThirdParty\Openpay\data\OpenpayApiDerivedResource.php(74): OpenpayApiResourceBase->_retrieve('OpenpayCharge', 'trjnf9fku2y2qhl...', Array)
#5 C:\xampp\htdocs\nanko\app\Libraries\Pago.php(36): OpenpayApiDerivedResource->get('trjnf9fku2y2qhl...')
#6 C:\xampp\htdocs\nanko\app\Controllers\Clientes.php(212): App\Libraries\Pago->get_pago('awzw0yfqzpchpbo...', 'trjnf9fku2y2qhl...')
#7 C:\xampp\htdocs\nanko\system\CodeIgniter.php(914): App\Controllers\Clientes->ordenes()
#8 C:\xampp\htdocs\nanko\system\CodeIgniter.php(400): CodeIgniter\CodeIgniter->runController(Object(App\Controllers\Clientes))
#9 C:\xampp\htdocs\nanko\system\CodeIgniter.php(308): CodeIgniter\CodeIgniter->handleRequest(NULL, Object(Config\Cache), false)
#10 C:\xampp\htdocs\nanko\public\index.php(45): CodeIgniter\CodeIgniter->run()
#11 C:\xampp\htdocs\nanko\system\Commands\Server\rewrite.php(34): require_once('C:\\xampp\\htdocs...')
#12 {main}
CRITICAL - 2021-01-01 15:15:16 --> The requested resource doesn't exist
#0 C:\xampp\htdocs\nanko\app\ThirdParty\Openpay\data\OpenpayApiConnector.php(204): OpenpayApiConnector->handleRequestError('{"http_code":40...', 404, Array)
#1 C:\xampp\htdocs\nanko\app\ThirdParty\Openpay\data\OpenpayApiConnector.php(66): OpenpayApiConnector->interpretResponse('{"http_code":40...', 404)
#2 C:\xampp\htdocs\nanko\app\ThirdParty\Openpay\data\OpenpayApiConnector.php(284): OpenpayApiConnector->_request('get', '/customers/awzw...', Array)
#3 C:\xampp\htdocs\nanko\app\ThirdParty\Openpay\data\OpenpayApiResourceBase.php(284): OpenpayApiConnector::request('get', '/customers/awzw...')
#4 C:\xampp\htdocs\nanko\app\ThirdParty\Openpay\data\OpenpayApiDerivedResource.php(74): OpenpayApiResourceBase->_retrieve('OpenpayCharge', 'trjnf9fku2y2qhl...', Array)
#5 C:\xampp\htdocs\nanko\app\Libraries\Pago.php(36): OpenpayApiDerivedResource->get('trjnf9fku2y2qhl...')
#6 C:\xampp\htdocs\nanko\app\Controllers\Clientes.php(212): App\Libraries\Pago->get_pago('awzw0yfqzpchpbo...', 'trjnf9fku2y2qhl...')
#7 C:\xampp\htdocs\nanko\system\CodeIgniter.php(914): App\Controllers\Clientes->ordenes()
#8 C:\xampp\htdocs\nanko\system\CodeIgniter.php(400): CodeIgniter\CodeIgniter->runController(Object(App\Controllers\Clientes))
#9 C:\xampp\htdocs\nanko\system\CodeIgniter.php(308): CodeIgniter\CodeIgniter->handleRequest(NULL, Object(Config\Cache), false)
#10 C:\xampp\htdocs\nanko\public\index.php(45): CodeIgniter\CodeIgniter->run()
#11 C:\xampp\htdocs\nanko\system\Commands\Server\rewrite.php(34): require_once('C:\\xampp\\htdocs...')
#12 {main}
CRITICAL - 2021-01-01 15:16:11 --> The requested resource doesn't exist
#0 C:\xampp\htdocs\nanko\app\ThirdParty\Openpay\data\OpenpayApiConnector.php(204): OpenpayApiConnector->handleRequestError('{"http_code":40...', 404, Array)
#1 C:\xampp\htdocs\nanko\app\ThirdParty\Openpay\data\OpenpayApiConnector.php(66): OpenpayApiConnector->interpretResponse('{"http_code":40...', 404)
#2 C:\xampp\htdocs\nanko\app\ThirdParty\Openpay\data\OpenpayApiConnector.php(284): OpenpayApiConnector->_request('get', '/customers/awzw...', Array)
#3 C:\xampp\htdocs\nanko\app\ThirdParty\Openpay\data\OpenpayApiResourceBase.php(284): OpenpayApiConnector::request('get', '/customers/awzw...')
#4 C:\xampp\htdocs\nanko\app\ThirdParty\Openpay\data\OpenpayApiDerivedResource.php(74): OpenpayApiResourceBase->_retrieve('OpenpayCharge', 'trjnf9fku2y2qhl...', Array)
#5 C:\xampp\htdocs\nanko\app\Libraries\Pago.php(36): OpenpayApiDerivedResource->get('trjnf9fku2y2qhl...')
#6 C:\xampp\htdocs\nanko\app\Controllers\Clientes.php(212): App\Libraries\Pago->get_pago('awzw0yfqzpchpbo...', 'trjnf9fku2y2qhl...')
#7 C:\xampp\htdocs\nanko\system\CodeIgniter.php(914): App\Controllers\Clientes->ordenes()
#8 C:\xampp\htdocs\nanko\system\CodeIgniter.php(400): CodeIgniter\CodeIgniter->runController(Object(App\Controllers\Clientes))
#9 C:\xampp\htdocs\nanko\system\CodeIgniter.php(308): CodeIgniter\CodeIgniter->handleRequest(NULL, Object(Config\Cache), false)
#10 C:\xampp\htdocs\nanko\public\index.php(45): CodeIgniter\CodeIgniter->run()
#11 C:\xampp\htdocs\nanko\system\Commands\Server\rewrite.php(34): require_once('C:\\xampp\\htdocs...')
#12 {main}
CRITICAL - 2021-01-01 15:16:14 --> The requested resource doesn't exist
#0 C:\xampp\htdocs\nanko\app\ThirdParty\Openpay\data\OpenpayApiConnector.php(204): OpenpayApiConnector->handleRequestError('{"http_code":40...', 404, Array)
#1 C:\xampp\htdocs\nanko\app\ThirdParty\Openpay\data\OpenpayApiConnector.php(66): OpenpayApiConnector->interpretResponse('{"http_code":40...', 404)
#2 C:\xampp\htdocs\nanko\app\ThirdParty\Openpay\data\OpenpayApiConnector.php(284): OpenpayApiConnector->_request('get', '/customers/awzw...', Array)
#3 C:\xampp\htdocs\nanko\app\ThirdParty\Openpay\data\OpenpayApiResourceBase.php(284): OpenpayApiConnector::request('get', '/customers/awzw...')
#4 C:\xampp\htdocs\nanko\app\ThirdParty\Openpay\data\OpenpayApiDerivedResource.php(74): OpenpayApiResourceBase->_retrieve('OpenpayCharge', 'trjnf9fku2y2qhl...', Array)
#5 C:\xampp\htdocs\nanko\app\Libraries\Pago.php(36): OpenpayApiDerivedResource->get('trjnf9fku2y2qhl...')
#6 C:\xampp\htdocs\nanko\app\Controllers\Clientes.php(212): App\Libraries\Pago->get_pago('awzw0yfqzpchpbo...', 'trjnf9fku2y2qhl...')
#7 C:\xampp\htdocs\nanko\system\CodeIgniter.php(914): App\Controllers\Clientes->ordenes()
#8 C:\xampp\htdocs\nanko\system\CodeIgniter.php(400): CodeIgniter\CodeIgniter->runController(Object(App\Controllers\Clientes))
#9 C:\xampp\htdocs\nanko\system\CodeIgniter.php(308): CodeIgniter\CodeIgniter->handleRequest(NULL, Object(Config\Cache), false)
#10 C:\xampp\htdocs\nanko\public\index.php(45): CodeIgniter\CodeIgniter->run()
#11 C:\xampp\htdocs\nanko\system\Commands\Server\rewrite.php(34): require_once('C:\\xampp\\htdocs...')
#12 {main}
CRITICAL - 2021-01-01 15:33:29 --> Trying to get property 'url' of non-object
#0 C:\xampp\htdocs\nanko\app\Controllers\Clientes.php(891): CodeIgniter\Debug\Exceptions->errorHandler(8, 'Trying to get p...', 'C:\\xampp\\htdocs...', 891, Array)
#1 C:\xampp\htdocs\nanko\system\CodeIgniter.php(914): App\Controllers\Clientes->pagar()
#2 C:\xampp\htdocs\nanko\system\CodeIgniter.php(400): CodeIgniter\CodeIgniter->runController(Object(App\Controllers\Clientes))
#3 C:\xampp\htdocs\nanko\system\CodeIgniter.php(308): CodeIgniter\CodeIgniter->handleRequest(NULL, Object(Config\Cache), false)
#4 C:\xampp\htdocs\nanko\public\index.php(45): CodeIgniter\CodeIgniter->run()
#5 C:\xampp\htdocs\nanko\system\Commands\Server\rewrite.php(34): require_once('C:\\xampp\\htdocs...')
#6 {main}
CRITICAL - 2021-01-01 15:39:05 --> Cannot use object of type OpenpayCharge as array
#0 C:\xampp\htdocs\nanko\system\CodeIgniter.php(914): App\Controllers\Clientes->pagar()
#1 C:\xampp\htdocs\nanko\system\CodeIgniter.php(400): CodeIgniter\CodeIgniter->runController(Object(App\Controllers\Clientes))
#2 C:\xampp\htdocs\nanko\system\CodeIgniter.php(308): CodeIgniter\CodeIgniter->handleRequest(NULL, Object(Config\Cache), false)
#3 C:\xampp\htdocs\nanko\public\index.php(45): CodeIgniter\CodeIgniter->run()
#4 C:\xampp\htdocs\nanko\system\Commands\Server\rewrite.php(34): require_once('C:\\xampp\\htdocs...')
#5 {main}
CRITICAL - 2021-01-01 15:40:08 --> The card charge is on a final status
#0 C:\xampp\htdocs\nanko\app\ThirdParty\Openpay\data\OpenpayApiConnector.php(204): OpenpayApiConnector->handleRequestError('{"http_code":42...', 422, Array)
#1 C:\xampp\htdocs\nanko\app\ThirdParty\Openpay\data\OpenpayApiConnector.php(66): OpenpayApiConnector->interpretResponse('{"http_code":42...', 422)
#2 C:\xampp\htdocs\nanko\app\ThirdParty\Openpay\data\OpenpayApiConnector.php(284): OpenpayApiConnector->_request('post', '/charges/trkuhv...', Array)
#3 C:\xampp\htdocs\nanko\app\ThirdParty\Openpay\data\OpenpayApiResourceBase.php(270): OpenpayApiConnector::request('post', '/charges/trkuhv...', Array)
#4 C:\xampp\htdocs\nanko\app\ThirdParty\Openpay\resources\OpenpayCharge.php(35): OpenpayApiResourceBase->_create('OpenpayCapture', Array, Array)
#5 C:\xampp\htdocs\nanko\app\Libraries\Pago.php(95): OpenpayCharge->capture(Array)
#6 C:\xampp\htdocs\nanko\app\Controllers\Clientes.php(887): App\Libraries\Pago->confirmar()
#7 C:\xampp\htdocs\nanko\system\CodeIgniter.php(914): App\Controllers\Clientes->pagar()
#8 C:\xampp\htdocs\nanko\system\CodeIgniter.php(400): CodeIgniter\CodeIgniter->runController(Object(App\Controllers\Clientes))
#9 C:\xampp\htdocs\nanko\system\CodeIgniter.php(308): CodeIgniter\CodeIgniter->handleRequest(NULL, Object(Config\Cache), false)
#10 C:\xampp\htdocs\nanko\public\index.php(45): CodeIgniter\CodeIgniter->run()
#11 C:\xampp\htdocs\nanko\system\Commands\Server\rewrite.php(34): require_once('C:\\xampp\\htdocs...')
#12 {main}
CRITICAL - 2021-01-01 15:42:07 --> Trying to get property 'url' of non-object
#0 C:\xampp\htdocs\nanko\app\Controllers\Clientes.php(889): CodeIgniter\Debug\Exceptions->errorHandler(8, 'Trying to get p...', 'C:\\xampp\\htdocs...', 889, Array)
#1 C:\xampp\htdocs\nanko\system\CodeIgniter.php(914): App\Controllers\Clientes->pagar()
#2 C:\xampp\htdocs\nanko\system\CodeIgniter.php(400): CodeIgniter\CodeIgniter->runController(Object(App\Controllers\Clientes))
#3 C:\xampp\htdocs\nanko\system\CodeIgniter.php(308): CodeIgniter\CodeIgniter->handleRequest(NULL, Object(Config\Cache), false)
#4 C:\xampp\htdocs\nanko\public\index.php(45): CodeIgniter\CodeIgniter->run()
#5 C:\xampp\htdocs\nanko\system\Commands\Server\rewrite.php(34): require_once('C:\\xampp\\htdocs...')
#6 {main}
