CRITICAL - 2021-02-05 17:26:26 --> You have an error in your SQL syntax; check the manual that corresponds to your MySQL server version for the right syntax to use near 'AND `edad_max` >=) AND (`peso_min` <=  AND `peso_max` >=)' at line 3
#0 /home1/nankocom/nanko/system/Database/MySQLi/Connection.php(331): mysqli->query('SELECT *\nFROM `...')
#1 /home1/nankocom/nanko/system/Database/BaseConnection.php(741): CodeIgniter\Database\MySQLi\Connection->execute('SELECT *\nFROM `...')
#2 /home1/nankocom/nanko/system/Database/BaseConnection.php(669): CodeIgniter\Database\BaseConnection->simpleQuery('SELECT *\nFROM `...')
#3 /home1/nankocom/nanko/system/Database/BaseBuilder.php(1860): CodeIgniter\Database\BaseConnection->query('SELECT *\nFROM `...', Array, false)
#4 /home1/nankocom/nanko/system/Model.php(404): CodeIgniter\Database\BaseBuilder->get()
#5 /home1/nankocom/nanko/app/Controllers/Clientes.php(1475): CodeIgniter\Model->find()
#6 /home1/nankocom/nanko/system/CodeIgniter.php(914): App\Controllers\Clientes->calcular_dosis()
#7 /home1/nankocom/nanko/system/CodeIgniter.php(400): CodeIgniter\CodeIgniter->runController(Object(App\Controllers\Clientes))
#8 /home1/nankocom/nanko/system/CodeIgniter.php(308): CodeIgniter\CodeIgniter->handleRequest(NULL, Object(Config\Cache), false)
#9 /home1/nankocom/public_html/index.php(45): CodeIgniter\CodeIgniter->run()
#10 {main}
CRITICAL - 2021-02-05 17:30:24 --> You have an error in your SQL syntax; check the manual that corresponds to your MySQL server version for the right syntax to use near 'AND `edad_max` >=) AND (`peso_min` <= 33 AND `peso_max` >= 33)' at line 3
#0 /home1/nankocom/nanko/system/Database/MySQLi/Connection.php(331): mysqli->query('SELECT *\nFROM `...')
#1 /home1/nankocom/nanko/system/Database/BaseConnection.php(741): CodeIgniter\Database\MySQLi\Connection->execute('SELECT *\nFROM `...')
#2 /home1/nankocom/nanko/system/Database/BaseConnection.php(669): CodeIgniter\Database\BaseConnection->simpleQuery('SELECT *\nFROM `...')
#3 /home1/nankocom/nanko/system/Database/BaseBuilder.php(1860): CodeIgniter\Database\BaseConnection->query('SELECT *\nFROM `...', Array, false)
#4 /home1/nankocom/nanko/system/Model.php(404): CodeIgniter\Database\BaseBuilder->get()
#5 /home1/nankocom/nanko/app/Controllers/Clientes.php(1475): CodeIgniter\Model->find()
#6 /home1/nankocom/nanko/system/CodeIgniter.php(914): App\Controllers\Clientes->calcular_dosis()
#7 /home1/nankocom/nanko/system/CodeIgniter.php(400): CodeIgniter\CodeIgniter->runController(Object(App\Controllers\Clientes))
#8 /home1/nankocom/nanko/system/CodeIgniter.php(308): CodeIgniter\CodeIgniter->handleRequest(NULL, Object(Config\Cache), false)
#9 /home1/nankocom/public_html/index.php(45): CodeIgniter\CodeIgniter->run()
#10 {main}
CRITICAL - 2021-02-05 17:30:35 --> You have an error in your SQL syntax; check the manual that corresponds to your MySQL server version for the right syntax to use near 'AND `edad_max` >=) AND (`peso_min` <= 72 AND `peso_max` >= 72)' at line 3
#0 /home1/nankocom/nanko/system/Database/MySQLi/Connection.php(331): mysqli->query('SELECT *\nFROM `...')
#1 /home1/nankocom/nanko/system/Database/BaseConnection.php(741): CodeIgniter\Database\MySQLi\Connection->execute('SELECT *\nFROM `...')
#2 /home1/nankocom/nanko/system/Database/BaseConnection.php(669): CodeIgniter\Database\BaseConnection->simpleQuery('SELECT *\nFROM `...')
#3 /home1/nankocom/nanko/system/Database/BaseBuilder.php(1860): CodeIgniter\Database\BaseConnection->query('SELECT *\nFROM `...', Array, false)
#4 /home1/nankocom/nanko/system/Model.php(404): CodeIgniter\Database\BaseBuilder->get()
#5 /home1/nankocom/nanko/app/Controllers/Clientes.php(1475): CodeIgniter\Model->find()
#6 /home1/nankocom/nanko/system/CodeIgniter.php(914): App\Controllers\Clientes->calcular_dosis()
#7 /home1/nankocom/nanko/system/CodeIgniter.php(400): CodeIgniter\CodeIgniter->runController(Object(App\Controllers\Clientes))
#8 /home1/nankocom/nanko/system/CodeIgniter.php(308): CodeIgniter\CodeIgniter->handleRequest(NULL, Object(Config\Cache), false)
#9 /home1/nankocom/public_html/index.php(45): CodeIgniter\CodeIgniter->run()
#10 {main}
CRITICAL - 2021-02-05 17:32:43 --> You have an error in your SQL syntax; check the manual that corresponds to your MySQL server version for the right syntax to use near 'AND `peso_max` >=)' at line 3
#0 /home1/nankocom/nanko/system/Database/MySQLi/Connection.php(331): mysqli->query('SELECT *\nFROM `...')
#1 /home1/nankocom/nanko/system/Database/BaseConnection.php(741): CodeIgniter\Database\MySQLi\Connection->execute('SELECT *\nFROM `...')
#2 /home1/nankocom/nanko/system/Database/BaseConnection.php(669): CodeIgniter\Database\BaseConnection->simpleQuery('SELECT *\nFROM `...')
#3 /home1/nankocom/nanko/system/Database/BaseBuilder.php(1860): CodeIgniter\Database\BaseConnection->query('SELECT *\nFROM `...', Array, false)
#4 /home1/nankocom/nanko/system/Model.php(404): CodeIgniter\Database\BaseBuilder->get()
#5 /home1/nankocom/nanko/app/Controllers/Clientes.php(1475): CodeIgniter\Model->find()
#6 /home1/nankocom/nanko/system/CodeIgniter.php(914): App\Controllers\Clientes->calcular_dosis()
#7 /home1/nankocom/nanko/system/CodeIgniter.php(400): CodeIgniter\CodeIgniter->runController(Object(App\Controllers\Clientes))
#8 /home1/nankocom/nanko/system/CodeIgniter.php(308): CodeIgniter\CodeIgniter->handleRequest(NULL, Object(Config\Cache), false)
#9 /home1/nankocom/public_html/index.php(45): CodeIgniter\CodeIgniter->run()
#10 {main}
CRITICAL - 2021-02-05 17:32:48 --> You have an error in your SQL syntax; check the manual that corresponds to your MySQL server version for the right syntax to use near 'AND `peso_max` >=)' at line 3
#0 /home1/nankocom/nanko/system/Database/MySQLi/Connection.php(331): mysqli->query('SELECT *\nFROM `...')
#1 /home1/nankocom/nanko/system/Database/BaseConnection.php(741): CodeIgniter\Database\MySQLi\Connection->execute('SELECT *\nFROM `...')
#2 /home1/nankocom/nanko/system/Database/BaseConnection.php(669): CodeIgniter\Database\BaseConnection->simpleQuery('SELECT *\nFROM `...')
#3 /home1/nankocom/nanko/system/Database/BaseBuilder.php(1860): CodeIgniter\Database\BaseConnection->query('SELECT *\nFROM `...', Array, false)
#4 /home1/nankocom/nanko/system/Model.php(404): CodeIgniter\Database\BaseBuilder->get()
#5 /home1/nankocom/nanko/app/Controllers/Clientes.php(1475): CodeIgniter\Model->find()
#6 /home1/nankocom/nanko/system/CodeIgniter.php(914): App\Controllers\Clientes->calcular_dosis()
#7 /home1/nankocom/nanko/system/CodeIgniter.php(400): CodeIgniter\CodeIgniter->runController(Object(App\Controllers\Clientes))
#8 /home1/nankocom/nanko/system/CodeIgniter.php(308): CodeIgniter\CodeIgniter->handleRequest(NULL, Object(Config\Cache), false)
#9 /home1/nankocom/public_html/index.php(45): CodeIgniter\CodeIgniter->run()
#10 {main}
CRITICAL - 2021-02-05 17:32:54 --> You have an error in your SQL syntax; check the manual that corresponds to your MySQL server version for the right syntax to use near 'AND `peso_max` >=)' at line 3
#0 /home1/nankocom/nanko/system/Database/MySQLi/Connection.php(331): mysqli->query('SELECT *\nFROM `...')
#1 /home1/nankocom/nanko/system/Database/BaseConnection.php(741): CodeIgniter\Database\MySQLi\Connection->execute('SELECT *\nFROM `...')
#2 /home1/nankocom/nanko/system/Database/BaseConnection.php(669): CodeIgniter\Database\BaseConnection->simpleQuery('SELECT *\nFROM `...')
#3 /home1/nankocom/nanko/system/Database/BaseBuilder.php(1860): CodeIgniter\Database\BaseConnection->query('SELECT *\nFROM `...', Array, false)
#4 /home1/nankocom/nanko/system/Model.php(404): CodeIgniter\Database\BaseBuilder->get()
#5 /home1/nankocom/nanko/app/Controllers/Clientes.php(1475): CodeIgniter\Model->find()
#6 /home1/nankocom/nanko/system/CodeIgniter.php(914): App\Controllers\Clientes->calcular_dosis()
#7 /home1/nankocom/nanko/system/CodeIgniter.php(400): CodeIgniter\CodeIgniter->runController(Object(App\Controllers\Clientes))
#8 /home1/nankocom/nanko/system/CodeIgniter.php(308): CodeIgniter\CodeIgniter->handleRequest(NULL, Object(Config\Cache), false)
#9 /home1/nankocom/public_html/index.php(45): CodeIgniter\CodeIgniter->run()
#10 {main}
CRITICAL - 2021-02-05 17:33:02 --> You have an error in your SQL syntax; check the manual that corresponds to your MySQL server version for the right syntax to use near 'AND `peso_max` >=)' at line 3
#0 /home1/nankocom/nanko/system/Database/MySQLi/Connection.php(331): mysqli->query('SELECT *\nFROM `...')
#1 /home1/nankocom/nanko/system/Database/BaseConnection.php(741): CodeIgniter\Database\MySQLi\Connection->execute('SELECT *\nFROM `...')
#2 /home1/nankocom/nanko/system/Database/BaseConnection.php(669): CodeIgniter\Database\BaseConnection->simpleQuery('SELECT *\nFROM `...')
#3 /home1/nankocom/nanko/system/Database/BaseBuilder.php(1860): CodeIgniter\Database\BaseConnection->query('SELECT *\nFROM `...', Array, false)
#4 /home1/nankocom/nanko/system/Model.php(404): CodeIgniter\Database\BaseBuilder->get()
#5 /home1/nankocom/nanko/app/Controllers/Clientes.php(1475): CodeIgniter\Model->find()
#6 /home1/nankocom/nanko/system/CodeIgniter.php(914): App\Controllers\Clientes->calcular_dosis()
#7 /home1/nankocom/nanko/system/CodeIgniter.php(400): CodeIgniter\CodeIgniter->runController(Object(App\Controllers\Clientes))
#8 /home1/nankocom/nanko/system/CodeIgniter.php(308): CodeIgniter\CodeIgniter->handleRequest(NULL, Object(Config\Cache), false)
#9 /home1/nankocom/public_html/index.php(45): CodeIgniter\CodeIgniter->run()
#10 {main}
CRITICAL - 2021-02-05 17:40:07 --> You have an error in your SQL syntax; check the manual that corresponds to your MySQL server version for the right syntax to use near 'AND `edad_max` >=) AND (`peso_min` <=  AND `peso_max` >=)' at line 3
#0 /home1/nankocom/nanko/system/Database/MySQLi/Connection.php(331): mysqli->query('SELECT *\nFROM `...')
#1 /home1/nankocom/nanko/system/Database/BaseConnection.php(741): CodeIgniter\Database\MySQLi\Connection->execute('SELECT *\nFROM `...')
#2 /home1/nankocom/nanko/system/Database/BaseConnection.php(669): CodeIgniter\Database\BaseConnection->simpleQuery('SELECT *\nFROM `...')
#3 /home1/nankocom/nanko/system/Database/BaseBuilder.php(1860): CodeIgniter\Database\BaseConnection->query('SELECT *\nFROM `...', Array, false)
#4 /home1/nankocom/nanko/system/Model.php(404): CodeIgniter\Database\BaseBuilder->get()
#5 /home1/nankocom/nanko/app/Controllers/Clientes.php(1475): CodeIgniter\Model->find()
#6 /home1/nankocom/nanko/system/CodeIgniter.php(914): App\Controllers\Clientes->calcular_dosis()
#7 /home1/nankocom/nanko/system/CodeIgniter.php(400): CodeIgniter\CodeIgniter->runController(Object(App\Controllers\Clientes))
#8 /home1/nankocom/nanko/system/CodeIgniter.php(308): CodeIgniter\CodeIgniter->handleRequest(NULL, Object(Config\Cache), false)
#9 /home1/nankocom/public_html/index.php(45): CodeIgniter\CodeIgniter->run()
#10 {main}
CRITICAL - 2021-02-05 17:46:25 --> Undefined variable: num_gotas
#0 /home1/nankocom/nanko/app/Views/Administrador/Modal/editar_dosis.php(38): CodeIgniter\Debug\Exceptions->errorHandler(8, 'Undefined varia...', '/home1/nankocom...', 38, Array)
#1 /home1/nankocom/nanko/system/View/View.php(246): include('/home1/nankocom...')
#2 /home1/nankocom/nanko/system/Common.php(1119): CodeIgniter\View\View->render('Administrador/M...', Array, true)
#3 /home1/nankocom/nanko/app/Controllers/Productos.php(268): view('Administrador/M...', Array)
#4 /home1/nankocom/nanko/system/CodeIgniter.php(914): App\Controllers\Productos->editar_dosis()
#5 /home1/nankocom/nanko/system/CodeIgniter.php(400): CodeIgniter\CodeIgniter->runController(Object(App\Controllers\Productos))
#6 /home1/nankocom/nanko/system/CodeIgniter.php(308): CodeIgniter\CodeIgniter->handleRequest(NULL, Object(Config\Cache), false)
#7 /home1/nankocom/public_html/index.php(45): CodeIgniter\CodeIgniter->run()
#8 {main}
CRITICAL - 2021-02-05 17:46:26 --> Undefined variable: num_gotas
#0 /home1/nankocom/nanko/app/Views/Administrador/Modal/editar_dosis.php(38): CodeIgniter\Debug\Exceptions->errorHandler(8, 'Undefined varia...', '/home1/nankocom...', 38, Array)
#1 /home1/nankocom/nanko/system/View/View.php(246): include('/home1/nankocom...')
#2 /home1/nankocom/nanko/system/Common.php(1119): CodeIgniter\View\View->render('Administrador/M...', Array, true)
#3 /home1/nankocom/nanko/app/Controllers/Productos.php(268): view('Administrador/M...', Array)
#4 /home1/nankocom/nanko/system/CodeIgniter.php(914): App\Controllers\Productos->editar_dosis()
#5 /home1/nankocom/nanko/system/CodeIgniter.php(400): CodeIgniter\CodeIgniter->runController(Object(App\Controllers\Productos))
#6 /home1/nankocom/nanko/system/CodeIgniter.php(308): CodeIgniter\CodeIgniter->handleRequest(NULL, Object(Config\Cache), false)
#7 /home1/nankocom/public_html/index.php(45): CodeIgniter\CodeIgniter->run()
#8 {main}
CRITICAL - 2021-02-05 17:46:30 --> Undefined variable: num_gotas
#0 /home1/nankocom/nanko/app/Views/Administrador/Modal/editar_dosis.php(38): CodeIgniter\Debug\Exceptions->errorHandler(8, 'Undefined varia...', '/home1/nankocom...', 38, Array)
#1 /home1/nankocom/nanko/system/View/View.php(246): include('/home1/nankocom...')
#2 /home1/nankocom/nanko/system/Common.php(1119): CodeIgniter\View\View->render('Administrador/M...', Array, true)
#3 /home1/nankocom/nanko/app/Controllers/Productos.php(268): view('Administrador/M...', Array)
#4 /home1/nankocom/nanko/system/CodeIgniter.php(914): App\Controllers\Productos->editar_dosis()
#5 /home1/nankocom/nanko/system/CodeIgniter.php(400): CodeIgniter\CodeIgniter->runController(Object(App\Controllers\Productos))
#6 /home1/nankocom/nanko/system/CodeIgniter.php(308): CodeIgniter\CodeIgniter->handleRequest(NULL, Object(Config\Cache), false)
#7 /home1/nankocom/public_html/index.php(45): CodeIgniter\CodeIgniter->run()
#8 {main}
CRITICAL - 2021-02-05 17:46:34 --> Undefined variable: num_gotas
#0 /home1/nankocom/nanko/app/Views/Administrador/Modal/editar_dosis.php(38): CodeIgniter\Debug\Exceptions->errorHandler(8, 'Undefined varia...', '/home1/nankocom...', 38, Array)
#1 /home1/nankocom/nanko/system/View/View.php(246): include('/home1/nankocom...')
#2 /home1/nankocom/nanko/system/Common.php(1119): CodeIgniter\View\View->render('Administrador/M...', Array, true)
#3 /home1/nankocom/nanko/app/Controllers/Productos.php(268): view('Administrador/M...', Array)
#4 /home1/nankocom/nanko/system/CodeIgniter.php(914): App\Controllers\Productos->editar_dosis()
#5 /home1/nankocom/nanko/system/CodeIgniter.php(400): CodeIgniter\CodeIgniter->runController(Object(App\Controllers\Productos))
#6 /home1/nankocom/nanko/system/CodeIgniter.php(308): CodeIgniter\CodeIgniter->handleRequest(NULL, Object(Config\Cache), false)
#7 /home1/nankocom/public_html/index.php(45): CodeIgniter\CodeIgniter->run()
#8 {main}
CRITICAL - 2021-02-05 17:46:34 --> Undefined variable: num_gotas
#0 /home1/nankocom/nanko/app/Views/Administrador/Modal/editar_dosis.php(38): CodeIgniter\Debug\Exceptions->errorHandler(8, 'Undefined varia...', '/home1/nankocom...', 38, Array)
#1 /home1/nankocom/nanko/system/View/View.php(246): include('/home1/nankocom...')
#2 /home1/nankocom/nanko/system/Common.php(1119): CodeIgniter\View\View->render('Administrador/M...', Array, true)
#3 /home1/nankocom/nanko/app/Controllers/Productos.php(268): view('Administrador/M...', Array)
#4 /home1/nankocom/nanko/system/CodeIgniter.php(914): App\Controllers\Productos->editar_dosis()
#5 /home1/nankocom/nanko/system/CodeIgniter.php(400): CodeIgniter\CodeIgniter->runController(Object(App\Controllers\Productos))
#6 /home1/nankocom/nanko/system/CodeIgniter.php(308): CodeIgniter\CodeIgniter->handleRequest(NULL, Object(Config\Cache), false)
#7 /home1/nankocom/public_html/index.php(45): CodeIgniter\CodeIgniter->run()
#8 {main}
CRITICAL - 2021-02-05 17:46:34 --> Undefined variable: num_gotas
#0 /home1/nankocom/nanko/app/Views/Administrador/Modal/editar_dosis.php(38): CodeIgniter\Debug\Exceptions->errorHandler(8, 'Undefined varia...', '/home1/nankocom...', 38, Array)
#1 /home1/nankocom/nanko/system/View/View.php(246): include('/home1/nankocom...')
#2 /home1/nankocom/nanko/system/Common.php(1119): CodeIgniter\View\View->render('Administrador/M...', Array, true)
#3 /home1/nankocom/nanko/app/Controllers/Productos.php(268): view('Administrador/M...', Array)
#4 /home1/nankocom/nanko/system/CodeIgniter.php(914): App\Controllers\Productos->editar_dosis()
#5 /home1/nankocom/nanko/system/CodeIgniter.php(400): CodeIgniter\CodeIgniter->runController(Object(App\Controllers\Productos))
#6 /home1/nankocom/nanko/system/CodeIgniter.php(308): CodeIgniter\CodeIgniter->handleRequest(NULL, Object(Config\Cache), false)
#7 /home1/nankocom/public_html/index.php(45): CodeIgniter\CodeIgniter->run()
#8 {main}
CRITICAL - 2021-02-05 17:46:38 --> Undefined variable: num_gotas
#0 /home1/nankocom/nanko/app/Views/Administrador/Modal/editar_dosis.php(38): CodeIgniter\Debug\Exceptions->errorHandler(8, 'Undefined varia...', '/home1/nankocom...', 38, Array)
#1 /home1/nankocom/nanko/system/View/View.php(246): include('/home1/nankocom...')
#2 /home1/nankocom/nanko/system/Common.php(1119): CodeIgniter\View\View->render('Administrador/M...', Array, true)
#3 /home1/nankocom/nanko/app/Controllers/Productos.php(268): view('Administrador/M...', Array)
#4 /home1/nankocom/nanko/system/CodeIgniter.php(914): App\Controllers\Productos->editar_dosis()
#5 /home1/nankocom/nanko/system/CodeIgniter.php(400): CodeIgniter\CodeIgniter->runController(Object(App\Controllers\Productos))
#6 /home1/nankocom/nanko/system/CodeIgniter.php(308): CodeIgniter\CodeIgniter->handleRequest(NULL, Object(Config\Cache), false)
#7 /home1/nankocom/public_html/index.php(45): CodeIgniter\CodeIgniter->run()
#8 {main}
CRITICAL - 2021-02-05 17:46:38 --> Undefined variable: num_gotas
#0 /home1/nankocom/nanko/app/Views/Administrador/Modal/editar_dosis.php(38): CodeIgniter\Debug\Exceptions->errorHandler(8, 'Undefined varia...', '/home1/nankocom...', 38, Array)
#1 /home1/nankocom/nanko/system/View/View.php(246): include('/home1/nankocom...')
#2 /home1/nankocom/nanko/system/Common.php(1119): CodeIgniter\View\View->render('Administrador/M...', Array, true)
#3 /home1/nankocom/nanko/app/Controllers/Productos.php(268): view('Administrador/M...', Array)
#4 /home1/nankocom/nanko/system/CodeIgniter.php(914): App\Controllers\Productos->editar_dosis()
#5 /home1/nankocom/nanko/system/CodeIgniter.php(400): CodeIgniter\CodeIgniter->runController(Object(App\Controllers\Productos))
#6 /home1/nankocom/nanko/system/CodeIgniter.php(308): CodeIgniter\CodeIgniter->handleRequest(NULL, Object(Config\Cache), false)
#7 /home1/nankocom/public_html/index.php(45): CodeIgniter\CodeIgniter->run()
#8 {main}
CRITICAL - 2021-02-05 17:46:39 --> Undefined variable: num_gotas
#0 /home1/nankocom/nanko/app/Views/Administrador/Modal/editar_dosis.php(38): CodeIgniter\Debug\Exceptions->errorHandler(8, 'Undefined varia...', '/home1/nankocom...', 38, Array)
#1 /home1/nankocom/nanko/system/View/View.php(246): include('/home1/nankocom...')
#2 /home1/nankocom/nanko/system/Common.php(1119): CodeIgniter\View\View->render('Administrador/M...', Array, true)
#3 /home1/nankocom/nanko/app/Controllers/Productos.php(268): view('Administrador/M...', Array)
#4 /home1/nankocom/nanko/system/CodeIgniter.php(914): App\Controllers\Productos->editar_dosis()
#5 /home1/nankocom/nanko/system/CodeIgniter.php(400): CodeIgniter\CodeIgniter->runController(Object(App\Controllers\Productos))
#6 /home1/nankocom/nanko/system/CodeIgniter.php(308): CodeIgniter\CodeIgniter->handleRequest(NULL, Object(Config\Cache), false)
#7 /home1/nankocom/public_html/index.php(45): CodeIgniter\CodeIgniter->run()
#8 {main}
CRITICAL - 2021-02-05 17:46:39 --> Undefined variable: num_gotas
#0 /home1/nankocom/nanko/app/Views/Administrador/Modal/editar_dosis.php(38): CodeIgniter\Debug\Exceptions->errorHandler(8, 'Undefined varia...', '/home1/nankocom...', 38, Array)
#1 /home1/nankocom/nanko/system/View/View.php(246): include('/home1/nankocom...')
#2 /home1/nankocom/nanko/system/Common.php(1119): CodeIgniter\View\View->render('Administrador/M...', Array, true)
#3 /home1/nankocom/nanko/app/Controllers/Productos.php(268): view('Administrador/M...', Array)
#4 /home1/nankocom/nanko/system/CodeIgniter.php(914): App\Controllers\Productos->editar_dosis()
#5 /home1/nankocom/nanko/system/CodeIgniter.php(400): CodeIgniter\CodeIgniter->runController(Object(App\Controllers\Productos))
#6 /home1/nankocom/nanko/system/CodeIgniter.php(308): CodeIgniter\CodeIgniter->handleRequest(NULL, Object(Config\Cache), false)
#7 /home1/nankocom/public_html/index.php(45): CodeIgniter\CodeIgniter->run()
#8 {main}
CRITICAL - 2021-02-05 17:46:42 --> Undefined variable: num_gotas
#0 /home1/nankocom/nanko/app/Views/Administrador/Modal/editar_dosis.php(38): CodeIgniter\Debug\Exceptions->errorHandler(8, 'Undefined varia...', '/home1/nankocom...', 38, Array)
#1 /home1/nankocom/nanko/system/View/View.php(246): include('/home1/nankocom...')
#2 /home1/nankocom/nanko/system/Common.php(1119): CodeIgniter\View\View->render('Administrador/M...', Array, true)
#3 /home1/nankocom/nanko/app/Controllers/Productos.php(268): view('Administrador/M...', Array)
#4 /home1/nankocom/nanko/system/CodeIgniter.php(914): App\Controllers\Productos->editar_dosis()
#5 /home1/nankocom/nanko/system/CodeIgniter.php(400): CodeIgniter\CodeIgniter->runController(Object(App\Controllers\Productos))
#6 /home1/nankocom/nanko/system/CodeIgniter.php(308): CodeIgniter\CodeIgniter->handleRequest(NULL, Object(Config\Cache), false)
#7 /home1/nankocom/public_html/index.php(45): CodeIgniter\CodeIgniter->run()
#8 {main}
CRITICAL - 2021-02-05 17:46:42 --> Undefined variable: num_gotas
#0 /home1/nankocom/nanko/app/Views/Administrador/Modal/editar_dosis.php(38): CodeIgniter\Debug\Exceptions->errorHandler(8, 'Undefined varia...', '/home1/nankocom...', 38, Array)
#1 /home1/nankocom/nanko/system/View/View.php(246): include('/home1/nankocom...')
#2 /home1/nankocom/nanko/system/Common.php(1119): CodeIgniter\View\View->render('Administrador/M...', Array, true)
#3 /home1/nankocom/nanko/app/Controllers/Productos.php(268): view('Administrador/M...', Array)
#4 /home1/nankocom/nanko/system/CodeIgniter.php(914): App\Controllers\Productos->editar_dosis()
#5 /home1/nankocom/nanko/system/CodeIgniter.php(400): CodeIgniter\CodeIgniter->runController(Object(App\Controllers\Productos))
#6 /home1/nankocom/nanko/system/CodeIgniter.php(308): CodeIgniter\CodeIgniter->handleRequest(NULL, Object(Config\Cache), false)
#7 /home1/nankocom/public_html/index.php(45): CodeIgniter\CodeIgniter->run()
#8 {main}
CRITICAL - 2021-02-05 17:46:42 --> Undefined variable: num_gotas
#0 /home1/nankocom/nanko/app/Views/Administrador/Modal/editar_dosis.php(38): CodeIgniter\Debug\Exceptions->errorHandler(8, 'Undefined varia...', '/home1/nankocom...', 38, Array)
#1 /home1/nankocom/nanko/system/View/View.php(246): include('/home1/nankocom...')
#2 /home1/nankocom/nanko/system/Common.php(1119): CodeIgniter\View\View->render('Administrador/M...', Array, true)
#3 /home1/nankocom/nanko/app/Controllers/Productos.php(268): view('Administrador/M...', Array)
#4 /home1/nankocom/nanko/system/CodeIgniter.php(914): App\Controllers\Productos->editar_dosis()
#5 /home1/nankocom/nanko/system/CodeIgniter.php(400): CodeIgniter\CodeIgniter->runController(Object(App\Controllers\Productos))
#6 /home1/nankocom/nanko/system/CodeIgniter.php(308): CodeIgniter\CodeIgniter->handleRequest(NULL, Object(Config\Cache), false)
#7 /home1/nankocom/public_html/index.php(45): CodeIgniter\CodeIgniter->run()
#8 {main}
CRITICAL - 2021-02-05 17:46:43 --> Undefined variable: num_gotas
#0 /home1/nankocom/nanko/app/Views/Administrador/Modal/editar_dosis.php(38): CodeIgniter\Debug\Exceptions->errorHandler(8, 'Undefined varia...', '/home1/nankocom...', 38, Array)
#1 /home1/nankocom/nanko/system/View/View.php(246): include('/home1/nankocom...')
#2 /home1/nankocom/nanko/system/Common.php(1119): CodeIgniter\View\View->render('Administrador/M...', Array, true)
#3 /home1/nankocom/nanko/app/Controllers/Productos.php(268): view('Administrador/M...', Array)
#4 /home1/nankocom/nanko/system/CodeIgniter.php(914): App\Controllers\Productos->editar_dosis()
#5 /home1/nankocom/nanko/system/CodeIgniter.php(400): CodeIgniter\CodeIgniter->runController(Object(App\Controllers\Productos))
#6 /home1/nankocom/nanko/system/CodeIgniter.php(308): CodeIgniter\CodeIgniter->handleRequest(NULL, Object(Config\Cache), false)
#7 /home1/nankocom/public_html/index.php(45): CodeIgniter\CodeIgniter->run()
#8 {main}
CRITICAL - 2021-02-05 17:46:44 --> Undefined variable: num_gotas
#0 /home1/nankocom/nanko/app/Views/Administrador/Modal/editar_dosis.php(38): CodeIgniter\Debug\Exceptions->errorHandler(8, 'Undefined varia...', '/home1/nankocom...', 38, Array)
#1 /home1/nankocom/nanko/system/View/View.php(246): include('/home1/nankocom...')
#2 /home1/nankocom/nanko/system/Common.php(1119): CodeIgniter\View\View->render('Administrador/M...', Array, true)
#3 /home1/nankocom/nanko/app/Controllers/Productos.php(268): view('Administrador/M...', Array)
#4 /home1/nankocom/nanko/system/CodeIgniter.php(914): App\Controllers\Productos->editar_dosis()
#5 /home1/nankocom/nanko/system/CodeIgniter.php(400): CodeIgniter\CodeIgniter->runController(Object(App\Controllers\Productos))
#6 /home1/nankocom/nanko/system/CodeIgniter.php(308): CodeIgniter\CodeIgniter->handleRequest(NULL, Object(Config\Cache), false)
#7 /home1/nankocom/public_html/index.php(45): CodeIgniter\CodeIgniter->run()
#8 {main}
CRITICAL - 2021-02-05 18:07:48 --> Undefined variable: num_gotas
#0 /home1/nankocom/nanko/app/Views/Administrador/Modal/editar_dosis.php(38): CodeIgniter\Debug\Exceptions->errorHandler(8, 'Undefined varia...', '/home1/nankocom...', 38, Array)
#1 /home1/nankocom/nanko/system/View/View.php(246): include('/home1/nankocom...')
#2 /home1/nankocom/nanko/system/Common.php(1119): CodeIgniter\View\View->render('Administrador/M...', Array, true)
#3 /home1/nankocom/nanko/app/Controllers/Productos.php(268): view('Administrador/M...', Array)
#4 /home1/nankocom/nanko/system/CodeIgniter.php(914): App\Controllers\Productos->editar_dosis()
#5 /home1/nankocom/nanko/system/CodeIgniter.php(400): CodeIgniter\CodeIgniter->runController(Object(App\Controllers\Productos))
#6 /home1/nankocom/nanko/system/CodeIgniter.php(308): CodeIgniter\CodeIgniter->handleRequest(NULL, Object(Config\Cache), false)
#7 /home1/nankocom/public_html/index.php(45): CodeIgniter\CodeIgniter->run()
#8 {main}
CRITICAL - 2021-02-05 18:07:49 --> Undefined variable: num_gotas
#0 /home1/nankocom/nanko/app/Views/Administrador/Modal/editar_dosis.php(38): CodeIgniter\Debug\Exceptions->errorHandler(8, 'Undefined varia...', '/home1/nankocom...', 38, Array)
#1 /home1/nankocom/nanko/system/View/View.php(246): include('/home1/nankocom...')
#2 /home1/nankocom/nanko/system/Common.php(1119): CodeIgniter\View\View->render('Administrador/M...', Array, true)
#3 /home1/nankocom/nanko/app/Controllers/Productos.php(268): view('Administrador/M...', Array)
#4 /home1/nankocom/nanko/system/CodeIgniter.php(914): App\Controllers\Productos->editar_dosis()
#5 /home1/nankocom/nanko/system/CodeIgniter.php(400): CodeIgniter\CodeIgniter->runController(Object(App\Controllers\Productos))
#6 /home1/nankocom/nanko/system/CodeIgniter.php(308): CodeIgniter\CodeIgniter->handleRequest(NULL, Object(Config\Cache), false)
#7 /home1/nankocom/public_html/index.php(45): CodeIgniter\CodeIgniter->run()
#8 {main}
CRITICAL - 2021-02-05 18:07:50 --> Undefined variable: num_gotas
#0 /home1/nankocom/nanko/app/Views/Administrador/Modal/editar_dosis.php(38): CodeIgniter\Debug\Exceptions->errorHandler(8, 'Undefined varia...', '/home1/nankocom...', 38, Array)
#1 /home1/nankocom/nanko/system/View/View.php(246): include('/home1/nankocom...')
#2 /home1/nankocom/nanko/system/Common.php(1119): CodeIgniter\View\View->render('Administrador/M...', Array, true)
#3 /home1/nankocom/nanko/app/Controllers/Productos.php(268): view('Administrador/M...', Array)
#4 /home1/nankocom/nanko/system/CodeIgniter.php(914): App\Controllers\Productos->editar_dosis()
#5 /home1/nankocom/nanko/system/CodeIgniter.php(400): CodeIgniter\CodeIgniter->runController(Object(App\Controllers\Productos))
#6 /home1/nankocom/nanko/system/CodeIgniter.php(308): CodeIgniter\CodeIgniter->handleRequest(NULL, Object(Config\Cache), false)
#7 /home1/nankocom/public_html/index.php(45): CodeIgniter\CodeIgniter->run()
#8 {main}
CRITICAL - 2021-02-05 18:07:50 --> Undefined variable: num_gotas
#0 /home1/nankocom/nanko/app/Views/Administrador/Modal/editar_dosis.php(38): CodeIgniter\Debug\Exceptions->errorHandler(8, 'Undefined varia...', '/home1/nankocom...', 38, Array)
#1 /home1/nankocom/nanko/system/View/View.php(246): include('/home1/nankocom...')
#2 /home1/nankocom/nanko/system/Common.php(1119): CodeIgniter\View\View->render('Administrador/M...', Array, true)
#3 /home1/nankocom/nanko/app/Controllers/Productos.php(268): view('Administrador/M...', Array)
#4 /home1/nankocom/nanko/system/CodeIgniter.php(914): App\Controllers\Productos->editar_dosis()
#5 /home1/nankocom/nanko/system/CodeIgniter.php(400): CodeIgniter\CodeIgniter->runController(Object(App\Controllers\Productos))
#6 /home1/nankocom/nanko/system/CodeIgniter.php(308): CodeIgniter\CodeIgniter->handleRequest(NULL, Object(Config\Cache), false)
#7 /home1/nankocom/public_html/index.php(45): CodeIgniter\CodeIgniter->run()
#8 {main}
CRITICAL - 2021-02-05 18:07:50 --> Undefined variable: num_gotas
#0 /home1/nankocom/nanko/app/Views/Administrador/Modal/editar_dosis.php(38): CodeIgniter\Debug\Exceptions->errorHandler(8, 'Undefined varia...', '/home1/nankocom...', 38, Array)
#1 /home1/nankocom/nanko/system/View/View.php(246): include('/home1/nankocom...')
#2 /home1/nankocom/nanko/system/Common.php(1119): CodeIgniter\View\View->render('Administrador/M...', Array, true)
#3 /home1/nankocom/nanko/app/Controllers/Productos.php(268): view('Administrador/M...', Array)
#4 /home1/nankocom/nanko/system/CodeIgniter.php(914): App\Controllers\Productos->editar_dosis()
#5 /home1/nankocom/nanko/system/CodeIgniter.php(400): CodeIgniter\CodeIgniter->runController(Object(App\Controllers\Productos))
#6 /home1/nankocom/nanko/system/CodeIgniter.php(308): CodeIgniter\CodeIgniter->handleRequest(NULL, Object(Config\Cache), false)
#7 /home1/nankocom/public_html/index.php(45): CodeIgniter\CodeIgniter->run()
#8 {main}
CRITICAL - 2021-02-05 18:08:07 --> Undefined variable: num_gotas
#0 /home1/nankocom/nanko/app/Views/Administrador/Modal/editar_dosis.php(38): CodeIgniter\Debug\Exceptions->errorHandler(8, 'Undefined varia...', '/home1/nankocom...', 38, Array)
#1 /home1/nankocom/nanko/system/View/View.php(246): include('/home1/nankocom...')
#2 /home1/nankocom/nanko/system/Common.php(1119): CodeIgniter\View\View->render('Administrador/M...', Array, true)
#3 /home1/nankocom/nanko/app/Controllers/Productos.php(268): view('Administrador/M...', Array)
#4 /home1/nankocom/nanko/system/CodeIgniter.php(914): App\Controllers\Productos->editar_dosis()
#5 /home1/nankocom/nanko/system/CodeIgniter.php(400): CodeIgniter\CodeIgniter->runController(Object(App\Controllers\Productos))
#6 /home1/nankocom/nanko/system/CodeIgniter.php(308): CodeIgniter\CodeIgniter->handleRequest(NULL, Object(Config\Cache), false)
#7 /home1/nankocom/public_html/index.php(45): CodeIgniter\CodeIgniter->run()
#8 {main}
CRITICAL - 2021-02-05 18:08:08 --> Undefined variable: num_gotas
#0 /home1/nankocom/nanko/app/Views/Administrador/Modal/editar_dosis.php(38): CodeIgniter\Debug\Exceptions->errorHandler(8, 'Undefined varia...', '/home1/nankocom...', 38, Array)
#1 /home1/nankocom/nanko/system/View/View.php(246): include('/home1/nankocom...')
#2 /home1/nankocom/nanko/system/Common.php(1119): CodeIgniter\View\View->render('Administrador/M...', Array, true)
#3 /home1/nankocom/nanko/app/Controllers/Productos.php(268): view('Administrador/M...', Array)
#4 /home1/nankocom/nanko/system/CodeIgniter.php(914): App\Controllers\Productos->editar_dosis()
#5 /home1/nankocom/nanko/system/CodeIgniter.php(400): CodeIgniter\CodeIgniter->runController(Object(App\Controllers\Productos))
#6 /home1/nankocom/nanko/system/CodeIgniter.php(308): CodeIgniter\CodeIgniter->handleRequest(NULL, Object(Config\Cache), false)
#7 /home1/nankocom/public_html/index.php(45): CodeIgniter\CodeIgniter->run()
#8 {main}
CRITICAL - 2021-02-05 18:08:08 --> Undefined variable: num_gotas
#0 /home1/nankocom/nanko/app/Views/Administrador/Modal/editar_dosis.php(38): CodeIgniter\Debug\Exceptions->errorHandler(8, 'Undefined varia...', '/home1/nankocom...', 38, Array)
#1 /home1/nankocom/nanko/system/View/View.php(246): include('/home1/nankocom...')
#2 /home1/nankocom/nanko/system/Common.php(1119): CodeIgniter\View\View->render('Administrador/M...', Array, true)
#3 /home1/nankocom/nanko/app/Controllers/Productos.php(268): view('Administrador/M...', Array)
#4 /home1/nankocom/nanko/system/CodeIgniter.php(914): App\Controllers\Productos->editar_dosis()
#5 /home1/nankocom/nanko/system/CodeIgniter.php(400): CodeIgniter\CodeIgniter->runController(Object(App\Controllers\Productos))
#6 /home1/nankocom/nanko/system/CodeIgniter.php(308): CodeIgniter\CodeIgniter->handleRequest(NULL, Object(Config\Cache), false)
#7 /home1/nankocom/public_html/index.php(45): CodeIgniter\CodeIgniter->run()
#8 {main}
CRITICAL - 2021-02-05 18:08:09 --> Undefined variable: num_gotas
#0 /home1/nankocom/nanko/app/Views/Administrador/Modal/editar_dosis.php(38): CodeIgniter\Debug\Exceptions->errorHandler(8, 'Undefined varia...', '/home1/nankocom...', 38, Array)
#1 /home1/nankocom/nanko/system/View/View.php(246): include('/home1/nankocom...')
#2 /home1/nankocom/nanko/system/Common.php(1119): CodeIgniter\View\View->render('Administrador/M...', Array, true)
#3 /home1/nankocom/nanko/app/Controllers/Productos.php(268): view('Administrador/M...', Array)
#4 /home1/nankocom/nanko/system/CodeIgniter.php(914): App\Controllers\Productos->editar_dosis()
#5 /home1/nankocom/nanko/system/CodeIgniter.php(400): CodeIgniter\CodeIgniter->runController(Object(App\Controllers\Productos))
#6 /home1/nankocom/nanko/system/CodeIgniter.php(308): CodeIgniter\CodeIgniter->handleRequest(NULL, Object(Config\Cache), false)
#7 /home1/nankocom/public_html/index.php(45): CodeIgniter\CodeIgniter->run()
#8 {main}
CRITICAL - 2021-02-05 18:08:09 --> Undefined variable: num_gotas
#0 /home1/nankocom/nanko/app/Views/Administrador/Modal/editar_dosis.php(38): CodeIgniter\Debug\Exceptions->errorHandler(8, 'Undefined varia...', '/home1/nankocom...', 38, Array)
#1 /home1/nankocom/nanko/system/View/View.php(246): include('/home1/nankocom...')
#2 /home1/nankocom/nanko/system/Common.php(1119): CodeIgniter\View\View->render('Administrador/M...', Array, true)
#3 /home1/nankocom/nanko/app/Controllers/Productos.php(268): view('Administrador/M...', Array)
#4 /home1/nankocom/nanko/system/CodeIgniter.php(914): App\Controllers\Productos->editar_dosis()
#5 /home1/nankocom/nanko/system/CodeIgniter.php(400): CodeIgniter\CodeIgniter->runController(Object(App\Controllers\Productos))
#6 /home1/nankocom/nanko/system/CodeIgniter.php(308): CodeIgniter\CodeIgniter->handleRequest(NULL, Object(Config\Cache), false)
#7 /home1/nankocom/public_html/index.php(45): CodeIgniter\CodeIgniter->run()
#8 {main}
CRITICAL - 2021-02-05 18:08:10 --> Undefined variable: num_gotas
#0 /home1/nankocom/nanko/app/Views/Administrador/Modal/editar_dosis.php(38): CodeIgniter\Debug\Exceptions->errorHandler(8, 'Undefined varia...', '/home1/nankocom...', 38, Array)
#1 /home1/nankocom/nanko/system/View/View.php(246): include('/home1/nankocom...')
#2 /home1/nankocom/nanko/system/Common.php(1119): CodeIgniter\View\View->render('Administrador/M...', Array, true)
#3 /home1/nankocom/nanko/app/Controllers/Productos.php(268): view('Administrador/M...', Array)
#4 /home1/nankocom/nanko/system/CodeIgniter.php(914): App\Controllers\Productos->editar_dosis()
#5 /home1/nankocom/nanko/system/CodeIgniter.php(400): CodeIgniter\CodeIgniter->runController(Object(App\Controllers\Productos))
#6 /home1/nankocom/nanko/system/CodeIgniter.php(308): CodeIgniter\CodeIgniter->handleRequest(NULL, Object(Config\Cache), false)
#7 /home1/nankocom/public_html/index.php(45): CodeIgniter\CodeIgniter->run()
#8 {main}
CRITICAL - 2021-02-05 18:08:10 --> Undefined variable: num_gotas
#0 /home1/nankocom/nanko/app/Views/Administrador/Modal/editar_dosis.php(38): CodeIgniter\Debug\Exceptions->errorHandler(8, 'Undefined varia...', '/home1/nankocom...', 38, Array)
#1 /home1/nankocom/nanko/system/View/View.php(246): include('/home1/nankocom...')
#2 /home1/nankocom/nanko/system/Common.php(1119): CodeIgniter\View\View->render('Administrador/M...', Array, true)
#3 /home1/nankocom/nanko/app/Controllers/Productos.php(268): view('Administrador/M...', Array)
#4 /home1/nankocom/nanko/system/CodeIgniter.php(914): App\Controllers\Productos->editar_dosis()
#5 /home1/nankocom/nanko/system/CodeIgniter.php(400): CodeIgniter\CodeIgniter->runController(Object(App\Controllers\Productos))
#6 /home1/nankocom/nanko/system/CodeIgniter.php(308): CodeIgniter\CodeIgniter->handleRequest(NULL, Object(Config\Cache), false)
#7 /home1/nankocom/public_html/index.php(45): CodeIgniter\CodeIgniter->run()
#8 {main}
CRITICAL - 2021-02-05 18:08:10 --> Undefined variable: num_gotas
#0 /home1/nankocom/nanko/app/Views/Administrador/Modal/editar_dosis.php(38): CodeIgniter\Debug\Exceptions->errorHandler(8, 'Undefined varia...', '/home1/nankocom...', 38, Array)
#1 /home1/nankocom/nanko/system/View/View.php(246): include('/home1/nankocom...')
#2 /home1/nankocom/nanko/system/Common.php(1119): CodeIgniter\View\View->render('Administrador/M...', Array, true)
#3 /home1/nankocom/nanko/app/Controllers/Productos.php(268): view('Administrador/M...', Array)
#4 /home1/nankocom/nanko/system/CodeIgniter.php(914): App\Controllers\Productos->editar_dosis()
#5 /home1/nankocom/nanko/system/CodeIgniter.php(400): CodeIgniter\CodeIgniter->runController(Object(App\Controllers\Productos))
#6 /home1/nankocom/nanko/system/CodeIgniter.php(308): CodeIgniter\CodeIgniter->handleRequest(NULL, Object(Config\Cache), false)
#7 /home1/nankocom/public_html/index.php(45): CodeIgniter\CodeIgniter->run()
#8 {main}
CRITICAL - 2021-02-05 18:08:11 --> Undefined variable: num_gotas
#0 /home1/nankocom/nanko/app/Views/Administrador/Modal/editar_dosis.php(38): CodeIgniter\Debug\Exceptions->errorHandler(8, 'Undefined varia...', '/home1/nankocom...', 38, Array)
#1 /home1/nankocom/nanko/system/View/View.php(246): include('/home1/nankocom...')
#2 /home1/nankocom/nanko/system/Common.php(1119): CodeIgniter\View\View->render('Administrador/M...', Array, true)
#3 /home1/nankocom/nanko/app/Controllers/Productos.php(268): view('Administrador/M...', Array)
#4 /home1/nankocom/nanko/system/CodeIgniter.php(914): App\Controllers\Productos->editar_dosis()
#5 /home1/nankocom/nanko/system/CodeIgniter.php(400): CodeIgniter\CodeIgniter->runController(Object(App\Controllers\Productos))
#6 /home1/nankocom/nanko/system/CodeIgniter.php(308): CodeIgniter\CodeIgniter->handleRequest(NULL, Object(Config\Cache), false)
#7 /home1/nankocom/public_html/index.php(45): CodeIgniter\CodeIgniter->run()
#8 {main}
CRITICAL - 2021-02-05 18:08:11 --> Undefined variable: num_gotas
#0 /home1/nankocom/nanko/app/Views/Administrador/Modal/editar_dosis.php(38): CodeIgniter\Debug\Exceptions->errorHandler(8, 'Undefined varia...', '/home1/nankocom...', 38, Array)
#1 /home1/nankocom/nanko/system/View/View.php(246): include('/home1/nankocom...')
#2 /home1/nankocom/nanko/system/Common.php(1119): CodeIgniter\View\View->render('Administrador/M...', Array, true)
#3 /home1/nankocom/nanko/app/Controllers/Productos.php(268): view('Administrador/M...', Array)
#4 /home1/nankocom/nanko/system/CodeIgniter.php(914): App\Controllers\Productos->editar_dosis()
#5 /home1/nankocom/nanko/system/CodeIgniter.php(400): CodeIgniter\CodeIgniter->runController(Object(App\Controllers\Productos))
#6 /home1/nankocom/nanko/system/CodeIgniter.php(308): CodeIgniter\CodeIgniter->handleRequest(NULL, Object(Config\Cache), false)
#7 /home1/nankocom/public_html/index.php(45): CodeIgniter\CodeIgniter->run()
#8 {main}
CRITICAL - 2021-02-05 18:08:12 --> Undefined variable: num_gotas
#0 /home1/nankocom/nanko/app/Views/Administrador/Modal/editar_dosis.php(38): CodeIgniter\Debug\Exceptions->errorHandler(8, 'Undefined varia...', '/home1/nankocom...', 38, Array)
#1 /home1/nankocom/nanko/system/View/View.php(246): include('/home1/nankocom...')
#2 /home1/nankocom/nanko/system/Common.php(1119): CodeIgniter\View\View->render('Administrador/M...', Array, true)
#3 /home1/nankocom/nanko/app/Controllers/Productos.php(268): view('Administrador/M...', Array)
#4 /home1/nankocom/nanko/system/CodeIgniter.php(914): App\Controllers\Productos->editar_dosis()
#5 /home1/nankocom/nanko/system/CodeIgniter.php(400): CodeIgniter\CodeIgniter->runController(Object(App\Controllers\Productos))
#6 /home1/nankocom/nanko/system/CodeIgniter.php(308): CodeIgniter\CodeIgniter->handleRequest(NULL, Object(Config\Cache), false)
#7 /home1/nankocom/public_html/index.php(45): CodeIgniter\CodeIgniter->run()
#8 {main}
CRITICAL - 2021-02-05 18:08:13 --> Undefined variable: num_gotas
#0 /home1/nankocom/nanko/app/Views/Administrador/Modal/editar_dosis.php(38): CodeIgniter\Debug\Exceptions->errorHandler(8, 'Undefined varia...', '/home1/nankocom...', 38, Array)
#1 /home1/nankocom/nanko/system/View/View.php(246): include('/home1/nankocom...')
#2 /home1/nankocom/nanko/system/Common.php(1119): CodeIgniter\View\View->render('Administrador/M...', Array, true)
#3 /home1/nankocom/nanko/app/Controllers/Productos.php(268): view('Administrador/M...', Array)
#4 /home1/nankocom/nanko/system/CodeIgniter.php(914): App\Controllers\Productos->editar_dosis()
#5 /home1/nankocom/nanko/system/CodeIgniter.php(400): CodeIgniter\CodeIgniter->runController(Object(App\Controllers\Productos))
#6 /home1/nankocom/nanko/system/CodeIgniter.php(308): CodeIgniter\CodeIgniter->handleRequest(NULL, Object(Config\Cache), false)
#7 /home1/nankocom/public_html/index.php(45): CodeIgniter\CodeIgniter->run()
#8 {main}
CRITICAL - 2021-02-05 18:08:14 --> Undefined variable: num_gotas
#0 /home1/nankocom/nanko/app/Views/Administrador/Modal/editar_dosis.php(38): CodeIgniter\Debug\Exceptions->errorHandler(8, 'Undefined varia...', '/home1/nankocom...', 38, Array)
#1 /home1/nankocom/nanko/system/View/View.php(246): include('/home1/nankocom...')
#2 /home1/nankocom/nanko/system/Common.php(1119): CodeIgniter\View\View->render('Administrador/M...', Array, true)
#3 /home1/nankocom/nanko/app/Controllers/Productos.php(268): view('Administrador/M...', Array)
#4 /home1/nankocom/nanko/system/CodeIgniter.php(914): App\Controllers\Productos->editar_dosis()
#5 /home1/nankocom/nanko/system/CodeIgniter.php(400): CodeIgniter\CodeIgniter->runController(Object(App\Controllers\Productos))
#6 /home1/nankocom/nanko/system/CodeIgniter.php(308): CodeIgniter\CodeIgniter->handleRequest(NULL, Object(Config\Cache), false)
#7 /home1/nankocom/public_html/index.php(45): CodeIgniter\CodeIgniter->run()
#8 {main}
CRITICAL - 2021-02-05 18:08:14 --> Undefined variable: num_gotas
#0 /home1/nankocom/nanko/app/Views/Administrador/Modal/editar_dosis.php(38): CodeIgniter\Debug\Exceptions->errorHandler(8, 'Undefined varia...', '/home1/nankocom...', 38, Array)
#1 /home1/nankocom/nanko/system/View/View.php(246): include('/home1/nankocom...')
#2 /home1/nankocom/nanko/system/Common.php(1119): CodeIgniter\View\View->render('Administrador/M...', Array, true)
#3 /home1/nankocom/nanko/app/Controllers/Productos.php(268): view('Administrador/M...', Array)
#4 /home1/nankocom/nanko/system/CodeIgniter.php(914): App\Controllers\Productos->editar_dosis()
#5 /home1/nankocom/nanko/system/CodeIgniter.php(400): CodeIgniter\CodeIgniter->runController(Object(App\Controllers\Productos))
#6 /home1/nankocom/nanko/system/CodeIgniter.php(308): CodeIgniter\CodeIgniter->handleRequest(NULL, Object(Config\Cache), false)
#7 /home1/nankocom/public_html/index.php(45): CodeIgniter\CodeIgniter->run()
#8 {main}
CRITICAL - 2021-02-05 18:32:07 --> Undefined variable: num_gotas
#0 /home1/nankocom/nanko/app/Views/Administrador/Modal/editar_dosis.php(38): CodeIgniter\Debug\Exceptions->errorHandler(8, 'Undefined varia...', '/home1/nankocom...', 38, Array)
#1 /home1/nankocom/nanko/system/View/View.php(246): include('/home1/nankocom...')
#2 /home1/nankocom/nanko/system/Common.php(1119): CodeIgniter\View\View->render('Administrador/M...', Array, true)
#3 /home1/nankocom/nanko/app/Controllers/Productos.php(268): view('Administrador/M...', Array)
#4 /home1/nankocom/nanko/system/CodeIgniter.php(914): App\Controllers\Productos->editar_dosis()
#5 /home1/nankocom/nanko/system/CodeIgniter.php(400): CodeIgniter\CodeIgniter->runController(Object(App\Controllers\Productos))
#6 /home1/nankocom/nanko/system/CodeIgniter.php(308): CodeIgniter\CodeIgniter->handleRequest(NULL, Object(Config\Cache), false)
#7 /home1/nankocom/public_html/index.php(45): CodeIgniter\CodeIgniter->run()
#8 {main}
