CRITICAL - 2021-11-03 15:44:10 --> Invalid argument supplied for foreach()
#0 /home3/nankoco1/nanko/app/Views/Cliente/Footer.php(355): CodeIgniter\Debug\Exceptions->errorHandler(2, 'Invalid argumen...', '/home3/nankoco1...', 355, Array)
#1 /home3/nankoco1/nanko/system/View/View.php(246): include('/home3/nankoco1...')
#2 /home3/nankoco1/nanko/system/Common.php(1119): CodeIgniter\View\View->render('Cliente/Footer', Array, true)
#3 /home3/nankoco1/nanko/app/Views/Cliente/Inicio.php(191): view('Cliente/Footer')
#4 /home3/nankoco1/nanko/system/View/View.php(246): include('/home3/nankoco1...')
#5 /home3/nankoco1/nanko/system/Common.php(1119): CodeIgniter\View\View->render('Cliente/Inicio', Array, true)
#6 /home3/nankoco1/nanko/app/Controllers/Clientes.php(429): view('Cliente/Inicio', Array)
#7 /home3/nankoco1/nanko/app/Controllers/Clientes.php(36): App\Controllers\Clientes->mostrar_inicio()
#8 /home3/nankoco1/nanko/system/CodeIgniter.php(914): App\Controllers\Clientes->index()
#9 /home3/nankoco1/nanko/system/CodeIgniter.php(400): CodeIgniter\CodeIgniter->runController(Object(App\Controllers\Clientes))
#10 /home3/nankoco1/nanko/system/CodeIgniter.php(308): CodeIgniter\CodeIgniter->handleRequest(NULL, Object(Config\Cache), false)
#11 /home3/nankoco1/public_html/index.php(45): CodeIgniter\CodeIgniter->run()
#12 {main}
CRITICAL - 2021-11-03 18:40:18 --> Invalid argument supplied for foreach()
#0 /home3/nankoco1/nanko/app/Views/Cliente/Footer.php(355): CodeIgniter\Debug\Exceptions->errorHandler(2, 'Invalid argumen...', '/home3/nankoco1...', 355, Array)
#1 /home3/nankoco1/nanko/system/View/View.php(246): include('/home3/nankoco1...')
#2 /home3/nankoco1/nanko/system/Common.php(1119): CodeIgniter\View\View->render('Cliente/Footer', Array, true)
#3 /home3/nankoco1/nanko/app/Views/Cliente/Inicio.php(191): view('Cliente/Footer')
#4 /home3/nankoco1/nanko/system/View/View.php(246): include('/home3/nankoco1...')
#5 /home3/nankoco1/nanko/system/Common.php(1119): CodeIgniter\View\View->render('Cliente/Inicio', Array, true)
#6 /home3/nankoco1/nanko/app/Controllers/Clientes.php(429): view('Cliente/Inicio', Array)
#7 /home3/nankoco1/nanko/app/Controllers/Clientes.php(36): App\Controllers\Clientes->mostrar_inicio()
#8 /home3/nankoco1/nanko/system/CodeIgniter.php(914): App\Controllers\Clientes->index()
#9 /home3/nankoco1/nanko/system/CodeIgniter.php(400): CodeIgniter\CodeIgniter->runController(Object(App\Controllers\Clientes))
#10 /home3/nankoco1/nanko/system/CodeIgniter.php(308): CodeIgniter\CodeIgniter->handleRequest(NULL, Object(Config\Cache), false)
#11 /home3/nankoco1/public_html/index.php(45): CodeIgniter\CodeIgniter->run()
#12 {main}
