CRITICAL - 2020-12-08 23:43:35 --> Undefined variable: session
#0 C:\xampp\htdocs\nanko\app\Views\Cliente\Footer.php(54): CodeIgniter\Debug\Exceptions->errorHandler(8, 'Undefined varia...', 'C:\\xampp\\htdocs...', 54, Array)
#1 C:\xampp\htdocs\nanko\system\View\View.php(246): include('C:\\xampp\\htdocs...')
#2 C:\xampp\htdocs\nanko\system\Common.php(1119): CodeIgniter\View\View->render('Cliente/Footer', Array, true)
#3 C:\xampp\htdocs\nanko\app\Views\Cliente\Inicio.php(162): view('Cliente/Footer')
#4 C:\xampp\htdocs\nanko\system\View\View.php(246): include('C:\\xampp\\htdocs...')
#5 C:\xampp\htdocs\nanko\system\Common.php(1119): CodeIgniter\View\View->render('Cliente/Inicio', Array, true)
#6 C:\xampp\htdocs\nanko\app\Controllers\Clientes.php(75): view('Cliente/Inicio', Array)
#7 C:\xampp\htdocs\nanko\app\Controllers\Clientes.php(92): App\Controllers\Clientes->mostrar_inicio()
#8 C:\xampp\htdocs\nanko\system\CodeIgniter.php(914): App\Controllers\Clientes->registrar_cliente()
#9 C:\xampp\htdocs\nanko\system\CodeIgniter.php(400): CodeIgniter\CodeIgniter->runController(Object(App\Controllers\Clientes))
#10 C:\xampp\htdocs\nanko\system\CodeIgniter.php(308): CodeIgniter\CodeIgniter->handleRequest(NULL, Object(Config\Cache), false)
#11 C:\xampp\htdocs\nanko\public\index.php(45): CodeIgniter\CodeIgniter->run()
#12 C:\xampp\htdocs\nanko\system\Commands\Server\rewrite.php(34): require_once('C:\\xampp\\htdocs...')
#13 {main}
CRITICAL - 2020-12-08 23:45:32 --> Undefined variable: session
#0 C:\xampp\htdocs\nanko\app\Views\Cliente\Footer.php(68): CodeIgniter\Debug\Exceptions->errorHandler(8, 'Undefined varia...', 'C:\\xampp\\htdocs...', 68, Array)
#1 C:\xampp\htdocs\nanko\system\View\View.php(246): include('C:\\xampp\\htdocs...')
#2 C:\xampp\htdocs\nanko\system\Common.php(1119): CodeIgniter\View\View->render('Cliente/Footer', Array, true)
#3 C:\xampp\htdocs\nanko\app\Views\Cliente\Inicio.php(162): view('Cliente/Footer')
#4 C:\xampp\htdocs\nanko\system\View\View.php(246): include('C:\\xampp\\htdocs...')
#5 C:\xampp\htdocs\nanko\system\Common.php(1119): CodeIgniter\View\View->render('Cliente/Inicio', Array, true)
#6 C:\xampp\htdocs\nanko\app\Controllers\Clientes.php(75): view('Cliente/Inicio', Array)
#7 C:\xampp\htdocs\nanko\app\Controllers\Clientes.php(92): App\Controllers\Clientes->mostrar_inicio()
#8 C:\xampp\htdocs\nanko\system\CodeIgniter.php(914): App\Controllers\Clientes->registrar_cliente()
#9 C:\xampp\htdocs\nanko\system\CodeIgniter.php(400): CodeIgniter\CodeIgniter->runController(Object(App\Controllers\Clientes))
#10 C:\xampp\htdocs\nanko\system\CodeIgniter.php(308): CodeIgniter\CodeIgniter->handleRequest(NULL, Object(Config\Cache), false)
#11 C:\xampp\htdocs\nanko\public\index.php(45): CodeIgniter\CodeIgniter->run()
#12 C:\xampp\htdocs\nanko\system\Commands\Server\rewrite.php(34): require_once('C:\\xampp\\htdocs...')
#13 {main}
