CRITICAL - 2020-12-20 02:04:35 --> Undefined index: is_usuario
#0 C:\xampp\htdocs\nanko\app\Controllers\Envios.php(33): CodeIgniter\Debug\Exceptions->errorHandler(8, 'Undefined index...', 'C:\\xampp\\htdocs...', 33, Array)
#1 C:\xampp\htdocs\nanko\system\CodeIgniter.php(914): App\Controllers\Envios->ver_productos()
#2 C:\xampp\htdocs\nanko\system\CodeIgniter.php(400): CodeIgniter\CodeIgniter->runController(Object(App\Controllers\Envios))
#3 C:\xampp\htdocs\nanko\system\CodeIgniter.php(308): CodeIgniter\CodeIgniter->handleRequest(NULL, Object(Config\Cache), false)
#4 C:\xampp\htdocs\nanko\public\index.php(45): CodeIgniter\CodeIgniter->run()
#5 C:\xampp\htdocs\nanko\system\Commands\Server\rewrite.php(34): require_once('C:\\xampp\\htdocs...')
#6 {main}
CRITICAL - 2020-12-20 02:04:51 --> Too few arguments to function CodeIgniter\Database\BaseBuilder::where(), 0 passed in C:\xampp\htdocs\nanko\system\Model.php on line 1818 and at least 1 expected
#0 C:\xampp\htdocs\nanko\system\Model.php(1818): CodeIgniter\Database\BaseBuilder->where()
#1 C:\xampp\htdocs\nanko\app\Controllers\Envios.php(38): CodeIgniter\Model->__call('Where', Array)
#2 C:\xampp\htdocs\nanko\system\CodeIgniter.php(914): App\Controllers\Envios->ver_productos()
#3 C:\xampp\htdocs\nanko\system\CodeIgniter.php(400): CodeIgniter\CodeIgniter->runController(Object(App\Controllers\Envios))
#4 C:\xampp\htdocs\nanko\system\CodeIgniter.php(308): CodeIgniter\CodeIgniter->handleRequest(NULL, Object(Config\Cache), false)
#5 C:\xampp\htdocs\nanko\public\index.php(45): CodeIgniter\CodeIgniter->run()
#6 C:\xampp\htdocs\nanko\system\Commands\Server\rewrite.php(34): require_once('C:\\xampp\\htdocs...')
#7 {main}
CRITICAL - 2020-12-20 02:05:40 --> Archivo inválido: {0}
#0 C:\xampp\htdocs\nanko\system\View\View.php(228): CodeIgniter\Exceptions\FrameworkException::forInvalidFile('Administrador/m...')
#1 C:\xampp\htdocs\nanko\system\Common.php(1119): CodeIgniter\View\View->render('Administrador/m...', Array, true)
#2 C:\xampp\htdocs\nanko\app\Controllers\Envios.php(56): view('Administrador/m...', Array)
#3 C:\xampp\htdocs\nanko\system\CodeIgniter.php(914): App\Controllers\Envios->ver_productos()
#4 C:\xampp\htdocs\nanko\system\CodeIgniter.php(400): CodeIgniter\CodeIgniter->runController(Object(App\Controllers\Envios))
#5 C:\xampp\htdocs\nanko\system\CodeIgniter.php(308): CodeIgniter\CodeIgniter->handleRequest(NULL, Object(Config\Cache), false)
#6 C:\xampp\htdocs\nanko\public\index.php(45): CodeIgniter\CodeIgniter->run()
#7 C:\xampp\htdocs\nanko\system\Commands\Server\rewrite.php(34): require_once('C:\\xampp\\htdocs...')
#8 {main}
CRITICAL - 2020-12-20 02:05:47 --> Archivo inválido: {0}
#0 C:\xampp\htdocs\nanko\system\View\View.php(228): CodeIgniter\Exceptions\FrameworkException::forInvalidFile('Administrador/m...')
#1 C:\xampp\htdocs\nanko\system\Common.php(1119): CodeIgniter\View\View->render('Administrador/m...', Array, true)
#2 C:\xampp\htdocs\nanko\app\Controllers\Envios.php(56): view('Administrador/m...', Array)
#3 C:\xampp\htdocs\nanko\system\CodeIgniter.php(914): App\Controllers\Envios->ver_productos()
#4 C:\xampp\htdocs\nanko\system\CodeIgniter.php(400): CodeIgniter\CodeIgniter->runController(Object(App\Controllers\Envios))
#5 C:\xampp\htdocs\nanko\system\CodeIgniter.php(308): CodeIgniter\CodeIgniter->handleRequest(NULL, Object(Config\Cache), false)
#6 C:\xampp\htdocs\nanko\public\index.php(45): CodeIgniter\CodeIgniter->run()
#7 C:\xampp\htdocs\nanko\system\Commands\Server\rewrite.php(34): require_once('C:\\xampp\\htdocs...')
#8 {main}
