CRITICAL - 2021-03-23 09:51:41 --> syntax error, unexpected ')'
#0 /home1/nankocom/nanko/system/Router/Router.php(195): CodeIgniter\Router\Router->autoRoute('Clientes/metodo...')
#1 /home1/nankocom/nanko/system/CodeIgniter.php(789): CodeIgniter\Router\Router->handle('Clientes/metodo...')
#2 /home1/nankocom/nanko/system/CodeIgniter.php(360): CodeIgniter\CodeIgniter->tryToRouteIt(Object(CodeIgniter\Router\RouteCollection))
#3 /home1/nankocom/nanko/system/CodeIgniter.php(308): CodeIgniter\CodeIgniter->handleRequest(NULL, Object(Config\Cache), false)
#4 /home1/nankocom/public_html/index.php(45): CodeIgniter\CodeIgniter->run()
#5 {main}
CRITICAL - 2021-03-23 15:08:47 --> amount valor numérico fuera de los límites (se esperaba <10 dígitos>.<3 dígitos)
#0 /home1/nankocom/nanko/app/ThirdParty/Openpay/data/OpenpayApiConnector.php(204): OpenpayApiConnector->handleRequestError('{"http_code":40...', 400, Array)
#1 /home1/nankocom/nanko/app/ThirdParty/Openpay/data/OpenpayApiConnector.php(66): OpenpayApiConnector->interpretResponse('{"http_code":40...', 400)
#2 /home1/nankocom/nanko/app/ThirdParty/Openpay/data/OpenpayApiConnector.php(284): OpenpayApiConnector->_request('post', '/customers/aud0...', Array)
#3 /home1/nankocom/nanko/app/ThirdParty/Openpay/data/OpenpayApiResourceBase.php(270): OpenpayApiConnector::request('post', '/customers/aud0...', Array)
#4 /home1/nankocom/nanko/app/ThirdParty/Openpay/data/OpenpayApiDerivedResource.php(63): OpenpayApiResourceBase->_create('OpenpayCharge', Array, Array)
#5 /home1/nankocom/nanko/app/ThirdParty/Openpay/resources/OpenpayCharge.php(50): OpenpayApiDerivedResource->add(Array)
#6 /home1/nankocom/nanko/app/Libraries/Pago.php(40): OpenpayChargeList->create(Array)
#7 /home1/nankocom/nanko/app/Controllers/Clientes.php(839): App\Libraries\Pago->pago(Array, Object(OpenpayCustomer))
#8 /home1/nankocom/nanko/system/CodeIgniter.php(914): App\Controllers\Clientes->pago_tienda()
#9 /home1/nankocom/nanko/system/CodeIgniter.php(400): CodeIgniter\CodeIgniter->runController(Object(App\Controllers\Clientes))
#10 /home1/nankocom/nanko/system/CodeIgniter.php(308): CodeIgniter\CodeIgniter->handleRequest(NULL, Object(Config\Cache), false)
#11 /home1/nankocom/public_html/index.php(45): CodeIgniter\CodeIgniter->run()
#12 {main}
CRITICAL - 2021-03-23 15:20:11 -->  BAD_PRECISION_AMOUNT
#0 /home1/nankocom/nanko/app/ThirdParty/Openpay/data/OpenpayApiConnector.php(204): OpenpayApiConnector->handleRequestError('{"http_code":40...', 400, Array)
#1 /home1/nankocom/nanko/app/ThirdParty/Openpay/data/OpenpayApiConnector.php(66): OpenpayApiConnector->interpretResponse('{"http_code":40...', 400)
#2 /home1/nankocom/nanko/app/ThirdParty/Openpay/data/OpenpayApiConnector.php(284): OpenpayApiConnector->_request('post', '/customers/aud0...', Array)
#3 /home1/nankocom/nanko/app/ThirdParty/Openpay/data/OpenpayApiResourceBase.php(270): OpenpayApiConnector::request('post', '/customers/aud0...', Array)
#4 /home1/nankocom/nanko/app/ThirdParty/Openpay/data/OpenpayApiDerivedResource.php(63): OpenpayApiResourceBase->_create('OpenpayCharge', Array, Array)
#5 /home1/nankocom/nanko/app/ThirdParty/Openpay/resources/OpenpayCharge.php(50): OpenpayApiDerivedResource->add(Array)
#6 /home1/nankocom/nanko/app/Libraries/Pago.php(40): OpenpayChargeList->create(Array)
#7 /home1/nankocom/nanko/app/Controllers/Clientes.php(839): App\Libraries\Pago->pago(Array, Object(OpenpayCustomer))
#8 /home1/nankocom/nanko/system/CodeIgniter.php(914): App\Controllers\Clientes->pago_tienda()
#9 /home1/nankocom/nanko/system/CodeIgniter.php(400): CodeIgniter\CodeIgniter->runController(Object(App\Controllers\Clientes))
#10 /home1/nankocom/nanko/system/CodeIgniter.php(308): CodeIgniter\CodeIgniter->handleRequest(NULL, Object(Config\Cache), false)
#11 /home1/nankocom/public_html/index.php(45): CodeIgniter\CodeIgniter->run()
#12 {main}
CRITICAL - 2021-03-23 15:21:23 -->  BAD_PRECISION_AMOUNT
#0 /home1/nankocom/nanko/app/ThirdParty/Openpay/data/OpenpayApiConnector.php(204): OpenpayApiConnector->handleRequestError('{"http_code":40...', 400, Array)
#1 /home1/nankocom/nanko/app/ThirdParty/Openpay/data/OpenpayApiConnector.php(66): OpenpayApiConnector->interpretResponse('{"http_code":40...', 400)
#2 /home1/nankocom/nanko/app/ThirdParty/Openpay/data/OpenpayApiConnector.php(284): OpenpayApiConnector->_request('post', '/customers/aud0...', Array)
#3 /home1/nankocom/nanko/app/ThirdParty/Openpay/data/OpenpayApiResourceBase.php(270): OpenpayApiConnector::request('post', '/customers/aud0...', Array)
#4 /home1/nankocom/nanko/app/ThirdParty/Openpay/data/OpenpayApiDerivedResource.php(63): OpenpayApiResourceBase->_create('OpenpayCharge', Array, Array)
#5 /home1/nankocom/nanko/app/ThirdParty/Openpay/resources/OpenpayCharge.php(50): OpenpayApiDerivedResource->add(Array)
#6 /home1/nankocom/nanko/app/Libraries/Pago.php(40): OpenpayChargeList->create(Array)
#7 /home1/nankocom/nanko/app/Controllers/Clientes.php(839): App\Libraries\Pago->pago(Array, Object(OpenpayCustomer))
#8 /home1/nankocom/nanko/system/CodeIgniter.php(914): App\Controllers\Clientes->pago_tienda()
#9 /home1/nankocom/nanko/system/CodeIgniter.php(400): CodeIgniter\CodeIgniter->runController(Object(App\Controllers\Clientes))
#10 /home1/nankocom/nanko/system/CodeIgniter.php(308): CodeIgniter\CodeIgniter->handleRequest(NULL, Object(Config\Cache), false)
#11 /home1/nankocom/public_html/index.php(45): CodeIgniter\CodeIgniter->run()
#12 {main}
CRITICAL - 2021-03-23 16:24:34 -->  BAD_PRECISION_AMOUNT
#0 /home1/nankocom/nanko/app/ThirdParty/Openpay/data/OpenpayApiConnector.php(204): OpenpayApiConnector->handleRequestError('{"http_code":40...', 400, Array)
#1 /home1/nankocom/nanko/app/ThirdParty/Openpay/data/OpenpayApiConnector.php(66): OpenpayApiConnector->interpretResponse('{"http_code":40...', 400)
#2 /home1/nankocom/nanko/app/ThirdParty/Openpay/data/OpenpayApiConnector.php(284): OpenpayApiConnector->_request('post', '/customers/aud0...', Array)
#3 /home1/nankocom/nanko/app/ThirdParty/Openpay/data/OpenpayApiResourceBase.php(270): OpenpayApiConnector::request('post', '/customers/aud0...', Array)
#4 /home1/nankocom/nanko/app/ThirdParty/Openpay/data/OpenpayApiDerivedResource.php(63): OpenpayApiResourceBase->_create('OpenpayCharge', Array, Array)
#5 /home1/nankocom/nanko/app/ThirdParty/Openpay/resources/OpenpayCharge.php(50): OpenpayApiDerivedResource->add(Array)
#6 /home1/nankocom/nanko/app/Libraries/Pago.php(40): OpenpayChargeList->create(Array)
#7 /home1/nankocom/nanko/app/Controllers/Clientes.php(839): App\Libraries\Pago->pago(Array, Object(OpenpayCustomer))
#8 /home1/nankocom/nanko/system/CodeIgniter.php(914): App\Controllers\Clientes->pago_tienda()
#9 /home1/nankocom/nanko/system/CodeIgniter.php(400): CodeIgniter\CodeIgniter->runController(Object(App\Controllers\Clientes))
#10 /home1/nankocom/nanko/system/CodeIgniter.php(308): CodeIgniter\CodeIgniter->handleRequest(NULL, Object(Config\Cache), false)
#11 /home1/nankocom/public_html/index.php(45): CodeIgniter\CodeIgniter->run()
#12 {main}
CRITICAL - 2021-03-23 16:26:28 -->  BAD_PRECISION_AMOUNT
#0 /home1/nankocom/nanko/app/ThirdParty/Openpay/data/OpenpayApiConnector.php(204): OpenpayApiConnector->handleRequestError('{"http_code":40...', 400, Array)
#1 /home1/nankocom/nanko/app/ThirdParty/Openpay/data/OpenpayApiConnector.php(66): OpenpayApiConnector->interpretResponse('{"http_code":40...', 400)
#2 /home1/nankocom/nanko/app/ThirdParty/Openpay/data/OpenpayApiConnector.php(284): OpenpayApiConnector->_request('post', '/customers/aud0...', Array)
#3 /home1/nankocom/nanko/app/ThirdParty/Openpay/data/OpenpayApiResourceBase.php(270): OpenpayApiConnector::request('post', '/customers/aud0...', Array)
#4 /home1/nankocom/nanko/app/ThirdParty/Openpay/data/OpenpayApiDerivedResource.php(63): OpenpayApiResourceBase->_create('OpenpayCharge', Array, Array)
#5 /home1/nankocom/nanko/app/ThirdParty/Openpay/resources/OpenpayCharge.php(50): OpenpayApiDerivedResource->add(Array)
#6 /home1/nankocom/nanko/app/Libraries/Pago.php(40): OpenpayChargeList->create(Array)
#7 /home1/nankocom/nanko/app/Controllers/Clientes.php(839): App\Libraries\Pago->pago(Array, Object(OpenpayCustomer))
#8 /home1/nankocom/nanko/system/CodeIgniter.php(914): App\Controllers\Clientes->pago_tienda()
#9 /home1/nankocom/nanko/system/CodeIgniter.php(400): CodeIgniter\CodeIgniter->runController(Object(App\Controllers\Clientes))
#10 /home1/nankocom/nanko/system/CodeIgniter.php(308): CodeIgniter\CodeIgniter->handleRequest(NULL, Object(Config\Cache), false)
#11 /home1/nankocom/public_html/index.php(45): CodeIgniter\CodeIgniter->run()
#12 {main}
