CRITICAL - 2020-09-30 00:12:41 --> Undefined index: id_prod
#0 C:\xampp\htdocs\nanko\app\Controllers\Productos.php(169): CodeIgniter\Debug\Exceptions->errorHandler(8, 'Undefined index...', 'C:\\xampp\\htdocs...', 169, Array)
#1 C:\xampp\htdocs\nanko\system\CodeIgniter.php(914): App\Controllers\Productos->editar_producto()
#2 C:\xampp\htdocs\nanko\system\CodeIgniter.php(400): CodeIgniter\CodeIgniter->runController(Object(App\Controllers\Productos))
#3 C:\xampp\htdocs\nanko\system\CodeIgniter.php(308): CodeIgniter\CodeIgniter->handleRequest(NULL, Object(Config\Cache), false)
#4 C:\xampp\htdocs\nanko\public\index.php(45): CodeIgniter\CodeIgniter->run()
#5 C:\xampp\htdocs\nanko\system\Commands\Server\rewrite.php(34): require_once('C:\\xampp\\htdocs...')
#6 {main}
CRITICAL - 2020-09-30 00:13:18 --> Undefined index: id_producto
#0 C:\xampp\htdocs\nanko\app\Controllers\Productos.php(169): CodeIgniter\Debug\Exceptions->errorHandler(8, 'Undefined index...', 'C:\\xampp\\htdocs...', 169, Array)
#1 C:\xampp\htdocs\nanko\system\CodeIgniter.php(914): App\Controllers\Productos->editar_producto()
#2 C:\xampp\htdocs\nanko\system\CodeIgniter.php(400): CodeIgniter\CodeIgniter->runController(Object(App\Controllers\Productos))
#3 C:\xampp\htdocs\nanko\system\CodeIgniter.php(308): CodeIgniter\CodeIgniter->handleRequest(NULL, Object(Config\Cache), false)
#4 C:\xampp\htdocs\nanko\public\index.php(45): CodeIgniter\CodeIgniter->run()
#5 C:\xampp\htdocs\nanko\system\Commands\Server\rewrite.php(34): require_once('C:\\xampp\\htdocs...')
#6 {main}
CRITICAL - 2020-09-30 00:13:20 --> Undefined index: id_producto
#0 C:\xampp\htdocs\nanko\app\Controllers\Productos.php(169): CodeIgniter\Debug\Exceptions->errorHandler(8, 'Undefined index...', 'C:\\xampp\\htdocs...', 169, Array)
#1 C:\xampp\htdocs\nanko\system\CodeIgniter.php(914): App\Controllers\Productos->editar_producto()
#2 C:\xampp\htdocs\nanko\system\CodeIgniter.php(400): CodeIgniter\CodeIgniter->runController(Object(App\Controllers\Productos))
#3 C:\xampp\htdocs\nanko\system\CodeIgniter.php(308): CodeIgniter\CodeIgniter->handleRequest(NULL, Object(Config\Cache), false)
#4 C:\xampp\htdocs\nanko\public\index.php(45): CodeIgniter\CodeIgniter->run()
#5 C:\xampp\htdocs\nanko\system\Commands\Server\rewrite.php(34): require_once('C:\\xampp\\htdocs...')
#6 {main}
CRITICAL - 2020-09-30 00:13:27 --> Undefined index: id_producto
#0 C:\xampp\htdocs\nanko\app\Controllers\Productos.php(169): CodeIgniter\Debug\Exceptions->errorHandler(8, 'Undefined index...', 'C:\\xampp\\htdocs...', 169, Array)
#1 C:\xampp\htdocs\nanko\system\CodeIgniter.php(914): App\Controllers\Productos->editar_producto()
#2 C:\xampp\htdocs\nanko\system\CodeIgniter.php(400): CodeIgniter\CodeIgniter->runController(Object(App\Controllers\Productos))
#3 C:\xampp\htdocs\nanko\system\CodeIgniter.php(308): CodeIgniter\CodeIgniter->handleRequest(NULL, Object(Config\Cache), false)
#4 C:\xampp\htdocs\nanko\public\index.php(45): CodeIgniter\CodeIgniter->run()
#5 C:\xampp\htdocs\nanko\system\Commands\Server\rewrite.php(34): require_once('C:\\xampp\\htdocs...')
#6 {main}
CRITICAL - 2020-09-30 00:15:03 --> Undefined index: id_prod
#0 C:\xampp\htdocs\nanko\app\Controllers\Productos.php(169): CodeIgniter\Debug\Exceptions->errorHandler(8, 'Undefined index...', 'C:\\xampp\\htdocs...', 169, Array)
#1 C:\xampp\htdocs\nanko\system\CodeIgniter.php(914): App\Controllers\Productos->editar_producto()
#2 C:\xampp\htdocs\nanko\system\CodeIgniter.php(400): CodeIgniter\CodeIgniter->runController(Object(App\Controllers\Productos))
#3 C:\xampp\htdocs\nanko\system\CodeIgniter.php(308): CodeIgniter\CodeIgniter->handleRequest(NULL, Object(Config\Cache), false)
#4 C:\xampp\htdocs\nanko\public\index.php(45): CodeIgniter\CodeIgniter->run()
#5 C:\xampp\htdocs\nanko\system\Commands\Server\rewrite.php(34): require_once('C:\\xampp\\htdocs...')
#6 {main}
CRITICAL - 2020-09-30 00:19:08 --> {0} no es una regla de validación válida.
#0 C:\xampp\htdocs\nanko\system\Validation\Validation.php(333): CodeIgniter\Validation\Exceptions\ValidationException::forRuleNotFound('')
#1 C:\xampp\htdocs\nanko\system\Validation\Validation.php(189): CodeIgniter\Validation\Validation->processRules('precio_1', 'Precio M\xC3\xA9xico', NULL, Array, Array)
#2 C:\xampp\htdocs\nanko\system\Controller.php(219): CodeIgniter\Validation\Validation->run()
#3 C:\xampp\htdocs\nanko\app\Controllers\Productos.php(114): CodeIgniter\Controller->validate(Array)
#4 C:\xampp\htdocs\nanko\system\CodeIgniter.php(914): App\Controllers\Productos->editar_producto()
#5 C:\xampp\htdocs\nanko\system\CodeIgniter.php(400): CodeIgniter\CodeIgniter->runController(Object(App\Controllers\Productos))
#6 C:\xampp\htdocs\nanko\system\CodeIgniter.php(308): CodeIgniter\CodeIgniter->handleRequest(NULL, Object(Config\Cache), false)
#7 C:\xampp\htdocs\nanko\public\index.php(45): CodeIgniter\CodeIgniter->run()
#8 C:\xampp\htdocs\nanko\system\Commands\Server\rewrite.php(34): require_once('C:\\xampp\\htdocs...')
#9 {main}
CRITICAL - 2020-09-30 00:24:26 --> {0} no es una regla de validación válida.
#0 C:\xampp\htdocs\nanko\system\Validation\Validation.php(333): CodeIgniter\Validation\Exceptions\ValidationException::forRuleNotFound('')
#1 C:\xampp\htdocs\nanko\system\Validation\Validation.php(189): CodeIgniter\Validation\Validation->processRules('precio_1', 'Precio M\xC3\xA9xico', NULL, Array, Array)
#2 C:\xampp\htdocs\nanko\system\Controller.php(219): CodeIgniter\Validation\Validation->run()
#3 C:\xampp\htdocs\nanko\app\Controllers\Productos.php(114): CodeIgniter\Controller->validate(Array)
#4 C:\xampp\htdocs\nanko\system\CodeIgniter.php(914): App\Controllers\Productos->editar_producto()
#5 C:\xampp\htdocs\nanko\system\CodeIgniter.php(400): CodeIgniter\CodeIgniter->runController(Object(App\Controllers\Productos))
#6 C:\xampp\htdocs\nanko\system\CodeIgniter.php(308): CodeIgniter\CodeIgniter->handleRequest(NULL, Object(Config\Cache), false)
#7 C:\xampp\htdocs\nanko\public\index.php(45): CodeIgniter\CodeIgniter->run()
#8 C:\xampp\htdocs\nanko\system\Commands\Server\rewrite.php(34): require_once('C:\\xampp\\htdocs...')
#9 {main}
CRITICAL - 2020-09-30 00:24:27 --> {0} no es una regla de validación válida.
#0 C:\xampp\htdocs\nanko\system\Validation\Validation.php(333): CodeIgniter\Validation\Exceptions\ValidationException::forRuleNotFound('')
#1 C:\xampp\htdocs\nanko\system\Validation\Validation.php(189): CodeIgniter\Validation\Validation->processRules('precio_1', 'Precio M\xC3\xA9xico', NULL, Array, Array)
#2 C:\xampp\htdocs\nanko\system\Controller.php(219): CodeIgniter\Validation\Validation->run()
#3 C:\xampp\htdocs\nanko\app\Controllers\Productos.php(114): CodeIgniter\Controller->validate(Array)
#4 C:\xampp\htdocs\nanko\system\CodeIgniter.php(914): App\Controllers\Productos->editar_producto()
#5 C:\xampp\htdocs\nanko\system\CodeIgniter.php(400): CodeIgniter\CodeIgniter->runController(Object(App\Controllers\Productos))
#6 C:\xampp\htdocs\nanko\system\CodeIgniter.php(308): CodeIgniter\CodeIgniter->handleRequest(NULL, Object(Config\Cache), false)
#7 C:\xampp\htdocs\nanko\public\index.php(45): CodeIgniter\CodeIgniter->run()
#8 C:\xampp\htdocs\nanko\system\Commands\Server\rewrite.php(34): require_once('C:\\xampp\\htdocs...')
#9 {main}
CRITICAL - 2020-09-30 00:28:55 --> Function name must be a string
#0 C:\xampp\htdocs\nanko\system\CodeIgniter.php(914): App\Controllers\Productos->editar_producto()
#1 C:\xampp\htdocs\nanko\system\CodeIgniter.php(400): CodeIgniter\CodeIgniter->runController(Object(App\Controllers\Productos))
#2 C:\xampp\htdocs\nanko\system\CodeIgniter.php(308): CodeIgniter\CodeIgniter->handleRequest(NULL, Object(Config\Cache), false)
#3 C:\xampp\htdocs\nanko\public\index.php(45): CodeIgniter\CodeIgniter->run()
#4 C:\xampp\htdocs\nanko\system\Commands\Server\rewrite.php(34): require_once('C:\\xampp\\htdocs...')
#5 {main}
CRITICAL - 2020-09-30 00:30:32 --> Function name must be a string
#0 C:\xampp\htdocs\nanko\system\CodeIgniter.php(914): App\Controllers\Productos->editar_producto()
#1 C:\xampp\htdocs\nanko\system\CodeIgniter.php(400): CodeIgniter\CodeIgniter->runController(Object(App\Controllers\Productos))
#2 C:\xampp\htdocs\nanko\system\CodeIgniter.php(308): CodeIgniter\CodeIgniter->handleRequest(NULL, Object(Config\Cache), false)
#3 C:\xampp\htdocs\nanko\public\index.php(45): CodeIgniter\CodeIgniter->run()
#4 C:\xampp\htdocs\nanko\system\Commands\Server\rewrite.php(34): require_once('C:\\xampp\\htdocs...')
#5 {main}
CRITICAL - 2020-09-30 00:32:36 --> Function name must be a string
#0 C:\xampp\htdocs\nanko\system\CodeIgniter.php(914): App\Controllers\Productos->editar_producto()
#1 C:\xampp\htdocs\nanko\system\CodeIgniter.php(400): CodeIgniter\CodeIgniter->runController(Object(App\Controllers\Productos))
#2 C:\xampp\htdocs\nanko\system\CodeIgniter.php(308): CodeIgniter\CodeIgniter->handleRequest(NULL, Object(Config\Cache), false)
#3 C:\xampp\htdocs\nanko\public\index.php(45): CodeIgniter\CodeIgniter->run()
#4 C:\xampp\htdocs\nanko\system\Commands\Server\rewrite.php(34): require_once('C:\\xampp\\htdocs...')
#5 {main}
CRITICAL - 2020-09-30 00:33:12 --> Function name must be a string
#0 C:\xampp\htdocs\nanko\system\CodeIgniter.php(914): App\Controllers\Productos->editar_producto()
#1 C:\xampp\htdocs\nanko\system\CodeIgniter.php(400): CodeIgniter\CodeIgniter->runController(Object(App\Controllers\Productos))
#2 C:\xampp\htdocs\nanko\system\CodeIgniter.php(308): CodeIgniter\CodeIgniter->handleRequest(NULL, Object(Config\Cache), false)
#3 C:\xampp\htdocs\nanko\public\index.php(45): CodeIgniter\CodeIgniter->run()
#4 C:\xampp\htdocs\nanko\system\Commands\Server\rewrite.php(34): require_once('C:\\xampp\\htdocs...')
#5 {main}
CRITICAL - 2020-09-30 00:34:07 --> Undefined index: precio_3
#0 C:\xampp\htdocs\nanko\app\Controllers\Productos.php(254): CodeIgniter\Debug\Exceptions->errorHandler(8, 'Undefined index...', 'C:\\xampp\\htdocs...', 254, Array)
#1 C:\xampp\htdocs\nanko\system\CodeIgniter.php(914): App\Controllers\Productos->editar_producto()
#2 C:\xampp\htdocs\nanko\system\CodeIgniter.php(400): CodeIgniter\CodeIgniter->runController(Object(App\Controllers\Productos))
#3 C:\xampp\htdocs\nanko\system\CodeIgniter.php(308): CodeIgniter\CodeIgniter->handleRequest(NULL, Object(Config\Cache), false)
#4 C:\xampp\htdocs\nanko\public\index.php(45): CodeIgniter\CodeIgniter->run()
#5 C:\xampp\htdocs\nanko\system\Commands\Server\rewrite.php(34): require_once('C:\\xampp\\htdocs...')
#6 {main}
CRITICAL - 2020-09-30 00:38:06 --> Undefined index: precio_3
#0 C:\xampp\htdocs\nanko\app\Controllers\Productos.php(256): CodeIgniter\Debug\Exceptions->errorHandler(8, 'Undefined index...', 'C:\\xampp\\htdocs...', 256, Array)
#1 C:\xampp\htdocs\nanko\system\CodeIgniter.php(914): App\Controllers\Productos->editar_producto()
#2 C:\xampp\htdocs\nanko\system\CodeIgniter.php(400): CodeIgniter\CodeIgniter->runController(Object(App\Controllers\Productos))
#3 C:\xampp\htdocs\nanko\system\CodeIgniter.php(308): CodeIgniter\CodeIgniter->handleRequest(NULL, Object(Config\Cache), false)
#4 C:\xampp\htdocs\nanko\public\index.php(45): CodeIgniter\CodeIgniter->run()
#5 C:\xampp\htdocs\nanko\system\Commands\Server\rewrite.php(34): require_once('C:\\xampp\\htdocs...')
#6 {main}
