CRITICAL - 2020-09-22 00:03:32 --> Undefined variable: categoria
#0 C:\xampp\htdocs\nanko\app\Views\Administrador\Modal\nuevo_producto.php(15): CodeIgniter\Debug\Exceptions->errorHandler(8, 'Undefined varia...', 'C:\\xampp\\htdocs...', 15, Array)
#1 C:\xampp\htdocs\nanko\system\View\View.php(246): include('C:\\xampp\\htdocs...')
#2 C:\xampp\htdocs\nanko\system\Common.php(1119): CodeIgniter\View\View->render('Administrador/M...', Array, true)
#3 C:\xampp\htdocs\nanko\app\Views\Administrador\mostrar_productos.php(528): view('Administrador/M...')
#4 C:\xampp\htdocs\nanko\system\View\View.php(246): include('C:\\xampp\\htdocs...')
#5 C:\xampp\htdocs\nanko\system\Common.php(1119): CodeIgniter\View\View->render('Administrador/m...', Array, true)
#6 C:\xampp\htdocs\nanko\app\Controllers\Productos.php(87): view('Administrador/m...', Array)
#7 C:\xampp\htdocs\nanko\app\Controllers\Productos.php(18): App\Controllers\Productos->mostrar_productos()
#8 C:\xampp\htdocs\nanko\system\CodeIgniter.php(914): App\Controllers\Productos->index()
#9 C:\xampp\htdocs\nanko\system\CodeIgniter.php(400): CodeIgniter\CodeIgniter->runController(Object(App\Controllers\Productos))
#10 C:\xampp\htdocs\nanko\system\CodeIgniter.php(308): CodeIgniter\CodeIgniter->handleRequest(NULL, Object(Config\Cache), false)
#11 C:\xampp\htdocs\nanko\public\index.php(45): CodeIgniter\CodeIgniter->run()
#12 C:\xampp\htdocs\nanko\system\Commands\Server\rewrite.php(34): require_once('C:\\xampp\\htdocs...')
#13 {main}
CRITICAL - 2020-09-22 00:17:42 --> Undefined variable: categoria
#0 C:\xampp\htdocs\nanko\app\Views\Administrador\Modal\nuevo_producto.php(15): CodeIgniter\Debug\Exceptions->errorHandler(8, 'Undefined varia...', 'C:\\xampp\\htdocs...', 15, Array)
#1 C:\xampp\htdocs\nanko\system\View\View.php(246): include('C:\\xampp\\htdocs...')
#2 C:\xampp\htdocs\nanko\system\Common.php(1119): CodeIgniter\View\View->render('Administrador/M...', Array, true)
#3 C:\xampp\htdocs\nanko\app\Views\Administrador\mostrar_productos.php(528): view('Administrador/M...')
#4 C:\xampp\htdocs\nanko\system\View\View.php(246): include('C:\\xampp\\htdocs...')
#5 C:\xampp\htdocs\nanko\system\Common.php(1119): CodeIgniter\View\View->render('Administrador/m...', Array, true)
#6 C:\xampp\htdocs\nanko\app\Controllers\Productos.php(87): view('Administrador/m...', Array)
#7 C:\xampp\htdocs\nanko\app\Controllers\Productos.php(18): App\Controllers\Productos->mostrar_productos()
#8 C:\xampp\htdocs\nanko\system\CodeIgniter.php(914): App\Controllers\Productos->index()
#9 C:\xampp\htdocs\nanko\system\CodeIgniter.php(400): CodeIgniter\CodeIgniter->runController(Object(App\Controllers\Productos))
#10 C:\xampp\htdocs\nanko\system\CodeIgniter.php(308): CodeIgniter\CodeIgniter->handleRequest(NULL, Object(Config\Cache), false)
#11 C:\xampp\htdocs\nanko\public\index.php(45): CodeIgniter\CodeIgniter->run()
#12 C:\xampp\htdocs\nanko\system\Commands\Server\rewrite.php(34): require_once('C:\\xampp\\htdocs...')
#13 {main}
CRITICAL - 2020-09-22 00:18:33 --> Undefined variable: categoria
#0 C:\xampp\htdocs\nanko\app\Views\Administrador\Modal\nuevo_producto.php(15): CodeIgniter\Debug\Exceptions->errorHandler(8, 'Undefined varia...', 'C:\\xampp\\htdocs...', 15, Array)
#1 C:\xampp\htdocs\nanko\system\View\View.php(246): include('C:\\xampp\\htdocs...')
#2 C:\xampp\htdocs\nanko\system\Common.php(1119): CodeIgniter\View\View->render('Administrador/M...', Array, true)
#3 C:\xampp\htdocs\nanko\app\Views\Administrador\mostrar_productos.php(528): view('Administrador/M...')
#4 C:\xampp\htdocs\nanko\system\View\View.php(246): include('C:\\xampp\\htdocs...')
#5 C:\xampp\htdocs\nanko\system\Common.php(1119): CodeIgniter\View\View->render('Administrador/m...', Array, true)
#6 C:\xampp\htdocs\nanko\app\Controllers\Productos.php(87): view('Administrador/m...', Array)
#7 C:\xampp\htdocs\nanko\app\Controllers\Productos.php(18): App\Controllers\Productos->mostrar_productos()
#8 C:\xampp\htdocs\nanko\system\CodeIgniter.php(914): App\Controllers\Productos->index()
#9 C:\xampp\htdocs\nanko\system\CodeIgniter.php(400): CodeIgniter\CodeIgniter->runController(Object(App\Controllers\Productos))
#10 C:\xampp\htdocs\nanko\system\CodeIgniter.php(308): CodeIgniter\CodeIgniter->handleRequest(NULL, Object(Config\Cache), false)
#11 C:\xampp\htdocs\nanko\public\index.php(45): CodeIgniter\CodeIgniter->run()
#12 C:\xampp\htdocs\nanko\system\Commands\Server\rewrite.php(34): require_once('C:\\xampp\\htdocs...')
#13 {main}
CRITICAL - 2020-09-22 00:18:47 --> Undefined variable: categoria
#0 C:\xampp\htdocs\nanko\app\Views\Administrador\Modal\nuevo_producto.php(15): CodeIgniter\Debug\Exceptions->errorHandler(8, 'Undefined varia...', 'C:\\xampp\\htdocs...', 15, Array)
#1 C:\xampp\htdocs\nanko\system\View\View.php(246): include('C:\\xampp\\htdocs...')
#2 C:\xampp\htdocs\nanko\system\Common.php(1119): CodeIgniter\View\View->render('Administrador/M...', Array, true)
#3 C:\xampp\htdocs\nanko\app\Views\Administrador\mostrar_productos.php(528): view('Administrador/M...')
#4 C:\xampp\htdocs\nanko\system\View\View.php(246): include('C:\\xampp\\htdocs...')
#5 C:\xampp\htdocs\nanko\system\Common.php(1119): CodeIgniter\View\View->render('Administrador/m...', Array, true)
#6 C:\xampp\htdocs\nanko\app\Controllers\Productos.php(87): view('Administrador/m...', Array)
#7 C:\xampp\htdocs\nanko\app\Controllers\Productos.php(18): App\Controllers\Productos->mostrar_productos()
#8 C:\xampp\htdocs\nanko\system\CodeIgniter.php(914): App\Controllers\Productos->index()
#9 C:\xampp\htdocs\nanko\system\CodeIgniter.php(400): CodeIgniter\CodeIgniter->runController(Object(App\Controllers\Productos))
#10 C:\xampp\htdocs\nanko\system\CodeIgniter.php(308): CodeIgniter\CodeIgniter->handleRequest(NULL, Object(Config\Cache), false)
#11 C:\xampp\htdocs\nanko\public\index.php(45): CodeIgniter\CodeIgniter->run()
#12 C:\xampp\htdocs\nanko\system\Commands\Server\rewrite.php(34): require_once('C:\\xampp\\htdocs...')
#13 {main}
CRITICAL - 2020-09-22 00:19:09 --> Undefined variable: categoria
#0 C:\xampp\htdocs\nanko\app\Views\Administrador\Modal\nuevo_producto.php(15): CodeIgniter\Debug\Exceptions->errorHandler(8, 'Undefined varia...', 'C:\\xampp\\htdocs...', 15, Array)
#1 C:\xampp\htdocs\nanko\system\View\View.php(246): include('C:\\xampp\\htdocs...')
#2 C:\xampp\htdocs\nanko\system\Common.php(1119): CodeIgniter\View\View->render('Administrador/M...', Array, true)
#3 C:\xampp\htdocs\nanko\app\Views\Administrador\mostrar_productos.php(529): view('Administrador/M...')
#4 C:\xampp\htdocs\nanko\system\View\View.php(246): include('C:\\xampp\\htdocs...')
#5 C:\xampp\htdocs\nanko\system\Common.php(1119): CodeIgniter\View\View->render('Administrador/m...', Array, true)
#6 C:\xampp\htdocs\nanko\app\Controllers\Productos.php(87): view('Administrador/m...', Array)
#7 C:\xampp\htdocs\nanko\app\Controllers\Productos.php(18): App\Controllers\Productos->mostrar_productos()
#8 C:\xampp\htdocs\nanko\system\CodeIgniter.php(914): App\Controllers\Productos->index()
#9 C:\xampp\htdocs\nanko\system\CodeIgniter.php(400): CodeIgniter\CodeIgniter->runController(Object(App\Controllers\Productos))
#10 C:\xampp\htdocs\nanko\system\CodeIgniter.php(308): CodeIgniter\CodeIgniter->handleRequest(NULL, Object(Config\Cache), false)
#11 C:\xampp\htdocs\nanko\public\index.php(45): CodeIgniter\CodeIgniter->run()
#12 C:\xampp\htdocs\nanko\system\Commands\Server\rewrite.php(34): require_once('C:\\xampp\\htdocs...')
#13 {main}
CRITICAL - 2020-09-22 00:19:15 --> Undefined variable: categoria
#0 C:\xampp\htdocs\nanko\app\Views\Administrador\Modal\nuevo_producto.php(15): CodeIgniter\Debug\Exceptions->errorHandler(8, 'Undefined varia...', 'C:\\xampp\\htdocs...', 15, Array)
#1 C:\xampp\htdocs\nanko\system\View\View.php(246): include('C:\\xampp\\htdocs...')
#2 C:\xampp\htdocs\nanko\system\Common.php(1119): CodeIgniter\View\View->render('Administrador/M...', Array, true)
#3 C:\xampp\htdocs\nanko\app\Views\Administrador\mostrar_productos.php(529): view('Administrador/M...')
#4 C:\xampp\htdocs\nanko\system\View\View.php(246): include('C:\\xampp\\htdocs...')
#5 C:\xampp\htdocs\nanko\system\Common.php(1119): CodeIgniter\View\View->render('Administrador/m...', Array, true)
#6 C:\xampp\htdocs\nanko\app\Controllers\Productos.php(87): view('Administrador/m...', Array)
#7 C:\xampp\htdocs\nanko\app\Controllers\Productos.php(18): App\Controllers\Productos->mostrar_productos()
#8 C:\xampp\htdocs\nanko\system\CodeIgniter.php(914): App\Controllers\Productos->index()
#9 C:\xampp\htdocs\nanko\system\CodeIgniter.php(400): CodeIgniter\CodeIgniter->runController(Object(App\Controllers\Productos))
#10 C:\xampp\htdocs\nanko\system\CodeIgniter.php(308): CodeIgniter\CodeIgniter->handleRequest(NULL, Object(Config\Cache), false)
#11 C:\xampp\htdocs\nanko\public\index.php(45): CodeIgniter\CodeIgniter->run()
#12 C:\xampp\htdocs\nanko\system\Commands\Server\rewrite.php(34): require_once('C:\\xampp\\htdocs...')
#13 {main}
CRITICAL - 2020-09-22 00:19:37 --> Undefined variable: categoria
#0 C:\xampp\htdocs\nanko\app\Views\Administrador\Modal\nuevo_producto.php(15): CodeIgniter\Debug\Exceptions->errorHandler(8, 'Undefined varia...', 'C:\\xampp\\htdocs...', 15, Array)
#1 C:\xampp\htdocs\nanko\system\View\View.php(246): include('C:\\xampp\\htdocs...')
#2 C:\xampp\htdocs\nanko\system\Common.php(1119): CodeIgniter\View\View->render('Administrador/M...', Array, true)
#3 C:\xampp\htdocs\nanko\app\Views\Administrador\mostrar_productos.php(529): view('Administrador/M...')
#4 C:\xampp\htdocs\nanko\system\View\View.php(246): include('C:\\xampp\\htdocs...')
#5 C:\xampp\htdocs\nanko\system\Common.php(1119): CodeIgniter\View\View->render('Administrador/m...', Array, true)
#6 C:\xampp\htdocs\nanko\app\Controllers\Productos.php(87): view('Administrador/m...', Array)
#7 C:\xampp\htdocs\nanko\app\Controllers\Productos.php(18): App\Controllers\Productos->mostrar_productos()
#8 C:\xampp\htdocs\nanko\system\CodeIgniter.php(914): App\Controllers\Productos->index()
#9 C:\xampp\htdocs\nanko\system\CodeIgniter.php(400): CodeIgniter\CodeIgniter->runController(Object(App\Controllers\Productos))
#10 C:\xampp\htdocs\nanko\system\CodeIgniter.php(308): CodeIgniter\CodeIgniter->handleRequest(NULL, Object(Config\Cache), false)
#11 C:\xampp\htdocs\nanko\public\index.php(45): CodeIgniter\CodeIgniter->run()
#12 C:\xampp\htdocs\nanko\system\Commands\Server\rewrite.php(34): require_once('C:\\xampp\\htdocs...')
#13 {main}
CRITICAL - 2020-09-22 00:19:40 --> Undefined variable: categoria
#0 C:\xampp\htdocs\nanko\app\Views\Administrador\Modal\nuevo_producto.php(15): CodeIgniter\Debug\Exceptions->errorHandler(8, 'Undefined varia...', 'C:\\xampp\\htdocs...', 15, Array)
#1 C:\xampp\htdocs\nanko\system\View\View.php(246): include('C:\\xampp\\htdocs...')
#2 C:\xampp\htdocs\nanko\system\Common.php(1119): CodeIgniter\View\View->render('Administrador/M...', Array, true)
#3 C:\xampp\htdocs\nanko\app\Views\Administrador\mostrar_productos.php(529): view('Administrador/M...')
#4 C:\xampp\htdocs\nanko\system\View\View.php(246): include('C:\\xampp\\htdocs...')
#5 C:\xampp\htdocs\nanko\system\Common.php(1119): CodeIgniter\View\View->render('Administrador/m...', Array, true)
#6 C:\xampp\htdocs\nanko\app\Controllers\Productos.php(87): view('Administrador/m...', Array)
#7 C:\xampp\htdocs\nanko\app\Controllers\Productos.php(18): App\Controllers\Productos->mostrar_productos()
#8 C:\xampp\htdocs\nanko\system\CodeIgniter.php(914): App\Controllers\Productos->index()
#9 C:\xampp\htdocs\nanko\system\CodeIgniter.php(400): CodeIgniter\CodeIgniter->runController(Object(App\Controllers\Productos))
#10 C:\xampp\htdocs\nanko\system\CodeIgniter.php(308): CodeIgniter\CodeIgniter->handleRequest(NULL, Object(Config\Cache), false)
#11 C:\xampp\htdocs\nanko\public\index.php(45): CodeIgniter\CodeIgniter->run()
#12 C:\xampp\htdocs\nanko\system\Commands\Server\rewrite.php(34): require_once('C:\\xampp\\htdocs...')
#13 {main}
CRITICAL - 2020-09-22 00:20:16 --> Undefined variable: categoria
#0 C:\xampp\htdocs\nanko\app\Views\Administrador\Modal\nuevo_producto.php(15): CodeIgniter\Debug\Exceptions->errorHandler(8, 'Undefined varia...', 'C:\\xampp\\htdocs...', 15, Array)
#1 C:\xampp\htdocs\nanko\system\View\View.php(246): include('C:\\xampp\\htdocs...')
#2 C:\xampp\htdocs\nanko\system\Common.php(1119): CodeIgniter\View\View->render('Administrador/M...', Array, true)
#3 C:\xampp\htdocs\nanko\app\Views\Administrador\mostrar_productos.php(529): view('Administrador/M...')
#4 C:\xampp\htdocs\nanko\system\View\View.php(246): include('C:\\xampp\\htdocs...')
#5 C:\xampp\htdocs\nanko\system\Common.php(1119): CodeIgniter\View\View->render('Administrador/m...', Array, true)
#6 C:\xampp\htdocs\nanko\app\Controllers\Productos.php(87): view('Administrador/m...', Array)
#7 C:\xampp\htdocs\nanko\app\Controllers\Productos.php(18): App\Controllers\Productos->mostrar_productos()
#8 C:\xampp\htdocs\nanko\system\CodeIgniter.php(914): App\Controllers\Productos->index()
#9 C:\xampp\htdocs\nanko\system\CodeIgniter.php(400): CodeIgniter\CodeIgniter->runController(Object(App\Controllers\Productos))
#10 C:\xampp\htdocs\nanko\system\CodeIgniter.php(308): CodeIgniter\CodeIgniter->handleRequest(NULL, Object(Config\Cache), false)
#11 C:\xampp\htdocs\nanko\public\index.php(45): CodeIgniter\CodeIgniter->run()
#12 C:\xampp\htdocs\nanko\system\Commands\Server\rewrite.php(34): require_once('C:\\xampp\\htdocs...')
#13 {main}
CRITICAL - 2020-09-22 00:20:18 --> Undefined variable: categoria
#0 C:\xampp\htdocs\nanko\app\Views\Administrador\Modal\nuevo_producto.php(15): CodeIgniter\Debug\Exceptions->errorHandler(8, 'Undefined varia...', 'C:\\xampp\\htdocs...', 15, Array)
#1 C:\xampp\htdocs\nanko\system\View\View.php(246): include('C:\\xampp\\htdocs...')
#2 C:\xampp\htdocs\nanko\system\Common.php(1119): CodeIgniter\View\View->render('Administrador/M...', Array, true)
#3 C:\xampp\htdocs\nanko\app\Views\Administrador\mostrar_productos.php(529): view('Administrador/M...')
#4 C:\xampp\htdocs\nanko\system\View\View.php(246): include('C:\\xampp\\htdocs...')
#5 C:\xampp\htdocs\nanko\system\Common.php(1119): CodeIgniter\View\View->render('Administrador/m...', Array, true)
#6 C:\xampp\htdocs\nanko\app\Controllers\Productos.php(87): view('Administrador/m...', Array)
#7 C:\xampp\htdocs\nanko\app\Controllers\Productos.php(18): App\Controllers\Productos->mostrar_productos()
#8 C:\xampp\htdocs\nanko\system\CodeIgniter.php(914): App\Controllers\Productos->index()
#9 C:\xampp\htdocs\nanko\system\CodeIgniter.php(400): CodeIgniter\CodeIgniter->runController(Object(App\Controllers\Productos))
#10 C:\xampp\htdocs\nanko\system\CodeIgniter.php(308): CodeIgniter\CodeIgniter->handleRequest(NULL, Object(Config\Cache), false)
#11 C:\xampp\htdocs\nanko\public\index.php(45): CodeIgniter\CodeIgniter->run()
#12 C:\xampp\htdocs\nanko\system\Commands\Server\rewrite.php(34): require_once('C:\\xampp\\htdocs...')
#13 {main}
CRITICAL - 2020-09-22 00:21:30 --> Undefined variable: categoria
#0 C:\xampp\htdocs\nanko\app\Views\Administrador\Modal\nuevo_producto.php(15): CodeIgniter\Debug\Exceptions->errorHandler(8, 'Undefined varia...', 'C:\\xampp\\htdocs...', 15, Array)
#1 C:\xampp\htdocs\nanko\system\View\View.php(246): include('C:\\xampp\\htdocs...')
#2 C:\xampp\htdocs\nanko\system\Common.php(1119): CodeIgniter\View\View->render('Administrador/M...', Array, true)
#3 C:\xampp\htdocs\nanko\app\Views\Administrador\mostrar_productos.php(524): view('Administrador/M...')
#4 C:\xampp\htdocs\nanko\system\View\View.php(246): include('C:\\xampp\\htdocs...')
#5 C:\xampp\htdocs\nanko\system\Common.php(1119): CodeIgniter\View\View->render('Administrador/m...', Array, true)
#6 C:\xampp\htdocs\nanko\app\Controllers\Productos.php(87): view('Administrador/m...', Array)
#7 C:\xampp\htdocs\nanko\app\Controllers\Productos.php(18): App\Controllers\Productos->mostrar_productos()
#8 C:\xampp\htdocs\nanko\system\CodeIgniter.php(914): App\Controllers\Productos->index()
#9 C:\xampp\htdocs\nanko\system\CodeIgniter.php(400): CodeIgniter\CodeIgniter->runController(Object(App\Controllers\Productos))
#10 C:\xampp\htdocs\nanko\system\CodeIgniter.php(308): CodeIgniter\CodeIgniter->handleRequest(NULL, Object(Config\Cache), false)
#11 C:\xampp\htdocs\nanko\public\index.php(45): CodeIgniter\CodeIgniter->run()
#12 C:\xampp\htdocs\nanko\system\Commands\Server\rewrite.php(34): require_once('C:\\xampp\\htdocs...')
#13 {main}
CRITICAL - 2020-09-22 00:21:32 --> Undefined variable: categoria
#0 C:\xampp\htdocs\nanko\app\Views\Administrador\Modal\nuevo_producto.php(15): CodeIgniter\Debug\Exceptions->errorHandler(8, 'Undefined varia...', 'C:\\xampp\\htdocs...', 15, Array)
#1 C:\xampp\htdocs\nanko\system\View\View.php(246): include('C:\\xampp\\htdocs...')
#2 C:\xampp\htdocs\nanko\system\Common.php(1119): CodeIgniter\View\View->render('Administrador/M...', Array, true)
#3 C:\xampp\htdocs\nanko\app\Views\Administrador\mostrar_productos.php(524): view('Administrador/M...')
#4 C:\xampp\htdocs\nanko\system\View\View.php(246): include('C:\\xampp\\htdocs...')
#5 C:\xampp\htdocs\nanko\system\Common.php(1119): CodeIgniter\View\View->render('Administrador/m...', Array, true)
#6 C:\xampp\htdocs\nanko\app\Controllers\Productos.php(87): view('Administrador/m...', Array)
#7 C:\xampp\htdocs\nanko\app\Controllers\Productos.php(18): App\Controllers\Productos->mostrar_productos()
#8 C:\xampp\htdocs\nanko\system\CodeIgniter.php(914): App\Controllers\Productos->index()
#9 C:\xampp\htdocs\nanko\system\CodeIgniter.php(400): CodeIgniter\CodeIgniter->runController(Object(App\Controllers\Productos))
#10 C:\xampp\htdocs\nanko\system\CodeIgniter.php(308): CodeIgniter\CodeIgniter->handleRequest(NULL, Object(Config\Cache), false)
#11 C:\xampp\htdocs\nanko\public\index.php(45): CodeIgniter\CodeIgniter->run()
#12 C:\xampp\htdocs\nanko\system\Commands\Server\rewrite.php(34): require_once('C:\\xampp\\htdocs...')
#13 {main}
CRITICAL - 2020-09-22 00:21:45 --> Undefined variable: categoria
#0 C:\xampp\htdocs\nanko\app\Views\Administrador\Modal\nuevo_producto.php(15): CodeIgniter\Debug\Exceptions->errorHandler(8, 'Undefined varia...', 'C:\\xampp\\htdocs...', 15, Array)
#1 C:\xampp\htdocs\nanko\system\View\View.php(246): include('C:\\xampp\\htdocs...')
#2 C:\xampp\htdocs\nanko\system\Common.php(1119): CodeIgniter\View\View->render('Administrador/M...', Array, true)
#3 C:\xampp\htdocs\nanko\app\Views\Administrador\mostrar_productos.php(524): view('Administrador/M...')
#4 C:\xampp\htdocs\nanko\system\View\View.php(246): include('C:\\xampp\\htdocs...')
#5 C:\xampp\htdocs\nanko\system\Common.php(1119): CodeIgniter\View\View->render('Administrador/m...', Array, true)
#6 C:\xampp\htdocs\nanko\app\Controllers\Productos.php(87): view('Administrador/m...', Array)
#7 C:\xampp\htdocs\nanko\app\Controllers\Productos.php(18): App\Controllers\Productos->mostrar_productos()
#8 C:\xampp\htdocs\nanko\system\CodeIgniter.php(914): App\Controllers\Productos->index()
#9 C:\xampp\htdocs\nanko\system\CodeIgniter.php(400): CodeIgniter\CodeIgniter->runController(Object(App\Controllers\Productos))
#10 C:\xampp\htdocs\nanko\system\CodeIgniter.php(308): CodeIgniter\CodeIgniter->handleRequest(NULL, Object(Config\Cache), false)
#11 C:\xampp\htdocs\nanko\public\index.php(45): CodeIgniter\CodeIgniter->run()
#12 C:\xampp\htdocs\nanko\system\Commands\Server\rewrite.php(34): require_once('C:\\xampp\\htdocs...')
#13 {main}
CRITICAL - 2020-09-22 00:27:36 --> Undefined variable: categoria
#0 C:\xampp\htdocs\nanko\app\Views\Administrador\Modal\nuevo_producto.php(15): CodeIgniter\Debug\Exceptions->errorHandler(8, 'Undefined varia...', 'C:\\xampp\\htdocs...', 15, Array)
#1 C:\xampp\htdocs\nanko\system\View\View.php(246): include('C:\\xampp\\htdocs...')
#2 C:\xampp\htdocs\nanko\system\Common.php(1119): CodeIgniter\View\View->render('Administrador/M...', Array, true)
#3 C:\xampp\htdocs\nanko\app\Views\Administrador\mostrar_productos.php(524): view('Administrador/M...')
#4 C:\xampp\htdocs\nanko\system\View\View.php(246): include('C:\\xampp\\htdocs...')
#5 C:\xampp\htdocs\nanko\system\Common.php(1119): CodeIgniter\View\View->render('Administrador/m...', Array, true)
#6 C:\xampp\htdocs\nanko\app\Controllers\Productos.php(91): view('Administrador/m...', Array)
#7 C:\xampp\htdocs\nanko\app\Controllers\Productos.php(18): App\Controllers\Productos->mostrar_productos()
#8 C:\xampp\htdocs\nanko\system\CodeIgniter.php(914): App\Controllers\Productos->index()
#9 C:\xampp\htdocs\nanko\system\CodeIgniter.php(400): CodeIgniter\CodeIgniter->runController(Object(App\Controllers\Productos))
#10 C:\xampp\htdocs\nanko\system\CodeIgniter.php(308): CodeIgniter\CodeIgniter->handleRequest(NULL, Object(Config\Cache), false)
#11 C:\xampp\htdocs\nanko\public\index.php(45): CodeIgniter\CodeIgniter->run()
#12 C:\xampp\htdocs\nanko\system\Commands\Server\rewrite.php(34): require_once('C:\\xampp\\htdocs...')
#13 {main}
CRITICAL - 2020-09-22 02:32:20 --> Argument 1 passed to CodeIgniter\Validation\FileRules::uploaded() must be of the type string or null, array given, called in C:\xampp\htdocs\nanko\system\Validation\Validation.php on line 325
#0 C:\xampp\htdocs\nanko\system\Validation\Validation.php(325): CodeIgniter\Validation\FileRules->uploaded(Array, 'fotos_sec[]', Array, NULL)
#1 C:\xampp\htdocs\nanko\system\Validation\Validation.php(189): CodeIgniter\Validation\Validation->processRules('fotos_sec', 'Fotos Secundari...', Array, Array, Array)
#2 C:\xampp\htdocs\nanko\system\Controller.php(219): CodeIgniter\Validation\Validation->run()
#3 C:\xampp\htdocs\nanko\app\Controllers\Productos.php(42): CodeIgniter\Controller->validate(Array)
#4 C:\xampp\htdocs\nanko\system\CodeIgniter.php(914): App\Controllers\Productos->nuevo_producto()
#5 C:\xampp\htdocs\nanko\system\CodeIgniter.php(400): CodeIgniter\CodeIgniter->runController(Object(App\Controllers\Productos))
#6 C:\xampp\htdocs\nanko\system\CodeIgniter.php(308): CodeIgniter\CodeIgniter->handleRequest(NULL, Object(Config\Cache), false)
#7 C:\xampp\htdocs\nanko\public\index.php(45): CodeIgniter\CodeIgniter->run()
#8 C:\xampp\htdocs\nanko\system\Commands\Server\rewrite.php(34): require_once('C:\\xampp\\htdocs...')
#9 {main}
CRITICAL - 2020-09-22 02:33:05 --> Argument 1 passed to CodeIgniter\Validation\FileRules::uploaded() must be of the type string or null, array given, called in C:\xampp\htdocs\nanko\system\Validation\Validation.php on line 325
#0 C:\xampp\htdocs\nanko\system\Validation\Validation.php(325): CodeIgniter\Validation\FileRules->uploaded(Array, 'fotos_sec[]', Array, NULL)
#1 C:\xampp\htdocs\nanko\system\Validation\Validation.php(189): CodeIgniter\Validation\Validation->processRules('fotos_sec', 'Fotos Secundari...', Array, Array, Array)
#2 C:\xampp\htdocs\nanko\system\Controller.php(219): CodeIgniter\Validation\Validation->run()
#3 C:\xampp\htdocs\nanko\app\Controllers\Productos.php(42): CodeIgniter\Controller->validate(Array)
#4 C:\xampp\htdocs\nanko\system\CodeIgniter.php(914): App\Controllers\Productos->nuevo_producto()
#5 C:\xampp\htdocs\nanko\system\CodeIgniter.php(400): CodeIgniter\CodeIgniter->runController(Object(App\Controllers\Productos))
#6 C:\xampp\htdocs\nanko\system\CodeIgniter.php(308): CodeIgniter\CodeIgniter->handleRequest(NULL, Object(Config\Cache), false)
#7 C:\xampp\htdocs\nanko\public\index.php(45): CodeIgniter\CodeIgniter->run()
#8 C:\xampp\htdocs\nanko\system\Commands\Server\rewrite.php(34): require_once('C:\\xampp\\htdocs...')
#9 {main}
CRITICAL - 2020-09-22 02:33:15 --> Argument 1 passed to CodeIgniter\Validation\FileRules::uploaded() must be of the type string or null, array given, called in C:\xampp\htdocs\nanko\system\Validation\Validation.php on line 325
#0 C:\xampp\htdocs\nanko\system\Validation\Validation.php(325): CodeIgniter\Validation\FileRules->uploaded(Array, 'fotos_sec', Array, NULL)
#1 C:\xampp\htdocs\nanko\system\Validation\Validation.php(189): CodeIgniter\Validation\Validation->processRules('fotos_sec', 'Fotos Secundari...', Array, Array, Array)
#2 C:\xampp\htdocs\nanko\system\Controller.php(219): CodeIgniter\Validation\Validation->run()
#3 C:\xampp\htdocs\nanko\app\Controllers\Productos.php(42): CodeIgniter\Controller->validate(Array)
#4 C:\xampp\htdocs\nanko\system\CodeIgniter.php(914): App\Controllers\Productos->nuevo_producto()
#5 C:\xampp\htdocs\nanko\system\CodeIgniter.php(400): CodeIgniter\CodeIgniter->runController(Object(App\Controllers\Productos))
#6 C:\xampp\htdocs\nanko\system\CodeIgniter.php(308): CodeIgniter\CodeIgniter->handleRequest(NULL, Object(Config\Cache), false)
#7 C:\xampp\htdocs\nanko\public\index.php(45): CodeIgniter\CodeIgniter->run()
#8 C:\xampp\htdocs\nanko\system\Commands\Server\rewrite.php(34): require_once('C:\\xampp\\htdocs...')
#9 {main}
CRITICAL - 2020-09-22 02:33:17 --> Argument 1 passed to CodeIgniter\Validation\FileRules::uploaded() must be of the type string or null, array given, called in C:\xampp\htdocs\nanko\system\Validation\Validation.php on line 325
#0 C:\xampp\htdocs\nanko\system\Validation\Validation.php(325): CodeIgniter\Validation\FileRules->uploaded(Array, 'fotos_sec', Array, NULL)
#1 C:\xampp\htdocs\nanko\system\Validation\Validation.php(189): CodeIgniter\Validation\Validation->processRules('fotos_sec', 'Fotos Secundari...', Array, Array, Array)
#2 C:\xampp\htdocs\nanko\system\Controller.php(219): CodeIgniter\Validation\Validation->run()
#3 C:\xampp\htdocs\nanko\app\Controllers\Productos.php(42): CodeIgniter\Controller->validate(Array)
#4 C:\xampp\htdocs\nanko\system\CodeIgniter.php(914): App\Controllers\Productos->nuevo_producto()
#5 C:\xampp\htdocs\nanko\system\CodeIgniter.php(400): CodeIgniter\CodeIgniter->runController(Object(App\Controllers\Productos))
#6 C:\xampp\htdocs\nanko\system\CodeIgniter.php(308): CodeIgniter\CodeIgniter->handleRequest(NULL, Object(Config\Cache), false)
#7 C:\xampp\htdocs\nanko\public\index.php(45): CodeIgniter\CodeIgniter->run()
#8 C:\xampp\htdocs\nanko\system\Commands\Server\rewrite.php(34): require_once('C:\\xampp\\htdocs...')
#9 {main}
CRITICAL - 2020-09-22 23:24:19 --> Cannot add or update a child row: a foreign key constraint fails (`nanko`.`productos`, CONSTRAINT `FK_productos_categoria` FOREIGN KEY (`idCategoria`) REFERENCES `categoria` (`id_categoria`) ON UPDATE CASCADE)
#0 C:\xampp\htdocs\nanko\system\Database\MySQLi\Connection.php(331): mysqli->query('INSERT INTO `pr...')
#1 C:\xampp\htdocs\nanko\system\Database\BaseConnection.php(741): CodeIgniter\Database\MySQLi\Connection->execute('INSERT INTO `pr...')
#2 C:\xampp\htdocs\nanko\system\Database\BaseConnection.php(669): CodeIgniter\Database\BaseConnection->simpleQuery('INSERT INTO `pr...')
#3 C:\xampp\htdocs\nanko\system\Database\BaseBuilder.php(2249): CodeIgniter\Database\BaseConnection->query('INSERT INTO `pr...', Array, false)
#4 C:\xampp\htdocs\nanko\system\Model.php(755): CodeIgniter\Database\BaseBuilder->insert()
#5 C:\xampp\htdocs\nanko\app\Controllers\Productos.php(61): CodeIgniter\Model->insert(Array)
#6 C:\xampp\htdocs\nanko\system\CodeIgniter.php(914): App\Controllers\Productos->nuevo_producto()
#7 C:\xampp\htdocs\nanko\system\CodeIgniter.php(400): CodeIgniter\CodeIgniter->runController(Object(App\Controllers\Productos))
#8 C:\xampp\htdocs\nanko\system\CodeIgniter.php(308): CodeIgniter\CodeIgniter->handleRequest(NULL, Object(Config\Cache), false)
#9 C:\xampp\htdocs\nanko\public\index.php(45): CodeIgniter\CodeIgniter->run()
#10 C:\xampp\htdocs\nanko\system\Commands\Server\rewrite.php(34): require_once('C:\\xampp\\htdocs...')
#11 {main}
CRITICAL - 2020-09-22 23:29:26 --> Unknown column 'categoria.idCategoria' in 'where clause'
#0 C:\xampp\htdocs\nanko\system\Database\MySQLi\Connection.php(331): mysqli->query('SELECT *\nFROM `...')
#1 C:\xampp\htdocs\nanko\system\Database\BaseConnection.php(741): CodeIgniter\Database\MySQLi\Connection->execute('SELECT *\nFROM `...')
#2 C:\xampp\htdocs\nanko\system\Database\BaseConnection.php(669): CodeIgniter\Database\BaseConnection->simpleQuery('SELECT *\nFROM `...')
#3 C:\xampp\htdocs\nanko\system\Database\BaseBuilder.php(1860): CodeIgniter\Database\BaseConnection->query('SELECT *\nFROM `...', Array, false)
#4 C:\xampp\htdocs\nanko\system\Model.php(398): CodeIgniter\Database\BaseBuilder->get()
#5 C:\xampp\htdocs\nanko\app\Controllers\Productos.php(130): CodeIgniter\Model->find('1')
#6 C:\xampp\htdocs\nanko\app\Controllers\Productos.php(18): App\Controllers\Productos->mostrar_productos()
#7 C:\xampp\htdocs\nanko\system\CodeIgniter.php(914): App\Controllers\Productos->index()
#8 C:\xampp\htdocs\nanko\system\CodeIgniter.php(400): CodeIgniter\CodeIgniter->runController(Object(App\Controllers\Productos))
#9 C:\xampp\htdocs\nanko\system\CodeIgniter.php(308): CodeIgniter\CodeIgniter->handleRequest(NULL, Object(Config\Cache), false)
#10 C:\xampp\htdocs\nanko\public\index.php(45): CodeIgniter\CodeIgniter->run()
#11 C:\xampp\htdocs\nanko\system\Commands\Server\rewrite.php(34): require_once('C:\\xampp\\htdocs...')
#12 {main}
CRITICAL - 2020-09-22 23:29:29 --> Argument 1 passed to CodeIgniter\Validation\FileRules::uploaded() must be of the type string or null, array given, called in C:\xampp\htdocs\nanko\system\Validation\Validation.php on line 325
#0 C:\xampp\htdocs\nanko\system\Validation\Validation.php(325): CodeIgniter\Validation\FileRules->uploaded(Array, 'fotos_sec', Array, NULL)
#1 C:\xampp\htdocs\nanko\system\Validation\Validation.php(189): CodeIgniter\Validation\Validation->processRules('fotos_sec', 'Fotos Secundari...', Array, Array, Array)
#2 C:\xampp\htdocs\nanko\system\Controller.php(219): CodeIgniter\Validation\Validation->run()
#3 C:\xampp\htdocs\nanko\app\Controllers\Productos.php(40): CodeIgniter\Controller->validate(Array)
#4 C:\xampp\htdocs\nanko\system\CodeIgniter.php(914): App\Controllers\Productos->nuevo_producto()
#5 C:\xampp\htdocs\nanko\system\CodeIgniter.php(400): CodeIgniter\CodeIgniter->runController(Object(App\Controllers\Productos))
#6 C:\xampp\htdocs\nanko\system\CodeIgniter.php(308): CodeIgniter\CodeIgniter->handleRequest(NULL, Object(Config\Cache), false)
#7 C:\xampp\htdocs\nanko\public\index.php(45): CodeIgniter\CodeIgniter->run()
#8 C:\xampp\htdocs\nanko\system\Commands\Server\rewrite.php(34): require_once('C:\\xampp\\htdocs...')
#9 {main}
CRITICAL - 2020-09-22 23:29:32 --> Unknown column 'categoria.idCategoria' in 'where clause'
#0 C:\xampp\htdocs\nanko\system\Database\MySQLi\Connection.php(331): mysqli->query('SELECT *\nFROM `...')
#1 C:\xampp\htdocs\nanko\system\Database\BaseConnection.php(741): CodeIgniter\Database\MySQLi\Connection->execute('SELECT *\nFROM `...')
#2 C:\xampp\htdocs\nanko\system\Database\BaseConnection.php(669): CodeIgniter\Database\BaseConnection->simpleQuery('SELECT *\nFROM `...')
#3 C:\xampp\htdocs\nanko\system\Database\BaseBuilder.php(1860): CodeIgniter\Database\BaseConnection->query('SELECT *\nFROM `...', Array, false)
#4 C:\xampp\htdocs\nanko\system\Model.php(398): CodeIgniter\Database\BaseBuilder->get()
#5 C:\xampp\htdocs\nanko\app\Controllers\Productos.php(130): CodeIgniter\Model->find('1')
#6 C:\xampp\htdocs\nanko\app\Controllers\Productos.php(18): App\Controllers\Productos->mostrar_productos()
#7 C:\xampp\htdocs\nanko\system\CodeIgniter.php(914): App\Controllers\Productos->index()
#8 C:\xampp\htdocs\nanko\system\CodeIgniter.php(400): CodeIgniter\CodeIgniter->runController(Object(App\Controllers\Productos))
#9 C:\xampp\htdocs\nanko\system\CodeIgniter.php(308): CodeIgniter\CodeIgniter->handleRequest(NULL, Object(Config\Cache), false)
#10 C:\xampp\htdocs\nanko\public\index.php(45): CodeIgniter\CodeIgniter->run()
#11 C:\xampp\htdocs\nanko\system\Commands\Server\rewrite.php(34): require_once('C:\\xampp\\htdocs...')
#12 {main}
CRITICAL - 2020-09-22 23:29:33 --> Unknown column 'categoria.idCategoria' in 'where clause'
#0 C:\xampp\htdocs\nanko\system\Database\MySQLi\Connection.php(331): mysqli->query('SELECT *\nFROM `...')
#1 C:\xampp\htdocs\nanko\system\Database\BaseConnection.php(741): CodeIgniter\Database\MySQLi\Connection->execute('SELECT *\nFROM `...')
#2 C:\xampp\htdocs\nanko\system\Database\BaseConnection.php(669): CodeIgniter\Database\BaseConnection->simpleQuery('SELECT *\nFROM `...')
#3 C:\xampp\htdocs\nanko\system\Database\BaseBuilder.php(1860): CodeIgniter\Database\BaseConnection->query('SELECT *\nFROM `...', Array, false)
#4 C:\xampp\htdocs\nanko\system\Model.php(398): CodeIgniter\Database\BaseBuilder->get()
#5 C:\xampp\htdocs\nanko\app\Controllers\Productos.php(130): CodeIgniter\Model->find('1')
#6 C:\xampp\htdocs\nanko\app\Controllers\Productos.php(18): App\Controllers\Productos->mostrar_productos()
#7 C:\xampp\htdocs\nanko\system\CodeIgniter.php(914): App\Controllers\Productos->index()
#8 C:\xampp\htdocs\nanko\system\CodeIgniter.php(400): CodeIgniter\CodeIgniter->runController(Object(App\Controllers\Productos))
#9 C:\xampp\htdocs\nanko\system\CodeIgniter.php(308): CodeIgniter\CodeIgniter->handleRequest(NULL, Object(Config\Cache), false)
#10 C:\xampp\htdocs\nanko\public\index.php(45): CodeIgniter\CodeIgniter->run()
#11 C:\xampp\htdocs\nanko\system\Commands\Server\rewrite.php(34): require_once('C:\\xampp\\htdocs...')
#12 {main}
CRITICAL - 2020-09-22 23:29:34 --> Unknown column 'categoria.idCategoria' in 'where clause'
#0 C:\xampp\htdocs\nanko\system\Database\MySQLi\Connection.php(331): mysqli->query('SELECT *\nFROM `...')
#1 C:\xampp\htdocs\nanko\system\Database\BaseConnection.php(741): CodeIgniter\Database\MySQLi\Connection->execute('SELECT *\nFROM `...')
#2 C:\xampp\htdocs\nanko\system\Database\BaseConnection.php(669): CodeIgniter\Database\BaseConnection->simpleQuery('SELECT *\nFROM `...')
#3 C:\xampp\htdocs\nanko\system\Database\BaseBuilder.php(1860): CodeIgniter\Database\BaseConnection->query('SELECT *\nFROM `...', Array, false)
#4 C:\xampp\htdocs\nanko\system\Model.php(398): CodeIgniter\Database\BaseBuilder->get()
#5 C:\xampp\htdocs\nanko\app\Controllers\Productos.php(130): CodeIgniter\Model->find('1')
#6 C:\xampp\htdocs\nanko\app\Controllers\Productos.php(18): App\Controllers\Productos->mostrar_productos()
#7 C:\xampp\htdocs\nanko\system\CodeIgniter.php(914): App\Controllers\Productos->index()
#8 C:\xampp\htdocs\nanko\system\CodeIgniter.php(400): CodeIgniter\CodeIgniter->runController(Object(App\Controllers\Productos))
#9 C:\xampp\htdocs\nanko\system\CodeIgniter.php(308): CodeIgniter\CodeIgniter->handleRequest(NULL, Object(Config\Cache), false)
#10 C:\xampp\htdocs\nanko\public\index.php(45): CodeIgniter\CodeIgniter->run()
#11 C:\xampp\htdocs\nanko\system\Commands\Server\rewrite.php(34): require_once('C:\\xampp\\htdocs...')
#12 {main}
CRITICAL - 2020-09-22 23:29:35 --> Unknown column 'categoria.idCategoria' in 'where clause'
#0 C:\xampp\htdocs\nanko\system\Database\MySQLi\Connection.php(331): mysqli->query('SELECT *\nFROM `...')
#1 C:\xampp\htdocs\nanko\system\Database\BaseConnection.php(741): CodeIgniter\Database\MySQLi\Connection->execute('SELECT *\nFROM `...')
#2 C:\xampp\htdocs\nanko\system\Database\BaseConnection.php(669): CodeIgniter\Database\BaseConnection->simpleQuery('SELECT *\nFROM `...')
#3 C:\xampp\htdocs\nanko\system\Database\BaseBuilder.php(1860): CodeIgniter\Database\BaseConnection->query('SELECT *\nFROM `...', Array, false)
#4 C:\xampp\htdocs\nanko\system\Model.php(398): CodeIgniter\Database\BaseBuilder->get()
#5 C:\xampp\htdocs\nanko\app\Controllers\Productos.php(130): CodeIgniter\Model->find('1')
#6 C:\xampp\htdocs\nanko\app\Controllers\Productos.php(18): App\Controllers\Productos->mostrar_productos()
#7 C:\xampp\htdocs\nanko\system\CodeIgniter.php(914): App\Controllers\Productos->index()
#8 C:\xampp\htdocs\nanko\system\CodeIgniter.php(400): CodeIgniter\CodeIgniter->runController(Object(App\Controllers\Productos))
#9 C:\xampp\htdocs\nanko\system\CodeIgniter.php(308): CodeIgniter\CodeIgniter->handleRequest(NULL, Object(Config\Cache), false)
#10 C:\xampp\htdocs\nanko\public\index.php(45): CodeIgniter\CodeIgniter->run()
#11 C:\xampp\htdocs\nanko\system\Commands\Server\rewrite.php(34): require_once('C:\\xampp\\htdocs...')
#12 {main}
CRITICAL - 2020-09-22 23:29:56 --> Unknown column 'categoria.idCategoria' in 'where clause'
#0 C:\xampp\htdocs\nanko\system\Database\MySQLi\Connection.php(331): mysqli->query('SELECT *\nFROM `...')
#1 C:\xampp\htdocs\nanko\system\Database\BaseConnection.php(741): CodeIgniter\Database\MySQLi\Connection->execute('SELECT *\nFROM `...')
#2 C:\xampp\htdocs\nanko\system\Database\BaseConnection.php(669): CodeIgniter\Database\BaseConnection->simpleQuery('SELECT *\nFROM `...')
#3 C:\xampp\htdocs\nanko\system\Database\BaseBuilder.php(1860): CodeIgniter\Database\BaseConnection->query('SELECT *\nFROM `...', Array, false)
#4 C:\xampp\htdocs\nanko\system\Model.php(398): CodeIgniter\Database\BaseBuilder->get()
#5 C:\xampp\htdocs\nanko\app\Controllers\Productos.php(130): CodeIgniter\Model->find('1')
#6 C:\xampp\htdocs\nanko\app\Controllers\Productos.php(18): App\Controllers\Productos->mostrar_productos()
#7 C:\xampp\htdocs\nanko\system\CodeIgniter.php(914): App\Controllers\Productos->index()
#8 C:\xampp\htdocs\nanko\system\CodeIgniter.php(400): CodeIgniter\CodeIgniter->runController(Object(App\Controllers\Productos))
#9 C:\xampp\htdocs\nanko\system\CodeIgniter.php(308): CodeIgniter\CodeIgniter->handleRequest(NULL, Object(Config\Cache), false)
#10 C:\xampp\htdocs\nanko\public\index.php(45): CodeIgniter\CodeIgniter->run()
#11 C:\xampp\htdocs\nanko\system\Commands\Server\rewrite.php(34): require_once('C:\\xampp\\htdocs...')
#12 {main}
CRITICAL - 2020-09-22 23:32:14 --> Unknown column 'categoria.idCategoria' in 'where clause'
#0 C:\xampp\htdocs\nanko\system\Database\MySQLi\Connection.php(331): mysqli->query('SELECT *\nFROM `...')
#1 C:\xampp\htdocs\nanko\system\Database\BaseConnection.php(741): CodeIgniter\Database\MySQLi\Connection->execute('SELECT *\nFROM `...')
#2 C:\xampp\htdocs\nanko\system\Database\BaseConnection.php(669): CodeIgniter\Database\BaseConnection->simpleQuery('SELECT *\nFROM `...')
#3 C:\xampp\htdocs\nanko\system\Database\BaseBuilder.php(1860): CodeIgniter\Database\BaseConnection->query('SELECT *\nFROM `...', Array, false)
#4 C:\xampp\htdocs\nanko\system\Model.php(398): CodeIgniter\Database\BaseBuilder->get()
#5 C:\xampp\htdocs\nanko\app\Controllers\Productos.php(130): CodeIgniter\Model->find('1')
#6 C:\xampp\htdocs\nanko\app\Controllers\Productos.php(18): App\Controllers\Productos->mostrar_productos()
#7 C:\xampp\htdocs\nanko\system\CodeIgniter.php(914): App\Controllers\Productos->index()
#8 C:\xampp\htdocs\nanko\system\CodeIgniter.php(400): CodeIgniter\CodeIgniter->runController(Object(App\Controllers\Productos))
#9 C:\xampp\htdocs\nanko\system\CodeIgniter.php(308): CodeIgniter\CodeIgniter->handleRequest(NULL, Object(Config\Cache), false)
#10 C:\xampp\htdocs\nanko\public\index.php(45): CodeIgniter\CodeIgniter->run()
#11 C:\xampp\htdocs\nanko\system\Commands\Server\rewrite.php(34): require_once('C:\\xampp\\htdocs...')
#12 {main}
CRITICAL - 2020-09-22 23:33:12 --> Undefined index: id_categoria
#0 C:\xampp\htdocs\nanko\app\Controllers\Productos.php(130): CodeIgniter\Debug\Exceptions->errorHandler(8, 'Undefined index...', 'C:\\xampp\\htdocs...', 130, Array)
#1 C:\xampp\htdocs\nanko\app\Controllers\Productos.php(18): App\Controllers\Productos->mostrar_productos()
#2 C:\xampp\htdocs\nanko\system\CodeIgniter.php(914): App\Controllers\Productos->index()
#3 C:\xampp\htdocs\nanko\system\CodeIgniter.php(400): CodeIgniter\CodeIgniter->runController(Object(App\Controllers\Productos))
#4 C:\xampp\htdocs\nanko\system\CodeIgniter.php(308): CodeIgniter\CodeIgniter->handleRequest(NULL, Object(Config\Cache), false)
#5 C:\xampp\htdocs\nanko\public\index.php(45): CodeIgniter\CodeIgniter->run()
#6 C:\xampp\htdocs\nanko\system\Commands\Server\rewrite.php(34): require_once('C:\\xampp\\htdocs...')
#7 {main}
CRITICAL - 2020-09-22 23:33:30 --> Unknown column 'categoria.idCategoria' in 'where clause'
#0 C:\xampp\htdocs\nanko\system\Database\MySQLi\Connection.php(331): mysqli->query('SELECT *\nFROM `...')
#1 C:\xampp\htdocs\nanko\system\Database\BaseConnection.php(741): CodeIgniter\Database\MySQLi\Connection->execute('SELECT *\nFROM `...')
#2 C:\xampp\htdocs\nanko\system\Database\BaseConnection.php(669): CodeIgniter\Database\BaseConnection->simpleQuery('SELECT *\nFROM `...')
#3 C:\xampp\htdocs\nanko\system\Database\BaseBuilder.php(1860): CodeIgniter\Database\BaseConnection->query('SELECT *\nFROM `...', Array, false)
#4 C:\xampp\htdocs\nanko\system\Model.php(398): CodeIgniter\Database\BaseBuilder->get()
#5 C:\xampp\htdocs\nanko\app\Controllers\Productos.php(131): CodeIgniter\Model->find('1')
#6 C:\xampp\htdocs\nanko\app\Controllers\Productos.php(18): App\Controllers\Productos->mostrar_productos()
#7 C:\xampp\htdocs\nanko\system\CodeIgniter.php(914): App\Controllers\Productos->index()
#8 C:\xampp\htdocs\nanko\system\CodeIgniter.php(400): CodeIgniter\CodeIgniter->runController(Object(App\Controllers\Productos))
#9 C:\xampp\htdocs\nanko\system\CodeIgniter.php(308): CodeIgniter\CodeIgniter->handleRequest(NULL, Object(Config\Cache), false)
#10 C:\xampp\htdocs\nanko\public\index.php(45): CodeIgniter\CodeIgniter->run()
#11 C:\xampp\htdocs\nanko\system\Commands\Server\rewrite.php(34): require_once('C:\\xampp\\htdocs...')
#12 {main}
CRITICAL - 2020-09-22 23:33:32 --> Unknown column 'categoria.idCategoria' in 'where clause'
#0 C:\xampp\htdocs\nanko\system\Database\MySQLi\Connection.php(331): mysqli->query('SELECT *\nFROM `...')
#1 C:\xampp\htdocs\nanko\system\Database\BaseConnection.php(741): CodeIgniter\Database\MySQLi\Connection->execute('SELECT *\nFROM `...')
#2 C:\xampp\htdocs\nanko\system\Database\BaseConnection.php(669): CodeIgniter\Database\BaseConnection->simpleQuery('SELECT *\nFROM `...')
#3 C:\xampp\htdocs\nanko\system\Database\BaseBuilder.php(1860): CodeIgniter\Database\BaseConnection->query('SELECT *\nFROM `...', Array, false)
#4 C:\xampp\htdocs\nanko\system\Model.php(398): CodeIgniter\Database\BaseBuilder->get()
#5 C:\xampp\htdocs\nanko\app\Controllers\Productos.php(131): CodeIgniter\Model->find('1')
#6 C:\xampp\htdocs\nanko\app\Controllers\Productos.php(18): App\Controllers\Productos->mostrar_productos()
#7 C:\xampp\htdocs\nanko\system\CodeIgniter.php(914): App\Controllers\Productos->index()
#8 C:\xampp\htdocs\nanko\system\CodeIgniter.php(400): CodeIgniter\CodeIgniter->runController(Object(App\Controllers\Productos))
#9 C:\xampp\htdocs\nanko\system\CodeIgniter.php(308): CodeIgniter\CodeIgniter->handleRequest(NULL, Object(Config\Cache), false)
#10 C:\xampp\htdocs\nanko\public\index.php(45): CodeIgniter\CodeIgniter->run()
#11 C:\xampp\htdocs\nanko\system\Commands\Server\rewrite.php(34): require_once('C:\\xampp\\htdocs...')
#12 {main}
CRITICAL - 2020-09-22 23:34:46 --> Unknown column 'categoria.idCategoria' in 'where clause'
#0 C:\xampp\htdocs\nanko\system\Database\MySQLi\Connection.php(331): mysqli->query('SELECT *\nFROM `...')
#1 C:\xampp\htdocs\nanko\system\Database\BaseConnection.php(741): CodeIgniter\Database\MySQLi\Connection->execute('SELECT *\nFROM `...')
#2 C:\xampp\htdocs\nanko\system\Database\BaseConnection.php(669): CodeIgniter\Database\BaseConnection->simpleQuery('SELECT *\nFROM `...')
#3 C:\xampp\htdocs\nanko\system\Database\BaseBuilder.php(1860): CodeIgniter\Database\BaseConnection->query('SELECT *\nFROM `...', Array, false)
#4 C:\xampp\htdocs\nanko\system\Model.php(398): CodeIgniter\Database\BaseBuilder->get()
#5 C:\xampp\htdocs\nanko\app\Controllers\Productos.php(132): CodeIgniter\Model->find('1')
#6 C:\xampp\htdocs\nanko\app\Controllers\Productos.php(18): App\Controllers\Productos->mostrar_productos()
#7 C:\xampp\htdocs\nanko\system\CodeIgniter.php(914): App\Controllers\Productos->index()
#8 C:\xampp\htdocs\nanko\system\CodeIgniter.php(400): CodeIgniter\CodeIgniter->runController(Object(App\Controllers\Productos))
#9 C:\xampp\htdocs\nanko\system\CodeIgniter.php(308): CodeIgniter\CodeIgniter->handleRequest(NULL, Object(Config\Cache), false)
#10 C:\xampp\htdocs\nanko\public\index.php(45): CodeIgniter\CodeIgniter->run()
#11 C:\xampp\htdocs\nanko\system\Commands\Server\rewrite.php(34): require_once('C:\\xampp\\htdocs...')
#12 {main}
CRITICAL - 2020-09-22 23:35:38 --> Unknown column 'categoria.idCategoria' in 'where clause'
#0 C:\xampp\htdocs\nanko\system\Database\MySQLi\Connection.php(331): mysqli->query('SELECT *\nFROM `...')
#1 C:\xampp\htdocs\nanko\system\Database\BaseConnection.php(741): CodeIgniter\Database\MySQLi\Connection->execute('SELECT *\nFROM `...')
#2 C:\xampp\htdocs\nanko\system\Database\BaseConnection.php(669): CodeIgniter\Database\BaseConnection->simpleQuery('SELECT *\nFROM `...')
#3 C:\xampp\htdocs\nanko\system\Database\BaseBuilder.php(1860): CodeIgniter\Database\BaseConnection->query('SELECT *\nFROM `...', Array, false)
#4 C:\xampp\htdocs\nanko\system\Model.php(398): CodeIgniter\Database\BaseBuilder->get()
#5 C:\xampp\htdocs\nanko\app\Controllers\Productos.php(128): CodeIgniter\Model->find('1')
#6 C:\xampp\htdocs\nanko\app\Controllers\Productos.php(18): App\Controllers\Productos->mostrar_productos()
#7 C:\xampp\htdocs\nanko\system\CodeIgniter.php(914): App\Controllers\Productos->index()
#8 C:\xampp\htdocs\nanko\system\CodeIgniter.php(400): CodeIgniter\CodeIgniter->runController(Object(App\Controllers\Productos))
#9 C:\xampp\htdocs\nanko\system\CodeIgniter.php(308): CodeIgniter\CodeIgniter->handleRequest(NULL, Object(Config\Cache), false)
#10 C:\xampp\htdocs\nanko\public\index.php(45): CodeIgniter\CodeIgniter->run()
#11 C:\xampp\htdocs\nanko\system\Commands\Server\rewrite.php(34): require_once('C:\\xampp\\htdocs...')
#12 {main}
CRITICAL - 2020-09-22 23:35:39 --> Unknown column 'categoria.idCategoria' in 'where clause'
#0 C:\xampp\htdocs\nanko\system\Database\MySQLi\Connection.php(331): mysqli->query('SELECT *\nFROM `...')
#1 C:\xampp\htdocs\nanko\system\Database\BaseConnection.php(741): CodeIgniter\Database\MySQLi\Connection->execute('SELECT *\nFROM `...')
#2 C:\xampp\htdocs\nanko\system\Database\BaseConnection.php(669): CodeIgniter\Database\BaseConnection->simpleQuery('SELECT *\nFROM `...')
#3 C:\xampp\htdocs\nanko\system\Database\BaseBuilder.php(1860): CodeIgniter\Database\BaseConnection->query('SELECT *\nFROM `...', Array, false)
#4 C:\xampp\htdocs\nanko\system\Model.php(398): CodeIgniter\Database\BaseBuilder->get()
#5 C:\xampp\htdocs\nanko\app\Controllers\Productos.php(128): CodeIgniter\Model->find('1')
#6 C:\xampp\htdocs\nanko\app\Controllers\Productos.php(18): App\Controllers\Productos->mostrar_productos()
#7 C:\xampp\htdocs\nanko\system\CodeIgniter.php(914): App\Controllers\Productos->index()
#8 C:\xampp\htdocs\nanko\system\CodeIgniter.php(400): CodeIgniter\CodeIgniter->runController(Object(App\Controllers\Productos))
#9 C:\xampp\htdocs\nanko\system\CodeIgniter.php(308): CodeIgniter\CodeIgniter->handleRequest(NULL, Object(Config\Cache), false)
#10 C:\xampp\htdocs\nanko\public\index.php(45): CodeIgniter\CodeIgniter->run()
#11 C:\xampp\htdocs\nanko\system\Commands\Server\rewrite.php(34): require_once('C:\\xampp\\htdocs...')
#12 {main}
CRITICAL - 2020-09-22 23:35:39 --> Unknown column 'categoria.idCategoria' in 'where clause'
#0 C:\xampp\htdocs\nanko\system\Database\MySQLi\Connection.php(331): mysqli->query('SELECT *\nFROM `...')
#1 C:\xampp\htdocs\nanko\system\Database\BaseConnection.php(741): CodeIgniter\Database\MySQLi\Connection->execute('SELECT *\nFROM `...')
#2 C:\xampp\htdocs\nanko\system\Database\BaseConnection.php(669): CodeIgniter\Database\BaseConnection->simpleQuery('SELECT *\nFROM `...')
#3 C:\xampp\htdocs\nanko\system\Database\BaseBuilder.php(1860): CodeIgniter\Database\BaseConnection->query('SELECT *\nFROM `...', Array, false)
#4 C:\xampp\htdocs\nanko\system\Model.php(398): CodeIgniter\Database\BaseBuilder->get()
#5 C:\xampp\htdocs\nanko\app\Controllers\Productos.php(128): CodeIgniter\Model->find('1')
#6 C:\xampp\htdocs\nanko\app\Controllers\Productos.php(18): App\Controllers\Productos->mostrar_productos()
#7 C:\xampp\htdocs\nanko\system\CodeIgniter.php(914): App\Controllers\Productos->index()
#8 C:\xampp\htdocs\nanko\system\CodeIgniter.php(400): CodeIgniter\CodeIgniter->runController(Object(App\Controllers\Productos))
#9 C:\xampp\htdocs\nanko\system\CodeIgniter.php(308): CodeIgniter\CodeIgniter->handleRequest(NULL, Object(Config\Cache), false)
#10 C:\xampp\htdocs\nanko\public\index.php(45): CodeIgniter\CodeIgniter->run()
#11 C:\xampp\htdocs\nanko\system\Commands\Server\rewrite.php(34): require_once('C:\\xampp\\htdocs...')
#12 {main}
CRITICAL - 2020-09-22 23:35:39 --> Unknown column 'categoria.idCategoria' in 'where clause'
#0 C:\xampp\htdocs\nanko\system\Database\MySQLi\Connection.php(331): mysqli->query('SELECT *\nFROM `...')
#1 C:\xampp\htdocs\nanko\system\Database\BaseConnection.php(741): CodeIgniter\Database\MySQLi\Connection->execute('SELECT *\nFROM `...')
#2 C:\xampp\htdocs\nanko\system\Database\BaseConnection.php(669): CodeIgniter\Database\BaseConnection->simpleQuery('SELECT *\nFROM `...')
#3 C:\xampp\htdocs\nanko\system\Database\BaseBuilder.php(1860): CodeIgniter\Database\BaseConnection->query('SELECT *\nFROM `...', Array, false)
#4 C:\xampp\htdocs\nanko\system\Model.php(398): CodeIgniter\Database\BaseBuilder->get()
#5 C:\xampp\htdocs\nanko\app\Controllers\Productos.php(128): CodeIgniter\Model->find('1')
#6 C:\xampp\htdocs\nanko\app\Controllers\Productos.php(18): App\Controllers\Productos->mostrar_productos()
#7 C:\xampp\htdocs\nanko\system\CodeIgniter.php(914): App\Controllers\Productos->index()
#8 C:\xampp\htdocs\nanko\system\CodeIgniter.php(400): CodeIgniter\CodeIgniter->runController(Object(App\Controllers\Productos))
#9 C:\xampp\htdocs\nanko\system\CodeIgniter.php(308): CodeIgniter\CodeIgniter->handleRequest(NULL, Object(Config\Cache), false)
#10 C:\xampp\htdocs\nanko\public\index.php(45): CodeIgniter\CodeIgniter->run()
#11 C:\xampp\htdocs\nanko\system\Commands\Server\rewrite.php(34): require_once('C:\\xampp\\htdocs...')
#12 {main}
CRITICAL - 2020-09-22 23:35:47 --> Unknown column 'categoria.idCategoria' in 'where clause'
#0 C:\xampp\htdocs\nanko\system\Database\MySQLi\Connection.php(331): mysqli->query('SELECT *\nFROM `...')
#1 C:\xampp\htdocs\nanko\system\Database\BaseConnection.php(741): CodeIgniter\Database\MySQLi\Connection->execute('SELECT *\nFROM `...')
#2 C:\xampp\htdocs\nanko\system\Database\BaseConnection.php(669): CodeIgniter\Database\BaseConnection->simpleQuery('SELECT *\nFROM `...')
#3 C:\xampp\htdocs\nanko\system\Database\BaseBuilder.php(1860): CodeIgniter\Database\BaseConnection->query('SELECT *\nFROM `...', Array, false)
#4 C:\xampp\htdocs\nanko\system\Model.php(398): CodeIgniter\Database\BaseBuilder->get()
#5 C:\xampp\htdocs\nanko\app\Controllers\Productos.php(131): CodeIgniter\Model->find('1')
#6 C:\xampp\htdocs\nanko\app\Controllers\Productos.php(18): App\Controllers\Productos->mostrar_productos()
#7 C:\xampp\htdocs\nanko\system\CodeIgniter.php(914): App\Controllers\Productos->index()
#8 C:\xampp\htdocs\nanko\system\CodeIgniter.php(400): CodeIgniter\CodeIgniter->runController(Object(App\Controllers\Productos))
#9 C:\xampp\htdocs\nanko\system\CodeIgniter.php(308): CodeIgniter\CodeIgniter->handleRequest(NULL, Object(Config\Cache), false)
#10 C:\xampp\htdocs\nanko\public\index.php(45): CodeIgniter\CodeIgniter->run()
#11 C:\xampp\htdocs\nanko\system\Commands\Server\rewrite.php(34): require_once('C:\\xampp\\htdocs...')
#12 {main}
CRITICAL - 2020-09-22 23:35:48 --> Unknown column 'categoria.idCategoria' in 'where clause'
#0 C:\xampp\htdocs\nanko\system\Database\MySQLi\Connection.php(331): mysqli->query('SELECT *\nFROM `...')
#1 C:\xampp\htdocs\nanko\system\Database\BaseConnection.php(741): CodeIgniter\Database\MySQLi\Connection->execute('SELECT *\nFROM `...')
#2 C:\xampp\htdocs\nanko\system\Database\BaseConnection.php(669): CodeIgniter\Database\BaseConnection->simpleQuery('SELECT *\nFROM `...')
#3 C:\xampp\htdocs\nanko\system\Database\BaseBuilder.php(1860): CodeIgniter\Database\BaseConnection->query('SELECT *\nFROM `...', Array, false)
#4 C:\xampp\htdocs\nanko\system\Model.php(398): CodeIgniter\Database\BaseBuilder->get()
#5 C:\xampp\htdocs\nanko\app\Controllers\Productos.php(131): CodeIgniter\Model->find('1')
#6 C:\xampp\htdocs\nanko\app\Controllers\Productos.php(18): App\Controllers\Productos->mostrar_productos()
#7 C:\xampp\htdocs\nanko\system\CodeIgniter.php(914): App\Controllers\Productos->index()
#8 C:\xampp\htdocs\nanko\system\CodeIgniter.php(400): CodeIgniter\CodeIgniter->runController(Object(App\Controllers\Productos))
#9 C:\xampp\htdocs\nanko\system\CodeIgniter.php(308): CodeIgniter\CodeIgniter->handleRequest(NULL, Object(Config\Cache), false)
#10 C:\xampp\htdocs\nanko\public\index.php(45): CodeIgniter\CodeIgniter->run()
#11 C:\xampp\htdocs\nanko\system\Commands\Server\rewrite.php(34): require_once('C:\\xampp\\htdocs...')
#12 {main}
CRITICAL - 2020-09-22 23:35:48 --> Unknown column 'categoria.idCategoria' in 'where clause'
#0 C:\xampp\htdocs\nanko\system\Database\MySQLi\Connection.php(331): mysqli->query('SELECT *\nFROM `...')
#1 C:\xampp\htdocs\nanko\system\Database\BaseConnection.php(741): CodeIgniter\Database\MySQLi\Connection->execute('SELECT *\nFROM `...')
#2 C:\xampp\htdocs\nanko\system\Database\BaseConnection.php(669): CodeIgniter\Database\BaseConnection->simpleQuery('SELECT *\nFROM `...')
#3 C:\xampp\htdocs\nanko\system\Database\BaseBuilder.php(1860): CodeIgniter\Database\BaseConnection->query('SELECT *\nFROM `...', Array, false)
#4 C:\xampp\htdocs\nanko\system\Model.php(398): CodeIgniter\Database\BaseBuilder->get()
#5 C:\xampp\htdocs\nanko\app\Controllers\Productos.php(131): CodeIgniter\Model->find('1')
#6 C:\xampp\htdocs\nanko\app\Controllers\Productos.php(18): App\Controllers\Productos->mostrar_productos()
#7 C:\xampp\htdocs\nanko\system\CodeIgniter.php(914): App\Controllers\Productos->index()
#8 C:\xampp\htdocs\nanko\system\CodeIgniter.php(400): CodeIgniter\CodeIgniter->runController(Object(App\Controllers\Productos))
#9 C:\xampp\htdocs\nanko\system\CodeIgniter.php(308): CodeIgniter\CodeIgniter->handleRequest(NULL, Object(Config\Cache), false)
#10 C:\xampp\htdocs\nanko\public\index.php(45): CodeIgniter\CodeIgniter->run()
#11 C:\xampp\htdocs\nanko\system\Commands\Server\rewrite.php(34): require_once('C:\\xampp\\htdocs...')
#12 {main}
CRITICAL - 2020-09-22 23:36:01 --> Unknown column 'categoria.idCategoria' in 'where clause'
#0 C:\xampp\htdocs\nanko\system\Database\MySQLi\Connection.php(331): mysqli->query('SELECT *\nFROM `...')
#1 C:\xampp\htdocs\nanko\system\Database\BaseConnection.php(741): CodeIgniter\Database\MySQLi\Connection->execute('SELECT *\nFROM `...')
#2 C:\xampp\htdocs\nanko\system\Database\BaseConnection.php(669): CodeIgniter\Database\BaseConnection->simpleQuery('SELECT *\nFROM `...')
#3 C:\xampp\htdocs\nanko\system\Database\BaseBuilder.php(1860): CodeIgniter\Database\BaseConnection->query('SELECT *\nFROM `...', Array, false)
#4 C:\xampp\htdocs\nanko\system\Model.php(398): CodeIgniter\Database\BaseBuilder->get()
#5 C:\xampp\htdocs\nanko\app\Controllers\Productos.php(128): CodeIgniter\Model->find('1')
#6 C:\xampp\htdocs\nanko\app\Controllers\Productos.php(18): App\Controllers\Productos->mostrar_productos()
#7 C:\xampp\htdocs\nanko\system\CodeIgniter.php(914): App\Controllers\Productos->index()
#8 C:\xampp\htdocs\nanko\system\CodeIgniter.php(400): CodeIgniter\CodeIgniter->runController(Object(App\Controllers\Productos))
#9 C:\xampp\htdocs\nanko\system\CodeIgniter.php(308): CodeIgniter\CodeIgniter->handleRequest(NULL, Object(Config\Cache), false)
#10 C:\xampp\htdocs\nanko\public\index.php(45): CodeIgniter\CodeIgniter->run()
#11 C:\xampp\htdocs\nanko\system\Commands\Server\rewrite.php(34): require_once('C:\\xampp\\htdocs...')
#12 {main}
CRITICAL - 2020-09-22 23:36:02 --> Unknown column 'categoria.idCategoria' in 'where clause'
#0 C:\xampp\htdocs\nanko\system\Database\MySQLi\Connection.php(331): mysqli->query('SELECT *\nFROM `...')
#1 C:\xampp\htdocs\nanko\system\Database\BaseConnection.php(741): CodeIgniter\Database\MySQLi\Connection->execute('SELECT *\nFROM `...')
#2 C:\xampp\htdocs\nanko\system\Database\BaseConnection.php(669): CodeIgniter\Database\BaseConnection->simpleQuery('SELECT *\nFROM `...')
#3 C:\xampp\htdocs\nanko\system\Database\BaseBuilder.php(1860): CodeIgniter\Database\BaseConnection->query('SELECT *\nFROM `...', Array, false)
#4 C:\xampp\htdocs\nanko\system\Model.php(398): CodeIgniter\Database\BaseBuilder->get()
#5 C:\xampp\htdocs\nanko\app\Controllers\Productos.php(128): CodeIgniter\Model->find('1')
#6 C:\xampp\htdocs\nanko\app\Controllers\Productos.php(18): App\Controllers\Productos->mostrar_productos()
#7 C:\xampp\htdocs\nanko\system\CodeIgniter.php(914): App\Controllers\Productos->index()
#8 C:\xampp\htdocs\nanko\system\CodeIgniter.php(400): CodeIgniter\CodeIgniter->runController(Object(App\Controllers\Productos))
#9 C:\xampp\htdocs\nanko\system\CodeIgniter.php(308): CodeIgniter\CodeIgniter->handleRequest(NULL, Object(Config\Cache), false)
#10 C:\xampp\htdocs\nanko\public\index.php(45): CodeIgniter\CodeIgniter->run()
#11 C:\xampp\htdocs\nanko\system\Commands\Server\rewrite.php(34): require_once('C:\\xampp\\htdocs...')
#12 {main}
CRITICAL - 2020-09-22 23:36:06 --> Unknown column 'categoria.idCategoria' in 'where clause'
#0 C:\xampp\htdocs\nanko\system\Database\MySQLi\Connection.php(331): mysqli->query('SELECT *\nFROM `...')
#1 C:\xampp\htdocs\nanko\system\Database\BaseConnection.php(741): CodeIgniter\Database\MySQLi\Connection->execute('SELECT *\nFROM `...')
#2 C:\xampp\htdocs\nanko\system\Database\BaseConnection.php(669): CodeIgniter\Database\BaseConnection->simpleQuery('SELECT *\nFROM `...')
#3 C:\xampp\htdocs\nanko\system\Database\BaseBuilder.php(1860): CodeIgniter\Database\BaseConnection->query('SELECT *\nFROM `...', Array, false)
#4 C:\xampp\htdocs\nanko\system\Model.php(398): CodeIgniter\Database\BaseBuilder->get()
#5 C:\xampp\htdocs\nanko\app\Controllers\Productos.php(129): CodeIgniter\Model->find('1')
#6 C:\xampp\htdocs\nanko\app\Controllers\Productos.php(18): App\Controllers\Productos->mostrar_productos()
#7 C:\xampp\htdocs\nanko\system\CodeIgniter.php(914): App\Controllers\Productos->index()
#8 C:\xampp\htdocs\nanko\system\CodeIgniter.php(400): CodeIgniter\CodeIgniter->runController(Object(App\Controllers\Productos))
#9 C:\xampp\htdocs\nanko\system\CodeIgniter.php(308): CodeIgniter\CodeIgniter->handleRequest(NULL, Object(Config\Cache), false)
#10 C:\xampp\htdocs\nanko\public\index.php(45): CodeIgniter\CodeIgniter->run()
#11 C:\xampp\htdocs\nanko\system\Commands\Server\rewrite.php(34): require_once('C:\\xampp\\htdocs...')
#12 {main}
CRITICAL - 2020-09-22 23:36:07 --> Unknown column 'categoria.idCategoria' in 'where clause'
#0 C:\xampp\htdocs\nanko\system\Database\MySQLi\Connection.php(331): mysqli->query('SELECT *\nFROM `...')
#1 C:\xampp\htdocs\nanko\system\Database\BaseConnection.php(741): CodeIgniter\Database\MySQLi\Connection->execute('SELECT *\nFROM `...')
#2 C:\xampp\htdocs\nanko\system\Database\BaseConnection.php(669): CodeIgniter\Database\BaseConnection->simpleQuery('SELECT *\nFROM `...')
#3 C:\xampp\htdocs\nanko\system\Database\BaseBuilder.php(1860): CodeIgniter\Database\BaseConnection->query('SELECT *\nFROM `...', Array, false)
#4 C:\xampp\htdocs\nanko\system\Model.php(398): CodeIgniter\Database\BaseBuilder->get()
#5 C:\xampp\htdocs\nanko\app\Controllers\Productos.php(129): CodeIgniter\Model->find('1')
#6 C:\xampp\htdocs\nanko\app\Controllers\Productos.php(18): App\Controllers\Productos->mostrar_productos()
#7 C:\xampp\htdocs\nanko\system\CodeIgniter.php(914): App\Controllers\Productos->index()
#8 C:\xampp\htdocs\nanko\system\CodeIgniter.php(400): CodeIgniter\CodeIgniter->runController(Object(App\Controllers\Productos))
#9 C:\xampp\htdocs\nanko\system\CodeIgniter.php(308): CodeIgniter\CodeIgniter->handleRequest(NULL, Object(Config\Cache), false)
#10 C:\xampp\htdocs\nanko\public\index.php(45): CodeIgniter\CodeIgniter->run()
#11 C:\xampp\htdocs\nanko\system\Commands\Server\rewrite.php(34): require_once('C:\\xampp\\htdocs...')
#12 {main}
CRITICAL - 2020-09-22 23:37:25 --> Unknown column 'categoria.idCategoria' in 'where clause'
#0 C:\xampp\htdocs\nanko\system\Database\MySQLi\Connection.php(331): mysqli->query('SELECT *\nFROM `...')
#1 C:\xampp\htdocs\nanko\system\Database\BaseConnection.php(741): CodeIgniter\Database\MySQLi\Connection->execute('SELECT *\nFROM `...')
#2 C:\xampp\htdocs\nanko\system\Database\BaseConnection.php(669): CodeIgniter\Database\BaseConnection->simpleQuery('SELECT *\nFROM `...')
#3 C:\xampp\htdocs\nanko\system\Database\BaseBuilder.php(1860): CodeIgniter\Database\BaseConnection->query('SELECT *\nFROM `...', Array, false)
#4 C:\xampp\htdocs\nanko\system\Model.php(398): CodeIgniter\Database\BaseBuilder->get()
#5 C:\xampp\htdocs\nanko\app\Controllers\Productos.php(129): CodeIgniter\Model->find(1)
#6 C:\xampp\htdocs\nanko\app\Controllers\Productos.php(18): App\Controllers\Productos->mostrar_productos()
#7 C:\xampp\htdocs\nanko\system\CodeIgniter.php(914): App\Controllers\Productos->index()
#8 C:\xampp\htdocs\nanko\system\CodeIgniter.php(400): CodeIgniter\CodeIgniter->runController(Object(App\Controllers\Productos))
#9 C:\xampp\htdocs\nanko\system\CodeIgniter.php(308): CodeIgniter\CodeIgniter->handleRequest(NULL, Object(Config\Cache), false)
#10 C:\xampp\htdocs\nanko\public\index.php(45): CodeIgniter\CodeIgniter->run()
#11 C:\xampp\htdocs\nanko\system\Commands\Server\rewrite.php(34): require_once('C:\\xampp\\htdocs...')
#12 {main}
CRITICAL - 2020-09-22 23:39:06 --> Unknown column 'categoria.idCategoria' in 'where clause'
#0 C:\xampp\htdocs\nanko\system\Database\MySQLi\Connection.php(331): mysqli->query('SELECT *\nFROM `...')
#1 C:\xampp\htdocs\nanko\system\Database\BaseConnection.php(741): CodeIgniter\Database\MySQLi\Connection->execute('SELECT *\nFROM `...')
#2 C:\xampp\htdocs\nanko\system\Database\BaseConnection.php(669): CodeIgniter\Database\BaseConnection->simpleQuery('SELECT *\nFROM `...')
#3 C:\xampp\htdocs\nanko\system\Database\BaseBuilder.php(1860): CodeIgniter\Database\BaseConnection->query('SELECT *\nFROM `...', Array, false)
#4 C:\xampp\htdocs\nanko\system\Model.php(398): CodeIgniter\Database\BaseBuilder->get()
#5 C:\xampp\htdocs\nanko\app\Controllers\Productos.php(129): CodeIgniter\Model->find(1)
#6 C:\xampp\htdocs\nanko\app\Controllers\Productos.php(18): App\Controllers\Productos->mostrar_productos()
#7 C:\xampp\htdocs\nanko\system\CodeIgniter.php(914): App\Controllers\Productos->index()
#8 C:\xampp\htdocs\nanko\system\CodeIgniter.php(400): CodeIgniter\CodeIgniter->runController(Object(App\Controllers\Productos))
#9 C:\xampp\htdocs\nanko\system\CodeIgniter.php(308): CodeIgniter\CodeIgniter->handleRequest(NULL, Object(Config\Cache), false)
#10 C:\xampp\htdocs\nanko\public\index.php(45): CodeIgniter\CodeIgniter->run()
#11 C:\xampp\htdocs\nanko\system\Commands\Server\rewrite.php(34): require_once('C:\\xampp\\htdocs...')
#12 {main}
CRITICAL - 2020-09-22 23:39:07 --> Unknown column 'categoria.idCategoria' in 'where clause'
#0 C:\xampp\htdocs\nanko\system\Database\MySQLi\Connection.php(331): mysqli->query('SELECT *\nFROM `...')
#1 C:\xampp\htdocs\nanko\system\Database\BaseConnection.php(741): CodeIgniter\Database\MySQLi\Connection->execute('SELECT *\nFROM `...')
#2 C:\xampp\htdocs\nanko\system\Database\BaseConnection.php(669): CodeIgniter\Database\BaseConnection->simpleQuery('SELECT *\nFROM `...')
#3 C:\xampp\htdocs\nanko\system\Database\BaseBuilder.php(1860): CodeIgniter\Database\BaseConnection->query('SELECT *\nFROM `...', Array, false)
#4 C:\xampp\htdocs\nanko\system\Model.php(398): CodeIgniter\Database\BaseBuilder->get()
#5 C:\xampp\htdocs\nanko\app\Controllers\Productos.php(129): CodeIgniter\Model->find(1)
#6 C:\xampp\htdocs\nanko\app\Controllers\Productos.php(18): App\Controllers\Productos->mostrar_productos()
#7 C:\xampp\htdocs\nanko\system\CodeIgniter.php(914): App\Controllers\Productos->index()
#8 C:\xampp\htdocs\nanko\system\CodeIgniter.php(400): CodeIgniter\CodeIgniter->runController(Object(App\Controllers\Productos))
#9 C:\xampp\htdocs\nanko\system\CodeIgniter.php(308): CodeIgniter\CodeIgniter->handleRequest(NULL, Object(Config\Cache), false)
#10 C:\xampp\htdocs\nanko\public\index.php(45): CodeIgniter\CodeIgniter->run()
#11 C:\xampp\htdocs\nanko\system\Commands\Server\rewrite.php(34): require_once('C:\\xampp\\htdocs...')
#12 {main}
