CRITICAL - 2020-12-06 11:51:04 --> Archivo inválido: {0}
#0 C:\xampp\htdocs\nanko\system\View\View.php(228): CodeIgniter\Exceptions\FrameworkException::forInvalidFile('Modales/nueva_d...')
#1 C:\xampp\htdocs\nanko\system\Common.php(1119): CodeIgniter\View\View->render('Modales/nueva_d...', Array, true)
#2 C:\xampp\htdocs\nanko\app\Views\Cliente\Dosis.php(65): view('Modales/nueva_d...')
#3 C:\xampp\htdocs\nanko\system\View\View.php(246): include('C:\\xampp\\htdocs...')
#4 C:\xampp\htdocs\nanko\system\Common.php(1119): CodeIgniter\View\View->render('Cliente/dosis', Array, true)
#5 C:\xampp\htdocs\nanko\app\Controllers\Clientes.php(164): view('Cliente/dosis', Array)
#6 C:\xampp\htdocs\nanko\system\CodeIgniter.php(914): App\Controllers\Clientes->dosis()
#7 C:\xampp\htdocs\nanko\system\CodeIgniter.php(400): CodeIgniter\CodeIgniter->runController(Object(App\Controllers\Clientes))
#8 C:\xampp\htdocs\nanko\system\CodeIgniter.php(308): CodeIgniter\CodeIgniter->handleRequest(NULL, Object(Config\Cache), false)
#9 C:\xampp\htdocs\nanko\public\index.php(45): CodeIgniter\CodeIgniter->run()
#10 C:\xampp\htdocs\nanko\system\Commands\Server\rewrite.php(34): require_once('C:\\xampp\\htdocs...')
#11 {main}
CRITICAL - 2020-12-06 11:51:05 --> Archivo inválido: {0}
#0 C:\xampp\htdocs\nanko\system\View\View.php(228): CodeIgniter\Exceptions\FrameworkException::forInvalidFile('Modales/nueva_d...')
#1 C:\xampp\htdocs\nanko\system\Common.php(1119): CodeIgniter\View\View->render('Modales/nueva_d...', Array, true)
#2 C:\xampp\htdocs\nanko\app\Views\Cliente\Dosis.php(65): view('Modales/nueva_d...')
#3 C:\xampp\htdocs\nanko\system\View\View.php(246): include('C:\\xampp\\htdocs...')
#4 C:\xampp\htdocs\nanko\system\Common.php(1119): CodeIgniter\View\View->render('Cliente/dosis', Array, true)
#5 C:\xampp\htdocs\nanko\app\Controllers\Clientes.php(164): view('Cliente/dosis', Array)
#6 C:\xampp\htdocs\nanko\system\CodeIgniter.php(914): App\Controllers\Clientes->dosis()
#7 C:\xampp\htdocs\nanko\system\CodeIgniter.php(400): CodeIgniter\CodeIgniter->runController(Object(App\Controllers\Clientes))
#8 C:\xampp\htdocs\nanko\system\CodeIgniter.php(308): CodeIgniter\CodeIgniter->handleRequest(NULL, Object(Config\Cache), false)
#9 C:\xampp\htdocs\nanko\public\index.php(45): CodeIgniter\CodeIgniter->run()
#10 C:\xampp\htdocs\nanko\system\Commands\Server\rewrite.php(34): require_once('C:\\xampp\\htdocs...')
#11 {main}
CRITICAL - 2020-12-06 11:51:06 --> Archivo inválido: {0}
#0 C:\xampp\htdocs\nanko\system\View\View.php(228): CodeIgniter\Exceptions\FrameworkException::forInvalidFile('Modales/nueva_d...')
#1 C:\xampp\htdocs\nanko\system\Common.php(1119): CodeIgniter\View\View->render('Modales/nueva_d...', Array, true)
#2 C:\xampp\htdocs\nanko\app\Views\Cliente\Dosis.php(65): view('Modales/nueva_d...')
#3 C:\xampp\htdocs\nanko\system\View\View.php(246): include('C:\\xampp\\htdocs...')
#4 C:\xampp\htdocs\nanko\system\Common.php(1119): CodeIgniter\View\View->render('Cliente/dosis', Array, true)
#5 C:\xampp\htdocs\nanko\app\Controllers\Clientes.php(164): view('Cliente/dosis', Array)
#6 C:\xampp\htdocs\nanko\system\CodeIgniter.php(914): App\Controllers\Clientes->dosis()
#7 C:\xampp\htdocs\nanko\system\CodeIgniter.php(400): CodeIgniter\CodeIgniter->runController(Object(App\Controllers\Clientes))
#8 C:\xampp\htdocs\nanko\system\CodeIgniter.php(308): CodeIgniter\CodeIgniter->handleRequest(NULL, Object(Config\Cache), false)
#9 C:\xampp\htdocs\nanko\public\index.php(45): CodeIgniter\CodeIgniter->run()
#10 C:\xampp\htdocs\nanko\system\Commands\Server\rewrite.php(34): require_once('C:\\xampp\\htdocs...')
#11 {main}
CRITICAL - 2020-12-06 11:51:18 --> Archivo inválido: {0}
#0 C:\xampp\htdocs\nanko\system\View\View.php(228): CodeIgniter\Exceptions\FrameworkException::forInvalidFile('Clientes/Modale...')
#1 C:\xampp\htdocs\nanko\system\Common.php(1119): CodeIgniter\View\View->render('Clientes/Modale...', Array, true)
#2 C:\xampp\htdocs\nanko\app\Views\Cliente\Dosis.php(65): view('Clientes/Modale...')
#3 C:\xampp\htdocs\nanko\system\View\View.php(246): include('C:\\xampp\\htdocs...')
#4 C:\xampp\htdocs\nanko\system\Common.php(1119): CodeIgniter\View\View->render('Cliente/dosis', Array, true)
#5 C:\xampp\htdocs\nanko\app\Controllers\Clientes.php(164): view('Cliente/dosis', Array)
#6 C:\xampp\htdocs\nanko\system\CodeIgniter.php(914): App\Controllers\Clientes->dosis()
#7 C:\xampp\htdocs\nanko\system\CodeIgniter.php(400): CodeIgniter\CodeIgniter->runController(Object(App\Controllers\Clientes))
#8 C:\xampp\htdocs\nanko\system\CodeIgniter.php(308): CodeIgniter\CodeIgniter->handleRequest(NULL, Object(Config\Cache), false)
#9 C:\xampp\htdocs\nanko\public\index.php(45): CodeIgniter\CodeIgniter->run()
#10 C:\xampp\htdocs\nanko\system\Commands\Server\rewrite.php(34): require_once('C:\\xampp\\htdocs...')
#11 {main}
CRITICAL - 2020-12-06 11:51:20 --> Archivo inválido: {0}
#0 C:\xampp\htdocs\nanko\system\View\View.php(228): CodeIgniter\Exceptions\FrameworkException::forInvalidFile('Clientes/Modale...')
#1 C:\xampp\htdocs\nanko\system\Common.php(1119): CodeIgniter\View\View->render('Clientes/Modale...', Array, true)
#2 C:\xampp\htdocs\nanko\app\Views\Cliente\Dosis.php(65): view('Clientes/Modale...')
#3 C:\xampp\htdocs\nanko\system\View\View.php(246): include('C:\\xampp\\htdocs...')
#4 C:\xampp\htdocs\nanko\system\Common.php(1119): CodeIgniter\View\View->render('Cliente/dosis', Array, true)
#5 C:\xampp\htdocs\nanko\app\Controllers\Clientes.php(164): view('Cliente/dosis', Array)
#6 C:\xampp\htdocs\nanko\system\CodeIgniter.php(914): App\Controllers\Clientes->dosis()
#7 C:\xampp\htdocs\nanko\system\CodeIgniter.php(400): CodeIgniter\CodeIgniter->runController(Object(App\Controllers\Clientes))
#8 C:\xampp\htdocs\nanko\system\CodeIgniter.php(308): CodeIgniter\CodeIgniter->handleRequest(NULL, Object(Config\Cache), false)
#9 C:\xampp\htdocs\nanko\public\index.php(45): CodeIgniter\CodeIgniter->run()
#10 C:\xampp\htdocs\nanko\system\Commands\Server\rewrite.php(34): require_once('C:\\xampp\\htdocs...')
#11 {main}
CRITICAL - 2020-12-06 11:51:52 --> Unable to connect to the database.
#0 C:\xampp\htdocs\nanko\system\Database\BaseConnection.php(646): CodeIgniter\Database\BaseConnection->initialize()
#1 C:\xampp\htdocs\nanko\system\Database\BaseBuilder.php(1860): CodeIgniter\Database\BaseConnection->query('SELECT *\nFROM `...', Array, false)
#2 C:\xampp\htdocs\nanko\system\Model.php(462): CodeIgniter\Database\BaseBuilder->get()
#3 C:\xampp\htdocs\nanko\app\Controllers\Padecimientos.php(114): CodeIgniter\Model->findAll()
#4 C:\xampp\htdocs\nanko\system\CodeIgniter.php(914): App\Controllers\Padecimientos->mostrar_padecimientos()
#5 C:\xampp\htdocs\nanko\system\CodeIgniter.php(400): CodeIgniter\CodeIgniter->runController(Object(App\Controllers\Padecimientos))
#6 C:\xampp\htdocs\nanko\system\CodeIgniter.php(308): CodeIgniter\CodeIgniter->handleRequest(NULL, Object(Config\Cache), false)
#7 C:\xampp\htdocs\nanko\public\index.php(45): CodeIgniter\CodeIgniter->run()
#8 C:\xampp\htdocs\nanko\system\Commands\Server\rewrite.php(34): require_once('C:\\xampp\\htdocs...')
#9 {main}
CRITICAL - 2020-12-06 12:29:33 --> Undefined variable: Producto_model
#0 C:\xampp\htdocs\nanko\app\Controllers\Clientes.php(162): CodeIgniter\Debug\Exceptions->errorHandler(8, 'Undefined varia...', 'C:\\xampp\\htdocs...', 162, Array)
#1 C:\xampp\htdocs\nanko\system\CodeIgniter.php(914): App\Controllers\Clientes->dosis()
#2 C:\xampp\htdocs\nanko\system\CodeIgniter.php(400): CodeIgniter\CodeIgniter->runController(Object(App\Controllers\Clientes))
#3 C:\xampp\htdocs\nanko\system\CodeIgniter.php(308): CodeIgniter\CodeIgniter->handleRequest(NULL, Object(Config\Cache), false)
#4 C:\xampp\htdocs\nanko\public\index.php(45): CodeIgniter\CodeIgniter->run()
#5 C:\xampp\htdocs\nanko\system\Commands\Server\rewrite.php(34): require_once('C:\\xampp\\htdocs...')
#6 {main}
CRITICAL - 2020-12-06 12:29:34 --> Undefined variable: Producto_model
#0 C:\xampp\htdocs\nanko\app\Controllers\Clientes.php(162): CodeIgniter\Debug\Exceptions->errorHandler(8, 'Undefined varia...', 'C:\\xampp\\htdocs...', 162, Array)
#1 C:\xampp\htdocs\nanko\system\CodeIgniter.php(914): App\Controllers\Clientes->dosis()
#2 C:\xampp\htdocs\nanko\system\CodeIgniter.php(400): CodeIgniter\CodeIgniter->runController(Object(App\Controllers\Clientes))
#3 C:\xampp\htdocs\nanko\system\CodeIgniter.php(308): CodeIgniter\CodeIgniter->handleRequest(NULL, Object(Config\Cache), false)
#4 C:\xampp\htdocs\nanko\public\index.php(45): CodeIgniter\CodeIgniter->run()
#5 C:\xampp\htdocs\nanko\system\Commands\Server\rewrite.php(34): require_once('C:\\xampp\\htdocs...')
#6 {main}
CRITICAL - 2020-12-06 12:29:43 --> Unknown column 'id_producto' in 'IN/ALL/ANY subquery'
#0 C:\xampp\htdocs\nanko\system\Database\MySQLi\Connection.php(331): mysqli->query('SELECT *\nFROM `...')
#1 C:\xampp\htdocs\nanko\system\Database\BaseConnection.php(741): CodeIgniter\Database\MySQLi\Connection->execute('SELECT *\nFROM `...')
#2 C:\xampp\htdocs\nanko\system\Database\BaseConnection.php(669): CodeIgniter\Database\BaseConnection->simpleQuery('SELECT *\nFROM `...')
#3 C:\xampp\htdocs\nanko\system\Database\BaseBuilder.php(1860): CodeIgniter\Database\BaseConnection->query('SELECT *\nFROM `...', Array, false)
#4 C:\xampp\htdocs\nanko\system\Model.php(462): CodeIgniter\Database\BaseBuilder->get()
#5 C:\xampp\htdocs\nanko\app\Controllers\Clientes.php(162): CodeIgniter\Model->findAll()
#6 C:\xampp\htdocs\nanko\system\CodeIgniter.php(914): App\Controllers\Clientes->dosis()
#7 C:\xampp\htdocs\nanko\system\CodeIgniter.php(400): CodeIgniter\CodeIgniter->runController(Object(App\Controllers\Clientes))
#8 C:\xampp\htdocs\nanko\system\CodeIgniter.php(308): CodeIgniter\CodeIgniter->handleRequest(NULL, Object(Config\Cache), false)
#9 C:\xampp\htdocs\nanko\public\index.php(45): CodeIgniter\CodeIgniter->run()
#10 C:\xampp\htdocs\nanko\system\Commands\Server\rewrite.php(34): require_once('C:\\xampp\\htdocs...')
#11 {main}
CRITICAL - 2020-12-06 12:30:40 --> Undefined index: id_producto
#0 C:\xampp\htdocs\nanko\app\Controllers\Clientes.php(167): CodeIgniter\Debug\Exceptions->errorHandler(8, 'Undefined index...', 'C:\\xampp\\htdocs...', 167, Array)
#1 C:\xampp\htdocs\nanko\system\CodeIgniter.php(914): App\Controllers\Clientes->dosis()
#2 C:\xampp\htdocs\nanko\system\CodeIgniter.php(400): CodeIgniter\CodeIgniter->runController(Object(App\Controllers\Clientes))
#3 C:\xampp\htdocs\nanko\system\CodeIgniter.php(308): CodeIgniter\CodeIgniter->handleRequest(NULL, Object(Config\Cache), false)
#4 C:\xampp\htdocs\nanko\public\index.php(45): CodeIgniter\CodeIgniter->run()
#5 C:\xampp\htdocs\nanko\system\Commands\Server\rewrite.php(34): require_once('C:\\xampp\\htdocs...')
#6 {main}
CRITICAL - 2020-12-06 23:22:00 --> Descifrado: autenticación fallida.
#0 C:\xampp\htdocs\nanko\system\Encryption\Handlers\OpenSSLHandler.php(159): CodeIgniter\Encryption\Exceptions\EncryptionException::forAuthenticationFailed()
#1 C:\xampp\htdocs\nanko\app\Controllers\Clientes.php(115): CodeIgniter\Encryption\Handlers\OpenSSLHandler->decrypt('')
#2 C:\xampp\htdocs\nanko\system\CodeIgniter.php(914): App\Controllers\Clientes->calcular_dosis()
#3 C:\xampp\htdocs\nanko\system\CodeIgniter.php(400): CodeIgniter\CodeIgniter->runController(Object(App\Controllers\Clientes))
#4 C:\xampp\htdocs\nanko\system\CodeIgniter.php(308): CodeIgniter\CodeIgniter->handleRequest(NULL, Object(Config\Cache), false)
#5 C:\xampp\htdocs\nanko\public\index.php(45): CodeIgniter\CodeIgniter->run()
#6 C:\xampp\htdocs\nanko\system\Commands\Server\rewrite.php(34): require_once('C:\\xampp\\htdocs...')
#7 {main}
CRITICAL - 2020-12-06 23:22:03 --> Descifrado: autenticación fallida.
#0 C:\xampp\htdocs\nanko\system\Encryption\Handlers\OpenSSLHandler.php(159): CodeIgniter\Encryption\Exceptions\EncryptionException::forAuthenticationFailed()
#1 C:\xampp\htdocs\nanko\app\Controllers\Clientes.php(115): CodeIgniter\Encryption\Handlers\OpenSSLHandler->decrypt('')
#2 C:\xampp\htdocs\nanko\system\CodeIgniter.php(914): App\Controllers\Clientes->calcular_dosis()
#3 C:\xampp\htdocs\nanko\system\CodeIgniter.php(400): CodeIgniter\CodeIgniter->runController(Object(App\Controllers\Clientes))
#4 C:\xampp\htdocs\nanko\system\CodeIgniter.php(308): CodeIgniter\CodeIgniter->handleRequest(NULL, Object(Config\Cache), false)
#5 C:\xampp\htdocs\nanko\public\index.php(45): CodeIgniter\CodeIgniter->run()
#6 C:\xampp\htdocs\nanko\system\Commands\Server\rewrite.php(34): require_once('C:\\xampp\\htdocs...')
#7 {main}
CRITICAL - 2020-12-06 23:24:54 --> Descifrado: autenticación fallida.
#0 C:\xampp\htdocs\nanko\system\Encryption\Handlers\OpenSSLHandler.php(159): CodeIgniter\Encryption\Exceptions\EncryptionException::forAuthenticationFailed()
#1 C:\xampp\htdocs\nanko\app\Controllers\Clientes.php(113): CodeIgniter\Encryption\Handlers\OpenSSLHandler->decrypt('')
#2 C:\xampp\htdocs\nanko\system\CodeIgniter.php(914): App\Controllers\Clientes->calcular_dosis()
#3 C:\xampp\htdocs\nanko\system\CodeIgniter.php(400): CodeIgniter\CodeIgniter->runController(Object(App\Controllers\Clientes))
#4 C:\xampp\htdocs\nanko\system\CodeIgniter.php(308): CodeIgniter\CodeIgniter->handleRequest(NULL, Object(Config\Cache), false)
#5 C:\xampp\htdocs\nanko\public\index.php(45): CodeIgniter\CodeIgniter->run()
#6 C:\xampp\htdocs\nanko\system\Commands\Server\rewrite.php(34): require_once('C:\\xampp\\htdocs...')
#7 {main}
CRITICAL - 2020-12-06 23:25:19 --> You have an error in your SQL syntax; check the manual that corresponds to your MariaDB server version for the right syntax to use near '(edad_min < 14AND edad_max > 14) AND (`peso_min` < 25 AND `peso_max` > 25)
 LIMI' at line 3
#0 C:\xampp\htdocs\nanko\system\Database\MySQLi\Connection.php(331): mysqli->query('SELECT *\nFROM `...')
#1 C:\xampp\htdocs\nanko\system\Database\BaseConnection.php(741): CodeIgniter\Database\MySQLi\Connection->execute('SELECT *\nFROM `...')
#2 C:\xampp\htdocs\nanko\system\Database\BaseConnection.php(669): CodeIgniter\Database\BaseConnection->simpleQuery('SELECT *\nFROM `...')
#3 C:\xampp\htdocs\nanko\system\Database\BaseBuilder.php(1860): CodeIgniter\Database\BaseConnection->query('SELECT *\nFROM `...', Array, false)
#4 C:\xampp\htdocs\nanko\system\Model.php(506): CodeIgniter\Database\BaseBuilder->get()
#5 C:\xampp\htdocs\nanko\app\Controllers\Clientes.php(114): CodeIgniter\Model->first()
#6 C:\xampp\htdocs\nanko\system\CodeIgniter.php(914): App\Controllers\Clientes->calcular_dosis()
#7 C:\xampp\htdocs\nanko\system\CodeIgniter.php(400): CodeIgniter\CodeIgniter->runController(Object(App\Controllers\Clientes))
#8 C:\xampp\htdocs\nanko\system\CodeIgniter.php(308): CodeIgniter\CodeIgniter->handleRequest(NULL, Object(Config\Cache), false)
#9 C:\xampp\htdocs\nanko\public\index.php(45): CodeIgniter\CodeIgniter->run()
#10 C:\xampp\htdocs\nanko\system\Commands\Server\rewrite.php(34): require_once('C:\\xampp\\htdocs...')
#11 {main}
CRITICAL - 2020-12-06 23:26:03 --> You have an error in your SQL syntax; check the manual that corresponds to your MariaDB server version for the right syntax to use near '(edad_min < 14 AND `edad_max` > 14) AND (`peso_min` < 25 AND `peso_max` > 25)
 L' at line 3
#0 C:\xampp\htdocs\nanko\system\Database\MySQLi\Connection.php(331): mysqli->query('SELECT *\nFROM `...')
#1 C:\xampp\htdocs\nanko\system\Database\BaseConnection.php(741): CodeIgniter\Database\MySQLi\Connection->execute('SELECT *\nFROM `...')
#2 C:\xampp\htdocs\nanko\system\Database\BaseConnection.php(669): CodeIgniter\Database\BaseConnection->simpleQuery('SELECT *\nFROM `...')
#3 C:\xampp\htdocs\nanko\system\Database\BaseBuilder.php(1860): CodeIgniter\Database\BaseConnection->query('SELECT *\nFROM `...', Array, false)
#4 C:\xampp\htdocs\nanko\system\Model.php(506): CodeIgniter\Database\BaseBuilder->get()
#5 C:\xampp\htdocs\nanko\app\Controllers\Clientes.php(114): CodeIgniter\Model->first()
#6 C:\xampp\htdocs\nanko\system\CodeIgniter.php(914): App\Controllers\Clientes->calcular_dosis()
#7 C:\xampp\htdocs\nanko\system\CodeIgniter.php(400): CodeIgniter\CodeIgniter->runController(Object(App\Controllers\Clientes))
#8 C:\xampp\htdocs\nanko\system\CodeIgniter.php(308): CodeIgniter\CodeIgniter->handleRequest(NULL, Object(Config\Cache), false)
#9 C:\xampp\htdocs\nanko\public\index.php(45): CodeIgniter\CodeIgniter->run()
#10 C:\xampp\htdocs\nanko\system\Commands\Server\rewrite.php(34): require_once('C:\\xampp\\htdocs...')
#11 {main}
CRITICAL - 2020-12-06 23:29:07 --> Descifrado: autenticación fallida.
#0 C:\xampp\htdocs\nanko\system\Encryption\Handlers\OpenSSLHandler.php(159): CodeIgniter\Encryption\Exceptions\EncryptionException::forAuthenticationFailed()
#1 C:\xampp\htdocs\nanko\app\Controllers\Clientes.php(113): CodeIgniter\Encryption\Handlers\OpenSSLHandler->decrypt('')
#2 C:\xampp\htdocs\nanko\system\CodeIgniter.php(914): App\Controllers\Clientes->calcular_dosis()
#3 C:\xampp\htdocs\nanko\system\CodeIgniter.php(400): CodeIgniter\CodeIgniter->runController(Object(App\Controllers\Clientes))
#4 C:\xampp\htdocs\nanko\system\CodeIgniter.php(308): CodeIgniter\CodeIgniter->handleRequest(NULL, Object(Config\Cache), false)
#5 C:\xampp\htdocs\nanko\public\index.php(45): CodeIgniter\CodeIgniter->run()
#6 C:\xampp\htdocs\nanko\system\Commands\Server\rewrite.php(34): require_once('C:\\xampp\\htdocs...')
#7 {main}
