CRITICAL - 2020-10-01 02:09:44 --> Call to a member function findAll() on null
#0 C:\xampp\htdocs\nanko\app\Controllers\Blog.php(16): App\Controllers\Blog->mostrar_entradas()
#1 C:\xampp\htdocs\nanko\system\CodeIgniter.php(914): App\Controllers\Blog->index()
#2 C:\xampp\htdocs\nanko\system\CodeIgniter.php(400): CodeIgniter\CodeIgniter->runController(Object(App\Controllers\Blog))
#3 C:\xampp\htdocs\nanko\system\CodeIgniter.php(308): CodeIgniter\CodeIgniter->handleRequest(NULL, Object(Config\Cache), false)
#4 C:\xampp\htdocs\nanko\public\index.php(45): CodeIgniter\CodeIgniter->run()
#5 C:\xampp\htdocs\nanko\system\Commands\Server\rewrite.php(34): require_once('C:\\xampp\\htdocs...')
#6 {main}
CRITICAL - 2020-10-01 02:10:46 --> Undefined variable: productos
#0 C:\xampp\htdocs\nanko\app\Views\Administrador\Modal\nuevo_padecimiento.php(21): CodeIgniter\Debug\Exceptions->errorHandler(8, 'Undefined varia...', 'C:\\xampp\\htdocs...', 21, Array)
#1 C:\xampp\htdocs\nanko\system\View\View.php(246): include('C:\\xampp\\htdocs...')
#2 C:\xampp\htdocs\nanko\system\Common.php(1119): CodeIgniter\View\View->render('Administrador/M...', Array, true)
#3 C:\xampp\htdocs\nanko\app\Views\Administrador\mostrar_entradas.php(104): view('Administrador/M...')
#4 C:\xampp\htdocs\nanko\system\View\View.php(246): include('C:\\xampp\\htdocs...')
#5 C:\xampp\htdocs\nanko\system\Common.php(1119): CodeIgniter\View\View->render('Administrador/m...', Array, true)
#6 C:\xampp\htdocs\nanko\app\Controllers\Blog.php(43): view('Administrador/m...', Array)
#7 C:\xampp\htdocs\nanko\app\Controllers\Blog.php(16): App\Controllers\Blog->mostrar_entradas()
#8 C:\xampp\htdocs\nanko\system\CodeIgniter.php(914): App\Controllers\Blog->index()
#9 C:\xampp\htdocs\nanko\system\CodeIgniter.php(400): CodeIgniter\CodeIgniter->runController(Object(App\Controllers\Blog))
#10 C:\xampp\htdocs\nanko\system\CodeIgniter.php(308): CodeIgniter\CodeIgniter->handleRequest(NULL, Object(Config\Cache), false)
#11 C:\xampp\htdocs\nanko\public\index.php(45): CodeIgniter\CodeIgniter->run()
#12 C:\xampp\htdocs\nanko\system\Commands\Server\rewrite.php(34): require_once('C:\\xampp\\htdocs...')
#13 {main}
