CRITICAL - 2020-12-19 00:02:07 --> Undefined index: id_prodcuto
#0 C:\xampp\htdocs\nanko\app\Controllers\Clientes.php(379): CodeIgniter\Debug\Exceptions->errorHandler(8, 'Undefined index...', 'C:\\xampp\\htdocs...', 379, Array)
#1 C:\xampp\htdocs\nanko\system\CodeIgniter.php(914): App\Controllers\Clientes->pagar()
#2 C:\xampp\htdocs\nanko\system\CodeIgniter.php(400): CodeIgniter\CodeIgniter->runController(Object(App\Controllers\Clientes))
#3 C:\xampp\htdocs\nanko\system\CodeIgniter.php(308): CodeIgniter\CodeIgniter->handleRequest(NULL, Object(Config\Cache), false)
#4 C:\xampp\htdocs\nanko\public\index.php(45): CodeIgniter\CodeIgniter->run()
#5 C:\xampp\htdocs\nanko\system\Commands\Server\rewrite.php(34): require_once('C:\\xampp\\htdocs...')
#6 {main}
CRITICAL - 2020-12-19 13:07:11 --> Unknown column 'id_usuario' in 'where clause'
#0 C:\xampp\htdocs\nanko\system\Database\MySQLi\Connection.php(331): mysqli->query('SELECT *\nFROM `...')
#1 C:\xampp\htdocs\nanko\system\Database\BaseConnection.php(741): CodeIgniter\Database\MySQLi\Connection->execute('SELECT *\nFROM `...')
#2 C:\xampp\htdocs\nanko\system\Database\BaseConnection.php(669): CodeIgniter\Database\BaseConnection->simpleQuery('SELECT *\nFROM `...')
#3 C:\xampp\htdocs\nanko\system\Database\BaseBuilder.php(1860): CodeIgniter\Database\BaseConnection->query('SELECT *\nFROM `...', Array, false)
#4 C:\xampp\htdocs\nanko\system\Model.php(462): CodeIgniter\Database\BaseBuilder->get()
#5 C:\xampp\htdocs\nanko\app\Controllers\Clientes.php(154): CodeIgniter\Model->findAll()
#6 C:\xampp\htdocs\nanko\app\Controllers\Clientes.php(26): App\Controllers\Clientes->mostrar_inicio()
#7 C:\xampp\htdocs\nanko\system\CodeIgniter.php(914): App\Controllers\Clientes->index()
#8 C:\xampp\htdocs\nanko\system\CodeIgniter.php(400): CodeIgniter\CodeIgniter->runController(Object(App\Controllers\Clientes))
#9 C:\xampp\htdocs\nanko\system\CodeIgniter.php(308): CodeIgniter\CodeIgniter->handleRequest(NULL, Object(Config\Cache), false)
#10 C:\xampp\htdocs\nanko\public\index.php(45): CodeIgniter\CodeIgniter->run()
#11 C:\xampp\htdocs\nanko\system\Commands\Server\rewrite.php(34): require_once('C:\\xampp\\htdocs...')
#12 {main}
CRITICAL - 2020-12-19 13:09:42 --> Invalid argument supplied for foreach()
#0 C:\xampp\htdocs\nanko\app\Views\Cliente\Footer.php(196): CodeIgniter\Debug\Exceptions->errorHandler(2, 'Invalid argumen...', 'C:\\xampp\\htdocs...', 196, Array)
#1 C:\xampp\htdocs\nanko\system\View\View.php(246): include('C:\\xampp\\htdocs...')
#2 C:\xampp\htdocs\nanko\system\Common.php(1119): CodeIgniter\View\View->render('Cliente/Footer', Array, true)
#3 C:\xampp\htdocs\nanko\app\Views\Cliente\Inicio.php(165): view('Cliente/Footer')
#4 C:\xampp\htdocs\nanko\system\View\View.php(246): include('C:\\xampp\\htdocs...')
#5 C:\xampp\htdocs\nanko\system\Common.php(1119): CodeIgniter\View\View->render('Cliente/Inicio', Array, true)
#6 C:\xampp\htdocs\nanko\app\Controllers\Clientes.php(204): view('Cliente/Inicio', Array)
#7 C:\xampp\htdocs\nanko\system\CodeIgniter.php(914): App\Controllers\Clientes->mostrar_inicio()
#8 C:\xampp\htdocs\nanko\system\CodeIgniter.php(400): CodeIgniter\CodeIgniter->runController(Object(App\Controllers\Clientes))
#9 C:\xampp\htdocs\nanko\system\CodeIgniter.php(308): CodeIgniter\CodeIgniter->handleRequest(NULL, Object(Config\Cache), false)
#10 C:\xampp\htdocs\nanko\public\index.php(45): CodeIgniter\CodeIgniter->run()
#11 C:\xampp\htdocs\nanko\system\Commands\Server\rewrite.php(34): require_once('C:\\xampp\\htdocs...')
#12 {main}
CRITICAL - 2020-12-19 14:25:53 --> Archivo inválido: {0}
#0 C:\xampp\htdocs\nanko\system\View\View.php(228): CodeIgniter\Exceptions\FrameworkException::forInvalidFile('Adminsitrador/m...')
#1 C:\xampp\htdocs\nanko\system\Common.php(1119): CodeIgniter\View\View->render('Adminsitrador/m...', Array, true)
#2 C:\xampp\htdocs\nanko\app\Controllers\Envios.php(93): view('Adminsitrador/m...', Array)
#3 C:\xampp\htdocs\nanko\app\Controllers\Envios.php(18): App\Controllers\Envios->mostrar_ordenes()
#4 C:\xampp\htdocs\nanko\system\CodeIgniter.php(914): App\Controllers\Envios->index()
#5 C:\xampp\htdocs\nanko\system\CodeIgniter.php(400): CodeIgniter\CodeIgniter->runController(Object(App\Controllers\Envios))
#6 C:\xampp\htdocs\nanko\system\CodeIgniter.php(308): CodeIgniter\CodeIgniter->handleRequest(NULL, Object(Config\Cache), false)
#7 C:\xampp\htdocs\nanko\public\index.php(45): CodeIgniter\CodeIgniter->run()
#8 C:\xampp\htdocs\nanko\system\Commands\Server\rewrite.php(34): require_once('C:\\xampp\\htdocs...')
#9 {main}
CRITICAL - 2020-12-19 14:26:22 --> Undefined variable: session
#0 C:\xampp\htdocs\nanko\app\Views\Administrador\mostrar_ordenes.php(145): CodeIgniter\Debug\Exceptions->errorHandler(8, 'Undefined varia...', 'C:\\xampp\\htdocs...', 145, Array)
#1 C:\xampp\htdocs\nanko\system\View\View.php(246): include('C:\\xampp\\htdocs...')
#2 C:\xampp\htdocs\nanko\system\Common.php(1119): CodeIgniter\View\View->render('Administrador/m...', Array, true)
#3 C:\xampp\htdocs\nanko\app\Controllers\Envios.php(93): view('Administrador/m...', Array)
#4 C:\xampp\htdocs\nanko\app\Controllers\Envios.php(18): App\Controllers\Envios->mostrar_ordenes()
#5 C:\xampp\htdocs\nanko\system\CodeIgniter.php(914): App\Controllers\Envios->index()
#6 C:\xampp\htdocs\nanko\system\CodeIgniter.php(400): CodeIgniter\CodeIgniter->runController(Object(App\Controllers\Envios))
#7 C:\xampp\htdocs\nanko\system\CodeIgniter.php(308): CodeIgniter\CodeIgniter->handleRequest(NULL, Object(Config\Cache), false)
#8 C:\xampp\htdocs\nanko\public\index.php(45): CodeIgniter\CodeIgniter->run()
#9 C:\xampp\htdocs\nanko\system\Commands\Server\rewrite.php(34): require_once('C:\\xampp\\htdocs...')
#10 {main}
