CRITICAL - 2021-09-01 14:44:09 --> The transaction amount exceeds your allowed transaction limit
#0 /home3/nankoco1/nanko/app/ThirdParty/Openpay/data/OpenpayApiConnector.php(204): OpenpayApiConnector->handleRequestError('{"http_code":41...', 412, Array)
#1 /home3/nankoco1/nanko/app/ThirdParty/Openpay/data/OpenpayApiConnector.php(66): OpenpayApiConnector->interpretResponse('{"http_code":41...', 412)
#2 /home3/nankoco1/nanko/app/ThirdParty/Openpay/data/OpenpayApiConnector.php(284): OpenpayApiConnector->_request('post', '/customers/axkn...', Array)
#3 /home3/nankoco1/nanko/app/ThirdParty/Openpay/data/OpenpayApiResourceBase.php(270): OpenpayApiConnector::request('post', '/customers/axkn...', Array)
#4 /home3/nankoco1/nanko/app/ThirdParty/Openpay/data/OpenpayApiDerivedResource.php(63): OpenpayApiResourceBase->_create('OpenpayCharge', Array, Array)
#5 /home3/nankoco1/nanko/app/ThirdParty/Openpay/resources/OpenpayCharge.php(50): OpenpayApiDerivedResource->add(Array)
#6 /home3/nankoco1/nanko/app/Libraries/Pago.php(39): OpenpayChargeList->create(Array)
#7 /home3/nankoco1/nanko/app/Controllers/Clientes.php(1673): App\Libraries\Pago->pago(Array, Object(OpenpayCustomer))
#8 /home3/nankoco1/nanko/system/CodeIgniter.php(914): App\Controllers\Clientes->pagar()
#9 /home3/nankoco1/nanko/system/CodeIgniter.php(400): CodeIgniter\CodeIgniter->runController(Object(App\Controllers\Clientes))
#10 /home3/nankoco1/nanko/system/CodeIgniter.php(308): CodeIgniter\CodeIgniter->handleRequest(NULL, Object(Config\Cache), false)
#11 /home3/nankoco1/public_html/index.php(45): CodeIgniter\CodeIgniter->run()
#12 {main}
CRITICAL - 2021-09-01 14:46:53 --> The transaction amount exceeds your allowed transaction limit
#0 /home3/nankoco1/nanko/app/ThirdParty/Openpay/data/OpenpayApiConnector.php(204): OpenpayApiConnector->handleRequestError('{"http_code":41...', 412, Array)
#1 /home3/nankoco1/nanko/app/ThirdParty/Openpay/data/OpenpayApiConnector.php(66): OpenpayApiConnector->interpretResponse('{"http_code":41...', 412)
#2 /home3/nankoco1/nanko/app/ThirdParty/Openpay/data/OpenpayApiConnector.php(284): OpenpayApiConnector->_request('post', '/customers/axkn...', Array)
#3 /home3/nankoco1/nanko/app/ThirdParty/Openpay/data/OpenpayApiResourceBase.php(270): OpenpayApiConnector::request('post', '/customers/axkn...', Array)
#4 /home3/nankoco1/nanko/app/ThirdParty/Openpay/data/OpenpayApiDerivedResource.php(63): OpenpayApiResourceBase->_create('OpenpayCharge', Array, Array)
#5 /home3/nankoco1/nanko/app/ThirdParty/Openpay/resources/OpenpayCharge.php(50): OpenpayApiDerivedResource->add(Array)
#6 /home3/nankoco1/nanko/app/Libraries/Pago.php(39): OpenpayChargeList->create(Array)
#7 /home3/nankoco1/nanko/app/Controllers/Clientes.php(1673): App\Libraries\Pago->pago(Array, Object(OpenpayCustomer))
#8 /home3/nankoco1/nanko/system/CodeIgniter.php(914): App\Controllers\Clientes->pagar()
#9 /home3/nankoco1/nanko/system/CodeIgniter.php(400): CodeIgniter\CodeIgniter->runController(Object(App\Controllers\Clientes))
#10 /home3/nankoco1/nanko/system/CodeIgniter.php(308): CodeIgniter\CodeIgniter->handleRequest(NULL, Object(Config\Cache), false)
#11 /home3/nankoco1/public_html/index.php(45): CodeIgniter\CodeIgniter->run()
#12 {main}
CRITICAL - 2021-09-01 18:50:12 --> The transaction amount exceeds your allowed transaction limit
#0 /home3/nankoco1/nanko/app/ThirdParty/Openpay/data/OpenpayApiConnector.php(204): OpenpayApiConnector->handleRequestError('{"http_code":41...', 412, Array)
#1 /home3/nankoco1/nanko/app/ThirdParty/Openpay/data/OpenpayApiConnector.php(66): OpenpayApiConnector->interpretResponse('{"http_code":41...', 412)
#2 /home3/nankoco1/nanko/app/ThirdParty/Openpay/data/OpenpayApiConnector.php(284): OpenpayApiConnector->_request('post', '/customers/axkn...', Array)
#3 /home3/nankoco1/nanko/app/ThirdParty/Openpay/data/OpenpayApiResourceBase.php(270): OpenpayApiConnector::request('post', '/customers/axkn...', Array)
#4 /home3/nankoco1/nanko/app/ThirdParty/Openpay/data/OpenpayApiDerivedResource.php(63): OpenpayApiResourceBase->_create('OpenpayCharge', Array, Array)
#5 /home3/nankoco1/nanko/app/ThirdParty/Openpay/resources/OpenpayCharge.php(50): OpenpayApiDerivedResource->add(Array)
#6 /home3/nankoco1/nanko/app/Libraries/Pago.php(39): OpenpayChargeList->create(Array)
#7 /home3/nankoco1/nanko/app/Controllers/Clientes.php(1673): App\Libraries\Pago->pago(Array, Object(OpenpayCustomer))
#8 /home3/nankoco1/nanko/system/CodeIgniter.php(914): App\Controllers\Clientes->pagar()
#9 /home3/nankoco1/nanko/system/CodeIgniter.php(400): CodeIgniter\CodeIgniter->runController(Object(App\Controllers\Clientes))
#10 /home3/nankoco1/nanko/system/CodeIgniter.php(308): CodeIgniter\CodeIgniter->handleRequest(NULL, Object(Config\Cache), false)
#11 /home3/nankoco1/public_html/index.php(45): CodeIgniter\CodeIgniter->run()
#12 {main}
CRITICAL - 2021-09-01 18:58:44 --> The transaction amount exceeds your allowed transaction limit
#0 /home3/nankoco1/nanko/app/ThirdParty/Openpay/data/OpenpayApiConnector.php(204): OpenpayApiConnector->handleRequestError('{"http_code":41...', 412, Array)
#1 /home3/nankoco1/nanko/app/ThirdParty/Openpay/data/OpenpayApiConnector.php(66): OpenpayApiConnector->interpretResponse('{"http_code":41...', 412)
#2 /home3/nankoco1/nanko/app/ThirdParty/Openpay/data/OpenpayApiConnector.php(284): OpenpayApiConnector->_request('post', '/customers/axkn...', Array)
#3 /home3/nankoco1/nanko/app/ThirdParty/Openpay/data/OpenpayApiResourceBase.php(270): OpenpayApiConnector::request('post', '/customers/axkn...', Array)
#4 /home3/nankoco1/nanko/app/ThirdParty/Openpay/data/OpenpayApiDerivedResource.php(63): OpenpayApiResourceBase->_create('OpenpayCharge', Array, Array)
#5 /home3/nankoco1/nanko/app/ThirdParty/Openpay/resources/OpenpayCharge.php(50): OpenpayApiDerivedResource->add(Array)
#6 /home3/nankoco1/nanko/app/Libraries/Pago.php(39): OpenpayChargeList->create(Array)
#7 /home3/nankoco1/nanko/app/Controllers/Clientes.php(1673): App\Libraries\Pago->pago(Array, Object(OpenpayCustomer))
#8 /home3/nankoco1/nanko/system/CodeIgniter.php(914): App\Controllers\Clientes->pagar()
#9 /home3/nankoco1/nanko/system/CodeIgniter.php(400): CodeIgniter\CodeIgniter->runController(Object(App\Controllers\Clientes))
#10 /home3/nankoco1/nanko/system/CodeIgniter.php(308): CodeIgniter\CodeIgniter->handleRequest(NULL, Object(Config\Cache), false)
#11 /home3/nankoco1/public_html/index.php(45): CodeIgniter\CodeIgniter->run()
#12 {main}
CRITICAL - 2021-09-01 19:36:47 --> The transaction amount exceeds your allowed transaction limit
#0 /home3/nankoco1/nanko/app/ThirdParty/Openpay/data/OpenpayApiConnector.php(204): OpenpayApiConnector->handleRequestError('{"http_code":41...', 412, Array)
#1 /home3/nankoco1/nanko/app/ThirdParty/Openpay/data/OpenpayApiConnector.php(66): OpenpayApiConnector->interpretResponse('{"http_code":41...', 412)
#2 /home3/nankoco1/nanko/app/ThirdParty/Openpay/data/OpenpayApiConnector.php(284): OpenpayApiConnector->_request('post', '/customers/axkn...', Array)
#3 /home3/nankoco1/nanko/app/ThirdParty/Openpay/data/OpenpayApiResourceBase.php(270): OpenpayApiConnector::request('post', '/customers/axkn...', Array)
#4 /home3/nankoco1/nanko/app/ThirdParty/Openpay/data/OpenpayApiDerivedResource.php(63): OpenpayApiResourceBase->_create('OpenpayCharge', Array, Array)
#5 /home3/nankoco1/nanko/app/ThirdParty/Openpay/resources/OpenpayCharge.php(50): OpenpayApiDerivedResource->add(Array)
#6 /home3/nankoco1/nanko/app/Libraries/Pago.php(39): OpenpayChargeList->create(Array)
#7 /home3/nankoco1/nanko/app/Controllers/Clientes.php(1673): App\Libraries\Pago->pago(Array, Object(OpenpayCustomer))
#8 /home3/nankoco1/nanko/system/CodeIgniter.php(914): App\Controllers\Clientes->pagar()
#9 /home3/nankoco1/nanko/system/CodeIgniter.php(400): CodeIgniter\CodeIgniter->runController(Object(App\Controllers\Clientes))
#10 /home3/nankoco1/nanko/system/CodeIgniter.php(308): CodeIgniter\CodeIgniter->handleRequest(NULL, Object(Config\Cache), false)
#11 /home3/nankoco1/public_html/index.php(45): CodeIgniter\CodeIgniter->run()
#12 {main}
CRITICAL - 2021-09-01 19:38:31 --> The transaction amount exceeds your allowed transaction limit
#0 /home3/nankoco1/nanko/app/ThirdParty/Openpay/data/OpenpayApiConnector.php(204): OpenpayApiConnector->handleRequestError('{"http_code":41...', 412, Array)
#1 /home3/nankoco1/nanko/app/ThirdParty/Openpay/data/OpenpayApiConnector.php(66): OpenpayApiConnector->interpretResponse('{"http_code":41...', 412)
#2 /home3/nankoco1/nanko/app/ThirdParty/Openpay/data/OpenpayApiConnector.php(284): OpenpayApiConnector->_request('post', '/customers/axkn...', Array)
#3 /home3/nankoco1/nanko/app/ThirdParty/Openpay/data/OpenpayApiResourceBase.php(270): OpenpayApiConnector::request('post', '/customers/axkn...', Array)
#4 /home3/nankoco1/nanko/app/ThirdParty/Openpay/data/OpenpayApiDerivedResource.php(63): OpenpayApiResourceBase->_create('OpenpayCharge', Array, Array)
#5 /home3/nankoco1/nanko/app/ThirdParty/Openpay/resources/OpenpayCharge.php(50): OpenpayApiDerivedResource->add(Array)
#6 /home3/nankoco1/nanko/app/Libraries/Pago.php(39): OpenpayChargeList->create(Array)
#7 /home3/nankoco1/nanko/app/Controllers/Clientes.php(1673): App\Libraries\Pago->pago(Array, Object(OpenpayCustomer))
#8 /home3/nankoco1/nanko/system/CodeIgniter.php(914): App\Controllers\Clientes->pagar()
#9 /home3/nankoco1/nanko/system/CodeIgniter.php(400): CodeIgniter\CodeIgniter->runController(Object(App\Controllers\Clientes))
#10 /home3/nankoco1/nanko/system/CodeIgniter.php(308): CodeIgniter\CodeIgniter->handleRequest(NULL, Object(Config\Cache), false)
#11 /home3/nankoco1/public_html/index.php(45): CodeIgniter\CodeIgniter->run()
#12 {main}
CRITICAL - 2021-09-01 19:51:09 --> The transaction amount exceeds your allowed transaction limit
#0 /home3/nankoco1/nanko/app/ThirdParty/Openpay/data/OpenpayApiConnector.php(204): OpenpayApiConnector->handleRequestError('{"http_code":41...', 412, Array)
#1 /home3/nankoco1/nanko/app/ThirdParty/Openpay/data/OpenpayApiConnector.php(66): OpenpayApiConnector->interpretResponse('{"http_code":41...', 412)
#2 /home3/nankoco1/nanko/app/ThirdParty/Openpay/data/OpenpayApiConnector.php(284): OpenpayApiConnector->_request('post', '/customers/axkn...', Array)
#3 /home3/nankoco1/nanko/app/ThirdParty/Openpay/data/OpenpayApiResourceBase.php(270): OpenpayApiConnector::request('post', '/customers/axkn...', Array)
#4 /home3/nankoco1/nanko/app/ThirdParty/Openpay/data/OpenpayApiDerivedResource.php(63): OpenpayApiResourceBase->_create('OpenpayCharge', Array, Array)
#5 /home3/nankoco1/nanko/app/ThirdParty/Openpay/resources/OpenpayCharge.php(50): OpenpayApiDerivedResource->add(Array)
#6 /home3/nankoco1/nanko/app/Libraries/Pago.php(39): OpenpayChargeList->create(Array)
#7 /home3/nankoco1/nanko/app/Controllers/Clientes.php(1673): App\Libraries\Pago->pago(Array, Object(OpenpayCustomer))
#8 /home3/nankoco1/nanko/system/CodeIgniter.php(914): App\Controllers\Clientes->pagar()
#9 /home3/nankoco1/nanko/system/CodeIgniter.php(400): CodeIgniter\CodeIgniter->runController(Object(App\Controllers\Clientes))
#10 /home3/nankoco1/nanko/system/CodeIgniter.php(308): CodeIgniter\CodeIgniter->handleRequest(NULL, Object(Config\Cache), false)
#11 /home3/nankoco1/public_html/index.php(45): CodeIgniter\CodeIgniter->run()
#12 {main}
