CRITICAL - 2020-09-24 02:07:05 --> Undefined index: stock
#0 C:\xampp\htdocs\nanko\app\Views\Administrador\mostrar_productos.php(87): CodeIgniter\Debug\Exceptions->errorHandler(8, 'Undefined index...', 'C:\\xampp\\htdocs...', 87, Array)
#1 C:\xampp\htdocs\nanko\system\View\View.php(246): include('C:\\xampp\\htdocs...')
#2 C:\xampp\htdocs\nanko\system\Common.php(1119): CodeIgniter\View\View->render('Administrador/m...', Array, true)
#3 C:\xampp\htdocs\nanko\app\Controllers\Productos.php(172): view('Administrador/m...', Array)
#4 C:\xampp\htdocs\nanko\app\Controllers\Productos.php(16): App\Controllers\Productos->mostrar_productos()
#5 C:\xampp\htdocs\nanko\system\CodeIgniter.php(914): App\Controllers\Productos->index()
#6 C:\xampp\htdocs\nanko\system\CodeIgniter.php(400): CodeIgniter\CodeIgniter->runController(Object(App\Controllers\Productos))
#7 C:\xampp\htdocs\nanko\system\CodeIgniter.php(308): CodeIgniter\CodeIgniter->handleRequest(NULL, Object(Config\Cache), false)
#8 C:\xampp\htdocs\nanko\public\index.php(45): CodeIgniter\CodeIgniter->run()
#9 C:\xampp\htdocs\nanko\system\Commands\Server\rewrite.php(34): require_once('C:\\xampp\\htdocs...')
#10 {main}
CRITICAL - 2020-09-24 02:07:57 --> Undefined index: stock
#0 C:\xampp\htdocs\nanko\app\Views\Administrador\mostrar_productos.php(87): CodeIgniter\Debug\Exceptions->errorHandler(8, 'Undefined index...', 'C:\\xampp\\htdocs...', 87, Array)
#1 C:\xampp\htdocs\nanko\system\View\View.php(246): include('C:\\xampp\\htdocs...')
#2 C:\xampp\htdocs\nanko\system\Common.php(1119): CodeIgniter\View\View->render('Administrador/m...', Array, true)
#3 C:\xampp\htdocs\nanko\app\Controllers\Productos.php(172): view('Administrador/m...', Array)
#4 C:\xampp\htdocs\nanko\app\Controllers\Productos.php(16): App\Controllers\Productos->mostrar_productos()
#5 C:\xampp\htdocs\nanko\system\CodeIgniter.php(914): App\Controllers\Productos->index()
#6 C:\xampp\htdocs\nanko\system\CodeIgniter.php(400): CodeIgniter\CodeIgniter->runController(Object(App\Controllers\Productos))
#7 C:\xampp\htdocs\nanko\system\CodeIgniter.php(308): CodeIgniter\CodeIgniter->handleRequest(NULL, Object(Config\Cache), false)
#8 C:\xampp\htdocs\nanko\public\index.php(45): CodeIgniter\CodeIgniter->run()
#9 C:\xampp\htdocs\nanko\system\Commands\Server\rewrite.php(34): require_once('C:\\xampp\\htdocs...')
#10 {main}
CRITICAL - 2020-09-24 02:07:57 --> Undefined index: stock
#0 C:\xampp\htdocs\nanko\app\Views\Administrador\mostrar_productos.php(87): CodeIgniter\Debug\Exceptions->errorHandler(8, 'Undefined index...', 'C:\\xampp\\htdocs...', 87, Array)
#1 C:\xampp\htdocs\nanko\system\View\View.php(246): include('C:\\xampp\\htdocs...')
#2 C:\xampp\htdocs\nanko\system\Common.php(1119): CodeIgniter\View\View->render('Administrador/m...', Array, true)
#3 C:\xampp\htdocs\nanko\app\Controllers\Productos.php(172): view('Administrador/m...', Array)
#4 C:\xampp\htdocs\nanko\app\Controllers\Productos.php(16): App\Controllers\Productos->mostrar_productos()
#5 C:\xampp\htdocs\nanko\system\CodeIgniter.php(914): App\Controllers\Productos->index()
#6 C:\xampp\htdocs\nanko\system\CodeIgniter.php(400): CodeIgniter\CodeIgniter->runController(Object(App\Controllers\Productos))
#7 C:\xampp\htdocs\nanko\system\CodeIgniter.php(308): CodeIgniter\CodeIgniter->handleRequest(NULL, Object(Config\Cache), false)
#8 C:\xampp\htdocs\nanko\public\index.php(45): CodeIgniter\CodeIgniter->run()
#9 C:\xampp\htdocs\nanko\system\Commands\Server\rewrite.php(34): require_once('C:\\xampp\\htdocs...')
#10 {main}
CRITICAL - 2020-09-24 02:07:58 --> Undefined index: stock
#0 C:\xampp\htdocs\nanko\app\Views\Administrador\mostrar_productos.php(87): CodeIgniter\Debug\Exceptions->errorHandler(8, 'Undefined index...', 'C:\\xampp\\htdocs...', 87, Array)
#1 C:\xampp\htdocs\nanko\system\View\View.php(246): include('C:\\xampp\\htdocs...')
#2 C:\xampp\htdocs\nanko\system\Common.php(1119): CodeIgniter\View\View->render('Administrador/m...', Array, true)
#3 C:\xampp\htdocs\nanko\app\Controllers\Productos.php(172): view('Administrador/m...', Array)
#4 C:\xampp\htdocs\nanko\app\Controllers\Productos.php(16): App\Controllers\Productos->mostrar_productos()
#5 C:\xampp\htdocs\nanko\system\CodeIgniter.php(914): App\Controllers\Productos->index()
#6 C:\xampp\htdocs\nanko\system\CodeIgniter.php(400): CodeIgniter\CodeIgniter->runController(Object(App\Controllers\Productos))
#7 C:\xampp\htdocs\nanko\system\CodeIgniter.php(308): CodeIgniter\CodeIgniter->handleRequest(NULL, Object(Config\Cache), false)
#8 C:\xampp\htdocs\nanko\public\index.php(45): CodeIgniter\CodeIgniter->run()
#9 C:\xampp\htdocs\nanko\system\Commands\Server\rewrite.php(34): require_once('C:\\xampp\\htdocs...')
#10 {main}
CRITICAL - 2020-09-24 02:07:58 --> Undefined index: stock
#0 C:\xampp\htdocs\nanko\app\Views\Administrador\mostrar_productos.php(87): CodeIgniter\Debug\Exceptions->errorHandler(8, 'Undefined index...', 'C:\\xampp\\htdocs...', 87, Array)
#1 C:\xampp\htdocs\nanko\system\View\View.php(246): include('C:\\xampp\\htdocs...')
#2 C:\xampp\htdocs\nanko\system\Common.php(1119): CodeIgniter\View\View->render('Administrador/m...', Array, true)
#3 C:\xampp\htdocs\nanko\app\Controllers\Productos.php(172): view('Administrador/m...', Array)
#4 C:\xampp\htdocs\nanko\app\Controllers\Productos.php(16): App\Controllers\Productos->mostrar_productos()
#5 C:\xampp\htdocs\nanko\system\CodeIgniter.php(914): App\Controllers\Productos->index()
#6 C:\xampp\htdocs\nanko\system\CodeIgniter.php(400): CodeIgniter\CodeIgniter->runController(Object(App\Controllers\Productos))
#7 C:\xampp\htdocs\nanko\system\CodeIgniter.php(308): CodeIgniter\CodeIgniter->handleRequest(NULL, Object(Config\Cache), false)
#8 C:\xampp\htdocs\nanko\public\index.php(45): CodeIgniter\CodeIgniter->run()
#9 C:\xampp\htdocs\nanko\system\Commands\Server\rewrite.php(34): require_once('C:\\xampp\\htdocs...')
#10 {main}
CRITICAL - 2020-09-24 02:07:58 --> Undefined index: stock
#0 C:\xampp\htdocs\nanko\app\Views\Administrador\mostrar_productos.php(87): CodeIgniter\Debug\Exceptions->errorHandler(8, 'Undefined index...', 'C:\\xampp\\htdocs...', 87, Array)
#1 C:\xampp\htdocs\nanko\system\View\View.php(246): include('C:\\xampp\\htdocs...')
#2 C:\xampp\htdocs\nanko\system\Common.php(1119): CodeIgniter\View\View->render('Administrador/m...', Array, true)
#3 C:\xampp\htdocs\nanko\app\Controllers\Productos.php(172): view('Administrador/m...', Array)
#4 C:\xampp\htdocs\nanko\app\Controllers\Productos.php(16): App\Controllers\Productos->mostrar_productos()
#5 C:\xampp\htdocs\nanko\system\CodeIgniter.php(914): App\Controllers\Productos->index()
#6 C:\xampp\htdocs\nanko\system\CodeIgniter.php(400): CodeIgniter\CodeIgniter->runController(Object(App\Controllers\Productos))
#7 C:\xampp\htdocs\nanko\system\CodeIgniter.php(308): CodeIgniter\CodeIgniter->handleRequest(NULL, Object(Config\Cache), false)
#8 C:\xampp\htdocs\nanko\public\index.php(45): CodeIgniter\CodeIgniter->run()
#9 C:\xampp\htdocs\nanko\system\Commands\Server\rewrite.php(34): require_once('C:\\xampp\\htdocs...')
#10 {main}
CRITICAL - 2020-09-24 02:07:58 --> Undefined index: stock
#0 C:\xampp\htdocs\nanko\app\Views\Administrador\mostrar_productos.php(87): CodeIgniter\Debug\Exceptions->errorHandler(8, 'Undefined index...', 'C:\\xampp\\htdocs...', 87, Array)
#1 C:\xampp\htdocs\nanko\system\View\View.php(246): include('C:\\xampp\\htdocs...')
#2 C:\xampp\htdocs\nanko\system\Common.php(1119): CodeIgniter\View\View->render('Administrador/m...', Array, true)
#3 C:\xampp\htdocs\nanko\app\Controllers\Productos.php(172): view('Administrador/m...', Array)
#4 C:\xampp\htdocs\nanko\app\Controllers\Productos.php(16): App\Controllers\Productos->mostrar_productos()
#5 C:\xampp\htdocs\nanko\system\CodeIgniter.php(914): App\Controllers\Productos->index()
#6 C:\xampp\htdocs\nanko\system\CodeIgniter.php(400): CodeIgniter\CodeIgniter->runController(Object(App\Controllers\Productos))
#7 C:\xampp\htdocs\nanko\system\CodeIgniter.php(308): CodeIgniter\CodeIgniter->handleRequest(NULL, Object(Config\Cache), false)
#8 C:\xampp\htdocs\nanko\public\index.php(45): CodeIgniter\CodeIgniter->run()
#9 C:\xampp\htdocs\nanko\system\Commands\Server\rewrite.php(34): require_once('C:\\xampp\\htdocs...')
#10 {main}
CRITICAL - 2020-09-24 02:07:58 --> Undefined index: stock
#0 C:\xampp\htdocs\nanko\app\Views\Administrador\mostrar_productos.php(87): CodeIgniter\Debug\Exceptions->errorHandler(8, 'Undefined index...', 'C:\\xampp\\htdocs...', 87, Array)
#1 C:\xampp\htdocs\nanko\system\View\View.php(246): include('C:\\xampp\\htdocs...')
#2 C:\xampp\htdocs\nanko\system\Common.php(1119): CodeIgniter\View\View->render('Administrador/m...', Array, true)
#3 C:\xampp\htdocs\nanko\app\Controllers\Productos.php(172): view('Administrador/m...', Array)
#4 C:\xampp\htdocs\nanko\app\Controllers\Productos.php(16): App\Controllers\Productos->mostrar_productos()
#5 C:\xampp\htdocs\nanko\system\CodeIgniter.php(914): App\Controllers\Productos->index()
#6 C:\xampp\htdocs\nanko\system\CodeIgniter.php(400): CodeIgniter\CodeIgniter->runController(Object(App\Controllers\Productos))
#7 C:\xampp\htdocs\nanko\system\CodeIgniter.php(308): CodeIgniter\CodeIgniter->handleRequest(NULL, Object(Config\Cache), false)
#8 C:\xampp\htdocs\nanko\public\index.php(45): CodeIgniter\CodeIgniter->run()
#9 C:\xampp\htdocs\nanko\system\Commands\Server\rewrite.php(34): require_once('C:\\xampp\\htdocs...')
#10 {main}
CRITICAL - 2020-09-24 23:40:10 --> syntax error, unexpected ')'
#0 C:\xampp\htdocs\nanko\system\Router\Router.php(195): CodeIgniter\Router\Router->autoRoute('Productos/mostr...')
#1 C:\xampp\htdocs\nanko\system\CodeIgniter.php(789): CodeIgniter\Router\Router->handle('Productos/mostr...')
#2 C:\xampp\htdocs\nanko\system\CodeIgniter.php(360): CodeIgniter\CodeIgniter->tryToRouteIt(Object(CodeIgniter\Router\RouteCollection))
#3 C:\xampp\htdocs\nanko\system\CodeIgniter.php(308): CodeIgniter\CodeIgniter->handleRequest(NULL, Object(Config\Cache), false)
#4 C:\xampp\htdocs\nanko\public\index.php(45): CodeIgniter\CodeIgniter->run()
#5 C:\xampp\htdocs\nanko\system\Commands\Server\rewrite.php(34): require_once('C:\\xampp\\htdocs...')
#6 {main}
CRITICAL - 2020-09-24 23:41:06 --> Undefined index: Nombre
#0 C:\xampp\htdocs\nanko\app\Controllers\Padecimientos.php(80): CodeIgniter\Debug\Exceptions->errorHandler(8, 'Undefined index...', 'C:\\xampp\\htdocs...', 80, Array)
#1 C:\xampp\htdocs\nanko\system\CodeIgniter.php(914): App\Controllers\Padecimientos->editar_padecimiento()
#2 C:\xampp\htdocs\nanko\system\CodeIgniter.php(400): CodeIgniter\CodeIgniter->runController(Object(App\Controllers\Padecimientos))
#3 C:\xampp\htdocs\nanko\system\CodeIgniter.php(308): CodeIgniter\CodeIgniter->handleRequest(NULL, Object(Config\Cache), false)
#4 C:\xampp\htdocs\nanko\public\index.php(45): CodeIgniter\CodeIgniter->run()
#5 C:\xampp\htdocs\nanko\system\Commands\Server\rewrite.php(34): require_once('C:\\xampp\\htdocs...')
#6 {main}
CRITICAL - 2020-09-24 23:41:08 --> Undefined index: Nombre
#0 C:\xampp\htdocs\nanko\app\Controllers\Padecimientos.php(80): CodeIgniter\Debug\Exceptions->errorHandler(8, 'Undefined index...', 'C:\\xampp\\htdocs...', 80, Array)
#1 C:\xampp\htdocs\nanko\system\CodeIgniter.php(914): App\Controllers\Padecimientos->editar_padecimiento()
#2 C:\xampp\htdocs\nanko\system\CodeIgniter.php(400): CodeIgniter\CodeIgniter->runController(Object(App\Controllers\Padecimientos))
#3 C:\xampp\htdocs\nanko\system\CodeIgniter.php(308): CodeIgniter\CodeIgniter->handleRequest(NULL, Object(Config\Cache), false)
#4 C:\xampp\htdocs\nanko\public\index.php(45): CodeIgniter\CodeIgniter->run()
#5 C:\xampp\htdocs\nanko\system\Commands\Server\rewrite.php(34): require_once('C:\\xampp\\htdocs...')
#6 {main}
