CRITICAL - 2020-12-24 14:19:17 --> Unable to connect to the database.
#0 C:\xampp\htdocs\nanko\system\Database\BaseConnection.php(646): CodeIgniter\Database\BaseConnection->initialize()
#1 C:\xampp\htdocs\nanko\system\Database\BaseBuilder.php(1860): CodeIgniter\Database\BaseConnection->query('SELECT *\nFROM `...', Array, false)
#2 C:\xampp\htdocs\nanko\system\Model.php(462): CodeIgniter\Database\BaseBuilder->get()
#3 C:\xampp\htdocs\nanko\app\Controllers\Clientes.php(198): CodeIgniter\Model->findAll()
#4 C:\xampp\htdocs\nanko\app\Controllers\Clientes.php(26): App\Controllers\Clientes->mostrar_inicio()
#5 C:\xampp\htdocs\nanko\system\CodeIgniter.php(914): App\Controllers\Clientes->index()
#6 C:\xampp\htdocs\nanko\system\CodeIgniter.php(400): CodeIgniter\CodeIgniter->runController(Object(App\Controllers\Clientes))
#7 C:\xampp\htdocs\nanko\system\CodeIgniter.php(308): CodeIgniter\CodeIgniter->handleRequest(NULL, Object(Config\Cache), false)
#8 C:\xampp\htdocs\nanko\public\index.php(45): CodeIgniter\CodeIgniter->run()
#9 C:\xampp\htdocs\nanko\system\Commands\Server\rewrite.php(34): require_once('C:\\xampp\\htdocs...')
#10 {main}
CRITICAL - 2020-12-24 23:22:01 --> Undefined index: id_producto
#0 C:\xampp\htdocs\nanko\app\Controllers\Clientes.php(294): CodeIgniter\Debug\Exceptions->errorHandler(8, 'Undefined index...', 'C:\\xampp\\htdocs...', 294, Array)
#1 C:\xampp\htdocs\nanko\system\CodeIgniter.php(914): App\Controllers\Clientes->agregar_carro()
#2 C:\xampp\htdocs\nanko\system\CodeIgniter.php(400): CodeIgniter\CodeIgniter->runController(Object(App\Controllers\Clientes))
#3 C:\xampp\htdocs\nanko\system\CodeIgniter.php(308): CodeIgniter\CodeIgniter->handleRequest(NULL, Object(Config\Cache), false)
#4 C:\xampp\htdocs\nanko\public\index.php(45): CodeIgniter\CodeIgniter->run()
#5 C:\xampp\htdocs\nanko\system\Commands\Server\rewrite.php(34): require_once('C:\\xampp\\htdocs...')
#6 {main}
CRITICAL - 2020-12-24 23:49:00 --> Cannot add or update a child row: a foreign key constraint fails (`nanko`.`orden_producto`, CONSTRAINT `FK_orden_producto_productos` FOREIGN KEY (`id_producto`) REFERENCES `productos` (`idProducto`) ON UPDATE CASCADE)
#0 C:\xampp\htdocs\nanko\system\Database\MySQLi\Connection.php(331): mysqli->query('INSERT INTO `or...')
#1 C:\xampp\htdocs\nanko\system\Database\BaseConnection.php(741): CodeIgniter\Database\MySQLi\Connection->execute('INSERT INTO `or...')
#2 C:\xampp\htdocs\nanko\system\Database\BaseConnection.php(669): CodeIgniter\Database\BaseConnection->simpleQuery('INSERT INTO `or...')
#3 C:\xampp\htdocs\nanko\system\Database\BaseBuilder.php(2249): CodeIgniter\Database\BaseConnection->query('INSERT INTO `or...', Array, false)
#4 C:\xampp\htdocs\nanko\system\Model.php(755): CodeIgniter\Database\BaseBuilder->insert()
#5 C:\xampp\htdocs\nanko\app\Controllers\Clientes.php(308): CodeIgniter\Model->insert(Array)
#6 C:\xampp\htdocs\nanko\system\CodeIgniter.php(914): App\Controllers\Clientes->pago_tienda()
#7 C:\xampp\htdocs\nanko\system\CodeIgniter.php(400): CodeIgniter\CodeIgniter->runController(Object(App\Controllers\Clientes))
#8 C:\xampp\htdocs\nanko\system\CodeIgniter.php(308): CodeIgniter\CodeIgniter->handleRequest(NULL, Object(Config\Cache), false)
#9 C:\xampp\htdocs\nanko\public\index.php(45): CodeIgniter\CodeIgniter->run()
#10 C:\xampp\htdocs\nanko\system\Commands\Server\rewrite.php(34): require_once('C:\\xampp\\htdocs...')
#11 {main}
CRITICAL - 2020-12-24 23:50:03 --> Cannot add or update a child row: a foreign key constraint fails (`nanko`.`orden_producto`, CONSTRAINT `FK_orden_producto_productos` FOREIGN KEY (`id_producto`) REFERENCES `productos` (`idProducto`) ON UPDATE CASCADE)
#0 C:\xampp\htdocs\nanko\system\Database\MySQLi\Connection.php(331): mysqli->query('INSERT INTO `or...')
#1 C:\xampp\htdocs\nanko\system\Database\BaseConnection.php(741): CodeIgniter\Database\MySQLi\Connection->execute('INSERT INTO `or...')
#2 C:\xampp\htdocs\nanko\system\Database\BaseConnection.php(669): CodeIgniter\Database\BaseConnection->simpleQuery('INSERT INTO `or...')
#3 C:\xampp\htdocs\nanko\system\Database\BaseBuilder.php(2249): CodeIgniter\Database\BaseConnection->query('INSERT INTO `or...', Array, false)
#4 C:\xampp\htdocs\nanko\system\Model.php(755): CodeIgniter\Database\BaseBuilder->insert()
#5 C:\xampp\htdocs\nanko\app\Controllers\Clientes.php(308): CodeIgniter\Model->insert(Array)
#6 C:\xampp\htdocs\nanko\system\CodeIgniter.php(914): App\Controllers\Clientes->pago_tienda()
#7 C:\xampp\htdocs\nanko\system\CodeIgniter.php(400): CodeIgniter\CodeIgniter->runController(Object(App\Controllers\Clientes))
#8 C:\xampp\htdocs\nanko\system\CodeIgniter.php(308): CodeIgniter\CodeIgniter->handleRequest(NULL, Object(Config\Cache), false)
#9 C:\xampp\htdocs\nanko\public\index.php(45): CodeIgniter\CodeIgniter->run()
#10 C:\xampp\htdocs\nanko\system\Commands\Server\rewrite.php(34): require_once('C:\\xampp\\htdocs...')
#11 {main}
CRITICAL - 2020-12-24 23:52:04 --> Cannot add or update a child row: a foreign key constraint fails (`nanko`.`orden_producto`, CONSTRAINT `FK_orden_producto_productos` FOREIGN KEY (`id_producto`) REFERENCES `productos` (`idProducto`) ON UPDATE CASCADE)
#0 C:\xampp\htdocs\nanko\system\Database\MySQLi\Connection.php(331): mysqli->query('INSERT INTO `or...')
#1 C:\xampp\htdocs\nanko\system\Database\BaseConnection.php(741): CodeIgniter\Database\MySQLi\Connection->execute('INSERT INTO `or...')
#2 C:\xampp\htdocs\nanko\system\Database\BaseConnection.php(669): CodeIgniter\Database\BaseConnection->simpleQuery('INSERT INTO `or...')
#3 C:\xampp\htdocs\nanko\system\Database\BaseBuilder.php(2249): CodeIgniter\Database\BaseConnection->query('INSERT INTO `or...', Array, false)
#4 C:\xampp\htdocs\nanko\system\Model.php(755): CodeIgniter\Database\BaseBuilder->insert()
#5 C:\xampp\htdocs\nanko\app\Controllers\Clientes.php(308): CodeIgniter\Model->insert(Array)
#6 C:\xampp\htdocs\nanko\system\CodeIgniter.php(914): App\Controllers\Clientes->pago_tienda()
#7 C:\xampp\htdocs\nanko\system\CodeIgniter.php(400): CodeIgniter\CodeIgniter->runController(Object(App\Controllers\Clientes))
#8 C:\xampp\htdocs\nanko\system\CodeIgniter.php(308): CodeIgniter\CodeIgniter->handleRequest(NULL, Object(Config\Cache), false)
#9 C:\xampp\htdocs\nanko\public\index.php(45): CodeIgniter\CodeIgniter->run()
#10 C:\xampp\htdocs\nanko\system\Commands\Server\rewrite.php(34): require_once('C:\\xampp\\htdocs...')
#11 {main}
