CRITICAL - 2021-01-09 23:33:15 --> Unknown column 'pais' in 'where clause'
#0 C:\xampp\htdocs\nanko\system\Database\MySQLi\Connection.php(331): mysqli->query('SELECT *\nFROM `...')
#1 C:\xampp\htdocs\nanko\system\Database\BaseConnection.php(741): CodeIgniter\Database\MySQLi\Connection->execute('SELECT *\nFROM `...')
#2 C:\xampp\htdocs\nanko\system\Database\BaseConnection.php(669): CodeIgniter\Database\BaseConnection->simpleQuery('SELECT *\nFROM `...')
#3 C:\xampp\htdocs\nanko\system\Database\BaseBuilder.php(1860): CodeIgniter\Database\BaseConnection->query('SELECT *\nFROM `...', Array, false)
#4 C:\xampp\htdocs\nanko\system\Model.php(462): CodeIgniter\Database\BaseBuilder->get()
#5 C:\xampp\htdocs\nanko\app\Controllers\Clientes.php(379): CodeIgniter\Model->findAll()
#6 C:\xampp\htdocs\nanko\system\CodeIgniter.php(914): App\Controllers\Clientes->nosotros()
#7 C:\xampp\htdocs\nanko\system\CodeIgniter.php(400): CodeIgniter\CodeIgniter->runController(Object(App\Controllers\Clientes))
#8 C:\xampp\htdocs\nanko\system\CodeIgniter.php(308): CodeIgniter\CodeIgniter->handleRequest(NULL, Object(Config\Cache), false)
#9 C:\xampp\htdocs\nanko\public\index.php(45): CodeIgniter\CodeIgniter->run()
#10 C:\xampp\htdocs\nanko\system\Commands\Server\rewrite.php(34): require_once('C:\\xampp\\htdocs...')
#11 {main}
CRITICAL - 2021-01-09 23:52:28 --> Unknown column 'token_v' in 'field list'
#0 C:\xampp\htdocs\nanko\system\Database\MySQLi\Connection.php(331): mysqli->query('INSERT INTO `lo...')
#1 C:\xampp\htdocs\nanko\system\Database\BaseConnection.php(741): CodeIgniter\Database\MySQLi\Connection->execute('INSERT INTO `lo...')
#2 C:\xampp\htdocs\nanko\system\Database\BaseConnection.php(669): CodeIgniter\Database\BaseConnection->simpleQuery('INSERT INTO `lo...')
#3 C:\xampp\htdocs\nanko\system\Database\BaseBuilder.php(2249): CodeIgniter\Database\BaseConnection->query('INSERT INTO `lo...', Array, false)
#4 C:\xampp\htdocs\nanko\system\Model.php(755): CodeIgniter\Database\BaseBuilder->insert()
#5 C:\xampp\htdocs\nanko\app\Controllers\Clientes.php(970): CodeIgniter\Model->insert(Array)
#6 C:\xampp\htdocs\nanko\system\CodeIgniter.php(914): App\Controllers\Clientes->registrar_cliente()
#7 C:\xampp\htdocs\nanko\system\CodeIgniter.php(400): CodeIgniter\CodeIgniter->runController(Object(App\Controllers\Clientes))
#8 C:\xampp\htdocs\nanko\system\CodeIgniter.php(308): CodeIgniter\CodeIgniter->handleRequest(NULL, Object(Config\Cache), false)
#9 C:\xampp\htdocs\nanko\public\index.php(45): CodeIgniter\CodeIgniter->run()
#10 C:\xampp\htdocs\nanko\system\Commands\Server\rewrite.php(34): require_once('C:\\xampp\\htdocs...')
#11 {main}
