CRITICAL - 2020-12-03 13:25:40 --> Archivo inválido: {0}
#0 C:\xampp\htdocs\nanko\system\View\View.php(228): CodeIgniter\Exceptions\FrameworkException::forInvalidFile('Clientes/inicio...')
#1 C:\xampp\htdocs\nanko\system\Common.php(1119): CodeIgniter\View\View->render('Clientes/inicio', Array, true)
#2 C:\xampp\htdocs\nanko\app\Controllers\Clientes.php(21): view('Clientes/inicio')
#3 C:\xampp\htdocs\nanko\app\Controllers\Clientes.php(17): App\Controllers\Clientes->mostrar_inicio()
#4 C:\xampp\htdocs\nanko\system\CodeIgniter.php(914): App\Controllers\Clientes->index()
#5 C:\xampp\htdocs\nanko\system\CodeIgniter.php(400): CodeIgniter\CodeIgniter->runController(Object(App\Controllers\Clientes))
#6 C:\xampp\htdocs\nanko\system\CodeIgniter.php(308): CodeIgniter\CodeIgniter->handleRequest(NULL, Object(Config\Cache), false)
#7 C:\xampp\htdocs\nanko\public\index.php(45): CodeIgniter\CodeIgniter->run()
#8 C:\xampp\htdocs\nanko\system\Commands\Server\rewrite.php(34): require_once('C:\\xampp\\htdocs...')
#9 {main}
CRITICAL - 2020-12-03 13:28:49 --> Archivo inválido: {0}
#0 C:\xampp\htdocs\nanko\system\View\View.php(228): CodeIgniter\Exceptions\FrameworkException::forInvalidFile('Clientes/Inicio...')
#1 C:\xampp\htdocs\nanko\system\Common.php(1119): CodeIgniter\View\View->render('Clientes/Inicio', Array, true)
#2 C:\xampp\htdocs\nanko\app\Controllers\Clientes.php(21): view('Clientes/Inicio')
#3 C:\xampp\htdocs\nanko\app\Controllers\Clientes.php(17): App\Controllers\Clientes->mostrar_inicio()
#4 C:\xampp\htdocs\nanko\system\CodeIgniter.php(914): App\Controllers\Clientes->index()
#5 C:\xampp\htdocs\nanko\system\CodeIgniter.php(400): CodeIgniter\CodeIgniter->runController(Object(App\Controllers\Clientes))
#6 C:\xampp\htdocs\nanko\system\CodeIgniter.php(308): CodeIgniter\CodeIgniter->handleRequest(NULL, Object(Config\Cache), false)
#7 C:\xampp\htdocs\nanko\public\index.php(45): CodeIgniter\CodeIgniter->run()
#8 C:\xampp\htdocs\nanko\system\Commands\Server\rewrite.php(34): require_once('C:\\xampp\\htdocs...')
#9 {main}
CRITICAL - 2020-12-03 13:28:49 --> Archivo inválido: {0}
#0 C:\xampp\htdocs\nanko\system\View\View.php(228): CodeIgniter\Exceptions\FrameworkException::forInvalidFile('Clientes/Inicio...')
#1 C:\xampp\htdocs\nanko\system\Common.php(1119): CodeIgniter\View\View->render('Clientes/Inicio', Array, true)
#2 C:\xampp\htdocs\nanko\app\Controllers\Clientes.php(21): view('Clientes/Inicio')
#3 C:\xampp\htdocs\nanko\app\Controllers\Clientes.php(17): App\Controllers\Clientes->mostrar_inicio()
#4 C:\xampp\htdocs\nanko\system\CodeIgniter.php(914): App\Controllers\Clientes->index()
#5 C:\xampp\htdocs\nanko\system\CodeIgniter.php(400): CodeIgniter\CodeIgniter->runController(Object(App\Controllers\Clientes))
#6 C:\xampp\htdocs\nanko\system\CodeIgniter.php(308): CodeIgniter\CodeIgniter->handleRequest(NULL, Object(Config\Cache), false)
#7 C:\xampp\htdocs\nanko\public\index.php(45): CodeIgniter\CodeIgniter->run()
#8 C:\xampp\htdocs\nanko\system\Commands\Server\rewrite.php(34): require_once('C:\\xampp\\htdocs...')
#9 {main}
CRITICAL - 2020-12-03 13:28:50 --> Archivo inválido: {0}
#0 C:\xampp\htdocs\nanko\system\View\View.php(228): CodeIgniter\Exceptions\FrameworkException::forInvalidFile('Clientes/Inicio...')
#1 C:\xampp\htdocs\nanko\system\Common.php(1119): CodeIgniter\View\View->render('Clientes/Inicio', Array, true)
#2 C:\xampp\htdocs\nanko\app\Controllers\Clientes.php(21): view('Clientes/Inicio')
#3 C:\xampp\htdocs\nanko\app\Controllers\Clientes.php(17): App\Controllers\Clientes->mostrar_inicio()
#4 C:\xampp\htdocs\nanko\system\CodeIgniter.php(914): App\Controllers\Clientes->index()
#5 C:\xampp\htdocs\nanko\system\CodeIgniter.php(400): CodeIgniter\CodeIgniter->runController(Object(App\Controllers\Clientes))
#6 C:\xampp\htdocs\nanko\system\CodeIgniter.php(308): CodeIgniter\CodeIgniter->handleRequest(NULL, Object(Config\Cache), false)
#7 C:\xampp\htdocs\nanko\public\index.php(45): CodeIgniter\CodeIgniter->run()
#8 C:\xampp\htdocs\nanko\system\Commands\Server\rewrite.php(34): require_once('C:\\xampp\\htdocs...')
#9 {main}
CRITICAL - 2020-12-03 13:28:50 --> Archivo inválido: {0}
#0 C:\xampp\htdocs\nanko\system\View\View.php(228): CodeIgniter\Exceptions\FrameworkException::forInvalidFile('Clientes/Inicio...')
#1 C:\xampp\htdocs\nanko\system\Common.php(1119): CodeIgniter\View\View->render('Clientes/Inicio', Array, true)
#2 C:\xampp\htdocs\nanko\app\Controllers\Clientes.php(21): view('Clientes/Inicio')
#3 C:\xampp\htdocs\nanko\app\Controllers\Clientes.php(17): App\Controllers\Clientes->mostrar_inicio()
#4 C:\xampp\htdocs\nanko\system\CodeIgniter.php(914): App\Controllers\Clientes->index()
#5 C:\xampp\htdocs\nanko\system\CodeIgniter.php(400): CodeIgniter\CodeIgniter->runController(Object(App\Controllers\Clientes))
#6 C:\xampp\htdocs\nanko\system\CodeIgniter.php(308): CodeIgniter\CodeIgniter->handleRequest(NULL, Object(Config\Cache), false)
#7 C:\xampp\htdocs\nanko\public\index.php(45): CodeIgniter\CodeIgniter->run()
#8 C:\xampp\htdocs\nanko\system\Commands\Server\rewrite.php(34): require_once('C:\\xampp\\htdocs...')
#9 {main}
CRITICAL - 2020-12-03 13:28:50 --> Archivo inválido: {0}
#0 C:\xampp\htdocs\nanko\system\View\View.php(228): CodeIgniter\Exceptions\FrameworkException::forInvalidFile('Clientes/Inicio...')
#1 C:\xampp\htdocs\nanko\system\Common.php(1119): CodeIgniter\View\View->render('Clientes/Inicio', Array, true)
#2 C:\xampp\htdocs\nanko\app\Controllers\Clientes.php(21): view('Clientes/Inicio')
#3 C:\xampp\htdocs\nanko\app\Controllers\Clientes.php(17): App\Controllers\Clientes->mostrar_inicio()
#4 C:\xampp\htdocs\nanko\system\CodeIgniter.php(914): App\Controllers\Clientes->index()
#5 C:\xampp\htdocs\nanko\system\CodeIgniter.php(400): CodeIgniter\CodeIgniter->runController(Object(App\Controllers\Clientes))
#6 C:\xampp\htdocs\nanko\system\CodeIgniter.php(308): CodeIgniter\CodeIgniter->handleRequest(NULL, Object(Config\Cache), false)
#7 C:\xampp\htdocs\nanko\public\index.php(45): CodeIgniter\CodeIgniter->run()
#8 C:\xampp\htdocs\nanko\system\Commands\Server\rewrite.php(34): require_once('C:\\xampp\\htdocs...')
#9 {main}
CRITICAL - 2020-12-03 13:28:50 --> Archivo inválido: {0}
#0 C:\xampp\htdocs\nanko\system\View\View.php(228): CodeIgniter\Exceptions\FrameworkException::forInvalidFile('Clientes/Inicio...')
#1 C:\xampp\htdocs\nanko\system\Common.php(1119): CodeIgniter\View\View->render('Clientes/Inicio', Array, true)
#2 C:\xampp\htdocs\nanko\app\Controllers\Clientes.php(21): view('Clientes/Inicio')
#3 C:\xampp\htdocs\nanko\app\Controllers\Clientes.php(17): App\Controllers\Clientes->mostrar_inicio()
#4 C:\xampp\htdocs\nanko\system\CodeIgniter.php(914): App\Controllers\Clientes->index()
#5 C:\xampp\htdocs\nanko\system\CodeIgniter.php(400): CodeIgniter\CodeIgniter->runController(Object(App\Controllers\Clientes))
#6 C:\xampp\htdocs\nanko\system\CodeIgniter.php(308): CodeIgniter\CodeIgniter->handleRequest(NULL, Object(Config\Cache), false)
#7 C:\xampp\htdocs\nanko\public\index.php(45): CodeIgniter\CodeIgniter->run()
#8 C:\xampp\htdocs\nanko\system\Commands\Server\rewrite.php(34): require_once('C:\\xampp\\htdocs...')
#9 {main}
CRITICAL - 2020-12-03 13:28:50 --> Archivo inválido: {0}
#0 C:\xampp\htdocs\nanko\system\View\View.php(228): CodeIgniter\Exceptions\FrameworkException::forInvalidFile('Clientes/Inicio...')
#1 C:\xampp\htdocs\nanko\system\Common.php(1119): CodeIgniter\View\View->render('Clientes/Inicio', Array, true)
#2 C:\xampp\htdocs\nanko\app\Controllers\Clientes.php(21): view('Clientes/Inicio')
#3 C:\xampp\htdocs\nanko\app\Controllers\Clientes.php(17): App\Controllers\Clientes->mostrar_inicio()
#4 C:\xampp\htdocs\nanko\system\CodeIgniter.php(914): App\Controllers\Clientes->index()
#5 C:\xampp\htdocs\nanko\system\CodeIgniter.php(400): CodeIgniter\CodeIgniter->runController(Object(App\Controllers\Clientes))
#6 C:\xampp\htdocs\nanko\system\CodeIgniter.php(308): CodeIgniter\CodeIgniter->handleRequest(NULL, Object(Config\Cache), false)
#7 C:\xampp\htdocs\nanko\public\index.php(45): CodeIgniter\CodeIgniter->run()
#8 C:\xampp\htdocs\nanko\system\Commands\Server\rewrite.php(34): require_once('C:\\xampp\\htdocs...')
#9 {main}
CRITICAL - 2020-12-03 13:28:50 --> Archivo inválido: {0}
#0 C:\xampp\htdocs\nanko\system\View\View.php(228): CodeIgniter\Exceptions\FrameworkException::forInvalidFile('Clientes/Inicio...')
#1 C:\xampp\htdocs\nanko\system\Common.php(1119): CodeIgniter\View\View->render('Clientes/Inicio', Array, true)
#2 C:\xampp\htdocs\nanko\app\Controllers\Clientes.php(21): view('Clientes/Inicio')
#3 C:\xampp\htdocs\nanko\app\Controllers\Clientes.php(17): App\Controllers\Clientes->mostrar_inicio()
#4 C:\xampp\htdocs\nanko\system\CodeIgniter.php(914): App\Controllers\Clientes->index()
#5 C:\xampp\htdocs\nanko\system\CodeIgniter.php(400): CodeIgniter\CodeIgniter->runController(Object(App\Controllers\Clientes))
#6 C:\xampp\htdocs\nanko\system\CodeIgniter.php(308): CodeIgniter\CodeIgniter->handleRequest(NULL, Object(Config\Cache), false)
#7 C:\xampp\htdocs\nanko\public\index.php(45): CodeIgniter\CodeIgniter->run()
#8 C:\xampp\htdocs\nanko\system\Commands\Server\rewrite.php(34): require_once('C:\\xampp\\htdocs...')
#9 {main}
CRITICAL - 2020-12-03 13:28:51 --> Archivo inválido: {0}
#0 C:\xampp\htdocs\nanko\system\View\View.php(228): CodeIgniter\Exceptions\FrameworkException::forInvalidFile('Clientes/Inicio...')
#1 C:\xampp\htdocs\nanko\system\Common.php(1119): CodeIgniter\View\View->render('Clientes/Inicio', Array, true)
#2 C:\xampp\htdocs\nanko\app\Controllers\Clientes.php(21): view('Clientes/Inicio')
#3 C:\xampp\htdocs\nanko\app\Controllers\Clientes.php(17): App\Controllers\Clientes->mostrar_inicio()
#4 C:\xampp\htdocs\nanko\system\CodeIgniter.php(914): App\Controllers\Clientes->index()
#5 C:\xampp\htdocs\nanko\system\CodeIgniter.php(400): CodeIgniter\CodeIgniter->runController(Object(App\Controllers\Clientes))
#6 C:\xampp\htdocs\nanko\system\CodeIgniter.php(308): CodeIgniter\CodeIgniter->handleRequest(NULL, Object(Config\Cache), false)
#7 C:\xampp\htdocs\nanko\public\index.php(45): CodeIgniter\CodeIgniter->run()
#8 C:\xampp\htdocs\nanko\system\Commands\Server\rewrite.php(34): require_once('C:\\xampp\\htdocs...')
#9 {main}
CRITICAL - 2020-12-03 13:28:51 --> Archivo inválido: {0}
#0 C:\xampp\htdocs\nanko\system\View\View.php(228): CodeIgniter\Exceptions\FrameworkException::forInvalidFile('Clientes/Inicio...')
#1 C:\xampp\htdocs\nanko\system\Common.php(1119): CodeIgniter\View\View->render('Clientes/Inicio', Array, true)
#2 C:\xampp\htdocs\nanko\app\Controllers\Clientes.php(21): view('Clientes/Inicio')
#3 C:\xampp\htdocs\nanko\app\Controllers\Clientes.php(17): App\Controllers\Clientes->mostrar_inicio()
#4 C:\xampp\htdocs\nanko\system\CodeIgniter.php(914): App\Controllers\Clientes->index()
#5 C:\xampp\htdocs\nanko\system\CodeIgniter.php(400): CodeIgniter\CodeIgniter->runController(Object(App\Controllers\Clientes))
#6 C:\xampp\htdocs\nanko\system\CodeIgniter.php(308): CodeIgniter\CodeIgniter->handleRequest(NULL, Object(Config\Cache), false)
#7 C:\xampp\htdocs\nanko\public\index.php(45): CodeIgniter\CodeIgniter->run()
#8 C:\xampp\htdocs\nanko\system\Commands\Server\rewrite.php(34): require_once('C:\\xampp\\htdocs...')
#9 {main}
