CRITICAL - 2021-01-05 15:19:25 --> Unable to connect to the database.
#0 C:\xampp\htdocs\nanko\system\Database\BaseConnection.php(646): CodeIgniter\Database\BaseConnection->initialize()
#1 C:\xampp\htdocs\nanko\system\Database\BaseBuilder.php(1860): CodeIgniter\Database\BaseConnection->query('SELECT *\nFROM `...', Array, false)
#2 C:\xampp\htdocs\nanko\system\Model.php(462): CodeIgniter\Database\BaseBuilder->get()
#3 C:\xampp\htdocs\nanko\app\Controllers\Clientes.php(273): CodeIgniter\Model->findAll()
#4 C:\xampp\htdocs\nanko\app\Controllers\Clientes.php(36): App\Controllers\Clientes->mostrar_inicio()
#5 C:\xampp\htdocs\nanko\system\CodeIgniter.php(914): App\Controllers\Clientes->index()
#6 C:\xampp\htdocs\nanko\system\CodeIgniter.php(400): CodeIgniter\CodeIgniter->runController(Object(App\Controllers\Clientes))
#7 C:\xampp\htdocs\nanko\system\CodeIgniter.php(308): CodeIgniter\CodeIgniter->handleRequest(NULL, Object(Config\Cache), false)
#8 C:\xampp\htdocs\nanko\public\index.php(45): CodeIgniter\CodeIgniter->run()
#9 C:\xampp\htdocs\nanko\system\Commands\Server\rewrite.php(34): require_once('C:\\xampp\\htdocs...')
#10 {main}
CRITICAL - 2021-01-05 15:19:29 --> Unable to connect to the database.
#0 C:\xampp\htdocs\nanko\system\Database\BaseConnection.php(646): CodeIgniter\Database\BaseConnection->initialize()
#1 C:\xampp\htdocs\nanko\system\Database\BaseBuilder.php(1860): CodeIgniter\Database\BaseConnection->query('SELECT *\nFROM `...', Array, false)
#2 C:\xampp\htdocs\nanko\system\Model.php(462): CodeIgniter\Database\BaseBuilder->get()
#3 C:\xampp\htdocs\nanko\app\Controllers\Clientes.php(273): CodeIgniter\Model->findAll()
#4 C:\xampp\htdocs\nanko\app\Controllers\Clientes.php(36): App\Controllers\Clientes->mostrar_inicio()
#5 C:\xampp\htdocs\nanko\system\CodeIgniter.php(914): App\Controllers\Clientes->index()
#6 C:\xampp\htdocs\nanko\system\CodeIgniter.php(400): CodeIgniter\CodeIgniter->runController(Object(App\Controllers\Clientes))
#7 C:\xampp\htdocs\nanko\system\CodeIgniter.php(308): CodeIgniter\CodeIgniter->handleRequest(NULL, Object(Config\Cache), false)
#8 C:\xampp\htdocs\nanko\public\index.php(45): CodeIgniter\CodeIgniter->run()
#9 C:\xampp\htdocs\nanko\system\Commands\Server\rewrite.php(34): require_once('C:\\xampp\\htdocs...')
#10 {main}
CRITICAL - 2021-01-05 16:02:43 --> Descifrado: autenticación fallida.
#0 C:\xampp\htdocs\nanko\system\Encryption\Handlers\OpenSSLHandler.php(159): CodeIgniter\Encryption\Exceptions\EncryptionException::forAuthenticationFailed()
#1 C:\xampp\htdocs\nanko\app\Controllers\Clientes.php(1249): CodeIgniter\Encryption\Handlers\OpenSSLHandler->decrypt('')
#2 C:\xampp\htdocs\nanko\system\CodeIgniter.php(914): App\Controllers\Clientes->calcular_dosis()
#3 C:\xampp\htdocs\nanko\system\CodeIgniter.php(400): CodeIgniter\CodeIgniter->runController(Object(App\Controllers\Clientes))
#4 C:\xampp\htdocs\nanko\system\CodeIgniter.php(308): CodeIgniter\CodeIgniter->handleRequest(NULL, Object(Config\Cache), false)
#5 C:\xampp\htdocs\nanko\public\index.php(45): CodeIgniter\CodeIgniter->run()
#6 C:\xampp\htdocs\nanko\system\Commands\Server\rewrite.php(34): require_once('C:\\xampp\\htdocs...')
#7 {main}
CRITICAL - 2021-01-05 16:02:49 --> You have an error in your SQL syntax; check the manual that corresponds to your MariaDB server version for the right syntax to use near 'AND `peso_max` >)
 LIMIT 1' at line 3
#0 C:\xampp\htdocs\nanko\system\Database\MySQLi\Connection.php(331): mysqli->query('SELECT *\nFROM `...')
#1 C:\xampp\htdocs\nanko\system\Database\BaseConnection.php(741): CodeIgniter\Database\MySQLi\Connection->execute('SELECT *\nFROM `...')
#2 C:\xampp\htdocs\nanko\system\Database\BaseConnection.php(669): CodeIgniter\Database\BaseConnection->simpleQuery('SELECT *\nFROM `...')
#3 C:\xampp\htdocs\nanko\system\Database\BaseBuilder.php(1860): CodeIgniter\Database\BaseConnection->query('SELECT *\nFROM `...', Array, false)
#4 C:\xampp\htdocs\nanko\system\Model.php(506): CodeIgniter\Database\BaseBuilder->get()
#5 C:\xampp\htdocs\nanko\app\Controllers\Clientes.php(1250): CodeIgniter\Model->first()
#6 C:\xampp\htdocs\nanko\system\CodeIgniter.php(914): App\Controllers\Clientes->calcular_dosis()
#7 C:\xampp\htdocs\nanko\system\CodeIgniter.php(400): CodeIgniter\CodeIgniter->runController(Object(App\Controllers\Clientes))
#8 C:\xampp\htdocs\nanko\system\CodeIgniter.php(308): CodeIgniter\CodeIgniter->handleRequest(NULL, Object(Config\Cache), false)
#9 C:\xampp\htdocs\nanko\public\index.php(45): CodeIgniter\CodeIgniter->run()
#10 C:\xampp\htdocs\nanko\system\Commands\Server\rewrite.php(34): require_once('C:\\xampp\\htdocs...')
#11 {main}
CRITICAL - 2021-01-05 16:12:44 --> Invalid ID detected (value '' received, alphanumeric string not longer than 20 characters expected)
#0 C:\xampp\htdocs\nanko\app\ThirdParty\Openpay\data\OpenpayApiResourceBase.php(282): OpenpayApiResourceBase->validateId(NULL)
#1 C:\xampp\htdocs\nanko\app\ThirdParty\Openpay\data\OpenpayApiDerivedResource.php(74): OpenpayApiResourceBase->_retrieve('OpenpayCustomer', NULL, Array)
#2 C:\xampp\htdocs\nanko\app\Libraries\Pago.php(21): OpenpayApiDerivedResource->get(NULL)
#3 C:\xampp\htdocs\nanko\app\Controllers\Clientes.php(841): App\Libraries\Pago->get_client(NULL)
#4 C:\xampp\htdocs\nanko\system\CodeIgniter.php(914): App\Controllers\Clientes->pagar()
#5 C:\xampp\htdocs\nanko\system\CodeIgniter.php(400): CodeIgniter\CodeIgniter->runController(Object(App\Controllers\Clientes))
#6 C:\xampp\htdocs\nanko\system\CodeIgniter.php(308): CodeIgniter\CodeIgniter->handleRequest(NULL, Object(Config\Cache), false)
#7 C:\xampp\htdocs\nanko\public\index.php(45): CodeIgniter\CodeIgniter->run()
#8 C:\xampp\htdocs\nanko\system\Commands\Server\rewrite.php(34): require_once('C:\\xampp\\htdocs...')
#9 {main}
CRITICAL - 2021-01-05 16:15:39 --> The requested resource doesn't exist
#0 C:\xampp\htdocs\nanko\app\ThirdParty\Openpay\data\OpenpayApiConnector.php(204): OpenpayApiConnector->handleRequestError('{"http_code":40...', 404, Array)
#1 C:\xampp\htdocs\nanko\app\ThirdParty\Openpay\data\OpenpayApiConnector.php(66): OpenpayApiConnector->interpretResponse('{"http_code":40...', 404)
#2 C:\xampp\htdocs\nanko\app\ThirdParty\Openpay\data\OpenpayApiConnector.php(284): OpenpayApiConnector->_request('get', '/customers/awzw...', Array)
#3 C:\xampp\htdocs\nanko\app\ThirdParty\Openpay\data\OpenpayApiResourceBase.php(284): OpenpayApiConnector::request('get', '/customers/awzw...')
#4 C:\xampp\htdocs\nanko\app\ThirdParty\Openpay\data\OpenpayApiDerivedResource.php(74): OpenpayApiResourceBase->_retrieve('OpenpayCharge', 'trk08vyu2srmafk...', Array)
#5 C:\xampp\htdocs\nanko\app\Libraries\Pago.php(32): OpenpayApiDerivedResource->get('trk08vyu2srmafk...')
#6 C:\xampp\htdocs\nanko\app\Controllers\Clientes.php(210): App\Libraries\Pago->get_pago('awzw0yfqzpchpbo...', 'trk08vyu2srmafk...')
#7 C:\xampp\htdocs\nanko\system\CodeIgniter.php(914): App\Controllers\Clientes->ordenes()
#8 C:\xampp\htdocs\nanko\system\CodeIgniter.php(400): CodeIgniter\CodeIgniter->runController(Object(App\Controllers\Clientes))
#9 C:\xampp\htdocs\nanko\system\CodeIgniter.php(308): CodeIgniter\CodeIgniter->handleRequest(NULL, Object(Config\Cache), false)
#10 C:\xampp\htdocs\nanko\public\index.php(45): CodeIgniter\CodeIgniter->run()
#11 C:\xampp\htdocs\nanko\system\Commands\Server\rewrite.php(34): require_once('C:\\xampp\\htdocs...')
#12 {main}
CRITICAL - 2021-01-05 16:15:53 --> The requested resource doesn't exist
#0 C:\xampp\htdocs\nanko\app\ThirdParty\Openpay\data\OpenpayApiConnector.php(204): OpenpayApiConnector->handleRequestError('{"http_code":40...', 404, Array)
#1 C:\xampp\htdocs\nanko\app\ThirdParty\Openpay\data\OpenpayApiConnector.php(66): OpenpayApiConnector->interpretResponse('{"http_code":40...', 404)
#2 C:\xampp\htdocs\nanko\app\ThirdParty\Openpay\data\OpenpayApiConnector.php(284): OpenpayApiConnector->_request('get', '/customers/awzw...', Array)
#3 C:\xampp\htdocs\nanko\app\ThirdParty\Openpay\data\OpenpayApiResourceBase.php(284): OpenpayApiConnector::request('get', '/customers/awzw...')
#4 C:\xampp\htdocs\nanko\app\ThirdParty\Openpay\data\OpenpayApiDerivedResource.php(74): OpenpayApiResourceBase->_retrieve('OpenpayCharge', 'trk08vyu2srmafk...', Array)
#5 C:\xampp\htdocs\nanko\app\Libraries\Pago.php(32): OpenpayApiDerivedResource->get('trk08vyu2srmafk...')
#6 C:\xampp\htdocs\nanko\app\Controllers\Clientes.php(210): App\Libraries\Pago->get_pago('awzw0yfqzpchpbo...', 'trk08vyu2srmafk...')
#7 C:\xampp\htdocs\nanko\system\CodeIgniter.php(914): App\Controllers\Clientes->ordenes()
#8 C:\xampp\htdocs\nanko\system\CodeIgniter.php(400): CodeIgniter\CodeIgniter->runController(Object(App\Controllers\Clientes))
#9 C:\xampp\htdocs\nanko\system\CodeIgniter.php(308): CodeIgniter\CodeIgniter->handleRequest(NULL, Object(Config\Cache), false)
#10 C:\xampp\htdocs\nanko\public\index.php(45): CodeIgniter\CodeIgniter->run()
#11 C:\xampp\htdocs\nanko\system\Commands\Server\rewrite.php(34): require_once('C:\\xampp\\htdocs...')
#12 {main}
CRITICAL - 2021-01-05 22:25:17 --> Undefined index: precio
#0 C:\xampp\htdocs\nanko\app\Views\Cliente\Producto.php(153): CodeIgniter\Debug\Exceptions->errorHandler(8, 'Undefined index...', 'C:\\xampp\\htdocs...', 153, Array)
#1 C:\xampp\htdocs\nanko\system\View\View.php(246): include('C:\\xampp\\htdocs...')
#2 C:\xampp\htdocs\nanko\system\Common.php(1119): CodeIgniter\View\View->render('Cliente/Product...', Array, true)
#3 C:\xampp\htdocs\nanko\app\Controllers\Clientes.php(1473): view('Cliente/Product...', Array)
#4 C:\xampp\htdocs\nanko\system\CodeIgniter.php(914): App\Controllers\Clientes->producto('Mg==')
#5 C:\xampp\htdocs\nanko\system\CodeIgniter.php(400): CodeIgniter\CodeIgniter->runController(Object(App\Controllers\Clientes))
#6 C:\xampp\htdocs\nanko\system\CodeIgniter.php(308): CodeIgniter\CodeIgniter->handleRequest(NULL, Object(Config\Cache), false)
#7 C:\xampp\htdocs\nanko\public\index.php(45): CodeIgniter\CodeIgniter->run()
#8 C:\xampp\htdocs\nanko\system\Commands\Server\rewrite.php(34): require_once('C:\\xampp\\htdocs...')
#9 {main}
CRITICAL - 2021-01-05 22:25:19 --> Undefined index: precio
#0 C:\xampp\htdocs\nanko\app\Views\Cliente\Producto.php(153): CodeIgniter\Debug\Exceptions->errorHandler(8, 'Undefined index...', 'C:\\xampp\\htdocs...', 153, Array)
#1 C:\xampp\htdocs\nanko\system\View\View.php(246): include('C:\\xampp\\htdocs...')
#2 C:\xampp\htdocs\nanko\system\Common.php(1119): CodeIgniter\View\View->render('Cliente/Product...', Array, true)
#3 C:\xampp\htdocs\nanko\app\Controllers\Clientes.php(1473): view('Cliente/Product...', Array)
#4 C:\xampp\htdocs\nanko\system\CodeIgniter.php(914): App\Controllers\Clientes->producto('Mg==')
#5 C:\xampp\htdocs\nanko\system\CodeIgniter.php(400): CodeIgniter\CodeIgniter->runController(Object(App\Controllers\Clientes))
#6 C:\xampp\htdocs\nanko\system\CodeIgniter.php(308): CodeIgniter\CodeIgniter->handleRequest(NULL, Object(Config\Cache), false)
#7 C:\xampp\htdocs\nanko\public\index.php(45): CodeIgniter\CodeIgniter->run()
#8 C:\xampp\htdocs\nanko\system\Commands\Server\rewrite.php(34): require_once('C:\\xampp\\htdocs...')
#9 {main}
CRITICAL - 2021-01-05 22:25:19 --> Undefined index: precio
#0 C:\xampp\htdocs\nanko\app\Views\Cliente\Producto.php(153): CodeIgniter\Debug\Exceptions->errorHandler(8, 'Undefined index...', 'C:\\xampp\\htdocs...', 153, Array)
#1 C:\xampp\htdocs\nanko\system\View\View.php(246): include('C:\\xampp\\htdocs...')
#2 C:\xampp\htdocs\nanko\system\Common.php(1119): CodeIgniter\View\View->render('Cliente/Product...', Array, true)
#3 C:\xampp\htdocs\nanko\app\Controllers\Clientes.php(1473): view('Cliente/Product...', Array)
#4 C:\xampp\htdocs\nanko\system\CodeIgniter.php(914): App\Controllers\Clientes->producto('Mg==')
#5 C:\xampp\htdocs\nanko\system\CodeIgniter.php(400): CodeIgniter\CodeIgniter->runController(Object(App\Controllers\Clientes))
#6 C:\xampp\htdocs\nanko\system\CodeIgniter.php(308): CodeIgniter\CodeIgniter->handleRequest(NULL, Object(Config\Cache), false)
#7 C:\xampp\htdocs\nanko\public\index.php(45): CodeIgniter\CodeIgniter->run()
#8 C:\xampp\htdocs\nanko\system\Commands\Server\rewrite.php(34): require_once('C:\\xampp\\htdocs...')
#9 {main}
CRITICAL - 2021-01-05 22:25:20 --> Undefined index: precio
#0 C:\xampp\htdocs\nanko\app\Views\Cliente\Producto.php(153): CodeIgniter\Debug\Exceptions->errorHandler(8, 'Undefined index...', 'C:\\xampp\\htdocs...', 153, Array)
#1 C:\xampp\htdocs\nanko\system\View\View.php(246): include('C:\\xampp\\htdocs...')
#2 C:\xampp\htdocs\nanko\system\Common.php(1119): CodeIgniter\View\View->render('Cliente/Product...', Array, true)
#3 C:\xampp\htdocs\nanko\app\Controllers\Clientes.php(1473): view('Cliente/Product...', Array)
#4 C:\xampp\htdocs\nanko\system\CodeIgniter.php(914): App\Controllers\Clientes->producto('Mg==')
#5 C:\xampp\htdocs\nanko\system\CodeIgniter.php(400): CodeIgniter\CodeIgniter->runController(Object(App\Controllers\Clientes))
#6 C:\xampp\htdocs\nanko\system\CodeIgniter.php(308): CodeIgniter\CodeIgniter->handleRequest(NULL, Object(Config\Cache), false)
#7 C:\xampp\htdocs\nanko\public\index.php(45): CodeIgniter\CodeIgniter->run()
#8 C:\xampp\htdocs\nanko\system\Commands\Server\rewrite.php(34): require_once('C:\\xampp\\htdocs...')
#9 {main}
CRITICAL - 2021-01-05 22:25:20 --> Undefined index: precio
#0 C:\xampp\htdocs\nanko\app\Views\Cliente\Producto.php(153): CodeIgniter\Debug\Exceptions->errorHandler(8, 'Undefined index...', 'C:\\xampp\\htdocs...', 153, Array)
#1 C:\xampp\htdocs\nanko\system\View\View.php(246): include('C:\\xampp\\htdocs...')
#2 C:\xampp\htdocs\nanko\system\Common.php(1119): CodeIgniter\View\View->render('Cliente/Product...', Array, true)
#3 C:\xampp\htdocs\nanko\app\Controllers\Clientes.php(1473): view('Cliente/Product...', Array)
#4 C:\xampp\htdocs\nanko\system\CodeIgniter.php(914): App\Controllers\Clientes->producto('Mg==')
#5 C:\xampp\htdocs\nanko\system\CodeIgniter.php(400): CodeIgniter\CodeIgniter->runController(Object(App\Controllers\Clientes))
#6 C:\xampp\htdocs\nanko\system\CodeIgniter.php(308): CodeIgniter\CodeIgniter->handleRequest(NULL, Object(Config\Cache), false)
#7 C:\xampp\htdocs\nanko\public\index.php(45): CodeIgniter\CodeIgniter->run()
#8 C:\xampp\htdocs\nanko\system\Commands\Server\rewrite.php(34): require_once('C:\\xampp\\htdocs...')
#9 {main}
CRITICAL - 2021-01-05 22:25:20 --> Undefined index: precio
#0 C:\xampp\htdocs\nanko\app\Views\Cliente\Producto.php(153): CodeIgniter\Debug\Exceptions->errorHandler(8, 'Undefined index...', 'C:\\xampp\\htdocs...', 153, Array)
#1 C:\xampp\htdocs\nanko\system\View\View.php(246): include('C:\\xampp\\htdocs...')
#2 C:\xampp\htdocs\nanko\system\Common.php(1119): CodeIgniter\View\View->render('Cliente/Product...', Array, true)
#3 C:\xampp\htdocs\nanko\app\Controllers\Clientes.php(1473): view('Cliente/Product...', Array)
#4 C:\xampp\htdocs\nanko\system\CodeIgniter.php(914): App\Controllers\Clientes->producto('Mg==')
#5 C:\xampp\htdocs\nanko\system\CodeIgniter.php(400): CodeIgniter\CodeIgniter->runController(Object(App\Controllers\Clientes))
#6 C:\xampp\htdocs\nanko\system\CodeIgniter.php(308): CodeIgniter\CodeIgniter->handleRequest(NULL, Object(Config\Cache), false)
#7 C:\xampp\htdocs\nanko\public\index.php(45): CodeIgniter\CodeIgniter->run()
#8 C:\xampp\htdocs\nanko\system\Commands\Server\rewrite.php(34): require_once('C:\\xampp\\htdocs...')
#9 {main}
CRITICAL - 2021-01-05 22:25:20 --> Undefined index: precio
#0 C:\xampp\htdocs\nanko\app\Views\Cliente\Producto.php(153): CodeIgniter\Debug\Exceptions->errorHandler(8, 'Undefined index...', 'C:\\xampp\\htdocs...', 153, Array)
#1 C:\xampp\htdocs\nanko\system\View\View.php(246): include('C:\\xampp\\htdocs...')
#2 C:\xampp\htdocs\nanko\system\Common.php(1119): CodeIgniter\View\View->render('Cliente/Product...', Array, true)
#3 C:\xampp\htdocs\nanko\app\Controllers\Clientes.php(1473): view('Cliente/Product...', Array)
#4 C:\xampp\htdocs\nanko\system\CodeIgniter.php(914): App\Controllers\Clientes->producto('Mg==')
#5 C:\xampp\htdocs\nanko\system\CodeIgniter.php(400): CodeIgniter\CodeIgniter->runController(Object(App\Controllers\Clientes))
#6 C:\xampp\htdocs\nanko\system\CodeIgniter.php(308): CodeIgniter\CodeIgniter->handleRequest(NULL, Object(Config\Cache), false)
#7 C:\xampp\htdocs\nanko\public\index.php(45): CodeIgniter\CodeIgniter->run()
#8 C:\xampp\htdocs\nanko\system\Commands\Server\rewrite.php(34): require_once('C:\\xampp\\htdocs...')
#9 {main}
CRITICAL - 2021-01-05 22:25:20 --> Undefined index: precio
#0 C:\xampp\htdocs\nanko\app\Views\Cliente\Producto.php(153): CodeIgniter\Debug\Exceptions->errorHandler(8, 'Undefined index...', 'C:\\xampp\\htdocs...', 153, Array)
#1 C:\xampp\htdocs\nanko\system\View\View.php(246): include('C:\\xampp\\htdocs...')
#2 C:\xampp\htdocs\nanko\system\Common.php(1119): CodeIgniter\View\View->render('Cliente/Product...', Array, true)
#3 C:\xampp\htdocs\nanko\app\Controllers\Clientes.php(1473): view('Cliente/Product...', Array)
#4 C:\xampp\htdocs\nanko\system\CodeIgniter.php(914): App\Controllers\Clientes->producto('Mg==')
#5 C:\xampp\htdocs\nanko\system\CodeIgniter.php(400): CodeIgniter\CodeIgniter->runController(Object(App\Controllers\Clientes))
#6 C:\xampp\htdocs\nanko\system\CodeIgniter.php(308): CodeIgniter\CodeIgniter->handleRequest(NULL, Object(Config\Cache), false)
#7 C:\xampp\htdocs\nanko\public\index.php(45): CodeIgniter\CodeIgniter->run()
#8 C:\xampp\htdocs\nanko\system\Commands\Server\rewrite.php(34): require_once('C:\\xampp\\htdocs...')
#9 {main}
CRITICAL - 2021-01-05 22:25:20 --> Undefined index: precio
#0 C:\xampp\htdocs\nanko\app\Views\Cliente\Producto.php(153): CodeIgniter\Debug\Exceptions->errorHandler(8, 'Undefined index...', 'C:\\xampp\\htdocs...', 153, Array)
#1 C:\xampp\htdocs\nanko\system\View\View.php(246): include('C:\\xampp\\htdocs...')
#2 C:\xampp\htdocs\nanko\system\Common.php(1119): CodeIgniter\View\View->render('Cliente/Product...', Array, true)
#3 C:\xampp\htdocs\nanko\app\Controllers\Clientes.php(1473): view('Cliente/Product...', Array)
#4 C:\xampp\htdocs\nanko\system\CodeIgniter.php(914): App\Controllers\Clientes->producto('Mg==')
#5 C:\xampp\htdocs\nanko\system\CodeIgniter.php(400): CodeIgniter\CodeIgniter->runController(Object(App\Controllers\Clientes))
#6 C:\xampp\htdocs\nanko\system\CodeIgniter.php(308): CodeIgniter\CodeIgniter->handleRequest(NULL, Object(Config\Cache), false)
#7 C:\xampp\htdocs\nanko\public\index.php(45): CodeIgniter\CodeIgniter->run()
#8 C:\xampp\htdocs\nanko\system\Commands\Server\rewrite.php(34): require_once('C:\\xampp\\htdocs...')
#9 {main}
CRITICAL - 2021-01-05 22:25:20 --> Undefined index: precio
#0 C:\xampp\htdocs\nanko\app\Views\Cliente\Producto.php(153): CodeIgniter\Debug\Exceptions->errorHandler(8, 'Undefined index...', 'C:\\xampp\\htdocs...', 153, Array)
#1 C:\xampp\htdocs\nanko\system\View\View.php(246): include('C:\\xampp\\htdocs...')
#2 C:\xampp\htdocs\nanko\system\Common.php(1119): CodeIgniter\View\View->render('Cliente/Product...', Array, true)
#3 C:\xampp\htdocs\nanko\app\Controllers\Clientes.php(1473): view('Cliente/Product...', Array)
#4 C:\xampp\htdocs\nanko\system\CodeIgniter.php(914): App\Controllers\Clientes->producto('Mg==')
#5 C:\xampp\htdocs\nanko\system\CodeIgniter.php(400): CodeIgniter\CodeIgniter->runController(Object(App\Controllers\Clientes))
#6 C:\xampp\htdocs\nanko\system\CodeIgniter.php(308): CodeIgniter\CodeIgniter->handleRequest(NULL, Object(Config\Cache), false)
#7 C:\xampp\htdocs\nanko\public\index.php(45): CodeIgniter\CodeIgniter->run()
#8 C:\xampp\htdocs\nanko\system\Commands\Server\rewrite.php(34): require_once('C:\\xampp\\htdocs...')
#9 {main}
CRITICAL - 2021-01-05 22:25:21 --> Undefined index: precio
#0 C:\xampp\htdocs\nanko\app\Views\Cliente\Producto.php(153): CodeIgniter\Debug\Exceptions->errorHandler(8, 'Undefined index...', 'C:\\xampp\\htdocs...', 153, Array)
#1 C:\xampp\htdocs\nanko\system\View\View.php(246): include('C:\\xampp\\htdocs...')
#2 C:\xampp\htdocs\nanko\system\Common.php(1119): CodeIgniter\View\View->render('Cliente/Product...', Array, true)
#3 C:\xampp\htdocs\nanko\app\Controllers\Clientes.php(1473): view('Cliente/Product...', Array)
#4 C:\xampp\htdocs\nanko\system\CodeIgniter.php(914): App\Controllers\Clientes->producto('Mg==')
#5 C:\xampp\htdocs\nanko\system\CodeIgniter.php(400): CodeIgniter\CodeIgniter->runController(Object(App\Controllers\Clientes))
#6 C:\xampp\htdocs\nanko\system\CodeIgniter.php(308): CodeIgniter\CodeIgniter->handleRequest(NULL, Object(Config\Cache), false)
#7 C:\xampp\htdocs\nanko\public\index.php(45): CodeIgniter\CodeIgniter->run()
#8 C:\xampp\htdocs\nanko\system\Commands\Server\rewrite.php(34): require_once('C:\\xampp\\htdocs...')
#9 {main}
CRITICAL - 2021-01-05 22:25:21 --> Undefined index: precio
#0 C:\xampp\htdocs\nanko\app\Views\Cliente\Producto.php(153): CodeIgniter\Debug\Exceptions->errorHandler(8, 'Undefined index...', 'C:\\xampp\\htdocs...', 153, Array)
#1 C:\xampp\htdocs\nanko\system\View\View.php(246): include('C:\\xampp\\htdocs...')
#2 C:\xampp\htdocs\nanko\system\Common.php(1119): CodeIgniter\View\View->render('Cliente/Product...', Array, true)
#3 C:\xampp\htdocs\nanko\app\Controllers\Clientes.php(1473): view('Cliente/Product...', Array)
#4 C:\xampp\htdocs\nanko\system\CodeIgniter.php(914): App\Controllers\Clientes->producto('Mg==')
#5 C:\xampp\htdocs\nanko\system\CodeIgniter.php(400): CodeIgniter\CodeIgniter->runController(Object(App\Controllers\Clientes))
#6 C:\xampp\htdocs\nanko\system\CodeIgniter.php(308): CodeIgniter\CodeIgniter->handleRequest(NULL, Object(Config\Cache), false)
#7 C:\xampp\htdocs\nanko\public\index.php(45): CodeIgniter\CodeIgniter->run()
#8 C:\xampp\htdocs\nanko\system\Commands\Server\rewrite.php(34): require_once('C:\\xampp\\htdocs...')
#9 {main}
CRITICAL - 2021-01-05 22:25:26 --> Undefined index: precio
#0 C:\xampp\htdocs\nanko\app\Views\Cliente\Tienda.php(206): CodeIgniter\Debug\Exceptions->errorHandler(8, 'Undefined index...', 'C:\\xampp\\htdocs...', 206, Array)
#1 C:\xampp\htdocs\nanko\system\View\View.php(246): include('C:\\xampp\\htdocs...')
#2 C:\xampp\htdocs\nanko\system\Common.php(1119): CodeIgniter\View\View->render('Cliente/Tienda', Array, true)
#3 C:\xampp\htdocs\nanko\app\Controllers\Clientes.php(1542): view('Cliente/Tienda', Array)
#4 C:\xampp\htdocs\nanko\system\CodeIgniter.php(914): App\Controllers\Clientes->tienda()
#5 C:\xampp\htdocs\nanko\system\CodeIgniter.php(400): CodeIgniter\CodeIgniter->runController(Object(App\Controllers\Clientes))
#6 C:\xampp\htdocs\nanko\system\CodeIgniter.php(308): CodeIgniter\CodeIgniter->handleRequest(NULL, Object(Config\Cache), false)
#7 C:\xampp\htdocs\nanko\public\index.php(45): CodeIgniter\CodeIgniter->run()
#8 C:\xampp\htdocs\nanko\system\Commands\Server\rewrite.php(34): require_once('C:\\xampp\\htdocs...')
#9 {main}
CRITICAL - 2021-01-05 23:11:36 --> Undefined variable: obj
#0 C:\xampp\htdocs\nanko\app\Controllers\Clientes.php(1399): CodeIgniter\Debug\Exceptions->errorHandler(8, 'Undefined varia...', 'C:\\xampp\\htdocs...', 1399, Array)
#1 C:\xampp\htdocs\nanko\system\CodeIgniter.php(914): App\Controllers\Clientes->producto('Mw==')
#2 C:\xampp\htdocs\nanko\system\CodeIgniter.php(400): CodeIgniter\CodeIgniter->runController(Object(App\Controllers\Clientes))
#3 C:\xampp\htdocs\nanko\system\CodeIgniter.php(308): CodeIgniter\CodeIgniter->handleRequest(NULL, Object(Config\Cache), false)
#4 C:\xampp\htdocs\nanko\public\index.php(45): CodeIgniter\CodeIgniter->run()
#5 C:\xampp\htdocs\nanko\system\Commands\Server\rewrite.php(34): require_once('C:\\xampp\\htdocs...')
#6 {main}
