CRITICAL - 2021-12-04 13:35:24 --> Descifrado: autenticación fallida.
#0 /home3/nankoco1/nanko/system/Encryption/Handlers/OpenSSLHandler.php(159): CodeIgniter\Encryption\Exceptions\EncryptionException::forAuthenticationFailed()
#1 /home3/nankoco1/nanko/app/Controllers/Clientes.php(2302): CodeIgniter\Encryption\Handlers\OpenSSLHandler->decrypt('')
#2 /home3/nankoco1/nanko/system/CodeIgniter.php(914): App\Controllers\Clientes->calcular_dosis()
#3 /home3/nankoco1/nanko/system/CodeIgniter.php(400): CodeIgniter\CodeIgniter->runController(Object(App\Controllers\Clientes))
#4 /home3/nankoco1/nanko/system/CodeIgniter.php(308): CodeIgniter\CodeIgniter->handleRequest(NULL, Object(Config\Cache), false)
#5 /home3/nankoco1/public_html/index.php(45): CodeIgniter\CodeIgniter->run()
#6 {main}
CRITICAL - 2021-12-04 14:45:37 --> Invalid argument supplied for foreach()
#0 /home3/nankoco1/nanko/app/Views/Cliente/Footer.php(355): CodeIgniter\Debug\Exceptions->errorHandler(2, 'Invalid argumen...', '/home3/nankoco1...', 355, Array)
#1 /home3/nankoco1/nanko/system/View/View.php(246): include('/home3/nankoco1...')
#2 /home3/nankoco1/nanko/system/Common.php(1119): CodeIgniter\View\View->render('Cliente/Footer', Array, true)
#3 /home3/nankoco1/nanko/app/Views/Cliente/Dosis.php(81): view('Cliente/Footer')
#4 /home3/nankoco1/nanko/system/View/View.php(246): include('/home3/nankoco1...')
#5 /home3/nankoco1/nanko/system/Common.php(1119): CodeIgniter\View\View->render('Cliente/Dosis', Array, true)
#6 /home3/nankoco1/nanko/app/Controllers/Clientes.php(2437): view('Cliente/Dosis', Array)
#7 /home3/nankoco1/nanko/system/CodeIgniter.php(914): App\Controllers\Clientes->dosis()
#8 /home3/nankoco1/nanko/system/CodeIgniter.php(400): CodeIgniter\CodeIgniter->runController(Object(App\Controllers\Clientes))
#9 /home3/nankoco1/nanko/system/CodeIgniter.php(308): CodeIgniter\CodeIgniter->handleRequest(NULL, Object(Config\Cache), false)
#10 /home3/nankoco1/public_html/index.php(45): CodeIgniter\CodeIgniter->run()
#11 {main}
