CRITICAL - 2020-09-12 01:42:06 --> Undefined variable: categoria
#0 C:\xampp\htdocs\nanko\app\Views\Administrador\Modal\nuevo_producto.php(15): CodeIgniter\Debug\Exceptions->errorHandler(8, 'Undefined varia...', 'C:\\xampp\\htdocs...', 15, Array)
#1 C:\xampp\htdocs\nanko\system\View\View.php(246): include('C:\\xampp\\htdocs...')
#2 C:\xampp\htdocs\nanko\system\Common.php(1119): CodeIgniter\View\View->render('Administrador/M...', Array, true)
#3 C:\xampp\htdocs\nanko\app\Views\Administrador\mostrar_productos.php(528): view('Administrador/M...')
#4 C:\xampp\htdocs\nanko\system\View\View.php(246): include('C:\\xampp\\htdocs...')
#5 C:\xampp\htdocs\nanko\system\Common.php(1119): CodeIgniter\View\View->render('Administrador/m...', Array, true)
#6 C:\xampp\htdocs\nanko\app\Controllers\Productos.php(87): view('Administrador/m...', Array)
#7 C:\xampp\htdocs\nanko\app\Controllers\Productos.php(18): App\Controllers\Productos->mostrar_productos()
#8 C:\xampp\htdocs\nanko\system\CodeIgniter.php(914): App\Controllers\Productos->index()
#9 C:\xampp\htdocs\nanko\system\CodeIgniter.php(400): CodeIgniter\CodeIgniter->runController(Object(App\Controllers\Productos))
#10 C:\xampp\htdocs\nanko\system\CodeIgniter.php(308): CodeIgniter\CodeIgniter->handleRequest(NULL, Object(Config\Cache), false)
#11 C:\xampp\htdocs\nanko\public\index.php(45): CodeIgniter\CodeIgniter->run()
#12 C:\xampp\htdocs\nanko\system\Commands\Server\rewrite.php(34): require_once('C:\\xampp\\htdocs...')
#13 {main}
CRITICAL - 2020-09-12 01:54:35 --> Undefined variable: categoria
#0 C:\xampp\htdocs\nanko\app\Views\Administrador\Modal\nuevo_producto.php(15): CodeIgniter\Debug\Exceptions->errorHandler(8, 'Undefined varia...', 'C:\\xampp\\htdocs...', 15, Array)
#1 C:\xampp\htdocs\nanko\system\View\View.php(246): include('C:\\xampp\\htdocs...')
#2 C:\xampp\htdocs\nanko\system\Common.php(1119): CodeIgniter\View\View->render('Administrador/M...', Array, true)
#3 C:\xampp\htdocs\nanko\app\Views\Administrador\mostrar_productos.php(528): view('Administrador/M...')
#4 C:\xampp\htdocs\nanko\system\View\View.php(246): include('C:\\xampp\\htdocs...')
#5 C:\xampp\htdocs\nanko\system\Common.php(1119): CodeIgniter\View\View->render('Administrador/m...', Array, true)
#6 C:\xampp\htdocs\nanko\app\Controllers\Productos.php(87): view('Administrador/m...', Array)
#7 C:\xampp\htdocs\nanko\app\Controllers\Productos.php(18): App\Controllers\Productos->mostrar_productos()
#8 C:\xampp\htdocs\nanko\system\CodeIgniter.php(914): App\Controllers\Productos->index()
#9 C:\xampp\htdocs\nanko\system\CodeIgniter.php(400): CodeIgniter\CodeIgniter->runController(Object(App\Controllers\Productos))
#10 C:\xampp\htdocs\nanko\system\CodeIgniter.php(308): CodeIgniter\CodeIgniter->handleRequest(NULL, Object(Config\Cache), false)
#11 C:\xampp\htdocs\nanko\public\index.php(45): CodeIgniter\CodeIgniter->run()
#12 C:\xampp\htdocs\nanko\system\Commands\Server\rewrite.php(34): require_once('C:\\xampp\\htdocs...')
#13 {main}
