CRITICAL - 2021-03-24 11:56:08 --> amount valor numérico fuera de los límites (se esperaba <10 dígitos>.<3 dígitos)
#0 /home1/nankocom/nanko/app/ThirdParty/Openpay/data/OpenpayApiConnector.php(204): OpenpayApiConnector->handleRequestError('{"http_code":40...', 400, Array)
#1 /home1/nankocom/nanko/app/ThirdParty/Openpay/data/OpenpayApiConnector.php(66): OpenpayApiConnector->interpretResponse('{"http_code":40...', 400)
#2 /home1/nankocom/nanko/app/ThirdParty/Openpay/data/OpenpayApiConnector.php(284): OpenpayApiConnector->_request('post', '/customers/aebj...', Array)
#3 /home1/nankocom/nanko/app/ThirdParty/Openpay/data/OpenpayApiResourceBase.php(270): OpenpayApiConnector::request('post', '/customers/aebj...', Array)
#4 /home1/nankocom/nanko/app/ThirdParty/Openpay/data/OpenpayApiDerivedResource.php(63): OpenpayApiResourceBase->_create('OpenpayCharge', Array, Array)
#5 /home1/nankocom/nanko/app/ThirdParty/Openpay/resources/OpenpayCharge.php(50): OpenpayApiDerivedResource->add(Array)
#6 /home1/nankocom/nanko/app/Libraries/Pago.php(40): OpenpayChargeList->create(Array)
#7 /home1/nankocom/nanko/app/Controllers/Clientes.php(1673): App\Libraries\Pago->pago(Array, Object(OpenpayCustomer))
#8 /home1/nankocom/nanko/system/CodeIgniter.php(914): App\Controllers\Clientes->pagar()
#9 /home1/nankocom/nanko/system/CodeIgniter.php(400): CodeIgniter\CodeIgniter->runController(Object(App\Controllers\Clientes))
#10 /home1/nankocom/nanko/system/CodeIgniter.php(308): CodeIgniter\CodeIgniter->handleRequest(NULL, Object(Config\Cache), false)
#11 /home1/nankocom/public_html/index.php(45): CodeIgniter\CodeIgniter->run()
#12 {main}
CRITICAL - 2021-03-24 12:07:22 -->  BAD_PRECISION_AMOUNT
#0 /home1/nankocom/nanko/app/ThirdParty/Openpay/data/OpenpayApiConnector.php(204): OpenpayApiConnector->handleRequestError('{"http_code":40...', 400, Array)
#1 /home1/nankocom/nanko/app/ThirdParty/Openpay/data/OpenpayApiConnector.php(66): OpenpayApiConnector->interpretResponse('{"http_code":40...', 400)
#2 /home1/nankocom/nanko/app/ThirdParty/Openpay/data/OpenpayApiConnector.php(284): OpenpayApiConnector->_request('post', '/customers/aebj...', Array)
#3 /home1/nankocom/nanko/app/ThirdParty/Openpay/data/OpenpayApiResourceBase.php(270): OpenpayApiConnector::request('post', '/customers/aebj...', Array)
#4 /home1/nankocom/nanko/app/ThirdParty/Openpay/data/OpenpayApiDerivedResource.php(63): OpenpayApiResourceBase->_create('OpenpayCharge', Array, Array)
#5 /home1/nankocom/nanko/app/ThirdParty/Openpay/resources/OpenpayCharge.php(50): OpenpayApiDerivedResource->add(Array)
#6 /home1/nankocom/nanko/app/Libraries/Pago.php(40): OpenpayChargeList->create(Array)
#7 /home1/nankocom/nanko/app/Controllers/Clientes.php(1673): App\Libraries\Pago->pago(Array, Object(OpenpayCustomer))
#8 /home1/nankocom/nanko/system/CodeIgniter.php(914): App\Controllers\Clientes->pagar()
#9 /home1/nankocom/nanko/system/CodeIgniter.php(400): CodeIgniter\CodeIgniter->runController(Object(App\Controllers\Clientes))
#10 /home1/nankocom/nanko/system/CodeIgniter.php(308): CodeIgniter\CodeIgniter->handleRequest(NULL, Object(Config\Cache), false)
#11 /home1/nankocom/public_html/index.php(45): CodeIgniter\CodeIgniter->run()
#12 {main}
CRITICAL - 2021-03-24 12:32:31 --> The api key or merchant id are invalid
#0 /home1/nankocom/nanko/app/ThirdParty/Openpay/data/OpenpayApiConnector.php(204): OpenpayApiConnector->handleRequestError('{"http_code":40...', 401, Array)
#1 /home1/nankocom/nanko/app/ThirdParty/Openpay/data/OpenpayApiConnector.php(66): OpenpayApiConnector->interpretResponse('{"http_code":40...', 401)
#2 /home1/nankocom/nanko/app/ThirdParty/Openpay/data/OpenpayApiConnector.php(284): OpenpayApiConnector->_request('get', '/customers/aebj...', Array)
#3 /home1/nankocom/nanko/app/ThirdParty/Openpay/data/OpenpayApiResourceBase.php(284): OpenpayApiConnector::request('get', '/customers/aebj...')
#4 /home1/nankocom/nanko/app/ThirdParty/Openpay/data/OpenpayApiDerivedResource.php(74): OpenpayApiResourceBase->_retrieve('OpenpayCustomer', 'aebjl9x0k8hlkwr...', Array)
#5 /home1/nankocom/nanko/app/Libraries/Pago.php(21): OpenpayApiDerivedResource->get('aebjl9x0k8hlkwr...')
#6 /home1/nankocom/nanko/app/Controllers/Clientes.php(1660): App\Libraries\Pago->get_client('aebjl9x0k8hlkwr...')
#7 /home1/nankocom/nanko/system/CodeIgniter.php(914): App\Controllers\Clientes->pagar()
#8 /home1/nankocom/nanko/system/CodeIgniter.php(400): CodeIgniter\CodeIgniter->runController(Object(App\Controllers\Clientes))
#9 /home1/nankocom/nanko/system/CodeIgniter.php(308): CodeIgniter\CodeIgniter->handleRequest(NULL, Object(Config\Cache), false)
#10 /home1/nankocom/public_html/index.php(45): CodeIgniter\CodeIgniter->run()
#11 {main}
CRITICAL - 2021-03-24 13:18:12 --> The api key or merchant id are invalid
#0 /home1/nankocom/nanko/app/ThirdParty/Openpay/data/OpenpayApiConnector.php(204): OpenpayApiConnector->handleRequestError('{"http_code":40...', 401, Array)
#1 /home1/nankocom/nanko/app/ThirdParty/Openpay/data/OpenpayApiConnector.php(66): OpenpayApiConnector->interpretResponse('{"http_code":40...', 401)
#2 /home1/nankocom/nanko/app/ThirdParty/Openpay/data/OpenpayApiConnector.php(284): OpenpayApiConnector->_request('get', '/customers/aehd...', Array)
#3 /home1/nankocom/nanko/app/ThirdParty/Openpay/data/OpenpayApiResourceBase.php(284): OpenpayApiConnector::request('get', '/customers/aehd...')
#4 /home1/nankocom/nanko/app/ThirdParty/Openpay/data/OpenpayApiDerivedResource.php(74): OpenpayApiResourceBase->_retrieve('OpenpayCustomer', 'aehdfrhfh2ru3y4...', Array)
#5 /home1/nankocom/nanko/app/Libraries/Pago.php(21): OpenpayApiDerivedResource->get('aehdfrhfh2ru3y4...')
#6 /home1/nankocom/nanko/app/Controllers/Clientes.php(1660): App\Libraries\Pago->get_client('aehdfrhfh2ru3y4...')
#7 /home1/nankocom/nanko/system/CodeIgniter.php(914): App\Controllers\Clientes->pagar()
#8 /home1/nankocom/nanko/system/CodeIgniter.php(400): CodeIgniter\CodeIgniter->runController(Object(App\Controllers\Clientes))
#9 /home1/nankocom/nanko/system/CodeIgniter.php(308): CodeIgniter\CodeIgniter->handleRequest(NULL, Object(Config\Cache), false)
#10 /home1/nankocom/public_html/index.php(45): CodeIgniter\CodeIgniter->run()
#11 {main}
CRITICAL - 2021-03-24 13:21:46 --> The api key or merchant id are invalid
#0 /home1/nankocom/nanko/app/ThirdParty/Openpay/data/OpenpayApiConnector.php(204): OpenpayApiConnector->handleRequestError('{"http_code":40...', 401, Array)
#1 /home1/nankocom/nanko/app/ThirdParty/Openpay/data/OpenpayApiConnector.php(66): OpenpayApiConnector->interpretResponse('{"http_code":40...', 401)
#2 /home1/nankocom/nanko/app/ThirdParty/Openpay/data/OpenpayApiConnector.php(284): OpenpayApiConnector->_request('get', '/customers/aehd...', Array)
#3 /home1/nankocom/nanko/app/ThirdParty/Openpay/data/OpenpayApiResourceBase.php(284): OpenpayApiConnector::request('get', '/customers/aehd...')
#4 /home1/nankocom/nanko/app/ThirdParty/Openpay/data/OpenpayApiDerivedResource.php(74): OpenpayApiResourceBase->_retrieve('OpenpayCustomer', 'aehdfrhfh2ru3y4...', Array)
#5 /home1/nankocom/nanko/app/Libraries/Pago.php(21): OpenpayApiDerivedResource->get('aehdfrhfh2ru3y4...')
#6 /home1/nankocom/nanko/app/Controllers/Clientes.php(1660): App\Libraries\Pago->get_client('aehdfrhfh2ru3y4...')
#7 /home1/nankocom/nanko/system/CodeIgniter.php(914): App\Controllers\Clientes->pagar()
#8 /home1/nankocom/nanko/system/CodeIgniter.php(400): CodeIgniter\CodeIgniter->runController(Object(App\Controllers\Clientes))
#9 /home1/nankocom/nanko/system/CodeIgniter.php(308): CodeIgniter\CodeIgniter->handleRequest(NULL, Object(Config\Cache), false)
#10 /home1/nankocom/public_html/index.php(45): CodeIgniter\CodeIgniter->run()
#11 {main}
