CRITICAL - 2021-02-18 09:49:42 --> Invalid ID detected (value '' received, alphanumeric string not longer than 20 characters expected)
#0 /home1/nankocom/nanko/app/ThirdParty/Openpay/data/OpenpayApiResourceBase.php(282): OpenpayApiResourceBase->validateId(NULL)
#1 /home1/nankocom/nanko/app/ThirdParty/Openpay/data/OpenpayApiDerivedResource.php(74): OpenpayApiResourceBase->_retrieve('OpenpayCustomer', NULL, Array)
#2 /home1/nankocom/nanko/app/Libraries/Pago.php(21): OpenpayApiDerivedResource->get(NULL)
#3 /home1/nankocom/nanko/app/Controllers/Clientes.php(534): App\Libraries\Pago->get_client(NULL)
#4 /home1/nankocom/nanko/system/CodeIgniter.php(914): App\Controllers\Clientes->pago_tienda()
#5 /home1/nankocom/nanko/system/CodeIgniter.php(400): CodeIgniter\CodeIgniter->runController(Object(App\Controllers\Clientes))
#6 /home1/nankocom/nanko/system/CodeIgniter.php(308): CodeIgniter\CodeIgniter->handleRequest(NULL, Object(Config\Cache), false)
#7 /home1/nankocom/public_html/index.php(45): CodeIgniter\CodeIgniter->run()
#8 {main}
CRITICAL - 2021-02-18 09:50:00 --> Invalid ID detected (value '' received, alphanumeric string not longer than 20 characters expected)
#0 /home1/nankocom/nanko/app/ThirdParty/Openpay/data/OpenpayApiResourceBase.php(282): OpenpayApiResourceBase->validateId(NULL)
#1 /home1/nankocom/nanko/app/ThirdParty/Openpay/data/OpenpayApiDerivedResource.php(74): OpenpayApiResourceBase->_retrieve('OpenpayCustomer', NULL, Array)
#2 /home1/nankocom/nanko/app/Libraries/Pago.php(21): OpenpayApiDerivedResource->get(NULL)
#3 /home1/nankocom/nanko/app/Controllers/Clientes.php(534): App\Libraries\Pago->get_client(NULL)
#4 /home1/nankocom/nanko/system/CodeIgniter.php(914): App\Controllers\Clientes->pago_tienda()
#5 /home1/nankocom/nanko/system/CodeIgniter.php(400): CodeIgniter\CodeIgniter->runController(Object(App\Controllers\Clientes))
#6 /home1/nankocom/nanko/system/CodeIgniter.php(308): CodeIgniter\CodeIgniter->handleRequest(NULL, Object(Config\Cache), false)
#7 /home1/nankocom/public_html/index.php(45): CodeIgniter\CodeIgniter->run()
#8 {main}
CRITICAL - 2021-02-18 09:50:15 --> Invalid ID detected (value '' received, alphanumeric string not longer than 20 characters expected)
#0 /home1/nankocom/nanko/app/ThirdParty/Openpay/data/OpenpayApiResourceBase.php(282): OpenpayApiResourceBase->validateId(NULL)
#1 /home1/nankocom/nanko/app/ThirdParty/Openpay/data/OpenpayApiDerivedResource.php(74): OpenpayApiResourceBase->_retrieve('OpenpayCustomer', NULL, Array)
#2 /home1/nankocom/nanko/app/Libraries/Pago.php(21): OpenpayApiDerivedResource->get(NULL)
#3 /home1/nankocom/nanko/app/Controllers/Clientes.php(534): App\Libraries\Pago->get_client(NULL)
#4 /home1/nankocom/nanko/system/CodeIgniter.php(914): App\Controllers\Clientes->pago_tienda()
#5 /home1/nankocom/nanko/system/CodeIgniter.php(400): CodeIgniter\CodeIgniter->runController(Object(App\Controllers\Clientes))
#6 /home1/nankocom/nanko/system/CodeIgniter.php(308): CodeIgniter\CodeIgniter->handleRequest(NULL, Object(Config\Cache), false)
#7 /home1/nankocom/public_html/index.php(45): CodeIgniter\CodeIgniter->run()
#8 {main}
CRITICAL - 2021-02-18 19:33:48 --> Descifrado: autenticación fallida.
#0 /home1/nankocom/nanko/system/Encryption/Handlers/OpenSSLHandler.php(159): CodeIgniter\Encryption\Exceptions\EncryptionException::forAuthenticationFailed()
#1 /home1/nankocom/nanko/app/Controllers/Usuarios.php(71): CodeIgniter\Encryption\Handlers\OpenSSLHandler->decrypt('')
#2 /home1/nankocom/nanko/system/CodeIgniter.php(914): App\Controllers\Usuarios->editar_usuario()
#3 /home1/nankocom/nanko/system/CodeIgniter.php(400): CodeIgniter\CodeIgniter->runController(Object(App\Controllers\Usuarios))
#4 /home1/nankocom/nanko/system/CodeIgniter.php(308): CodeIgniter\CodeIgniter->handleRequest(NULL, Object(Config\Cache), false)
#5 /home1/nankocom/public_html/index.php(45): CodeIgniter\CodeIgniter->run()
#6 {main}
