CRITICAL - 2021-02-11 18:17:35 --> Undefined index: img_portada
#0 /home1/nankocom/nanko/app/Controllers/Blog.php(62): CodeIgniter\Debug\Exceptions->errorHandler(8, 'Undefined index...', '/home1/nankocom...', 62, Array)
#1 /home1/nankocom/nanko/system/CodeIgniter.php(914): App\Controllers\Blog->editar_blog()
#2 /home1/nankocom/nanko/system/CodeIgniter.php(400): CodeIgniter\CodeIgniter->runController(Object(App\Controllers\Blog))
#3 /home1/nankocom/nanko/system/CodeIgniter.php(308): CodeIgniter\CodeIgniter->handleRequest(NULL, Object(Config\Cache), false)
#4 /home1/nankocom/public_html/index.php(45): CodeIgniter\CodeIgniter->run()
#5 {main}
CRITICAL - 2021-02-11 18:46:56 --> Undefined index: nombre
#0 /home1/nankocom/nanko/app/Controllers/Padecimientos.php(56): CodeIgniter\Debug\Exceptions->errorHandler(8, 'Undefined index...', '/home1/nankocom...', 56, Array)
#1 /home1/nankocom/nanko/system/CodeIgniter.php(914): App\Controllers\Padecimientos->editar_padecimiento()
#2 /home1/nankocom/nanko/system/CodeIgniter.php(400): CodeIgniter\CodeIgniter->runController(Object(App\Controllers\Padecimientos))
#3 /home1/nankocom/nanko/system/CodeIgniter.php(308): CodeIgniter\CodeIgniter->handleRequest(NULL, Object(Config\Cache), false)
#4 /home1/nankocom/public_html/index.php(45): CodeIgniter\CodeIgniter->run()
#5 {main}
CRITICAL - 2021-02-11 22:36:51 --> Undefined index: img_portada
#0 /home1/nankocom/nanko/app/Controllers/Blog.php(62): CodeIgniter\Debug\Exceptions->errorHandler(8, 'Undefined index...', '/home1/nankocom...', 62, Array)
#1 /home1/nankocom/nanko/system/CodeIgniter.php(914): App\Controllers\Blog->editar_blog()
#2 /home1/nankocom/nanko/system/CodeIgniter.php(400): CodeIgniter\CodeIgniter->runController(Object(App\Controllers\Blog))
#3 /home1/nankocom/nanko/system/CodeIgniter.php(308): CodeIgniter\CodeIgniter->handleRequest(NULL, Object(Config\Cache), false)
#4 /home1/nankocom/public_html/index.php(45): CodeIgniter\CodeIgniter->run()
#5 {main}
CRITICAL - 2021-02-11 22:37:47 --> Undefined index: img_portada
#0 /home1/nankocom/nanko/app/Controllers/Blog.php(62): CodeIgniter\Debug\Exceptions->errorHandler(8, 'Undefined index...', '/home1/nankocom...', 62, Array)
#1 /home1/nankocom/nanko/system/CodeIgniter.php(914): App\Controllers\Blog->editar_blog()
#2 /home1/nankocom/nanko/system/CodeIgniter.php(400): CodeIgniter\CodeIgniter->runController(Object(App\Controllers\Blog))
#3 /home1/nankocom/nanko/system/CodeIgniter.php(308): CodeIgniter\CodeIgniter->handleRequest(NULL, Object(Config\Cache), false)
#4 /home1/nankocom/public_html/index.php(45): CodeIgniter\CodeIgniter->run()
#5 {main}
CRITICAL - 2021-02-11 23:02:09 --> syntax error, unexpected '?', expecting elseif (T_ELSEIF) or else (T_ELSE) or endif (T_ENDIF)
#0 /home1/nankocom/nanko/system/Common.php(1119): CodeIgniter\View\View->render('Cliente/Tienda', Array, true)
#1 /home1/nankocom/nanko/app/Controllers/Clientes.php(1898): view('Cliente/Tienda', Array)
#2 /home1/nankocom/nanko/system/CodeIgniter.php(914): App\Controllers\Clientes->tienda()
#3 /home1/nankocom/nanko/system/CodeIgniter.php(400): CodeIgniter\CodeIgniter->runController(Object(App\Controllers\Clientes))
#4 /home1/nankocom/nanko/system/CodeIgniter.php(308): CodeIgniter\CodeIgniter->handleRequest(NULL, Object(Config\Cache), false)
#5 /home1/nankocom/public_html/index.php(45): CodeIgniter\CodeIgniter->run()
#6 {main}
CRITICAL - 2021-02-11 23:02:18 --> syntax error, unexpected '?', expecting elseif (T_ELSEIF) or else (T_ELSE) or endif (T_ENDIF)
#0 /home1/nankocom/nanko/system/Common.php(1119): CodeIgniter\View\View->render('Cliente/Tienda', Array, true)
#1 /home1/nankocom/nanko/app/Controllers/Clientes.php(1898): view('Cliente/Tienda', Array)
#2 /home1/nankocom/nanko/system/CodeIgniter.php(914): App\Controllers\Clientes->tienda()
#3 /home1/nankocom/nanko/system/CodeIgniter.php(400): CodeIgniter\CodeIgniter->runController(Object(App\Controllers\Clientes))
#4 /home1/nankocom/nanko/system/CodeIgniter.php(308): CodeIgniter\CodeIgniter->handleRequest(NULL, Object(Config\Cache), false)
#5 /home1/nankocom/public_html/index.php(45): CodeIgniter\CodeIgniter->run()
#6 {main}
CRITICAL - 2021-02-11 23:02:23 --> syntax error, unexpected '?', expecting elseif (T_ELSEIF) or else (T_ELSE) or endif (T_ENDIF)
#0 /home1/nankocom/nanko/system/Common.php(1119): CodeIgniter\View\View->render('Cliente/Tienda', Array, true)
#1 /home1/nankocom/nanko/app/Controllers/Clientes.php(1898): view('Cliente/Tienda', Array)
#2 /home1/nankocom/nanko/system/CodeIgniter.php(914): App\Controllers\Clientes->tienda()
#3 /home1/nankocom/nanko/system/CodeIgniter.php(400): CodeIgniter\CodeIgniter->runController(Object(App\Controllers\Clientes))
#4 /home1/nankocom/nanko/system/CodeIgniter.php(308): CodeIgniter\CodeIgniter->handleRequest(NULL, Object(Config\Cache), false)
#5 /home1/nankocom/public_html/index.php(45): CodeIgniter\CodeIgniter->run()
#6 {main}
