CRITICAL - 2021-01-02 02:08:10 --> Trying to get property 'url' of non-object
#0 C:\xampp\htdocs\nanko\app\Controllers\Clientes.php(891): CodeIgniter\Debug\Exceptions->errorHandler(8, 'Trying to get p...', 'C:\\xampp\\htdocs...', 891, Array)
#1 C:\xampp\htdocs\nanko\system\CodeIgniter.php(914): App\Controllers\Clientes->pagar()
#2 C:\xampp\htdocs\nanko\system\CodeIgniter.php(400): CodeIgniter\CodeIgniter->runController(Object(App\Controllers\Clientes))
#3 C:\xampp\htdocs\nanko\system\CodeIgniter.php(308): CodeIgniter\CodeIgniter->handleRequest(NULL, Object(Config\Cache), false)
#4 C:\xampp\htdocs\nanko\public\index.php(45): CodeIgniter\CodeIgniter->run()
#5 C:\xampp\htdocs\nanko\system\Commands\Server\rewrite.php(34): require_once('C:\\xampp\\htdocs...')
#6 {main}
CRITICAL - 2021-01-02 02:10:19 --> Trying to get property 'url' of non-object
#0 C:\xampp\htdocs\nanko\app\Controllers\Clientes.php(892): CodeIgniter\Debug\Exceptions->errorHandler(8, 'Trying to get p...', 'C:\\xampp\\htdocs...', 892, Array)
#1 C:\xampp\htdocs\nanko\system\CodeIgniter.php(914): App\Controllers\Clientes->pagar()
#2 C:\xampp\htdocs\nanko\system\CodeIgniter.php(400): CodeIgniter\CodeIgniter->runController(Object(App\Controllers\Clientes))
#3 C:\xampp\htdocs\nanko\system\CodeIgniter.php(308): CodeIgniter\CodeIgniter->handleRequest(NULL, Object(Config\Cache), false)
#4 C:\xampp\htdocs\nanko\public\index.php(45): CodeIgniter\CodeIgniter->run()
#5 C:\xampp\htdocs\nanko\system\Commands\Server\rewrite.php(34): require_once('C:\\xampp\\htdocs...')
#6 {main}
CRITICAL - 2021-01-02 02:11:39 --> The requested resource doesn't exist
#0 C:\xampp\htdocs\nanko\app\ThirdParty\Openpay\data\OpenpayApiConnector.php(204): OpenpayApiConnector->handleRequestError('{"http_code":40...', 404, Array)
#1 C:\xampp\htdocs\nanko\app\ThirdParty\Openpay\data\OpenpayApiConnector.php(66): OpenpayApiConnector->interpretResponse('{"http_code":40...', 404)
#2 C:\xampp\htdocs\nanko\app\ThirdParty\Openpay\data\OpenpayApiConnector.php(284): OpenpayApiConnector->_request('get', '/customers/awzw...', Array)
#3 C:\xampp\htdocs\nanko\app\ThirdParty\Openpay\data\OpenpayApiResourceBase.php(284): OpenpayApiConnector::request('get', '/customers/awzw...')
#4 C:\xampp\htdocs\nanko\app\ThirdParty\Openpay\data\OpenpayApiDerivedResource.php(74): OpenpayApiResourceBase->_retrieve('OpenpayCharge', 'trd70n0digofka6...', Array)
#5 C:\xampp\htdocs\nanko\app\Libraries\Pago.php(36): OpenpayApiDerivedResource->get('trd70n0digofka6...')
#6 C:\xampp\htdocs\nanko\app\Controllers\Clientes.php(727): App\Libraries\Pago->get_pago('awzw0yfqzpchpbo...', 'trd70n0digofka6...')
#7 C:\xampp\htdocs\nanko\system\CodeIgniter.php(914): App\Controllers\Clientes->crear_orden()
#8 C:\xampp\htdocs\nanko\system\CodeIgniter.php(400): CodeIgniter\CodeIgniter->runController(Object(App\Controllers\Clientes))
#9 C:\xampp\htdocs\nanko\system\CodeIgniter.php(308): CodeIgniter\CodeIgniter->handleRequest(NULL, Object(Config\Cache), false)
#10 C:\xampp\htdocs\nanko\public\index.php(45): CodeIgniter\CodeIgniter->run()
#11 C:\xampp\htdocs\nanko\system\Commands\Server\rewrite.php(34): require_once('C:\\xampp\\htdocs...')
#12 {main}
CRITICAL - 2021-01-02 02:17:48 --> The requested resource doesn't exist
#0 C:\xampp\htdocs\nanko\app\ThirdParty\Openpay\data\OpenpayApiConnector.php(204): OpenpayApiConnector->handleRequestError('{"http_code":40...', 404, Array)
#1 C:\xampp\htdocs\nanko\app\ThirdParty\Openpay\data\OpenpayApiConnector.php(66): OpenpayApiConnector->interpretResponse('{"http_code":40...', 404)
#2 C:\xampp\htdocs\nanko\app\ThirdParty\Openpay\data\OpenpayApiConnector.php(284): OpenpayApiConnector->_request('get', '/customers/awzw...', Array)
#3 C:\xampp\htdocs\nanko\app\ThirdParty\Openpay\data\OpenpayApiResourceBase.php(284): OpenpayApiConnector::request('get', '/customers/awzw...')
#4 C:\xampp\htdocs\nanko\app\ThirdParty\Openpay\data\OpenpayApiDerivedResource.php(74): OpenpayApiResourceBase->_retrieve('OpenpayCharge', 'tratpn1t0fbak9r...', Array)
#5 C:\xampp\htdocs\nanko\app\Libraries\Pago.php(36): OpenpayApiDerivedResource->get('tratpn1t0fbak9r...')
#6 C:\xampp\htdocs\nanko\app\Controllers\Clientes.php(734): App\Libraries\Pago->get_pago('awzw0yfqzpchpbo...', 'tratpn1t0fbak9r...')
#7 C:\xampp\htdocs\nanko\system\CodeIgniter.php(914): App\Controllers\Clientes->crear_orden()
#8 C:\xampp\htdocs\nanko\system\CodeIgniter.php(400): CodeIgniter\CodeIgniter->runController(Object(App\Controllers\Clientes))
#9 C:\xampp\htdocs\nanko\system\CodeIgniter.php(308): CodeIgniter\CodeIgniter->handleRequest(NULL, Object(Config\Cache), false)
#10 C:\xampp\htdocs\nanko\public\index.php(45): CodeIgniter\CodeIgniter->run()
#11 C:\xampp\htdocs\nanko\system\Commands\Server\rewrite.php(34): require_once('C:\\xampp\\htdocs...')
#12 {main}
CRITICAL - 2021-01-02 02:18:12 --> The requested resource doesn't exist
#0 C:\xampp\htdocs\nanko\app\ThirdParty\Openpay\data\OpenpayApiConnector.php(204): OpenpayApiConnector->handleRequestError('{"http_code":40...', 404, Array)
#1 C:\xampp\htdocs\nanko\app\ThirdParty\Openpay\data\OpenpayApiConnector.php(66): OpenpayApiConnector->interpretResponse('{"http_code":40...', 404)
#2 C:\xampp\htdocs\nanko\app\ThirdParty\Openpay\data\OpenpayApiConnector.php(284): OpenpayApiConnector->_request('get', '/customers/awzw...', Array)
#3 C:\xampp\htdocs\nanko\app\ThirdParty\Openpay\data\OpenpayApiResourceBase.php(284): OpenpayApiConnector::request('get', '/customers/awzw...')
#4 C:\xampp\htdocs\nanko\app\ThirdParty\Openpay\data\OpenpayApiDerivedResource.php(74): OpenpayApiResourceBase->_retrieve('OpenpayCharge', 'trk08vyu2srmafk...', Array)
#5 C:\xampp\htdocs\nanko\app\Libraries\Pago.php(36): OpenpayApiDerivedResource->get('trk08vyu2srmafk...')
#6 C:\xampp\htdocs\nanko\app\Controllers\Clientes.php(212): App\Libraries\Pago->get_pago('awzw0yfqzpchpbo...', 'trk08vyu2srmafk...')
#7 C:\xampp\htdocs\nanko\system\CodeIgniter.php(914): App\Controllers\Clientes->ordenes()
#8 C:\xampp\htdocs\nanko\system\CodeIgniter.php(400): CodeIgniter\CodeIgniter->runController(Object(App\Controllers\Clientes))
#9 C:\xampp\htdocs\nanko\system\CodeIgniter.php(308): CodeIgniter\CodeIgniter->handleRequest(NULL, Object(Config\Cache), false)
#10 C:\xampp\htdocs\nanko\public\index.php(45): CodeIgniter\CodeIgniter->run()
#11 C:\xampp\htdocs\nanko\system\Commands\Server\rewrite.php(34): require_once('C:\\xampp\\htdocs...')
#12 {main}
CRITICAL - 2021-01-02 02:22:12 --> Trying to get property 'url' of non-object
#0 C:\xampp\htdocs\nanko\app\Controllers\Clientes.php(885): CodeIgniter\Debug\Exceptions->errorHandler(8, 'Trying to get p...', 'C:\\xampp\\htdocs...', 885, Array)
#1 C:\xampp\htdocs\nanko\system\CodeIgniter.php(914): App\Controllers\Clientes->pagar()
#2 C:\xampp\htdocs\nanko\system\CodeIgniter.php(400): CodeIgniter\CodeIgniter->runController(Object(App\Controllers\Clientes))
#3 C:\xampp\htdocs\nanko\system\CodeIgniter.php(308): CodeIgniter\CodeIgniter->handleRequest(NULL, Object(Config\Cache), false)
#4 C:\xampp\htdocs\nanko\public\index.php(45): CodeIgniter\CodeIgniter->run()
#5 C:\xampp\htdocs\nanko\system\Commands\Server\rewrite.php(34): require_once('C:\\xampp\\htdocs...')
#6 {main}
CRITICAL - 2021-01-02 02:23:02 --> The requested resource doesn't exist
#0 C:\xampp\htdocs\nanko\app\ThirdParty\Openpay\data\OpenpayApiConnector.php(204): OpenpayApiConnector->handleRequestError('{"http_code":40...', 404, Array)
#1 C:\xampp\htdocs\nanko\app\ThirdParty\Openpay\data\OpenpayApiConnector.php(66): OpenpayApiConnector->interpretResponse('{"http_code":40...', 404)
#2 C:\xampp\htdocs\nanko\app\ThirdParty\Openpay\data\OpenpayApiConnector.php(284): OpenpayApiConnector->_request('get', '/customers/awzw...', Array)
#3 C:\xampp\htdocs\nanko\app\ThirdParty\Openpay\data\OpenpayApiResourceBase.php(284): OpenpayApiConnector::request('get', '/customers/awzw...')
#4 C:\xampp\htdocs\nanko\app\ThirdParty\Openpay\data\OpenpayApiDerivedResource.php(74): OpenpayApiResourceBase->_retrieve('OpenpayCharge', 'trk08vyu2srmafk...', Array)
#5 C:\xampp\htdocs\nanko\app\Libraries\Pago.php(36): OpenpayApiDerivedResource->get('trk08vyu2srmafk...')
#6 C:\xampp\htdocs\nanko\app\Controllers\Clientes.php(212): App\Libraries\Pago->get_pago('awzw0yfqzpchpbo...', 'trk08vyu2srmafk...')
#7 C:\xampp\htdocs\nanko\system\CodeIgniter.php(914): App\Controllers\Clientes->ordenes()
#8 C:\xampp\htdocs\nanko\system\CodeIgniter.php(400): CodeIgniter\CodeIgniter->runController(Object(App\Controllers\Clientes))
#9 C:\xampp\htdocs\nanko\system\CodeIgniter.php(308): CodeIgniter\CodeIgniter->handleRequest(NULL, Object(Config\Cache), false)
#10 C:\xampp\htdocs\nanko\public\index.php(45): CodeIgniter\CodeIgniter->run()
#11 C:\xampp\htdocs\nanko\system\Commands\Server\rewrite.php(34): require_once('C:\\xampp\\htdocs...')
#12 {main}
CRITICAL - 2021-01-02 02:25:59 --> The requested resource doesn't exist
#0 C:\xampp\htdocs\nanko\app\ThirdParty\Openpay\data\OpenpayApiConnector.php(204): OpenpayApiConnector->handleRequestError('{"http_code":40...', 404, Array)
#1 C:\xampp\htdocs\nanko\app\ThirdParty\Openpay\data\OpenpayApiConnector.php(66): OpenpayApiConnector->interpretResponse('{"http_code":40...', 404)
#2 C:\xampp\htdocs\nanko\app\ThirdParty\Openpay\data\OpenpayApiConnector.php(284): OpenpayApiConnector->_request('get', '/customers/awzw...', Array)
#3 C:\xampp\htdocs\nanko\app\ThirdParty\Openpay\data\OpenpayApiResourceBase.php(284): OpenpayApiConnector::request('get', '/customers/awzw...')
#4 C:\xampp\htdocs\nanko\app\ThirdParty\Openpay\data\OpenpayApiDerivedResource.php(74): OpenpayApiResourceBase->_retrieve('OpenpayCharge', 'trk08vyu2srmafk...', Array)
#5 C:\xampp\htdocs\nanko\app\Libraries\Pago.php(36): OpenpayApiDerivedResource->get('trk08vyu2srmafk...')
#6 C:\xampp\htdocs\nanko\app\Controllers\Clientes.php(212): App\Libraries\Pago->get_pago('awzw0yfqzpchpbo...', 'trk08vyu2srmafk...')
#7 C:\xampp\htdocs\nanko\system\CodeIgniter.php(914): App\Controllers\Clientes->ordenes()
#8 C:\xampp\htdocs\nanko\system\CodeIgniter.php(400): CodeIgniter\CodeIgniter->runController(Object(App\Controllers\Clientes))
#9 C:\xampp\htdocs\nanko\system\CodeIgniter.php(308): CodeIgniter\CodeIgniter->handleRequest(NULL, Object(Config\Cache), false)
#10 C:\xampp\htdocs\nanko\public\index.php(45): CodeIgniter\CodeIgniter->run()
#11 C:\xampp\htdocs\nanko\system\Commands\Server\rewrite.php(34): require_once('C:\\xampp\\htdocs...')
#12 {main}
