CRITICAL - 2020-12-25 00:17:28 --> Cannot add or update a child row: a foreign key constraint fails (`nanko`.`orden_producto`, CONSTRAINT `FK_orden_producto_productos` FOREIGN KEY (`id_producto`) REFERENCES `productos` (`idProducto`) ON UPDATE CASCADE)
#0 C:\xampp\htdocs\nanko\system\Database\MySQLi\Connection.php(331): mysqli->query('INSERT INTO `or...')
#1 C:\xampp\htdocs\nanko\system\Database\BaseConnection.php(741): CodeIgniter\Database\MySQLi\Connection->execute('INSERT INTO `or...')
#2 C:\xampp\htdocs\nanko\system\Database\BaseConnection.php(669): CodeIgniter\Database\BaseConnection->simpleQuery('INSERT INTO `or...')
#3 C:\xampp\htdocs\nanko\system\Database\BaseBuilder.php(2249): CodeIgniter\Database\BaseConnection->query('INSERT INTO `or...', Array, false)
#4 C:\xampp\htdocs\nanko\system\Model.php(755): CodeIgniter\Database\BaseBuilder->insert()
#5 C:\xampp\htdocs\nanko\app\Controllers\Clientes.php(308): CodeIgniter\Model->insert(Array)
#6 C:\xampp\htdocs\nanko\system\CodeIgniter.php(914): App\Controllers\Clientes->pago_tienda()
#7 C:\xampp\htdocs\nanko\system\CodeIgniter.php(400): CodeIgniter\CodeIgniter->runController(Object(App\Controllers\Clientes))
#8 C:\xampp\htdocs\nanko\system\CodeIgniter.php(308): CodeIgniter\CodeIgniter->handleRequest(NULL, Object(Config\Cache), false)
#9 C:\xampp\htdocs\nanko\public\index.php(45): CodeIgniter\CodeIgniter->run()
#10 C:\xampp\htdocs\nanko\system\Commands\Server\rewrite.php(34): require_once('C:\\xampp\\htdocs...')
#11 {main}
CRITICAL - 2020-12-25 12:48:58 --> Invalid argument supplied for foreach()
#0 C:\xampp\htdocs\nanko\app\Views\Cliente\Footer.php(196): CodeIgniter\Debug\Exceptions->errorHandler(2, 'Invalid argumen...', 'C:\\xampp\\htdocs...', 196, Array)
#1 C:\xampp\htdocs\nanko\system\View\View.php(246): include('C:\\xampp\\htdocs...')
#2 C:\xampp\htdocs\nanko\system\Common.php(1119): CodeIgniter\View\View->render('Cliente/Footer', Array, true)
#3 C:\xampp\htdocs\nanko\app\Views\Cliente\Inicio.php(165): view('Cliente/Footer')
#4 C:\xampp\htdocs\nanko\system\View\View.php(246): include('C:\\xampp\\htdocs...')
#5 C:\xampp\htdocs\nanko\system\Common.php(1119): CodeIgniter\View\View->render('Cliente/Inicio', Array, true)
#6 C:\xampp\htdocs\nanko\app\Controllers\Clientes.php(253): view('Cliente/Inicio', Array)
#7 C:\xampp\htdocs\nanko\app\Controllers\Clientes.php(26): App\Controllers\Clientes->mostrar_inicio()
#8 C:\xampp\htdocs\nanko\system\CodeIgniter.php(914): App\Controllers\Clientes->index()
#9 C:\xampp\htdocs\nanko\system\CodeIgniter.php(400): CodeIgniter\CodeIgniter->runController(Object(App\Controllers\Clientes))
#10 C:\xampp\htdocs\nanko\system\CodeIgniter.php(308): CodeIgniter\CodeIgniter->handleRequest(NULL, Object(Config\Cache), false)
#11 C:\xampp\htdocs\nanko\public\index.php(45): CodeIgniter\CodeIgniter->run()
#12 C:\xampp\htdocs\nanko\system\Commands\Server\rewrite.php(34): require_once('C:\\xampp\\htdocs...')
#13 {main}
CRITICAL - 2020-12-25 12:49:15 --> The requested resource doesn't exist
#0 C:\xampp\htdocs\nanko\app\ThirdParty\Openpay\data\OpenpayApiConnector.php(204): OpenpayApiConnector->handleRequestError('{"http_code":40...', 404, Array)
#1 C:\xampp\htdocs\nanko\app\ThirdParty\Openpay\data\OpenpayApiConnector.php(66): OpenpayApiConnector->interpretResponse('{"http_code":40...', 404)
#2 C:\xampp\htdocs\nanko\app\ThirdParty\Openpay\data\OpenpayApiConnector.php(284): OpenpayApiConnector->_request('get', '/customers/abj8...', Array)
#3 C:\xampp\htdocs\nanko\app\ThirdParty\Openpay\data\OpenpayApiResourceBase.php(284): OpenpayApiConnector::request('get', '/customers/abj8...')
#4 C:\xampp\htdocs\nanko\app\ThirdParty\Openpay\data\OpenpayApiDerivedResource.php(74): OpenpayApiResourceBase->_retrieve('OpenpayPayout', 'trwpxhrgfeub9eq...', Array)
#5 C:\xampp\htdocs\nanko\app\Libraries\Pago.php(33): OpenpayApiDerivedResource->get('trwpxhrgfeub9eq...')
#6 C:\xampp\htdocs\nanko\app\Controllers\Clientes.php(137): App\Libraries\Pago->get_pago('abj82zmcn4vstgz...', NULL)
#7 C:\xampp\htdocs\nanko\system\CodeIgniter.php(914): App\Controllers\Clientes->ordenes()
#8 C:\xampp\htdocs\nanko\system\CodeIgniter.php(400): CodeIgniter\CodeIgniter->runController(Object(App\Controllers\Clientes))
#9 C:\xampp\htdocs\nanko\system\CodeIgniter.php(308): CodeIgniter\CodeIgniter->handleRequest(NULL, Object(Config\Cache), false)
#10 C:\xampp\htdocs\nanko\public\index.php(45): CodeIgniter\CodeIgniter->run()
#11 C:\xampp\htdocs\nanko\system\Commands\Server\rewrite.php(34): require_once('C:\\xampp\\htdocs...')
#12 {main}
CRITICAL - 2020-12-25 12:49:50 --> The requested resource doesn't exist
#0 C:\xampp\htdocs\nanko\app\ThirdParty\Openpay\data\OpenpayApiConnector.php(204): OpenpayApiConnector->handleRequestError('{"http_code":40...', 404, Array)
#1 C:\xampp\htdocs\nanko\app\ThirdParty\Openpay\data\OpenpayApiConnector.php(66): OpenpayApiConnector->interpretResponse('{"http_code":40...', 404)
#2 C:\xampp\htdocs\nanko\app\ThirdParty\Openpay\data\OpenpayApiConnector.php(284): OpenpayApiConnector->_request('get', '/customers/abj8...', Array)
#3 C:\xampp\htdocs\nanko\app\ThirdParty\Openpay\data\OpenpayApiResourceBase.php(284): OpenpayApiConnector::request('get', '/customers/abj8...')
#4 C:\xampp\htdocs\nanko\app\ThirdParty\Openpay\data\OpenpayApiDerivedResource.php(74): OpenpayApiResourceBase->_retrieve('OpenpayPayout', 'trwpxhrgfeub9eq...', Array)
#5 C:\xampp\htdocs\nanko\app\Libraries\Pago.php(33): OpenpayApiDerivedResource->get('trwpxhrgfeub9eq...')
#6 C:\xampp\htdocs\nanko\app\Controllers\Clientes.php(137): App\Libraries\Pago->get_pago('abj82zmcn4vstgz...', NULL)
#7 C:\xampp\htdocs\nanko\system\CodeIgniter.php(914): App\Controllers\Clientes->ordenes()
#8 C:\xampp\htdocs\nanko\system\CodeIgniter.php(400): CodeIgniter\CodeIgniter->runController(Object(App\Controllers\Clientes))
#9 C:\xampp\htdocs\nanko\system\CodeIgniter.php(308): CodeIgniter\CodeIgniter->handleRequest(NULL, Object(Config\Cache), false)
#10 C:\xampp\htdocs\nanko\public\index.php(45): CodeIgniter\CodeIgniter->run()
#11 C:\xampp\htdocs\nanko\system\Commands\Server\rewrite.php(34): require_once('C:\\xampp\\htdocs...')
#12 {main}
CRITICAL - 2020-12-25 12:50:19 --> Invalid ID detected (value '' received, alphanumeric string not longer than 20 characters expected)
#0 C:\xampp\htdocs\nanko\app\ThirdParty\Openpay\data\OpenpayApiResourceBase.php(282): OpenpayApiResourceBase->validateId(NULL)
#1 C:\xampp\htdocs\nanko\app\ThirdParty\Openpay\data\OpenpayApiDerivedResource.php(74): OpenpayApiResourceBase->_retrieve('OpenpayPayout', NULL, Array)
#2 C:\xampp\htdocs\nanko\app\Libraries\Pago.php(33): OpenpayApiDerivedResource->get(NULL)
#3 C:\xampp\htdocs\nanko\app\Controllers\Clientes.php(137): App\Libraries\Pago->get_pago('abj82zmcn4vstgz...', NULL)
#4 C:\xampp\htdocs\nanko\system\CodeIgniter.php(914): App\Controllers\Clientes->ordenes()
#5 C:\xampp\htdocs\nanko\system\CodeIgniter.php(400): CodeIgniter\CodeIgniter->runController(Object(App\Controllers\Clientes))
#6 C:\xampp\htdocs\nanko\system\CodeIgniter.php(308): CodeIgniter\CodeIgniter->handleRequest(NULL, Object(Config\Cache), false)
#7 C:\xampp\htdocs\nanko\public\index.php(45): CodeIgniter\CodeIgniter->run()
#8 C:\xampp\htdocs\nanko\system\Commands\Server\rewrite.php(34): require_once('C:\\xampp\\htdocs...')
#9 {main}
CRITICAL - 2020-12-25 12:50:21 --> Invalid ID detected (value '' received, alphanumeric string not longer than 20 characters expected)
#0 C:\xampp\htdocs\nanko\app\ThirdParty\Openpay\data\OpenpayApiResourceBase.php(282): OpenpayApiResourceBase->validateId(NULL)
#1 C:\xampp\htdocs\nanko\app\ThirdParty\Openpay\data\OpenpayApiDerivedResource.php(74): OpenpayApiResourceBase->_retrieve('OpenpayPayout', NULL, Array)
#2 C:\xampp\htdocs\nanko\app\Libraries\Pago.php(33): OpenpayApiDerivedResource->get(NULL)
#3 C:\xampp\htdocs\nanko\app\Controllers\Clientes.php(137): App\Libraries\Pago->get_pago('abj82zmcn4vstgz...', NULL)
#4 C:\xampp\htdocs\nanko\system\CodeIgniter.php(914): App\Controllers\Clientes->ordenes()
#5 C:\xampp\htdocs\nanko\system\CodeIgniter.php(400): CodeIgniter\CodeIgniter->runController(Object(App\Controllers\Clientes))
#6 C:\xampp\htdocs\nanko\system\CodeIgniter.php(308): CodeIgniter\CodeIgniter->handleRequest(NULL, Object(Config\Cache), false)
#7 C:\xampp\htdocs\nanko\public\index.php(45): CodeIgniter\CodeIgniter->run()
#8 C:\xampp\htdocs\nanko\system\Commands\Server\rewrite.php(34): require_once('C:\\xampp\\htdocs...')
#9 {main}
CRITICAL - 2020-12-25 12:56:13 --> The requested resource doesn't exist
#0 C:\xampp\htdocs\nanko\app\ThirdParty\Openpay\data\OpenpayApiConnector.php(204): OpenpayApiConnector->handleRequestError('{"http_code":40...', 404, Array)
#1 C:\xampp\htdocs\nanko\app\ThirdParty\Openpay\data\OpenpayApiConnector.php(66): OpenpayApiConnector->interpretResponse('{"http_code":40...', 404)
#2 C:\xampp\htdocs\nanko\app\ThirdParty\Openpay\data\OpenpayApiConnector.php(284): OpenpayApiConnector->_request('get', '/customers/abj8...', Array)
#3 C:\xampp\htdocs\nanko\app\ThirdParty\Openpay\data\OpenpayApiResourceBase.php(284): OpenpayApiConnector::request('get', '/customers/abj8...')
#4 C:\xampp\htdocs\nanko\app\ThirdParty\Openpay\data\OpenpayApiDerivedResource.php(74): OpenpayApiResourceBase->_retrieve('OpenpayPayout', 'trbjkmrvx1nqkbd...', Array)
#5 C:\xampp\htdocs\nanko\app\Libraries\Pago.php(33): OpenpayApiDerivedResource->get('trbjkmrvx1nqkbd...')
#6 C:\xampp\htdocs\nanko\app\Controllers\Clientes.php(137): App\Libraries\Pago->get_pago('abj82zmcn4vstgz...', 'trbjkmrvx1nqkbd...')
#7 C:\xampp\htdocs\nanko\system\CodeIgniter.php(914): App\Controllers\Clientes->ordenes()
#8 C:\xampp\htdocs\nanko\system\CodeIgniter.php(400): CodeIgniter\CodeIgniter->runController(Object(App\Controllers\Clientes))
#9 C:\xampp\htdocs\nanko\system\CodeIgniter.php(308): CodeIgniter\CodeIgniter->handleRequest(NULL, Object(Config\Cache), false)
#10 C:\xampp\htdocs\nanko\public\index.php(45): CodeIgniter\CodeIgniter->run()
#11 C:\xampp\htdocs\nanko\system\Commands\Server\rewrite.php(34): require_once('C:\\xampp\\htdocs...')
#12 {main}
CRITICAL - 2020-12-25 12:56:36 --> The requested resource doesn't exist
#0 C:\xampp\htdocs\nanko\app\ThirdParty\Openpay\data\OpenpayApiConnector.php(204): OpenpayApiConnector->handleRequestError('{"http_code":40...', 404, Array)
#1 C:\xampp\htdocs\nanko\app\ThirdParty\Openpay\data\OpenpayApiConnector.php(66): OpenpayApiConnector->interpretResponse('{"http_code":40...', 404)
#2 C:\xampp\htdocs\nanko\app\ThirdParty\Openpay\data\OpenpayApiConnector.php(284): OpenpayApiConnector->_request('get', '/customers/abj8...', Array)
#3 C:\xampp\htdocs\nanko\app\ThirdParty\Openpay\data\OpenpayApiResourceBase.php(284): OpenpayApiConnector::request('get', '/customers/abj8...')
#4 C:\xampp\htdocs\nanko\app\ThirdParty\Openpay\data\OpenpayApiDerivedResource.php(74): OpenpayApiResourceBase->_retrieve('OpenpayPayout', 'trbjkmrvx1nqkbd...', Array)
#5 C:\xampp\htdocs\nanko\app\Libraries\Pago.php(33): OpenpayApiDerivedResource->get('trbjkmrvx1nqkbd...')
#6 C:\xampp\htdocs\nanko\app\Controllers\Clientes.php(137): App\Libraries\Pago->get_pago('abj82zmcn4vstgz...', 'trbjkmrvx1nqkbd...')
#7 C:\xampp\htdocs\nanko\system\CodeIgniter.php(914): App\Controllers\Clientes->ordenes()
#8 C:\xampp\htdocs\nanko\system\CodeIgniter.php(400): CodeIgniter\CodeIgniter->runController(Object(App\Controllers\Clientes))
#9 C:\xampp\htdocs\nanko\system\CodeIgniter.php(308): CodeIgniter\CodeIgniter->handleRequest(NULL, Object(Config\Cache), false)
#10 C:\xampp\htdocs\nanko\public\index.php(45): CodeIgniter\CodeIgniter->run()
#11 C:\xampp\htdocs\nanko\system\Commands\Server\rewrite.php(34): require_once('C:\\xampp\\htdocs...')
#12 {main}
CRITICAL - 2020-12-25 12:59:16 --> The requested resource doesn't exist
#0 C:\xampp\htdocs\nanko\app\ThirdParty\Openpay\data\OpenpayApiConnector.php(204): OpenpayApiConnector->handleRequestError('{"http_code":40...', 404, Array)
#1 C:\xampp\htdocs\nanko\app\ThirdParty\Openpay\data\OpenpayApiConnector.php(66): OpenpayApiConnector->interpretResponse('{"http_code":40...', 404)
#2 C:\xampp\htdocs\nanko\app\ThirdParty\Openpay\data\OpenpayApiConnector.php(284): OpenpayApiConnector->_request('get', '/customers/abj8...', Array)
#3 C:\xampp\htdocs\nanko\app\ThirdParty\Openpay\data\OpenpayApiResourceBase.php(284): OpenpayApiConnector::request('get', '/customers/abj8...')
#4 C:\xampp\htdocs\nanko\app\ThirdParty\Openpay\data\OpenpayApiDerivedResource.php(74): OpenpayApiResourceBase->_retrieve('OpenpayPayout', 'trbjkmrvx1nqkbd...', Array)
#5 C:\xampp\htdocs\nanko\app\Libraries\Pago.php(33): OpenpayApiDerivedResource->get('trbjkmrvx1nqkbd...')
#6 C:\xampp\htdocs\nanko\app\Controllers\Clientes.php(137): App\Libraries\Pago->get_pago('abj82zmcn4vstgz...', 'trbjkmrvx1nqkbd...')
#7 C:\xampp\htdocs\nanko\system\CodeIgniter.php(914): App\Controllers\Clientes->ordenes()
#8 C:\xampp\htdocs\nanko\system\CodeIgniter.php(400): CodeIgniter\CodeIgniter->runController(Object(App\Controllers\Clientes))
#9 C:\xampp\htdocs\nanko\system\CodeIgniter.php(308): CodeIgniter\CodeIgniter->handleRequest(NULL, Object(Config\Cache), false)
#10 C:\xampp\htdocs\nanko\public\index.php(45): CodeIgniter\CodeIgniter->run()
#11 C:\xampp\htdocs\nanko\system\Commands\Server\rewrite.php(34): require_once('C:\\xampp\\htdocs...')
#12 {main}
CRITICAL - 2020-12-25 12:59:19 --> The requested resource doesn't exist
#0 C:\xampp\htdocs\nanko\app\ThirdParty\Openpay\data\OpenpayApiConnector.php(204): OpenpayApiConnector->handleRequestError('{"http_code":40...', 404, Array)
#1 C:\xampp\htdocs\nanko\app\ThirdParty\Openpay\data\OpenpayApiConnector.php(66): OpenpayApiConnector->interpretResponse('{"http_code":40...', 404)
#2 C:\xampp\htdocs\nanko\app\ThirdParty\Openpay\data\OpenpayApiConnector.php(284): OpenpayApiConnector->_request('get', '/customers/abj8...', Array)
#3 C:\xampp\htdocs\nanko\app\ThirdParty\Openpay\data\OpenpayApiResourceBase.php(284): OpenpayApiConnector::request('get', '/customers/abj8...')
#4 C:\xampp\htdocs\nanko\app\ThirdParty\Openpay\data\OpenpayApiDerivedResource.php(74): OpenpayApiResourceBase->_retrieve('OpenpayPayout', 'trbjkmrvx1nqkbd...', Array)
#5 C:\xampp\htdocs\nanko\app\Libraries\Pago.php(33): OpenpayApiDerivedResource->get('trbjkmrvx1nqkbd...')
#6 C:\xampp\htdocs\nanko\app\Controllers\Clientes.php(137): App\Libraries\Pago->get_pago('abj82zmcn4vstgz...', 'trbjkmrvx1nqkbd...')
#7 C:\xampp\htdocs\nanko\system\CodeIgniter.php(914): App\Controllers\Clientes->ordenes()
#8 C:\xampp\htdocs\nanko\system\CodeIgniter.php(400): CodeIgniter\CodeIgniter->runController(Object(App\Controllers\Clientes))
#9 C:\xampp\htdocs\nanko\system\CodeIgniter.php(308): CodeIgniter\CodeIgniter->handleRequest(NULL, Object(Config\Cache), false)
#10 C:\xampp\htdocs\nanko\public\index.php(45): CodeIgniter\CodeIgniter->run()
#11 C:\xampp\htdocs\nanko\system\Commands\Server\rewrite.php(34): require_once('C:\\xampp\\htdocs...')
#12 {main}
CRITICAL - 2020-12-25 13:00:35 --> The requested resource doesn't exist
#0 C:\xampp\htdocs\nanko\app\ThirdParty\Openpay\data\OpenpayApiConnector.php(204): OpenpayApiConnector->handleRequestError('{"http_code":40...', 404, Array)
#1 C:\xampp\htdocs\nanko\app\ThirdParty\Openpay\data\OpenpayApiConnector.php(66): OpenpayApiConnector->interpretResponse('{"http_code":40...', 404)
#2 C:\xampp\htdocs\nanko\app\ThirdParty\Openpay\data\OpenpayApiConnector.php(284): OpenpayApiConnector->_request('get', '/payouts/trbjkm...', Array)
#3 C:\xampp\htdocs\nanko\app\ThirdParty\Openpay\data\OpenpayApiResourceBase.php(284): OpenpayApiConnector::request('get', '/payouts/trbjkm...')
#4 C:\xampp\htdocs\nanko\app\ThirdParty\Openpay\data\OpenpayApiDerivedResource.php(74): OpenpayApiResourceBase->_retrieve('OpenpayPayout', 'trbjkmrvx1nqkbd...', Array)
#5 C:\xampp\htdocs\nanko\app\Libraries\Pago.php(32): OpenpayApiDerivedResource->get('trbjkmrvx1nqkbd...')
#6 C:\xampp\htdocs\nanko\app\Controllers\Clientes.php(137): App\Libraries\Pago->get_pago('abj82zmcn4vstgz...', 'trbjkmrvx1nqkbd...')
#7 C:\xampp\htdocs\nanko\system\CodeIgniter.php(914): App\Controllers\Clientes->ordenes()
#8 C:\xampp\htdocs\nanko\system\CodeIgniter.php(400): CodeIgniter\CodeIgniter->runController(Object(App\Controllers\Clientes))
#9 C:\xampp\htdocs\nanko\system\CodeIgniter.php(308): CodeIgniter\CodeIgniter->handleRequest(NULL, Object(Config\Cache), false)
#10 C:\xampp\htdocs\nanko\public\index.php(45): CodeIgniter\CodeIgniter->run()
#11 C:\xampp\htdocs\nanko\system\Commands\Server\rewrite.php(34): require_once('C:\\xampp\\htdocs...')
#12 {main}
CRITICAL - 2020-12-25 13:11:25 --> The requested resource doesn't exist
#0 C:\xampp\htdocs\nanko\app\ThirdParty\Openpay\data\OpenpayApiConnector.php(204): OpenpayApiConnector->handleRequestError('{"http_code":40...', 404, Array)
#1 C:\xampp\htdocs\nanko\app\ThirdParty\Openpay\data\OpenpayApiConnector.php(66): OpenpayApiConnector->interpretResponse('{"http_code":40...', 404)
#2 C:\xampp\htdocs\nanko\app\ThirdParty\Openpay\data\OpenpayApiConnector.php(284): OpenpayApiConnector->_request('get', '/payouts/trbjkm...', Array)
#3 C:\xampp\htdocs\nanko\app\ThirdParty\Openpay\data\OpenpayApiResourceBase.php(284): OpenpayApiConnector::request('get', '/payouts/trbjkm...')
#4 C:\xampp\htdocs\nanko\app\ThirdParty\Openpay\data\OpenpayApiDerivedResource.php(74): OpenpayApiResourceBase->_retrieve('OpenpayPayout', 'trbjkmrvx1nqkbd...', Array)
#5 C:\xampp\htdocs\nanko\app\Libraries\Pago.php(32): OpenpayApiDerivedResource->get('trbjkmrvx1nqkbd...')
#6 C:\xampp\htdocs\nanko\app\Controllers\Clientes.php(137): App\Libraries\Pago->get_pago('abj82zmcn4vstgz...', 'trbjkmrvx1nqkbd...')
#7 C:\xampp\htdocs\nanko\system\CodeIgniter.php(914): App\Controllers\Clientes->ordenes()
#8 C:\xampp\htdocs\nanko\system\CodeIgniter.php(400): CodeIgniter\CodeIgniter->runController(Object(App\Controllers\Clientes))
#9 C:\xampp\htdocs\nanko\system\CodeIgniter.php(308): CodeIgniter\CodeIgniter->handleRequest(NULL, Object(Config\Cache), false)
#10 C:\xampp\htdocs\nanko\public\index.php(45): CodeIgniter\CodeIgniter->run()
#11 C:\xampp\htdocs\nanko\system\Commands\Server\rewrite.php(34): require_once('C:\\xampp\\htdocs...')
#12 {main}
CRITICAL - 2020-12-25 13:12:05 --> The requested resource doesn't exist
#0 C:\xampp\htdocs\nanko\app\ThirdParty\Openpay\data\OpenpayApiConnector.php(204): OpenpayApiConnector->handleRequestError('{"http_code":40...', 404, Array)
#1 C:\xampp\htdocs\nanko\app\ThirdParty\Openpay\data\OpenpayApiConnector.php(66): OpenpayApiConnector->interpretResponse('{"http_code":40...', 404)
#2 C:\xampp\htdocs\nanko\app\ThirdParty\Openpay\data\OpenpayApiConnector.php(284): OpenpayApiConnector->_request('get', '/payouts/trbjkm...', Array)
#3 C:\xampp\htdocs\nanko\app\ThirdParty\Openpay\data\OpenpayApiResourceBase.php(284): OpenpayApiConnector::request('get', '/payouts/trbjkm...')
#4 C:\xampp\htdocs\nanko\app\ThirdParty\Openpay\data\OpenpayApiDerivedResource.php(74): OpenpayApiResourceBase->_retrieve('OpenpayPayout', 'trbjkmrvx1nqkbd...', Array)
#5 C:\xampp\htdocs\nanko\app\Libraries\Pago.php(32): OpenpayApiDerivedResource->get('trbjkmrvx1nqkbd...')
#6 C:\xampp\htdocs\nanko\app\Controllers\Clientes.php(137): App\Libraries\Pago->get_pago('abj82zmcn4vstgz...', 'trbjkmrvx1nqkbd...')
#7 C:\xampp\htdocs\nanko\system\CodeIgniter.php(914): App\Controllers\Clientes->ordenes()
#8 C:\xampp\htdocs\nanko\system\CodeIgniter.php(400): CodeIgniter\CodeIgniter->runController(Object(App\Controllers\Clientes))
#9 C:\xampp\htdocs\nanko\system\CodeIgniter.php(308): CodeIgniter\CodeIgniter->handleRequest(NULL, Object(Config\Cache), false)
#10 C:\xampp\htdocs\nanko\public\index.php(45): CodeIgniter\CodeIgniter->run()
#11 C:\xampp\htdocs\nanko\system\Commands\Server\rewrite.php(34): require_once('C:\\xampp\\htdocs...')
#12 {main}
CRITICAL - 2020-12-25 13:12:07 --> The requested resource doesn't exist
#0 C:\xampp\htdocs\nanko\app\ThirdParty\Openpay\data\OpenpayApiConnector.php(204): OpenpayApiConnector->handleRequestError('{"http_code":40...', 404, Array)
#1 C:\xampp\htdocs\nanko\app\ThirdParty\Openpay\data\OpenpayApiConnector.php(66): OpenpayApiConnector->interpretResponse('{"http_code":40...', 404)
#2 C:\xampp\htdocs\nanko\app\ThirdParty\Openpay\data\OpenpayApiConnector.php(284): OpenpayApiConnector->_request('get', '/payouts/trbjkm...', Array)
#3 C:\xampp\htdocs\nanko\app\ThirdParty\Openpay\data\OpenpayApiResourceBase.php(284): OpenpayApiConnector::request('get', '/payouts/trbjkm...')
#4 C:\xampp\htdocs\nanko\app\ThirdParty\Openpay\data\OpenpayApiDerivedResource.php(74): OpenpayApiResourceBase->_retrieve('OpenpayPayout', 'trbjkmrvx1nqkbd...', Array)
#5 C:\xampp\htdocs\nanko\app\Libraries\Pago.php(32): OpenpayApiDerivedResource->get('trbjkmrvx1nqkbd...')
#6 C:\xampp\htdocs\nanko\app\Controllers\Clientes.php(137): App\Libraries\Pago->get_pago('abj82zmcn4vstgz...', 'trbjkmrvx1nqkbd...')
#7 C:\xampp\htdocs\nanko\system\CodeIgniter.php(914): App\Controllers\Clientes->ordenes()
#8 C:\xampp\htdocs\nanko\system\CodeIgniter.php(400): CodeIgniter\CodeIgniter->runController(Object(App\Controllers\Clientes))
#9 C:\xampp\htdocs\nanko\system\CodeIgniter.php(308): CodeIgniter\CodeIgniter->handleRequest(NULL, Object(Config\Cache), false)
#10 C:\xampp\htdocs\nanko\public\index.php(45): CodeIgniter\CodeIgniter->run()
#11 C:\xampp\htdocs\nanko\system\Commands\Server\rewrite.php(34): require_once('C:\\xampp\\htdocs...')
#12 {main}
CRITICAL - 2020-12-25 13:14:38 --> The requested resource doesn't exist
#0 C:\xampp\htdocs\nanko\app\ThirdParty\Openpay\data\OpenpayApiConnector.php(204): OpenpayApiConnector->handleRequestError('{"http_code":40...', 404, Array)
#1 C:\xampp\htdocs\nanko\app\ThirdParty\Openpay\data\OpenpayApiConnector.php(66): OpenpayApiConnector->interpretResponse('{"http_code":40...', 404)
#2 C:\xampp\htdocs\nanko\app\ThirdParty\Openpay\data\OpenpayApiConnector.php(284): OpenpayApiConnector->_request('get', '/customers/abj8...', Array)
#3 C:\xampp\htdocs\nanko\app\ThirdParty\Openpay\data\OpenpayApiResourceBase.php(284): OpenpayApiConnector::request('get', '/customers/abj8...')
#4 C:\xampp\htdocs\nanko\app\ThirdParty\Openpay\data\OpenpayApiDerivedResource.php(74): OpenpayApiResourceBase->_retrieve('OpenpayPayout', 'tr7gr6ofewsqcsf...', Array)
#5 C:\xampp\htdocs\nanko\app\Libraries\Pago.php(32): OpenpayApiDerivedResource->get('tr7gr6ofewsqcsf...')
#6 C:\xampp\htdocs\nanko\app\Controllers\Clientes.php(137): App\Libraries\Pago->get_pago('abj82zmcn4vstgz...', 'tr7gr6ofewsqcsf...')
#7 C:\xampp\htdocs\nanko\system\CodeIgniter.php(914): App\Controllers\Clientes->ordenes()
#8 C:\xampp\htdocs\nanko\system\CodeIgniter.php(400): CodeIgniter\CodeIgniter->runController(Object(App\Controllers\Clientes))
#9 C:\xampp\htdocs\nanko\system\CodeIgniter.php(308): CodeIgniter\CodeIgniter->handleRequest(NULL, Object(Config\Cache), false)
#10 C:\xampp\htdocs\nanko\public\index.php(45): CodeIgniter\CodeIgniter->run()
#11 C:\xampp\htdocs\nanko\system\Commands\Server\rewrite.php(34): require_once('C:\\xampp\\htdocs...')
#12 {main}
CRITICAL - 2020-12-25 13:16:37 --> The requested resource doesn't exist
#0 C:\xampp\htdocs\nanko\app\ThirdParty\Openpay\data\OpenpayApiConnector.php(204): OpenpayApiConnector->handleRequestError('{"http_code":40...', 404, Array)
#1 C:\xampp\htdocs\nanko\app\ThirdParty\Openpay\data\OpenpayApiConnector.php(66): OpenpayApiConnector->interpretResponse('{"http_code":40...', 404)
#2 C:\xampp\htdocs\nanko\app\ThirdParty\Openpay\data\OpenpayApiConnector.php(284): OpenpayApiConnector->_request('get', '/customers/abj8...', Array)
#3 C:\xampp\htdocs\nanko\app\ThirdParty\Openpay\data\OpenpayApiResourceBase.php(284): OpenpayApiConnector::request('get', '/customers/abj8...')
#4 C:\xampp\htdocs\nanko\app\ThirdParty\Openpay\data\OpenpayApiDerivedResource.php(74): OpenpayApiResourceBase->_retrieve('OpenpayCharge', 'tr7gr6ofewsqcsf...', Array)
#5 C:\xampp\htdocs\nanko\app\Libraries\Pago.php(36): OpenpayApiDerivedResource->get('tr7gr6ofewsqcsf...')
#6 C:\xampp\htdocs\nanko\app\Controllers\Clientes.php(137): App\Libraries\Pago->get_pago('abj82zmcn4vstgz...', 'tr7gr6ofewsqcsf...')
#7 C:\xampp\htdocs\nanko\system\CodeIgniter.php(914): App\Controllers\Clientes->ordenes()
#8 C:\xampp\htdocs\nanko\system\CodeIgniter.php(400): CodeIgniter\CodeIgniter->runController(Object(App\Controllers\Clientes))
#9 C:\xampp\htdocs\nanko\system\CodeIgniter.php(308): CodeIgniter\CodeIgniter->handleRequest(NULL, Object(Config\Cache), false)
#10 C:\xampp\htdocs\nanko\public\index.php(45): CodeIgniter\CodeIgniter->run()
#11 C:\xampp\htdocs\nanko\system\Commands\Server\rewrite.php(34): require_once('C:\\xampp\\htdocs...')
#12 {main}
CRITICAL - 2020-12-25 13:16:39 --> The requested resource doesn't exist
#0 C:\xampp\htdocs\nanko\app\ThirdParty\Openpay\data\OpenpayApiConnector.php(204): OpenpayApiConnector->handleRequestError('{"http_code":40...', 404, Array)
#1 C:\xampp\htdocs\nanko\app\ThirdParty\Openpay\data\OpenpayApiConnector.php(66): OpenpayApiConnector->interpretResponse('{"http_code":40...', 404)
#2 C:\xampp\htdocs\nanko\app\ThirdParty\Openpay\data\OpenpayApiConnector.php(284): OpenpayApiConnector->_request('get', '/customers/abj8...', Array)
#3 C:\xampp\htdocs\nanko\app\ThirdParty\Openpay\data\OpenpayApiResourceBase.php(284): OpenpayApiConnector::request('get', '/customers/abj8...')
#4 C:\xampp\htdocs\nanko\app\ThirdParty\Openpay\data\OpenpayApiDerivedResource.php(74): OpenpayApiResourceBase->_retrieve('OpenpayCharge', 'tr7gr6ofewsqcsf...', Array)
#5 C:\xampp\htdocs\nanko\app\Libraries\Pago.php(36): OpenpayApiDerivedResource->get('tr7gr6ofewsqcsf...')
#6 C:\xampp\htdocs\nanko\app\Controllers\Clientes.php(137): App\Libraries\Pago->get_pago('abj82zmcn4vstgz...', 'tr7gr6ofewsqcsf...')
#7 C:\xampp\htdocs\nanko\system\CodeIgniter.php(914): App\Controllers\Clientes->ordenes()
#8 C:\xampp\htdocs\nanko\system\CodeIgniter.php(400): CodeIgniter\CodeIgniter->runController(Object(App\Controllers\Clientes))
#9 C:\xampp\htdocs\nanko\system\CodeIgniter.php(308): CodeIgniter\CodeIgniter->handleRequest(NULL, Object(Config\Cache), false)
#10 C:\xampp\htdocs\nanko\public\index.php(45): CodeIgniter\CodeIgniter->run()
#11 C:\xampp\htdocs\nanko\system\Commands\Server\rewrite.php(34): require_once('C:\\xampp\\htdocs...')
#12 {main}
CRITICAL - 2020-12-25 13:21:42 --> The requested resource doesn't exist
#0 C:\xampp\htdocs\nanko\app\ThirdParty\Openpay\data\OpenpayApiConnector.php(204): OpenpayApiConnector->handleRequestError('{"http_code":40...', 404, Array)
#1 C:\xampp\htdocs\nanko\app\ThirdParty\Openpay\data\OpenpayApiConnector.php(66): OpenpayApiConnector->interpretResponse('{"http_code":40...', 404)
#2 C:\xampp\htdocs\nanko\app\ThirdParty\Openpay\data\OpenpayApiConnector.php(284): OpenpayApiConnector->_request('get', '/customers/abj8...', Array)
#3 C:\xampp\htdocs\nanko\app\ThirdParty\Openpay\data\OpenpayApiResourceBase.php(284): OpenpayApiConnector::request('get', '/customers/abj8...')
#4 C:\xampp\htdocs\nanko\app\ThirdParty\Openpay\data\OpenpayApiDerivedResource.php(74): OpenpayApiResourceBase->_retrieve('OpenpayCharge', 'trxbiffkdci2fhl...', Array)
#5 C:\xampp\htdocs\nanko\app\Libraries\Pago.php(36): OpenpayApiDerivedResource->get('trxbiffkdci2fhl...')
#6 C:\xampp\htdocs\nanko\app\Controllers\Clientes.php(137): App\Libraries\Pago->get_pago('abj82zmcn4vstgz...', 'trxbiffkdci2fhl...')
#7 C:\xampp\htdocs\nanko\system\CodeIgniter.php(914): App\Controllers\Clientes->ordenes()
#8 C:\xampp\htdocs\nanko\system\CodeIgniter.php(400): CodeIgniter\CodeIgniter->runController(Object(App\Controllers\Clientes))
#9 C:\xampp\htdocs\nanko\system\CodeIgniter.php(308): CodeIgniter\CodeIgniter->handleRequest(NULL, Object(Config\Cache), false)
#10 C:\xampp\htdocs\nanko\public\index.php(45): CodeIgniter\CodeIgniter->run()
#11 C:\xampp\htdocs\nanko\system\Commands\Server\rewrite.php(34): require_once('C:\\xampp\\htdocs...')
#12 {main}
CRITICAL - 2020-12-25 13:26:01 --> The requested resource doesn't exist
#0 C:\xampp\htdocs\nanko\app\ThirdParty\Openpay\data\OpenpayApiConnector.php(204): OpenpayApiConnector->handleRequestError('{"http_code":40...', 404, Array)
#1 C:\xampp\htdocs\nanko\app\ThirdParty\Openpay\data\OpenpayApiConnector.php(66): OpenpayApiConnector->interpretResponse('{"http_code":40...', 404)
#2 C:\xampp\htdocs\nanko\app\ThirdParty\Openpay\data\OpenpayApiConnector.php(284): OpenpayApiConnector->_request('get', '/customers/abj8...', Array)
#3 C:\xampp\htdocs\nanko\app\ThirdParty\Openpay\data\OpenpayApiResourceBase.php(284): OpenpayApiConnector::request('get', '/customers/abj8...')
#4 C:\xampp\htdocs\nanko\app\ThirdParty\Openpay\data\OpenpayApiDerivedResource.php(74): OpenpayApiResourceBase->_retrieve('OpenpayCharge', 'trxbiffkdci2fhl...', Array)
#5 C:\xampp\htdocs\nanko\app\Libraries\Pago.php(36): OpenpayApiDerivedResource->get('trxbiffkdci2fhl...')
#6 C:\xampp\htdocs\nanko\app\Controllers\Clientes.php(137): App\Libraries\Pago->get_pago('abj82zmcn4vstgz...', 'trxbiffkdci2fhl...')
#7 C:\xampp\htdocs\nanko\system\CodeIgniter.php(914): App\Controllers\Clientes->ordenes()
#8 C:\xampp\htdocs\nanko\system\CodeIgniter.php(400): CodeIgniter\CodeIgniter->runController(Object(App\Controllers\Clientes))
#9 C:\xampp\htdocs\nanko\system\CodeIgniter.php(308): CodeIgniter\CodeIgniter->handleRequest(NULL, Object(Config\Cache), false)
#10 C:\xampp\htdocs\nanko\public\index.php(45): CodeIgniter\CodeIgniter->run()
#11 C:\xampp\htdocs\nanko\system\Commands\Server\rewrite.php(34): require_once('C:\\xampp\\htdocs...')
#12 {main}
CRITICAL - 2020-12-25 13:27:37 --> Too few arguments to function OpenpayApiDerivedResource::getList(), 0 passed in C:\xampp\htdocs\nanko\app\Libraries\Pago.php on line 32 and exactly 1 expected
#0 C:\xampp\htdocs\nanko\app\Libraries\Pago.php(32): OpenpayApiDerivedResource->getList()
#1 C:\xampp\htdocs\nanko\app\Controllers\Clientes.php(137): App\Libraries\Pago->get_pago('abj82zmcn4vstgz...', 'trxbiffkdci2fhl...')
#2 C:\xampp\htdocs\nanko\system\CodeIgniter.php(914): App\Controllers\Clientes->ordenes()
#3 C:\xampp\htdocs\nanko\system\CodeIgniter.php(400): CodeIgniter\CodeIgniter->runController(Object(App\Controllers\Clientes))
#4 C:\xampp\htdocs\nanko\system\CodeIgniter.php(308): CodeIgniter\CodeIgniter->handleRequest(NULL, Object(Config\Cache), false)
#5 C:\xampp\htdocs\nanko\public\index.php(45): CodeIgniter\CodeIgniter->run()
#6 C:\xampp\htdocs\nanko\system\Commands\Server\rewrite.php(34): require_once('C:\\xampp\\htdocs...')
#7 {main}
CRITICAL - 2020-12-25 13:28:21 --> Date range not allowed
#0 C:\xampp\htdocs\nanko\app\ThirdParty\Openpay\data\OpenpayApiConnector.php(204): OpenpayApiConnector->handleRequestError('{"http_code":40...', 400, Array)
#1 C:\xampp\htdocs\nanko\app\ThirdParty\Openpay\data\OpenpayApiConnector.php(66): OpenpayApiConnector->interpretResponse('{"http_code":40...', 400)
#2 C:\xampp\htdocs\nanko\app\ThirdParty\Openpay\data\OpenpayApiConnector.php(284): OpenpayApiConnector->_request('get', '/payouts', Array)
#3 C:\xampp\htdocs\nanko\app\ThirdParty\Openpay\data\OpenpayApiResourceBase.php(294): OpenpayApiConnector::request('get', '/payouts', Array)
#4 C:\xampp\htdocs\nanko\app\ThirdParty\Openpay\data\OpenpayApiDerivedResource.php(82): OpenpayApiResourceBase->_find('OpenpayPayout', Array, Array)
#5 C:\xampp\htdocs\nanko\app\Libraries\Pago.php(38): OpenpayApiDerivedResource->getList(Array)
#6 C:\xampp\htdocs\nanko\app\Controllers\Clientes.php(137): App\Libraries\Pago->get_pago('abj82zmcn4vstgz...', 'trxbiffkdci2fhl...')
#7 C:\xampp\htdocs\nanko\system\CodeIgniter.php(914): App\Controllers\Clientes->ordenes()
#8 C:\xampp\htdocs\nanko\system\CodeIgniter.php(400): CodeIgniter\CodeIgniter->runController(Object(App\Controllers\Clientes))
#9 C:\xampp\htdocs\nanko\system\CodeIgniter.php(308): CodeIgniter\CodeIgniter->handleRequest(NULL, Object(Config\Cache), false)
#10 C:\xampp\htdocs\nanko\public\index.php(45): CodeIgniter\CodeIgniter->run()
#11 C:\xampp\htdocs\nanko\system\Commands\Server\rewrite.php(34): require_once('C:\\xampp\\htdocs...')
#12 {main}
CRITICAL - 2020-12-25 13:29:39 --> syntax error, unexpected ';', expecting ')'
#0 C:\xampp\htdocs\nanko\system\Autoloader\Autoloader.php(296): CodeIgniter\Autoloader\Autoloader->requireFile('C:\\xampp\\htdocs...')
#1 C:\xampp\htdocs\nanko\system\Autoloader\Autoloader.php(258): CodeIgniter\Autoloader\Autoloader->loadInNamespace('App\\Libraries\\P...')
#2 [internal function]: CodeIgniter\Autoloader\Autoloader->loadClass('App\\Libraries\\P...')
#3 C:\xampp\htdocs\nanko\app\Controllers\Clientes.php(21): spl_autoload_call('App\\Libraries\\P...')
#4 C:\xampp\htdocs\nanko\system\CodeIgniter.php(886): App\Controllers\Clientes->__construct()
#5 C:\xampp\htdocs\nanko\system\CodeIgniter.php(395): CodeIgniter\CodeIgniter->createController()
#6 C:\xampp\htdocs\nanko\system\CodeIgniter.php(308): CodeIgniter\CodeIgniter->handleRequest(NULL, Object(Config\Cache), false)
#7 C:\xampp\htdocs\nanko\public\index.php(45): CodeIgniter\CodeIgniter->run()
#8 C:\xampp\htdocs\nanko\system\Commands\Server\rewrite.php(34): require_once('C:\\xampp\\htdocs...')
#9 {main}
CRITICAL - 2020-12-25 13:31:13 --> The requested resource doesn't exist
#0 C:\xampp\htdocs\nanko\app\ThirdParty\Openpay\data\OpenpayApiConnector.php(204): OpenpayApiConnector->handleRequestError('{"http_code":40...', 404, Array)
#1 C:\xampp\htdocs\nanko\app\ThirdParty\Openpay\data\OpenpayApiConnector.php(66): OpenpayApiConnector->interpretResponse('{"http_code":40...', 404)
#2 C:\xampp\htdocs\nanko\app\ThirdParty\Openpay\data\OpenpayApiConnector.php(284): OpenpayApiConnector->_request('get', '/payouts/trxbif...', Array)
#3 C:\xampp\htdocs\nanko\app\ThirdParty\Openpay\data\OpenpayApiResourceBase.php(284): OpenpayApiConnector::request('get', '/payouts/trxbif...')
#4 C:\xampp\htdocs\nanko\app\ThirdParty\Openpay\data\OpenpayApiDerivedResource.php(74): OpenpayApiResourceBase->_retrieve('OpenpayPayout', 'trxbiffkdci2fhl...', Array)
#5 C:\xampp\htdocs\nanko\app\Libraries\Pago.php(32): OpenpayApiDerivedResource->get('trxbiffkdci2fhl...')
#6 C:\xampp\htdocs\nanko\app\Controllers\Clientes.php(137): App\Libraries\Pago->get_pago('abj82zmcn4vstgz...', 'trxbiffkdci2fhl...')
#7 C:\xampp\htdocs\nanko\system\CodeIgniter.php(914): App\Controllers\Clientes->ordenes()
#8 C:\xampp\htdocs\nanko\system\CodeIgniter.php(400): CodeIgniter\CodeIgniter->runController(Object(App\Controllers\Clientes))
#9 C:\xampp\htdocs\nanko\system\CodeIgniter.php(308): CodeIgniter\CodeIgniter->handleRequest(NULL, Object(Config\Cache), false)
#10 C:\xampp\htdocs\nanko\public\index.php(45): CodeIgniter\CodeIgniter->run()
#11 C:\xampp\htdocs\nanko\system\Commands\Server\rewrite.php(34): require_once('C:\\xampp\\htdocs...')
#12 {main}
CRITICAL - 2020-12-25 13:32:08 --> The requested resource doesn't exist
#0 C:\xampp\htdocs\nanko\app\ThirdParty\Openpay\data\OpenpayApiConnector.php(204): OpenpayApiConnector->handleRequestError('{"http_code":40...', 404, Array)
#1 C:\xampp\htdocs\nanko\app\ThirdParty\Openpay\data\OpenpayApiConnector.php(66): OpenpayApiConnector->interpretResponse('{"http_code":40...', 404)
#2 C:\xampp\htdocs\nanko\app\ThirdParty\Openpay\data\OpenpayApiConnector.php(284): OpenpayApiConnector->_request('get', '/payouts/trxbif...', Array)
#3 C:\xampp\htdocs\nanko\app\ThirdParty\Openpay\data\OpenpayApiResourceBase.php(284): OpenpayApiConnector::request('get', '/payouts/trxbif...')
#4 C:\xampp\htdocs\nanko\app\ThirdParty\Openpay\data\OpenpayApiDerivedResource.php(74): OpenpayApiResourceBase->_retrieve('OpenpayPayout', 'trxbiffkdci2fhl...', Array)
#5 C:\xampp\htdocs\nanko\app\Libraries\Pago.php(32): OpenpayApiDerivedResource->get('trxbiffkdci2fhl...')
#6 C:\xampp\htdocs\nanko\app\Controllers\Clientes.php(137): App\Libraries\Pago->get_pago('abj82zmcn4vstgz...', 'trxbiffkdci2fhl...')
#7 C:\xampp\htdocs\nanko\system\CodeIgniter.php(914): App\Controllers\Clientes->ordenes()
#8 C:\xampp\htdocs\nanko\system\CodeIgniter.php(400): CodeIgniter\CodeIgniter->runController(Object(App\Controllers\Clientes))
#9 C:\xampp\htdocs\nanko\system\CodeIgniter.php(308): CodeIgniter\CodeIgniter->handleRequest(NULL, Object(Config\Cache), false)
#10 C:\xampp\htdocs\nanko\public\index.php(45): CodeIgniter\CodeIgniter->run()
#11 C:\xampp\htdocs\nanko\system\Commands\Server\rewrite.php(34): require_once('C:\\xampp\\htdocs...')
#12 {main}
CRITICAL - 2020-12-25 13:38:30 --> Call to undefined method OpenpayPayoutList::post()
#0 C:\xampp\htdocs\nanko\app\Controllers\Clientes.php(137): App\Libraries\Pago->get_pago('abj82zmcn4vstgz...', 'trxbiffkdci2fhl...')
#1 C:\xampp\htdocs\nanko\system\CodeIgniter.php(914): App\Controllers\Clientes->ordenes()
#2 C:\xampp\htdocs\nanko\system\CodeIgniter.php(400): CodeIgniter\CodeIgniter->runController(Object(App\Controllers\Clientes))
#3 C:\xampp\htdocs\nanko\system\CodeIgniter.php(308): CodeIgniter\CodeIgniter->handleRequest(NULL, Object(Config\Cache), false)
#4 C:\xampp\htdocs\nanko\public\index.php(45): CodeIgniter\CodeIgniter->run()
#5 C:\xampp\htdocs\nanko\system\Commands\Server\rewrite.php(34): require_once('C:\\xampp\\htdocs...')
#6 {main}
CRITICAL - 2020-12-25 13:38:51 --> The requested resource doesn't exist
#0 C:\xampp\htdocs\nanko\app\ThirdParty\Openpay\data\OpenpayApiConnector.php(204): OpenpayApiConnector->handleRequestError('{"http_code":40...', 404, Array)
#1 C:\xampp\htdocs\nanko\app\ThirdParty\Openpay\data\OpenpayApiConnector.php(66): OpenpayApiConnector->interpretResponse('{"http_code":40...', 404)
#2 C:\xampp\htdocs\nanko\app\ThirdParty\Openpay\data\OpenpayApiConnector.php(284): OpenpayApiConnector->_request('get', '/payouts/trxbif...', Array)
#3 C:\xampp\htdocs\nanko\app\ThirdParty\Openpay\data\OpenpayApiResourceBase.php(284): OpenpayApiConnector::request('get', '/payouts/trxbif...')
#4 C:\xampp\htdocs\nanko\app\ThirdParty\Openpay\data\OpenpayApiDerivedResource.php(74): OpenpayApiResourceBase->_retrieve('OpenpayPayout', 'trxbiffkdci2fhl...', Array)
#5 C:\xampp\htdocs\nanko\app\Libraries\Pago.php(32): OpenpayApiDerivedResource->get('trxbiffkdci2fhl...')
#6 C:\xampp\htdocs\nanko\app\Controllers\Clientes.php(137): App\Libraries\Pago->get_pago('abj82zmcn4vstgz...', 'trxbiffkdci2fhl...')
#7 C:\xampp\htdocs\nanko\system\CodeIgniter.php(914): App\Controllers\Clientes->ordenes()
#8 C:\xampp\htdocs\nanko\system\CodeIgniter.php(400): CodeIgniter\CodeIgniter->runController(Object(App\Controllers\Clientes))
#9 C:\xampp\htdocs\nanko\system\CodeIgniter.php(308): CodeIgniter\CodeIgniter->handleRequest(NULL, Object(Config\Cache), false)
#10 C:\xampp\htdocs\nanko\public\index.php(45): CodeIgniter\CodeIgniter->run()
#11 C:\xampp\htdocs\nanko\system\Commands\Server\rewrite.php(34): require_once('C:\\xampp\\htdocs...')
#12 {main}
CRITICAL - 2020-12-25 13:39:47 --> Invalid ID detected (value '9988783355319617' received, alphanumeric string not longer than 20 characters expected)
#0 C:\xampp\htdocs\nanko\app\ThirdParty\Openpay\data\OpenpayApiResourceBase.php(282): OpenpayApiResourceBase->validateId('998878335531961...')
#1 C:\xampp\htdocs\nanko\app\ThirdParty\Openpay\data\OpenpayApiDerivedResource.php(74): OpenpayApiResourceBase->_retrieve('OpenpayPayout', '998878335531961...', Array)
#2 C:\xampp\htdocs\nanko\app\Libraries\Pago.php(32): OpenpayApiDerivedResource->get('998878335531961...')
#3 C:\xampp\htdocs\nanko\app\Controllers\Clientes.php(137): App\Libraries\Pago->get_pago('abj82zmcn4vstgz...', 'trxbiffkdci2fhl...')
#4 C:\xampp\htdocs\nanko\system\CodeIgniter.php(914): App\Controllers\Clientes->ordenes()
#5 C:\xampp\htdocs\nanko\system\CodeIgniter.php(400): CodeIgniter\CodeIgniter->runController(Object(App\Controllers\Clientes))
#6 C:\xampp\htdocs\nanko\system\CodeIgniter.php(308): CodeIgniter\CodeIgniter->handleRequest(NULL, Object(Config\Cache), false)
#7 C:\xampp\htdocs\nanko\public\index.php(45): CodeIgniter\CodeIgniter->run()
#8 C:\xampp\htdocs\nanko\system\Commands\Server\rewrite.php(34): require_once('C:\\xampp\\htdocs...')
#9 {main}
CRITICAL - 2020-12-25 13:39:56 --> The requested resource doesn't exist
#0 C:\xampp\htdocs\nanko\app\ThirdParty\Openpay\data\OpenpayApiConnector.php(204): OpenpayApiConnector->handleRequestError('{"http_code":40...', 404, Array)
#1 C:\xampp\htdocs\nanko\app\ThirdParty\Openpay\data\OpenpayApiConnector.php(66): OpenpayApiConnector->interpretResponse('{"http_code":40...', 404)
#2 C:\xampp\htdocs\nanko\app\ThirdParty\Openpay\data\OpenpayApiConnector.php(284): OpenpayApiConnector->_request('get', '/payouts/trxbif...', Array)
#3 C:\xampp\htdocs\nanko\app\ThirdParty\Openpay\data\OpenpayApiResourceBase.php(284): OpenpayApiConnector::request('get', '/payouts/trxbif...')
#4 C:\xampp\htdocs\nanko\app\ThirdParty\Openpay\data\OpenpayApiDerivedResource.php(74): OpenpayApiResourceBase->_retrieve('OpenpayPayout', 'trxbiffkdci2fhl...', Array)
#5 C:\xampp\htdocs\nanko\app\Libraries\Pago.php(32): OpenpayApiDerivedResource->get('trxbiffkdci2fhl...')
#6 C:\xampp\htdocs\nanko\app\Controllers\Clientes.php(137): App\Libraries\Pago->get_pago('abj82zmcn4vstgz...', 'trxbiffkdci2fhl...')
#7 C:\xampp\htdocs\nanko\system\CodeIgniter.php(914): App\Controllers\Clientes->ordenes()
#8 C:\xampp\htdocs\nanko\system\CodeIgniter.php(400): CodeIgniter\CodeIgniter->runController(Object(App\Controllers\Clientes))
#9 C:\xampp\htdocs\nanko\system\CodeIgniter.php(308): CodeIgniter\CodeIgniter->handleRequest(NULL, Object(Config\Cache), false)
#10 C:\xampp\htdocs\nanko\public\index.php(45): CodeIgniter\CodeIgniter->run()
#11 C:\xampp\htdocs\nanko\system\Commands\Server\rewrite.php(34): require_once('C:\\xampp\\htdocs...')
#12 {main}
CRITICAL - 2020-12-25 13:41:45 --> The requested resource doesn't exist
#0 C:\xampp\htdocs\nanko\app\ThirdParty\Openpay\data\OpenpayApiConnector.php(204): OpenpayApiConnector->handleRequestError('{"http_code":40...', 404, Array)
#1 C:\xampp\htdocs\nanko\app\ThirdParty\Openpay\data\OpenpayApiConnector.php(66): OpenpayApiConnector->interpretResponse('{"http_code":40...', 404)
#2 C:\xampp\htdocs\nanko\app\ThirdParty\Openpay\data\OpenpayApiConnector.php(284): OpenpayApiConnector->_request('get', '/customers/abj8...', Array)
#3 C:\xampp\htdocs\nanko\app\ThirdParty\Openpay\data\OpenpayApiResourceBase.php(284): OpenpayApiConnector::request('get', '/customers/abj8...')
#4 C:\xampp\htdocs\nanko\app\ThirdParty\Openpay\data\OpenpayApiDerivedResource.php(74): OpenpayApiResourceBase->_retrieve('OpenpayCharge', 'trxbiffkdci2fhl...', Array)
#5 C:\xampp\htdocs\nanko\app\Libraries\Pago.php(36): OpenpayApiDerivedResource->get('trxbiffkdci2fhl...')
#6 C:\xampp\htdocs\nanko\app\Controllers\Clientes.php(137): App\Libraries\Pago->get_pago('abj82zmcn4vstgz...', 'trxbiffkdci2fhl...')
#7 C:\xampp\htdocs\nanko\system\CodeIgniter.php(914): App\Controllers\Clientes->ordenes()
#8 C:\xampp\htdocs\nanko\system\CodeIgniter.php(400): CodeIgniter\CodeIgniter->runController(Object(App\Controllers\Clientes))
#9 C:\xampp\htdocs\nanko\system\CodeIgniter.php(308): CodeIgniter\CodeIgniter->handleRequest(NULL, Object(Config\Cache), false)
#10 C:\xampp\htdocs\nanko\public\index.php(45): CodeIgniter\CodeIgniter->run()
#11 C:\xampp\htdocs\nanko\system\Commands\Server\rewrite.php(34): require_once('C:\\xampp\\htdocs...')
#12 {main}
CRITICAL - 2020-12-25 16:20:11 --> Invalid argument supplied for foreach()
#0 C:\xampp\htdocs\nanko\app\Views\Administrador\mostrar_ordenes.php(214): CodeIgniter\Debug\Exceptions->errorHandler(2, 'Invalid argumen...', 'C:\\xampp\\htdocs...', 214, Array)
#1 C:\xampp\htdocs\nanko\system\View\View.php(246): include('C:\\xampp\\htdocs...')
#2 C:\xampp\htdocs\nanko\system\Common.php(1119): CodeIgniter\View\View->render('Administrador/m...', Array, true)
#3 C:\xampp\htdocs\nanko\app\Controllers\Envios.php(213): view('Administrador/m...', Array)
#4 C:\xampp\htdocs\nanko\app\Controllers\Envios.php(19): App\Controllers\Envios->mostrar_ordenes()
#5 C:\xampp\htdocs\nanko\system\CodeIgniter.php(914): App\Controllers\Envios->index()
#6 C:\xampp\htdocs\nanko\system\CodeIgniter.php(400): CodeIgniter\CodeIgniter->runController(Object(App\Controllers\Envios))
#7 C:\xampp\htdocs\nanko\system\CodeIgniter.php(308): CodeIgniter\CodeIgniter->handleRequest(NULL, Object(Config\Cache), false)
#8 C:\xampp\htdocs\nanko\public\index.php(45): CodeIgniter\CodeIgniter->run()
#9 C:\xampp\htdocs\nanko\system\Commands\Server\rewrite.php(34): require_once('C:\\xampp\\htdocs...')
#10 {main}
CRITICAL - 2020-12-25 21:15:57 --> Invalid argument supplied for foreach()
#0 C:\xampp\htdocs\nanko\app\Views\Cliente\Footer.php(196): CodeIgniter\Debug\Exceptions->errorHandler(2, 'Invalid argumen...', 'C:\\xampp\\htdocs...', 196, Array)
#1 C:\xampp\htdocs\nanko\system\View\View.php(246): include('C:\\xampp\\htdocs...')
#2 C:\xampp\htdocs\nanko\system\Common.php(1119): CodeIgniter\View\View->render('Cliente/Footer', Array, true)
#3 C:\xampp\htdocs\nanko\app\Views\Cliente\Inicio.php(165): view('Cliente/Footer')
#4 C:\xampp\htdocs\nanko\system\View\View.php(246): include('C:\\xampp\\htdocs...')
#5 C:\xampp\htdocs\nanko\system\Common.php(1119): CodeIgniter\View\View->render('Cliente/Inicio', Array, true)
#6 C:\xampp\htdocs\nanko\app\Controllers\Clientes.php(249): view('Cliente/Inicio', Array)
#7 C:\xampp\htdocs\nanko\app\Controllers\Clientes.php(26): App\Controllers\Clientes->mostrar_inicio()
#8 C:\xampp\htdocs\nanko\system\CodeIgniter.php(914): App\Controllers\Clientes->index()
#9 C:\xampp\htdocs\nanko\system\CodeIgniter.php(400): CodeIgniter\CodeIgniter->runController(Object(App\Controllers\Clientes))
#10 C:\xampp\htdocs\nanko\system\CodeIgniter.php(308): CodeIgniter\CodeIgniter->handleRequest(NULL, Object(Config\Cache), false)
#11 C:\xampp\htdocs\nanko\public\index.php(45): CodeIgniter\CodeIgniter->run()
#12 C:\xampp\htdocs\nanko\system\Commands\Server\rewrite.php(34): require_once('C:\\xampp\\htdocs...')
#13 {main}
CRITICAL - 2020-12-25 21:28:20 --> Invalid argument supplied for foreach()
#0 C:\xampp\htdocs\nanko\app\Views\Cliente\Footer.php(196): CodeIgniter\Debug\Exceptions->errorHandler(2, 'Invalid argumen...', 'C:\\xampp\\htdocs...', 196, Array)
#1 C:\xampp\htdocs\nanko\system\View\View.php(246): include('C:\\xampp\\htdocs...')
#2 C:\xampp\htdocs\nanko\system\Common.php(1119): CodeIgniter\View\View->render('Cliente/Footer', Array, true)
#3 C:\xampp\htdocs\nanko\app\Views\Cliente\Cards.php(219): view('Cliente/Footer')
#4 C:\xampp\htdocs\nanko\system\View\View.php(246): include('C:\\xampp\\htdocs...')
#5 C:\xampp\htdocs\nanko\system\Common.php(1119): CodeIgniter\View\View->render('Cliente/Cards', Array, true)
#6 C:\xampp\htdocs\nanko\app\Controllers\Clientes.php(611): view('Cliente/Cards', Array)
#7 C:\xampp\htdocs\nanko\app\Controllers\Clientes.php(526): App\Controllers\Clientes->metodo_pago()
#8 C:\xampp\htdocs\nanko\system\CodeIgniter.php(914): App\Controllers\Clientes->pagar()
#9 C:\xampp\htdocs\nanko\system\CodeIgniter.php(400): CodeIgniter\CodeIgniter->runController(Object(App\Controllers\Clientes))
#10 C:\xampp\htdocs\nanko\system\CodeIgniter.php(308): CodeIgniter\CodeIgniter->handleRequest(NULL, Object(Config\Cache), false)
#11 C:\xampp\htdocs\nanko\public\index.php(45): CodeIgniter\CodeIgniter->run()
#12 C:\xampp\htdocs\nanko\system\Commands\Server\rewrite.php(34): require_once('C:\\xampp\\htdocs...')
#13 {main}
CRITICAL - 2020-12-25 21:29:51 --> Undefined index: error
#0 C:\xampp\htdocs\nanko\app\Views\Cliente\Footer.php(196): CodeIgniter\Debug\Exceptions->errorHandler(8, 'Undefined index...', 'C:\\xampp\\htdocs...', 196, Array)
#1 C:\xampp\htdocs\nanko\system\View\View.php(246): include('C:\\xampp\\htdocs...')
#2 C:\xampp\htdocs\nanko\system\Common.php(1119): CodeIgniter\View\View->render('Cliente/Footer', Array, true)
#3 C:\xampp\htdocs\nanko\app\Views\Cliente\Cards.php(219): view('Cliente/Footer')
#4 C:\xampp\htdocs\nanko\system\View\View.php(246): include('C:\\xampp\\htdocs...')
#5 C:\xampp\htdocs\nanko\system\Common.php(1119): CodeIgniter\View\View->render('Cliente/Cards', Array, true)
#6 C:\xampp\htdocs\nanko\app\Controllers\Clientes.php(611): view('Cliente/Cards', Array)
#7 C:\xampp\htdocs\nanko\app\Controllers\Clientes.php(526): App\Controllers\Clientes->metodo_pago()
#8 C:\xampp\htdocs\nanko\system\CodeIgniter.php(914): App\Controllers\Clientes->pagar()
#9 C:\xampp\htdocs\nanko\system\CodeIgniter.php(400): CodeIgniter\CodeIgniter->runController(Object(App\Controllers\Clientes))
#10 C:\xampp\htdocs\nanko\system\CodeIgniter.php(308): CodeIgniter\CodeIgniter->handleRequest(NULL, Object(Config\Cache), false)
#11 C:\xampp\htdocs\nanko\public\index.php(45): CodeIgniter\CodeIgniter->run()
#12 C:\xampp\htdocs\nanko\system\Commands\Server\rewrite.php(34): require_once('C:\\xampp\\htdocs...')
#13 {main}
CRITICAL - 2020-12-25 21:35:23 --> Array to string conversion
#0 C:\xampp\htdocs\nanko\app\Views\Cliente\Footer.php(208): CodeIgniter\Debug\Exceptions->errorHandler(8, 'Array to string...', 'C:\\xampp\\htdocs...', 208, Array)
#1 C:\xampp\htdocs\nanko\system\View\View.php(246): include('C:\\xampp\\htdocs...')
#2 C:\xampp\htdocs\nanko\system\Common.php(1119): CodeIgniter\View\View->render('Cliente/Footer', Array, true)
#3 C:\xampp\htdocs\nanko\app\Views\Cliente\Cards.php(219): view('Cliente/Footer')
#4 C:\xampp\htdocs\nanko\system\View\View.php(246): include('C:\\xampp\\htdocs...')
#5 C:\xampp\htdocs\nanko\system\Common.php(1119): CodeIgniter\View\View->render('Cliente/Cards', Array, true)
#6 C:\xampp\htdocs\nanko\app\Controllers\Clientes.php(611): view('Cliente/Cards', Array)
#7 C:\xampp\htdocs\nanko\app\Controllers\Clientes.php(526): App\Controllers\Clientes->metodo_pago()
#8 C:\xampp\htdocs\nanko\system\CodeIgniter.php(914): App\Controllers\Clientes->pagar()
#9 C:\xampp\htdocs\nanko\system\CodeIgniter.php(400): CodeIgniter\CodeIgniter->runController(Object(App\Controllers\Clientes))
#10 C:\xampp\htdocs\nanko\system\CodeIgniter.php(308): CodeIgniter\CodeIgniter->handleRequest(NULL, Object(Config\Cache), false)
#11 C:\xampp\htdocs\nanko\public\index.php(45): CodeIgniter\CodeIgniter->run()
#12 C:\xampp\htdocs\nanko\system\Commands\Server\rewrite.php(34): require_once('C:\\xampp\\htdocs...')
#13 {main}
CRITICAL - 2020-12-25 22:25:15 --> Undefined index: payment_method
#0 C:\xampp\htdocs\nanko\app\Controllers\Clientes.php(581): CodeIgniter\Debug\Exceptions->errorHandler(8, 'Undefined index...', 'C:\\xampp\\htdocs...', 581, Array)
#1 C:\xampp\htdocs\nanko\system\CodeIgniter.php(914): App\Controllers\Clientes->pagar()
#2 C:\xampp\htdocs\nanko\system\CodeIgniter.php(400): CodeIgniter\CodeIgniter->runController(Object(App\Controllers\Clientes))
#3 C:\xampp\htdocs\nanko\system\CodeIgniter.php(308): CodeIgniter\CodeIgniter->handleRequest(NULL, Object(Config\Cache), false)
#4 C:\xampp\htdocs\nanko\public\index.php(45): CodeIgniter\CodeIgniter->run()
#5 C:\xampp\htdocs\nanko\system\Commands\Server\rewrite.php(34): require_once('C:\\xampp\\htdocs...')
#6 {main}
CRITICAL - 2020-12-25 22:26:30 --> Undefined index: payment_method
#0 C:\xampp\htdocs\nanko\app\Controllers\Clientes.php(581): CodeIgniter\Debug\Exceptions->errorHandler(8, 'Undefined index...', 'C:\\xampp\\htdocs...', 581, Array)
#1 C:\xampp\htdocs\nanko\system\CodeIgniter.php(914): App\Controllers\Clientes->pagar()
#2 C:\xampp\htdocs\nanko\system\CodeIgniter.php(400): CodeIgniter\CodeIgniter->runController(Object(App\Controllers\Clientes))
#3 C:\xampp\htdocs\nanko\system\CodeIgniter.php(308): CodeIgniter\CodeIgniter->handleRequest(NULL, Object(Config\Cache), false)
#4 C:\xampp\htdocs\nanko\public\index.php(45): CodeIgniter\CodeIgniter->run()
#5 C:\xampp\htdocs\nanko\system\Commands\Server\rewrite.php(34): require_once('C:\\xampp\\htdocs...')
#6 {main}
