CRITICAL - 2021-01-14 14:51:30 --> Invalid utf8 character string: '\x86\xB7\x9F'
#0 /home1/nankocom/nanko/system/Database/MySQLi/Connection.php(331): mysqli->query('SELECT *\nFROM `...')
#1 /home1/nankocom/nanko/system/Database/BaseConnection.php(741): CodeIgniter\Database\MySQLi\Connection->execute('SELECT *\nFROM `...')
#2 /home1/nankocom/nanko/system/Database/BaseConnection.php(669): CodeIgniter\Database\BaseConnection->simpleQuery('SELECT *\nFROM `...')
#3 /home1/nankocom/nanko/system/Database/BaseBuilder.php(1860): CodeIgniter\Database\BaseConnection->query('SELECT *\nFROM `...', Array, false)
#4 /home1/nankocom/nanko/system/Model.php(506): CodeIgniter\Database\BaseBuilder->get()
#5 /home1/nankocom/nanko/app/Controllers/Clientes.php(1476): CodeIgniter\Model->first()
#6 /home1/nankocom/nanko/system/CodeIgniter.php(914): App\Controllers\Clientes->producto('href=')
#7 /home1/nankocom/nanko/system/CodeIgniter.php(400): CodeIgniter\CodeIgniter->runController(Object(App\Controllers\Clientes))
#8 /home1/nankocom/nanko/system/CodeIgniter.php(308): CodeIgniter\CodeIgniter->handleRequest(NULL, Object(Config\Cache), false)
#9 /home1/nankocom/public_html/index.php(45): CodeIgniter\CodeIgniter->run()
#10 {main}
CRITICAL - 2021-01-14 14:53:35 --> Invalid utf8 character string: '\x86\xB7\x9F'
#0 /home1/nankocom/nanko/system/Database/MySQLi/Connection.php(331): mysqli->query('SELECT COUNT(*)...')
#1 /home1/nankocom/nanko/system/Database/BaseConnection.php(741): CodeIgniter\Database\MySQLi\Connection->execute('SELECT COUNT(*)...')
#2 /home1/nankocom/nanko/system/Database/BaseConnection.php(669): CodeIgniter\Database\BaseConnection->simpleQuery('SELECT COUNT(*)...')
#3 /home1/nankocom/nanko/system/Database/BaseBuilder.php(1952): CodeIgniter\Database\BaseConnection->query('SELECT COUNT(*)...', Array, false)
#4 /home1/nankocom/nanko/system/Model.php(1673): CodeIgniter\Database\BaseBuilder->countAllResults(false)
#5 /home1/nankocom/nanko/system/Model.php(1176): CodeIgniter\Model->countAllResults(false)
#6 /home1/nankocom/nanko/app/Controllers/Clientes.php(1583): CodeIgniter\Model->paginate(9)
#7 /home1/nankocom/nanko/system/CodeIgniter.php(914): App\Controllers\Clientes->tienda('href=')
#8 /home1/nankocom/nanko/system/CodeIgniter.php(400): CodeIgniter\CodeIgniter->runController(Object(App\Controllers\Clientes))
#9 /home1/nankocom/nanko/system/CodeIgniter.php(308): CodeIgniter\CodeIgniter->handleRequest(NULL, Object(Config\Cache), false)
#10 /home1/nankocom/public_html/index.php(45): CodeIgniter\CodeIgniter->run()
#11 {main}
CRITICAL - 2021-01-14 14:53:50 --> Invalid utf8 character string: '\x86\xB7\x9F'
#0 /home1/nankocom/nanko/system/Database/MySQLi/Connection.php(331): mysqli->query('SELECT COUNT(*)...')
#1 /home1/nankocom/nanko/system/Database/BaseConnection.php(741): CodeIgniter\Database\MySQLi\Connection->execute('SELECT COUNT(*)...')
#2 /home1/nankocom/nanko/system/Database/BaseConnection.php(669): CodeIgniter\Database\BaseConnection->simpleQuery('SELECT COUNT(*)...')
#3 /home1/nankocom/nanko/system/Database/BaseBuilder.php(1952): CodeIgniter\Database\BaseConnection->query('SELECT COUNT(*)...', Array, false)
#4 /home1/nankocom/nanko/system/Model.php(1673): CodeIgniter\Database\BaseBuilder->countAllResults(false)
#5 /home1/nankocom/nanko/system/Model.php(1176): CodeIgniter\Model->countAllResults(false)
#6 /home1/nankocom/nanko/app/Controllers/Clientes.php(1583): CodeIgniter\Model->paginate(9)
#7 /home1/nankocom/nanko/system/CodeIgniter.php(914): App\Controllers\Clientes->tienda('href=')
#8 /home1/nankocom/nanko/system/CodeIgniter.php(400): CodeIgniter\CodeIgniter->runController(Object(App\Controllers\Clientes))
#9 /home1/nankocom/nanko/system/CodeIgniter.php(308): CodeIgniter\CodeIgniter->handleRequest(NULL, Object(Config\Cache), false)
#10 /home1/nankocom/public_html/index.php(45): CodeIgniter\CodeIgniter->run()
#11 {main}
CRITICAL - 2021-01-14 14:54:28 --> You have an error in your SQL syntax; check the manual that corresponds to your MySQL server version for the right syntax to use near 'AND `peso_max` >=)
 LIMIT 1' at line 3
#0 /home1/nankocom/nanko/system/Database/MySQLi/Connection.php(331): mysqli->query('SELECT *\nFROM `...')
#1 /home1/nankocom/nanko/system/Database/BaseConnection.php(741): CodeIgniter\Database\MySQLi\Connection->execute('SELECT *\nFROM `...')
#2 /home1/nankocom/nanko/system/Database/BaseConnection.php(669): CodeIgniter\Database\BaseConnection->simpleQuery('SELECT *\nFROM `...')
#3 /home1/nankocom/nanko/system/Database/BaseBuilder.php(1860): CodeIgniter\Database\BaseConnection->query('SELECT *\nFROM `...', Array, false)
#4 /home1/nankocom/nanko/system/Model.php(506): CodeIgniter\Database\BaseBuilder->get()
#5 /home1/nankocom/nanko/app/Controllers/Clientes.php(1274): CodeIgniter\Model->first()
#6 /home1/nankocom/nanko/system/CodeIgniter.php(914): App\Controllers\Clientes->calcular_dosis()
#7 /home1/nankocom/nanko/system/CodeIgniter.php(400): CodeIgniter\CodeIgniter->runController(Object(App\Controllers\Clientes))
#8 /home1/nankocom/nanko/system/CodeIgniter.php(308): CodeIgniter\CodeIgniter->handleRequest(NULL, Object(Config\Cache), false)
#9 /home1/nankocom/public_html/index.php(45): CodeIgniter\CodeIgniter->run()
#10 {main}
CRITICAL - 2021-01-14 14:58:44 --> The customer with id 'alm81ikoxiamcypksfsx' does not exist
#0 /home1/nankocom/nanko/app/ThirdParty/Openpay/data/OpenpayApiConnector.php(204): OpenpayApiConnector->handleRequestError('{"http_code":40...', 404, Array)
#1 /home1/nankocom/nanko/app/ThirdParty/Openpay/data/OpenpayApiConnector.php(66): OpenpayApiConnector->interpretResponse('{"http_code":40...', 404)
#2 /home1/nankocom/nanko/app/ThirdParty/Openpay/data/OpenpayApiConnector.php(284): OpenpayApiConnector->_request('get', '/customers/alm8...', Array)
#3 /home1/nankocom/nanko/app/ThirdParty/Openpay/data/OpenpayApiResourceBase.php(284): OpenpayApiConnector::request('get', '/customers/alm8...')
#4 /home1/nankocom/nanko/app/ThirdParty/Openpay/data/OpenpayApiDerivedResource.php(74): OpenpayApiResourceBase->_retrieve('OpenpayCustomer', 'alm81ikoxiamcyp...', Array)
#5 /home1/nankocom/nanko/app/Libraries/Pago.php(31): OpenpayApiDerivedResource->get('alm81ikoxiamcyp...')
#6 /home1/nankocom/nanko/app/Controllers/Clientes.php(223): App\Libraries\Pago->get_pago('alm81ikoxiamcyp...', 'trz5tnh73xxycpc...')
#7 /home1/nankocom/nanko/system/CodeIgniter.php(914): App\Controllers\Clientes->ordenes()
#8 /home1/nankocom/nanko/system/CodeIgniter.php(400): CodeIgniter\CodeIgniter->runController(Object(App\Controllers\Clientes))
#9 /home1/nankocom/nanko/system/CodeIgniter.php(308): CodeIgniter\CodeIgniter->handleRequest(NULL, Object(Config\Cache), false)
#10 /home1/nankocom/public_html/index.php(45): CodeIgniter\CodeIgniter->run()
#11 {main}
CRITICAL - 2021-01-14 14:58:50 --> The customer with id 'alm81ikoxiamcypksfsx' does not exist
#0 /home1/nankocom/nanko/app/ThirdParty/Openpay/data/OpenpayApiConnector.php(204): OpenpayApiConnector->handleRequestError('{"http_code":40...', 404, Array)
#1 /home1/nankocom/nanko/app/ThirdParty/Openpay/data/OpenpayApiConnector.php(66): OpenpayApiConnector->interpretResponse('{"http_code":40...', 404)
#2 /home1/nankocom/nanko/app/ThirdParty/Openpay/data/OpenpayApiConnector.php(284): OpenpayApiConnector->_request('get', '/customers/alm8...', Array)
#3 /home1/nankocom/nanko/app/ThirdParty/Openpay/data/OpenpayApiResourceBase.php(284): OpenpayApiConnector::request('get', '/customers/alm8...')
#4 /home1/nankocom/nanko/app/ThirdParty/Openpay/data/OpenpayApiDerivedResource.php(74): OpenpayApiResourceBase->_retrieve('OpenpayCustomer', 'alm81ikoxiamcyp...', Array)
#5 /home1/nankocom/nanko/app/Libraries/Pago.php(31): OpenpayApiDerivedResource->get('alm81ikoxiamcyp...')
#6 /home1/nankocom/nanko/app/Controllers/Clientes.php(223): App\Libraries\Pago->get_pago('alm81ikoxiamcyp...', 'trz5tnh73xxycpc...')
#7 /home1/nankocom/nanko/system/CodeIgniter.php(914): App\Controllers\Clientes->ordenes()
#8 /home1/nankocom/nanko/system/CodeIgniter.php(400): CodeIgniter\CodeIgniter->runController(Object(App\Controllers\Clientes))
#9 /home1/nankocom/nanko/system/CodeIgniter.php(308): CodeIgniter\CodeIgniter->handleRequest(NULL, Object(Config\Cache), false)
#10 /home1/nankocom/public_html/index.php(45): CodeIgniter\CodeIgniter->run()
#11 {main}
CRITICAL - 2021-01-14 14:59:45 --> The customer with id 'alm81ikoxiamcypksfsx' does not exist
#0 /home1/nankocom/nanko/app/ThirdParty/Openpay/data/OpenpayApiConnector.php(204): OpenpayApiConnector->handleRequestError('{"http_code":40...', 404, Array)
#1 /home1/nankocom/nanko/app/ThirdParty/Openpay/data/OpenpayApiConnector.php(66): OpenpayApiConnector->interpretResponse('{"http_code":40...', 404)
#2 /home1/nankocom/nanko/app/ThirdParty/Openpay/data/OpenpayApiConnector.php(284): OpenpayApiConnector->_request('get', '/customers/alm8...', Array)
#3 /home1/nankocom/nanko/app/ThirdParty/Openpay/data/OpenpayApiResourceBase.php(284): OpenpayApiConnector::request('get', '/customers/alm8...')
#4 /home1/nankocom/nanko/app/ThirdParty/Openpay/data/OpenpayApiDerivedResource.php(74): OpenpayApiResourceBase->_retrieve('OpenpayCustomer', 'alm81ikoxiamcyp...', Array)
#5 /home1/nankocom/nanko/app/Libraries/Pago.php(31): OpenpayApiDerivedResource->get('alm81ikoxiamcyp...')
#6 /home1/nankocom/nanko/app/Controllers/Clientes.php(223): App\Libraries\Pago->get_pago('alm81ikoxiamcyp...', 'trz5tnh73xxycpc...')
#7 /home1/nankocom/nanko/system/CodeIgniter.php(914): App\Controllers\Clientes->ordenes()
#8 /home1/nankocom/nanko/system/CodeIgniter.php(400): CodeIgniter\CodeIgniter->runController(Object(App\Controllers\Clientes))
#9 /home1/nankocom/nanko/system/CodeIgniter.php(308): CodeIgniter\CodeIgniter->handleRequest(NULL, Object(Config\Cache), false)
#10 /home1/nankocom/public_html/index.php(45): CodeIgniter\CodeIgniter->run()
#11 {main}
CRITICAL - 2021-01-14 15:03:17 --> The customer with id 'alm81ikoxiamcypksfsx' does not exist
#0 /home1/nankocom/nanko/app/ThirdParty/Openpay/data/OpenpayApiConnector.php(204): OpenpayApiConnector->handleRequestError('{"http_code":40...', 404, Array)
#1 /home1/nankocom/nanko/app/ThirdParty/Openpay/data/OpenpayApiConnector.php(66): OpenpayApiConnector->interpretResponse('{"http_code":40...', 404)
#2 /home1/nankocom/nanko/app/ThirdParty/Openpay/data/OpenpayApiConnector.php(284): OpenpayApiConnector->_request('get', '/customers/alm8...', Array)
#3 /home1/nankocom/nanko/app/ThirdParty/Openpay/data/OpenpayApiResourceBase.php(284): OpenpayApiConnector::request('get', '/customers/alm8...')
#4 /home1/nankocom/nanko/app/ThirdParty/Openpay/data/OpenpayApiDerivedResource.php(74): OpenpayApiResourceBase->_retrieve('OpenpayCustomer', 'alm81ikoxiamcyp...', Array)
#5 /home1/nankocom/nanko/app/Libraries/Pago.php(21): OpenpayApiDerivedResource->get('alm81ikoxiamcyp...')
#6 /home1/nankocom/nanko/app/Controllers/Clientes.php(470): App\Libraries\Pago->get_client('alm81ikoxiamcyp...')
#7 /home1/nankocom/nanko/system/CodeIgniter.php(914): App\Controllers\Clientes->pago_tienda()
#8 /home1/nankocom/nanko/system/CodeIgniter.php(400): CodeIgniter\CodeIgniter->runController(Object(App\Controllers\Clientes))
#9 /home1/nankocom/nanko/system/CodeIgniter.php(308): CodeIgniter\CodeIgniter->handleRequest(NULL, Object(Config\Cache), false)
#10 /home1/nankocom/public_html/index.php(45): CodeIgniter\CodeIgniter->run()
#11 {main}
CRITICAL - 2021-01-14 15:06:44 --> The customer with id 'alm81ikoxiamcypksfsx' does not exist
#0 /home1/nankocom/nanko/app/ThirdParty/Openpay/data/OpenpayApiConnector.php(204): OpenpayApiConnector->handleRequestError('{"http_code":40...', 404, Array)
#1 /home1/nankocom/nanko/app/ThirdParty/Openpay/data/OpenpayApiConnector.php(66): OpenpayApiConnector->interpretResponse('{"http_code":40...', 404)
#2 /home1/nankocom/nanko/app/ThirdParty/Openpay/data/OpenpayApiConnector.php(284): OpenpayApiConnector->_request('get', '/customers/alm8...', Array)
#3 /home1/nankocom/nanko/app/ThirdParty/Openpay/data/OpenpayApiResourceBase.php(284): OpenpayApiConnector::request('get', '/customers/alm8...')
#4 /home1/nankocom/nanko/app/ThirdParty/Openpay/data/OpenpayApiDerivedResource.php(74): OpenpayApiResourceBase->_retrieve('OpenpayCustomer', 'alm81ikoxiamcyp...', Array)
#5 /home1/nankocom/nanko/app/Libraries/Pago.php(21): OpenpayApiDerivedResource->get('alm81ikoxiamcyp...')
#6 /home1/nankocom/nanko/app/Controllers/Clientes.php(470): App\Libraries\Pago->get_client('alm81ikoxiamcyp...')
#7 /home1/nankocom/nanko/system/CodeIgniter.php(914): App\Controllers\Clientes->pago_tienda()
#8 /home1/nankocom/nanko/system/CodeIgniter.php(400): CodeIgniter\CodeIgniter->runController(Object(App\Controllers\Clientes))
#9 /home1/nankocom/nanko/system/CodeIgniter.php(308): CodeIgniter\CodeIgniter->handleRequest(NULL, Object(Config\Cache), false)
#10 /home1/nankocom/public_html/index.php(45): CodeIgniter\CodeIgniter->run()
#11 {main}
CRITICAL - 2021-01-14 16:14:11 --> Descifrado: autenticación fallida.
#0 /home1/nankocom/nanko/system/Encryption/Handlers/OpenSSLHandler.php(159): CodeIgniter\Encryption\Exceptions\EncryptionException::forAuthenticationFailed()
#1 /home1/nankocom/nanko/app/Controllers/Clientes.php(250): CodeIgniter\Encryption\Handlers\OpenSSLHandler->decrypt('')
#2 /home1/nankocom/nanko/system/CodeIgniter.php(914): App\Controllers\Clientes->ver_productos()
#3 /home1/nankocom/nanko/system/CodeIgniter.php(400): CodeIgniter\CodeIgniter->runController(Object(App\Controllers\Clientes))
#4 /home1/nankocom/nanko/system/CodeIgniter.php(308): CodeIgniter\CodeIgniter->handleRequest(NULL, Object(Config\Cache), false)
#5 /home1/nankocom/public_html/index.php(45): CodeIgniter\CodeIgniter->run()
#6 {main}
CRITICAL - 2021-01-14 16:14:19 --> Descifrado: autenticación fallida.
#0 /home1/nankocom/nanko/system/Encryption/Handlers/OpenSSLHandler.php(159): CodeIgniter\Encryption\Exceptions\EncryptionException::forAuthenticationFailed()
#1 /home1/nankocom/nanko/app/Controllers/Clientes.php(250): CodeIgniter\Encryption\Handlers\OpenSSLHandler->decrypt('')
#2 /home1/nankocom/nanko/system/CodeIgniter.php(914): App\Controllers\Clientes->ver_productos()
#3 /home1/nankocom/nanko/system/CodeIgniter.php(400): CodeIgniter\CodeIgniter->runController(Object(App\Controllers\Clientes))
#4 /home1/nankocom/nanko/system/CodeIgniter.php(308): CodeIgniter\CodeIgniter->handleRequest(NULL, Object(Config\Cache), false)
#5 /home1/nankocom/public_html/index.php(45): CodeIgniter\CodeIgniter->run()
#6 {main}
CRITICAL - 2021-01-14 17:07:56 --> Descifrado: autenticación fallida.
#0 /home1/nankocom/nanko/system/Encryption/Handlers/OpenSSLHandler.php(159): CodeIgniter\Encryption\Exceptions\EncryptionException::forAuthenticationFailed()
#1 /home1/nankocom/nanko/app/Controllers/Clientes.php(250): CodeIgniter\Encryption\Handlers\OpenSSLHandler->decrypt('')
#2 /home1/nankocom/nanko/system/CodeIgniter.php(914): App\Controllers\Clientes->ver_productos()
#3 /home1/nankocom/nanko/system/CodeIgniter.php(400): CodeIgniter\CodeIgniter->runController(Object(App\Controllers\Clientes))
#4 /home1/nankocom/nanko/system/CodeIgniter.php(308): CodeIgniter\CodeIgniter->handleRequest(NULL, Object(Config\Cache), false)
#5 /home1/nankocom/public_html/index.php(45): CodeIgniter\CodeIgniter->run()
#6 {main}
CRITICAL - 2021-01-14 17:18:24 --> Descifrado: autenticación fallida.
#0 /home1/nankocom/nanko/system/Encryption/Handlers/OpenSSLHandler.php(159): CodeIgniter\Encryption\Exceptions\EncryptionException::forAuthenticationFailed()
#1 /home1/nankocom/nanko/app/Controllers/Clientes.php(249): CodeIgniter\Encryption\Handlers\OpenSSLHandler->decrypt('')
#2 /home1/nankocom/nanko/system/CodeIgniter.php(914): App\Controllers\Clientes->ver_productos()
#3 /home1/nankocom/nanko/system/CodeIgniter.php(400): CodeIgniter\CodeIgniter->runController(Object(App\Controllers\Clientes))
#4 /home1/nankocom/nanko/system/CodeIgniter.php(308): CodeIgniter\CodeIgniter->handleRequest(NULL, Object(Config\Cache), false)
#5 /home1/nankocom/public_html/index.php(45): CodeIgniter\CodeIgniter->run()
#6 {main}
CRITICAL - 2021-01-14 17:19:53 --> Archivo inválido: Clientes/Modales/ver_productos.php
#0 /home1/nankocom/nanko/system/View/View.php(228): CodeIgniter\Exceptions\FrameworkException::forInvalidFile('Clientes/Modale...')
#1 /home1/nankocom/nanko/system/Common.php(1119): CodeIgniter\View\View->render('Clientes/Modale...', Array, true)
#2 /home1/nankocom/nanko/app/Controllers/Clientes.php(273): view('Clientes/Modale...', Array)
#3 /home1/nankocom/nanko/system/CodeIgniter.php(914): App\Controllers\Clientes->ver_productos()
#4 /home1/nankocom/nanko/system/CodeIgniter.php(400): CodeIgniter\CodeIgniter->runController(Object(App\Controllers\Clientes))
#5 /home1/nankocom/nanko/system/CodeIgniter.php(308): CodeIgniter\CodeIgniter->handleRequest(NULL, Object(Config\Cache), false)
#6 /home1/nankocom/public_html/index.php(45): CodeIgniter\CodeIgniter->run()
#7 {main}
CRITICAL - 2021-01-14 19:26:44 --> Undefined index: eq_med
#0 /home1/nankocom/nanko/app/Controllers/Clientes.php(74): CodeIgniter\Debug\Exceptions->errorHandler(8, 'Undefined index...', '/home1/nankocom...', 74, Array)
#1 /home1/nankocom/nanko/system/CodeIgniter.php(914): App\Controllers\Clientes->crear_contacto()
#2 /home1/nankocom/nanko/system/CodeIgniter.php(400): CodeIgniter\CodeIgniter->runController(Object(App\Controllers\Clientes))
#3 /home1/nankocom/nanko/system/CodeIgniter.php(308): CodeIgniter\CodeIgniter->handleRequest(NULL, Object(Config\Cache), false)
#4 /home1/nankocom/public_html/index.php(45): CodeIgniter\CodeIgniter->run()
#5 {main}
CRITICAL - 2021-01-14 19:27:48 --> Cannot use isset() on the result of an expression (you can use "null !== expression" instead)
#0 [internal function]: CodeIgniter\Debug\Exceptions->shutdownHandler()
#1 {main}
CRITICAL - 2021-01-14 19:28:26 --> Undefined index: eq_med
#0 /home1/nankocom/nanko/app/Controllers/Clientes.php(74): CodeIgniter\Debug\Exceptions->errorHandler(8, 'Undefined index...', '/home1/nankocom...', 74, Array)
#1 /home1/nankocom/nanko/system/CodeIgniter.php(914): App\Controllers\Clientes->crear_contacto()
#2 /home1/nankocom/nanko/system/CodeIgniter.php(400): CodeIgniter\CodeIgniter->runController(Object(App\Controllers\Clientes))
#3 /home1/nankocom/nanko/system/CodeIgniter.php(308): CodeIgniter\CodeIgniter->handleRequest(NULL, Object(Config\Cache), false)
#4 /home1/nankocom/public_html/index.php(45): CodeIgniter\CodeIgniter->run()
#5 {main}
CRITICAL - 2021-01-14 19:31:05 --> Undefined index: eq_med
#0 /home1/nankocom/nanko/app/Controllers/Clientes.php(74): CodeIgniter\Debug\Exceptions->errorHandler(8, 'Undefined index...', '/home1/nankocom...', 74, Array)
#1 /home1/nankocom/nanko/system/CodeIgniter.php(914): App\Controllers\Clientes->crear_contacto()
#2 /home1/nankocom/nanko/system/CodeIgniter.php(400): CodeIgniter\CodeIgniter->runController(Object(App\Controllers\Clientes))
#3 /home1/nankocom/nanko/system/CodeIgniter.php(308): CodeIgniter\CodeIgniter->handleRequest(NULL, Object(Config\Cache), false)
#4 /home1/nankocom/public_html/index.php(45): CodeIgniter\CodeIgniter->run()
#5 {main}
CRITICAL - 2021-01-14 19:31:40 --> Undefined index: eq_med
#0 /home1/nankocom/nanko/app/Controllers/Clientes.php(74): CodeIgniter\Debug\Exceptions->errorHandler(8, 'Undefined index...', '/home1/nankocom...', 74, Array)
#1 /home1/nankocom/nanko/system/CodeIgniter.php(914): App\Controllers\Clientes->crear_contacto()
#2 /home1/nankocom/nanko/system/CodeIgniter.php(400): CodeIgniter\CodeIgniter->runController(Object(App\Controllers\Clientes))
#3 /home1/nankocom/nanko/system/CodeIgniter.php(308): CodeIgniter\CodeIgniter->handleRequest(NULL, Object(Config\Cache), false)
#4 /home1/nankocom/public_html/index.php(45): CodeIgniter\CodeIgniter->run()
#5 {main}
CRITICAL - 2021-01-14 19:31:56 --> Column 'dep_med' cannot be null
#0 /home1/nankocom/nanko/system/Database/MySQLi/Connection.php(331): mysqli->query('INSERT INTO `co...')
#1 /home1/nankocom/nanko/system/Database/BaseConnection.php(741): CodeIgniter\Database\MySQLi\Connection->execute('INSERT INTO `co...')
#2 /home1/nankocom/nanko/system/Database/BaseConnection.php(669): CodeIgniter\Database\BaseConnection->simpleQuery('INSERT INTO `co...')
#3 /home1/nankocom/nanko/system/Database/BaseBuilder.php(2249): CodeIgniter\Database\BaseConnection->query('INSERT INTO `co...', Array, false)
#4 /home1/nankocom/nanko/system/Model.php(755): CodeIgniter\Database\BaseBuilder->insert()
#5 /home1/nankocom/nanko/app/Controllers/Clientes.php(77): CodeIgniter\Model->insert(Array)
#6 /home1/nankocom/nanko/system/CodeIgniter.php(914): App\Controllers\Clientes->crear_contacto()
#7 /home1/nankocom/nanko/system/CodeIgniter.php(400): CodeIgniter\CodeIgniter->runController(Object(App\Controllers\Clientes))
#8 /home1/nankocom/nanko/system/CodeIgniter.php(308): CodeIgniter\CodeIgniter->handleRequest(NULL, Object(Config\Cache), false)
#9 /home1/nankocom/public_html/index.php(45): CodeIgniter\CodeIgniter->run()
#10 {main}
CRITICAL - 2021-01-14 19:33:35 --> Undefined index: eq_med
#0 /home1/nankocom/nanko/app/Controllers/Clientes.php(79): CodeIgniter\Debug\Exceptions->errorHandler(8, 'Undefined index...', '/home1/nankocom...', 79, Array)
#1 /home1/nankocom/nanko/system/CodeIgniter.php(914): App\Controllers\Clientes->crear_contacto()
#2 /home1/nankocom/nanko/system/CodeIgniter.php(400): CodeIgniter\CodeIgniter->runController(Object(App\Controllers\Clientes))
#3 /home1/nankocom/nanko/system/CodeIgniter.php(308): CodeIgniter\CodeIgniter->handleRequest(NULL, Object(Config\Cache), false)
#4 /home1/nankocom/public_html/index.php(45): CodeIgniter\CodeIgniter->run()
#5 {main}
CRITICAL - 2021-01-14 19:41:04 --> Archivo inválido: Administrador/Modal/editar_colaboradores.php
#0 /home1/nankocom/nanko/system/View/View.php(228): CodeIgniter\Exceptions\FrameworkException::forInvalidFile('Administrador/M...')
#1 /home1/nankocom/nanko/system/Common.php(1119): CodeIgniter\View\View->render('Administrador/M...', Array, true)
#2 /home1/nankocom/nanko/app/Controllers/Colaboradores.php(92): view('Administrador/M...', Array)
#3 /home1/nankocom/nanko/system/CodeIgniter.php(914): App\Controllers\Colaboradores->editar_colaboradores()
#4 /home1/nankocom/nanko/system/CodeIgniter.php(400): CodeIgniter\CodeIgniter->runController(Object(App\Controllers\Colaboradores))
#5 /home1/nankocom/nanko/system/CodeIgniter.php(308): CodeIgniter\CodeIgniter->handleRequest(NULL, Object(Config\Cache), false)
#6 /home1/nankocom/public_html/index.php(45): CodeIgniter\CodeIgniter->run()
#7 {main}
CRITICAL - 2021-01-14 20:06:32 --> syntax error, unexpected end of file, expecting ']'
#0 /home1/nankocom/nanko/system/Router/Router.php(195): CodeIgniter\Router\Router->autoRoute('Clientes')
#1 /home1/nankocom/nanko/system/CodeIgniter.php(789): CodeIgniter\Router\Router->handle('Clientes')
#2 /home1/nankocom/nanko/system/CodeIgniter.php(360): CodeIgniter\CodeIgniter->tryToRouteIt(Object(CodeIgniter\Router\RouteCollection))
#3 /home1/nankocom/nanko/system/CodeIgniter.php(308): CodeIgniter\CodeIgniter->handleRequest(NULL, Object(Config\Cache), false)
#4 /home1/nankocom/public_html/index.php(45): CodeIgniter\CodeIgniter->run()
#5 {main}
CRITICAL - 2021-01-14 21:48:11 --> Undefined index: apellido
#0 /home1/nankocom/nanko/app/Controllers/Colaboradores.php(186): CodeIgniter\Debug\Exceptions->errorHandler(8, 'Undefined index...', '/home1/nankocom...', 186, Array)
#1 /home1/nankocom/nanko/system/CodeIgniter.php(914): App\Controllers\Colaboradores->nuevo_colaborador()
#2 /home1/nankocom/nanko/system/CodeIgniter.php(400): CodeIgniter\CodeIgniter->runController(Object(App\Controllers\Colaboradores))
#3 /home1/nankocom/nanko/system/CodeIgniter.php(308): CodeIgniter\CodeIgniter->handleRequest(NULL, Object(Config\Cache), false)
#4 /home1/nankocom/public_html/index.php(45): CodeIgniter\CodeIgniter->run()
#5 {main}
